{00:27:42.384} INFO: [FileSystem] > [CZip_dir::Initialize] 'c:/program files (x86)/steam/steamapps/common/dying light 2 / ph/source/data0.pak' took: 0.000000ms
{00:27:42.406} INFO: [FileSystem] > [CZip_dir::Initialize] 'c:/program files (x86)/steam/steamapps/common/dying light 2 / ph/source/data1.pak' took: 0.000000ms
{00:27:42.408} INFO: [FileSystem] > [CZip_dir::Initialize] 'c:/program files (x86)/steam/steamapps/common/dying light 2 / ph/source/databt.mpak' took: 0.000000ms
{00:27:43.182} RETL: [GAME] > arguments (2): 'C:\Program Files (x86)\Steam\steamapps\common\Dying Light 2\ph\work\bin\x64\DyingLightGame_x64_rwdi.exe', '/nolightfx'
{00:27:43.418} INFO: [FileSystem] > [CZip_dir::Initialize] 'c:/program files (x86)/steam/steamapps/common/dying light 2 / ph/source/data_lang/dataen.pak' took: 0.000000ms
{00:27:43.436} INFO: [Renderer]   > [CVideoSettings::LoadSettings] Loading video settings using 'out/Settings/Video.scr'
{00:27:43.442} INFO: [Renderer]   > [r_Initialize] Loaded from rd3d11_x64_rwdi.dll.
{00:27:43.442} INFO: [Renderer]   > MonitorIdx=0, SecondaryMonitorIdx=-1
{00:27:43.442} INFO: [Renderer]   > Enumerating D3D11 video adapters:
{00:27:43.448} INFO: [Renderer]   > Adapter 0: NVIDIA GeForce RTX 2080 Ti 11049MB/16346MB/0MB
{00:27:43.448} INFO: [Renderer]   |   Output 0: [0,0 - 2560,1440] \\.\DISPLAY2
{00:27:43.448} INFO: [Renderer]   |   Output 1: [2560,0 - 6400,2160] \\.\DISPLAY3
{00:27:43.448} INFO: [Renderer]   > Adapter 1: Microsoft Basic Render Driver 0MB/16346MB/0MB
{00:27:43.449} INFO: [Renderer]   > Sorted adapter 0: NVIDIA GeForce RTX 2080 Ti 11049MB/16346MB/0MB
{00:27:43.449} INFO: [Renderer]   > Sorted adapter 1: Microsoft Basic Render Driver 0MB/16346MB/0MB
{00:27:43.449} INFO: [Renderer]   > Picking adapter: NVIDIA GeForce RTX 2080 Ti
{00:27:43.449} INFO: [Renderer]   | Primary monitor: [0,0 - 2560,1440]
{00:27:43.449} INFO: [Renderer]   | Secondary monitor: [2560,0 - 6400,2160]
{00:27:44.294} INFO: [Renderer]   > Renderer started in DX11 mode.
{00:27:44.294} INFO: [Renderer]   > DX11 reported 11'049M free texture memory.
{00:27:44.295} INFO: [Renderer]   > [CheckSLI] Single GPU system
{00:27:44.345} INFO: [Renderer]   > [d3d12rt-checker] All tests were OK. Switch to D3D12Ultimate to enable raytracing
{00:27:44.359} INFO: [Renderer]   > Renderer: supported display modes:
{00:27:44.359} INFO: [Renderer]   |  monitor:0, 640x480, bpp:24, hz:75.00, fmt: A8R8G8B8
{00:27:44.359} INFO: [Renderer]   |  monitor:0, 640x480, bpp:24, hz:60.00, fmt: A8R8G8B8
{00:27:44.359} INFO: [Renderer]   |  monitor:0, 640x480, bpp:24, hz:59.94, fmt: A8R8G8B8
{00:27:44.359} INFO: [Renderer]   |  monitor:0, 720x480, bpp:24, hz:60.00, fmt: A8R8G8B8
{00:27:44.359} INFO: [Renderer]   |  monitor:0, 720x480, bpp:24, hz:59.94, fmt: A8R8G8B8
{00:27:44.359} INFO: [Renderer]   |  monitor:0, 720x576, bpp:24, hz:50.00, fmt: A8R8G8B8
{00:27:44.359} INFO: [Renderer]   |  monitor:0, 800x600, bpp:24, hz:75.00, fmt: A8R8G8B8
{00:27:44.359} INFO: [Renderer]   |  monitor:0, 800x600, bpp:24, hz:60.32, fmt: A8R8G8B8
{00:27:44.359} INFO: [Renderer]   |  monitor:0, 1024x768, bpp:24, hz:75.03, fmt: A8R8G8B8
{00:27:44.359} INFO: [Renderer]   |  monitor:0, 1024x768, bpp:24, hz:60.00, fmt: A8R8G8B8
{00:27:44.359} INFO: [Renderer]   |  monitor:0, 1152x864, bpp:24, hz:75.00, fmt: A8R8G8B8
{00:27:44.359} INFO: [Renderer]   |  monitor:0, 1176x664, bpp:24, hz:60.00, fmt: A8R8G8B8
{00:27:44.359} INFO: [Renderer]   |  monitor:0, 1176x664, bpp:24, hz:60.00, fmt: A8R8G8B8
{00:27:44.359} INFO: [Renderer]   |  monitor:0, 1176x664, bpp:24, hz:59.94, fmt: A8R8G8B8
{00:27:44.359} INFO: [Renderer]   |  monitor:0, 1176x664, bpp:24, hz:59.94, fmt: A8R8G8B8
{00:27:44.359} INFO: [Renderer]   |  monitor:0, 1176x664, bpp:24, hz:50.00, fmt: A8R8G8B8
{00:27:44.359} INFO: [Renderer]   |  monitor:0, 1176x664, bpp:24, hz:50.00, fmt: A8R8G8B8
{00:27:44.359} INFO: [Renderer]   |  monitor:0, 1280x720, bpp:24, hz:60.00, fmt: A8R8G8B8
{00:27:44.359} INFO: [Renderer]   |  monitor:0, 1280x720, bpp:24, hz:59.94, fmt: A8R8G8B8
{00:27:44.359} INFO: [Renderer]   |  monitor:0, 1280x720, bpp:24, hz:50.00, fmt: A8R8G8B8
{00:27:44.359} INFO: [Renderer]   |  monitor:0, 1280x768, bpp:24, hz:59.81, fmt: A8R8G8B8
{00:27:44.359} INFO: [Renderer]   |  monitor:0, 1280x768, bpp:24, hz:59.81, fmt: A8R8G8B8
{00:27:44.359} INFO: [Renderer]   |  monitor:0, 1280x800, bpp:24, hz:59.81, fmt: A8R8G8B8
{00:27:44.359} INFO: [Renderer]   |  monitor:0, 1280x960, bpp:24, hz:75.03, fmt: A8R8G8B8
{00:27:44.359} INFO: [Renderer]   |  monitor:0, 1280x960, bpp:24, hz:75.03, fmt: A8R8G8B8
{00:27:44.359} INFO: [Renderer]   |  monitor:0, 1280x960, bpp:24, hz:60.02, fmt: A8R8G8B8
{00:27:44.359} INFO: [Renderer]   |  monitor:0, 1280x960, bpp:24, hz:60.02, fmt: A8R8G8B8
{00:27:44.359} INFO: [Renderer]   |  monitor:0, 1280x1024, bpp:24, hz:75.03, fmt: A8R8G8B8
{00:27:44.359} INFO: [Renderer]   |  monitor:0, 1280x1024, bpp:24, hz:60.02, fmt: A8R8G8B8
{00:27:44.359} INFO: [Renderer]   |  monitor:0, 1360x768, bpp:24, hz:60.00, fmt: A8R8G8B8
{00:27:44.359} INFO: [Renderer]   |  monitor:0, 1360x768, bpp:24, hz:60.00, fmt: A8R8G8B8
{00:27:44.359} INFO: [Renderer]   |  monitor:0, 1360x768, bpp:24, hz:59.94, fmt: A8R8G8B8
{00:27:44.359} INFO: [Renderer]   |  monitor:0, 1360x768, bpp:24, hz:59.94, fmt: A8R8G8B8
{00:27:44.359} INFO: [Renderer]   |  monitor:0, 1360x768, bpp:24, hz:50.00, fmt: A8R8G8B8
{00:27:44.359} INFO: [Renderer]   |  monitor:0, 1360x768, bpp:24, hz:50.00, fmt: A8R8G8B8
{00:27:44.359} INFO: [Renderer]   |  monitor:0, 1366x768, bpp:24, hz:60.00, fmt: A8R8G8B8
{00:27:44.359} INFO: [Renderer]   |  monitor:0, 1366x768, bpp:24, hz:60.00, fmt: A8R8G8B8
{00:27:44.359} INFO: [Renderer]   |  monitor:0, 1366x768, bpp:24, hz:59.94, fmt: A8R8G8B8
{00:27:44.359} INFO: [Renderer]   |  monitor:0, 1366x768, bpp:24, hz:59.94, fmt: A8R8G8B8
{00:27:44.359} INFO: [Renderer]   |  monitor:0, 1366x768, bpp:24, hz:50.00, fmt: A8R8G8B8
{00:27:44.359} INFO: [Renderer]   |  monitor:0, 1366x768, bpp:24, hz:50.00, fmt: A8R8G8B8
{00:27:44.359} INFO: [Renderer]   |  monitor:0, 1440x900, bpp:24, hz:60.00, fmt: A8R8G8B8
{00:27:44.359} INFO: [Renderer]   |  monitor:0, 1440x900, bpp:24, hz:60.00, fmt: A8R8G8B8
{00:27:44.359} INFO: [Renderer]   |  monitor:0, 1440x900, bpp:24, hz:59.94, fmt: A8R8G8B8
{00:27:44.359} INFO: [Renderer]   |  monitor:0, 1440x900, bpp:24, hz:59.94, fmt: A8R8G8B8
{00:27:44.359} INFO: [Renderer]   |  monitor:0, 1440x900, bpp:24, hz:50.00, fmt: A8R8G8B8
{00:27:44.359} INFO: [Renderer]   |  monitor:0, 1440x900, bpp:24, hz:50.00, fmt: A8R8G8B8
{00:27:44.359} INFO: [Renderer]   |  monitor:0, 1600x900, bpp:24, hz:60.00, fmt: A8R8G8B8
{00:27:44.359} INFO: [Renderer]   |  monitor:0, 1600x900, bpp:24, hz:60.00, fmt: A8R8G8B8
{00:27:44.359} INFO: [Renderer]   |  monitor:0, 1600x900, bpp:24, hz:59.94, fmt: A8R8G8B8
{00:27:44.359} INFO: [Renderer]   |  monitor:0, 1600x900, bpp:24, hz:59.94, fmt: A8R8G8B8
{00:27:44.359} INFO: [Renderer]   |  monitor:0, 1600x900, bpp:24, hz:50.00, fmt: A8R8G8B8
{00:27:44.359} INFO: [Renderer]   |  monitor:0, 1600x900, bpp:24, hz:50.00, fmt: A8R8G8B8
{00:27:44.359} INFO: [Renderer]   |  monitor:0, 1600x1024, bpp:24, hz:60.00, fmt: A8R8G8B8
{00:27:44.359} INFO: [Renderer]   |  monitor:0, 1600x1024, bpp:24, hz:60.00, fmt: A8R8G8B8
{00:27:44.359} INFO: [Renderer]   |  monitor:0, 1600x1024, bpp:24, hz:59.94, fmt: A8R8G8B8
{00:27:44.359} INFO: [Renderer]   |  monitor:0, 1600x1024, bpp:24, hz:59.94, fmt: A8R8G8B8
{00:27:44.359} INFO: [Renderer]   |  monitor:0, 1600x1024, bpp:24, hz:50.00, fmt: A8R8G8B8
{00:27:44.359} INFO: [Renderer]   |  monitor:0, 1600x1024, bpp:24, hz:50.00, fmt: A8R8G8B8
{00:27:44.359} INFO: [Renderer]   |  monitor:0, 1600x1200, bpp:24, hz:60.00, fmt: A8R8G8B8
{00:27:44.359} INFO: [Renderer]   |  monitor:0, 1680x1050, bpp:24, hz:60.00, fmt: A8R8G8B8
{00:27:44.359} INFO: [Renderer]   |  monitor:0, 1680x1050, bpp:24, hz:60.00, fmt: A8R8G8B8
{00:27:44.359} INFO: [Renderer]   |  monitor:0, 1680x1050, bpp:24, hz:59.94, fmt: A8R8G8B8
{00:27:44.359} INFO: [Renderer]   |  monitor:0, 1680x1050, bpp:24, hz:59.94, fmt: A8R8G8B8
{00:27:44.359} INFO: [Renderer]   |  monitor:0, 1680x1050, bpp:24, hz:50.00, fmt: A8R8G8B8
{00:27:44.359} INFO: [Renderer]   |  monitor:0, 1680x1050, bpp:24, hz:50.00, fmt: A8R8G8B8
{00:27:44.359} INFO: [Renderer]   |  monitor:0, 1920x1080, bpp:24, hz:60.00, fmt: A8R8G8B8
{00:27:44.359} INFO: [Renderer]   |  monitor:0, 1920x1080, bpp:24, hz:59.94, fmt: A8R8G8B8
{00:27:44.359} INFO: [Renderer]   |  monitor:0, 1920x1080, bpp:24, hz:50.00, fmt: A8R8G8B8
{00:27:44.359} INFO: [Renderer]   |  monitor:0, 1920x1200, bpp:24, hz:59.92, fmt: A8R8G8B8
{00:27:44.359} INFO: [Renderer]   |  monitor:0, 1920x1200, bpp:24, hz:59.92, fmt: A8R8G8B8
{00:27:44.359} INFO: [Renderer]   |  monitor:0, 1920x1440, bpp:24, hz:59.95, fmt: A8R8G8B8
{00:27:44.359} INFO: [Renderer]   |  monitor:0, 1920x1440, bpp:24, hz:59.95, fmt: A8R8G8B8
{00:27:44.359} INFO: [Renderer]   |  monitor:0, 1920x2160, bpp:24, hz:59.99, fmt: A8R8G8B8
{00:27:44.359} INFO: [Renderer]   |  monitor:0, 2048x1280, bpp:24, hz:59.92, fmt: A8R8G8B8
{00:27:44.359} INFO: [Renderer]   |  monitor:0, 2048x1536, bpp:24, hz:60.00, fmt: A8R8G8B8
{00:27:44.359} INFO: [Renderer]   |  monitor:0, 2048x1536, bpp:24, hz:60.00, fmt: A8R8G8B8
{00:27:44.359} INFO: [Renderer]   |  monitor:0, 2048x1536, bpp:24, hz:29.98, fmt: A8R8G8B8
{00:27:44.359} INFO: [Renderer]   |  monitor:0, 2048x1536, bpp:24, hz:29.98, fmt: A8R8G8B8
{00:27:44.359} INFO: [Renderer]   |  monitor:0, 2560x1440, bpp:24, hz:59.95, fmt: A8R8G8B8
{00:27:44.359} INFO: [Renderer]   |  monitor:0, 2560x1600, bpp:24, hz:60.00, fmt: A8R8G8B8
{00:27:44.359} INFO: [Renderer]   |  monitor:0, 2560x1600, bpp:24, hz:60.00, fmt: A8R8G8B8
{00:27:44.359} INFO: [Renderer]   |  monitor:0, 2560x1600, bpp:24, hz:29.98, fmt: A8R8G8B8
{00:27:44.359} INFO: [Renderer]   |  monitor:0, 2560x1600, bpp:24, hz:29.98, fmt: A8R8G8B8
{00:27:44.359} INFO: [Renderer]   |  monitor:0, 3840x2160, bpp:24, hz:60.00, fmt: A8R8G8B8
{00:27:44.359} INFO: [Renderer]   |  monitor:0, 3840x2160, bpp:24, hz:29.98, fmt: A8R8G8B8
{00:27:44.359} INFO: [Renderer]   |  monitor:1, 640x480, bpp:24, hz:75.00, fmt: A8R8G8B8
{00:27:44.359} INFO: [Renderer]   |  monitor:1, 640x480, bpp:24, hz:72.00, fmt: A8R8G8B8
{00:27:44.359} INFO: [Renderer]   |  monitor:1, 640x480, bpp:24, hz:60.00, fmt: A8R8G8B8
{00:27:44.359} INFO: [Renderer]   |  monitor:1, 720x480, bpp:24, hz:75.00, fmt: A8R8G8B8
{00:27:44.359} INFO: [Renderer]   |  monitor:1, 720x480, bpp:24, hz:75.00, fmt: A8R8G8B8
{00:27:44.359} INFO: [Renderer]   |  monitor:1, 720x480, bpp:24, hz:72.19, fmt: A8R8G8B8
{00:27:44.360} INFO: [Renderer]   |  monitor:1, 720x480, bpp:24, hz:72.19, fmt: A8R8G8B8
{00:27:44.360} INFO: [Renderer]   |  monitor:1, 720x480, bpp:24, hz:60.32, fmt: A8R8G8B8
{00:27:44.360} INFO: [Renderer]   |  monitor:1, 720x480, bpp:24, hz:60.32, fmt: A8R8G8B8
{00:27:44.360} INFO: [Renderer]   |  monitor:1, 720x480, bpp:24, hz:56.25, fmt: A8R8G8B8
{00:27:44.360} INFO: [Renderer]   |  monitor:1, 720x480, bpp:24, hz:56.25, fmt: A8R8G8B8
{00:27:44.360} INFO: [Renderer]   |  monitor:1, 720x576, bpp:24, hz:75.00, fmt: A8R8G8B8
{00:27:44.360} INFO: [Renderer]   |  monitor:1, 720x576, bpp:24, hz:75.00, fmt: A8R8G8B8
{00:27:44.360} INFO: [Renderer]   |  monitor:1, 720x576, bpp:24, hz:72.19, fmt: A8R8G8B8
{00:27:44.360} INFO: [Renderer]   |  monitor:1, 720x576, bpp:24, hz:72.19, fmt: A8R8G8B8
{00:27:44.360} INFO: [Renderer]   |  monitor:1, 720x576, bpp:24, hz:60.32, fmt: A8R8G8B8
{00:27:44.360} INFO: [Renderer]   |  monitor:1, 720x576, bpp:24, hz:60.32, fmt: A8R8G8B8
{00:27:44.360} INFO: [Renderer]   |  monitor:1, 720x576, bpp:24, hz:56.25, fmt: A8R8G8B8
{00:27:44.360} INFO: [Renderer]   |  monitor:1, 720x576, bpp:24, hz:56.25, fmt: A8R8G8B8
{00:27:44.360} INFO: [Renderer]   |  monitor:1, 800x600, bpp:24, hz:75.00, fmt: A8R8G8B8
{00:27:44.360} INFO: [Renderer]   |  monitor:1, 800x600, bpp:24, hz:72.19, fmt: A8R8G8B8
{00:27:44.360} INFO: [Renderer]   |  monitor:1, 800x600, bpp:24, hz:60.32, fmt: A8R8G8B8
{00:27:44.360} INFO: [Renderer]   |  monitor:1, 800x600, bpp:24, hz:56.25, fmt: A8R8G8B8
{00:27:44.360} INFO: [Renderer]   |  monitor:1, 1024x768, bpp:24, hz:75.03, fmt: A8R8G8B8
{00:27:44.360} INFO: [Renderer]   |  monitor:1, 1024x768, bpp:24, hz:70.07, fmt: A8R8G8B8
{00:27:44.360} INFO: [Renderer]   |  monitor:1, 1024x768, bpp:24, hz:60.00, fmt: A8R8G8B8
{00:27:44.360} INFO: [Renderer]   |  monitor:1, 1152x864, bpp:24, hz:75.00, fmt: A8R8G8B8
{00:27:44.360} INFO: [Renderer]   |  monitor:1, 1176x664, bpp:24, hz:60.00, fmt: A8R8G8B8
{00:27:44.360} INFO: [Renderer]   |  monitor:1, 1176x664, bpp:24, hz:60.00, fmt: A8R8G8B8
{00:27:44.360} INFO: [Renderer]   |  monitor:1, 1280x720, bpp:24, hz:60.00, fmt: A8R8G8B8
{00:27:44.360} INFO: [Renderer]   |  monitor:1, 1280x768, bpp:24, hz:59.81, fmt: A8R8G8B8
{00:27:44.360} INFO: [Renderer]   |  monitor:1, 1280x768, bpp:24, hz:59.81, fmt: A8R8G8B8
{00:27:44.360} INFO: [Renderer]   |  monitor:1, 1280x800, bpp:24, hz:59.81, fmt: A8R8G8B8
{00:27:44.360} INFO: [Renderer]   |  monitor:1, 1280x960, bpp:24, hz:75.03, fmt: A8R8G8B8
{00:27:44.360} INFO: [Renderer]   |  monitor:1, 1280x960, bpp:24, hz:75.03, fmt: A8R8G8B8
{00:27:44.360} INFO: [Renderer]   |  monitor:1, 1280x960, bpp:24, hz:60.02, fmt: A8R8G8B8
{00:27:44.360} INFO: [Renderer]   |  monitor:1, 1280x960, bpp:24, hz:60.02, fmt: A8R8G8B8
{00:27:44.360} INFO: [Renderer]   |  monitor:1, 1280x1024, bpp:24, hz:75.03, fmt: A8R8G8B8
{00:27:44.360} INFO: [Renderer]   |  monitor:1, 1280x1024, bpp:24, hz:60.02, fmt: A8R8G8B8
{00:27:44.360} INFO: [Renderer]   |  monitor:1, 1360x768, bpp:24, hz:59.89, fmt: A8R8G8B8
{00:27:44.360} INFO: [Renderer]   |  monitor:1, 1360x768, bpp:24, hz:59.89, fmt: A8R8G8B8
{00:27:44.360} INFO: [Renderer]   |  monitor:1, 1366x768, bpp:24, hz:59.89, fmt: A8R8G8B8
{00:27:44.360} INFO: [Renderer]   |  monitor:1, 1366x768, bpp:24, hz:59.89, fmt: A8R8G8B8
{00:27:44.360} INFO: [Renderer]   |  monitor:1, 1440x900, bpp:24, hz:59.89, fmt: A8R8G8B8
{00:27:44.360} INFO: [Renderer]   |  monitor:1, 1600x900, bpp:24, hz:60.00, fmt: A8R8G8B8
{00:27:44.360} INFO: [Renderer]   |  monitor:1, 1600x1024, bpp:24, hz:59.95, fmt: A8R8G8B8
{00:27:44.360} INFO: [Renderer]   |  monitor:1, 1600x1024, bpp:24, hz:59.95, fmt: A8R8G8B8
{00:27:44.360} INFO: [Renderer]   |  monitor:1, 1600x1200, bpp:24, hz:59.95, fmt: A8R8G8B8
{00:27:44.360} INFO: [Renderer]   |  monitor:1, 1600x1200, bpp:24, hz:59.95, fmt: A8R8G8B8
{00:27:44.360} INFO: [Renderer]   |  monitor:1, 1680x1050, bpp:24, hz:59.95, fmt: A8R8G8B8
{00:27:44.360} INFO: [Renderer]   |  monitor:1, 1920x1080, bpp:24, hz:60.00, fmt: A8R8G8B8
{00:27:44.360} INFO: [Renderer]   |  monitor:1, 1920x1080, bpp:24, hz:59.94, fmt: A8R8G8B8
{00:27:44.360} INFO: [Renderer]   |  monitor:1, 1920x1200, bpp:24, hz:59.95, fmt: A8R8G8B8
{00:27:44.360} INFO: [Renderer]   |  monitor:1, 1920x1200, bpp:24, hz:59.95, fmt: A8R8G8B8
{00:27:44.360} INFO: [Renderer]   |  monitor:1, 1920x1440, bpp:24, hz:59.95, fmt: A8R8G8B8
{00:27:44.360} INFO: [Renderer]   |  monitor:1, 1920x1440, bpp:24, hz:59.95, fmt: A8R8G8B8
{00:27:44.360} INFO: [Renderer]   |  monitor:1, 1920x2160, bpp:24, hz:60.00, fmt: A8R8G8B8
{00:27:44.360} INFO: [Renderer]   |  monitor:1, 1920x2160, bpp:24, hz:60.00, fmt: A8R8G8B8
{00:27:44.360} INFO: [Renderer]   |  monitor:1, 2048x1280, bpp:24, hz:59.95, fmt: A8R8G8B8
{00:27:44.360} INFO: [Renderer]   |  monitor:1, 2048x1280, bpp:24, hz:59.95, fmt: A8R8G8B8
{00:27:44.360} INFO: [Renderer]   |  monitor:1, 2048x1536, bpp:24, hz:60.00, fmt: A8R8G8B8
{00:27:44.360} INFO: [Renderer]   |  monitor:1, 2048x1536, bpp:24, hz:60.00, fmt: A8R8G8B8
{00:27:44.360} INFO: [Renderer]   |  monitor:1, 2560x1440, bpp:24, hz:59.95, fmt: A8R8G8B8
{00:27:44.360} INFO: [Renderer]   |  monitor:1, 2560x1600, bpp:24, hz:60.00, fmt: A8R8G8B8
{00:27:44.360} INFO: [Renderer]   |  monitor:1, 2560x1600, bpp:24, hz:60.00, fmt: A8R8G8B8
{00:27:44.360} INFO: [Renderer]   |  monitor:1, 3840x2160, bpp:24, hz:60.00, fmt: A8R8G8B8
{00:27:44.360} INFO: [Renderer]   | Texture streaming mem 0 MB
{00:27:44.360} INFO: [INFO]       > Texture streaming buffer set to 0MB
{00:27:44.360} INFO: [INFO]       > Texture streaming lowest priority distance set to 100m
{00:27:44.564} DEBG: [DXGI]       > WM_SIZE 0, 2560x1440
{00:27:44.566} INFO: [INFO]       > CGame::AppWindowInit: window client area: 0x0, 2560x1440
{00:27:44.566} DEBG: [DXGI]       > [RChangeDeviceState] 2560x1440, 1.000000, borderless, 0/0 Hz
{00:27:44.566} DEBG: [DXGI]       >                  was 1920x1080, 1.000000, , 0/1 Hz
{00:27:44.571} DEBG: [DXGI]       > WM_SIZE 0, 0x0
{00:27:44.572} DEBG: [DXGI]       > WM_SIZE 0, 2560x1440
{00:27:45.259} INFO: [INFO]       > Texture streaming buffer set to 4000MB
{00:27:45.260} INFO: [Video]      > //Video settings:
{00:27:45.260} INFO: [Video]      > RendererMode("d3d11")
{00:27:45.260} INFO: [Video]      > AsyncCompute(0)
{00:27:45.260} INFO: [Video]      > WindowMode(1)
{00:27:45.260} INFO: [Video]      > Resolution(2560,1440)
{00:27:45.260} INFO: [Video]      > Scale3D(1.000000)
{00:27:45.260} INFO: [Video]      > FSR(0.450000)
{00:27:45.260} INFO: [Video]      > Upscaler(0)
{00:27:45.260} INFO: [Video]      > Upscaling(2)
{00:27:45.260} INFO: [Video]      > Monitor(0)
{00:27:45.260} INFO: [Video]      > DisableDWM(0)
{00:27:45.261} INFO: [Video]      > TextureQuality("High")
{00:27:45.261} INFO: [Video]      > ShadowMapSize(924)
{00:27:45.261} INFO: [Video]      > SpotShadowMapSize(4096)
{00:27:45.261} INFO: [Video]      > GammaFloat(1.00)
{00:27:45.261} INFO: [Video]      > GrassQuality(0)
{00:27:45.261} INFO: [Video]      > FrameRate(1)
{00:27:45.261} INFO: [Video]      > MotionBlur(1)
{00:27:45.261} INFO: [Video]      > MotionBlurQuality("High")
{00:27:45.261} INFO: [Video]      > FilmGrain(0)
{00:27:45.261} INFO: [Video]      > DistanceBlur(1)
{00:27:45.261} INFO: [Video]      > AntiAliasing(1)
{00:27:45.261} INFO: [Video]      > AntiAliasingQuality(1)
{00:27:45.261} INFO: [Video]      > FogQuality(2)
{00:27:45.261} INFO: [Video]      > ReflectionsQuality(2)
{00:27:45.261} INFO: [Video]      > ContactShadowsQuality(4)
{00:27:45.261} INFO: [Video]      > SpotShadowsQuality(2)
{00:27:45.261} INFO: [Video]      > AmbientOcclusion(1)
{00:27:45.261} INFO: [Video]      > AmbientOcclusionQuality(1)
{00:27:45.261} INFO: [Video]      > ColorBlindMode(0)
{00:27:45.261} INFO: [Video]      > GpuFxQuality(1)
{00:27:45.261} INFO: [Video]      > VoxelGiQuality(3)
{00:27:45.261} INFO: [ResPack]    > Free resource loading disabled
{00:27:45.320} INFO: [ResPack]    > Acquired prefab data: 147856, 161992
{00:27:45.321} INFO: [ResPack]    >  -> 0 prefabs, 32 presets available in engine_pc.rpack
{00:27:45.987} INFO: [ResPack]    > Acquired prefab data: 12557784, 10596232
{00:27:46.013} INFO: [ResPack]    >  -> 1081 prefabs, 184 presets available in common_prefabs_pc.rpack
{00:27:46.214} INFO: [INFO]       > [Input] Keyboard 0 enumerated: intance_name = Keyboard, product_name = Keyboard, GUID = {6f1d2b61-d5a0-11cf-bfc7-444553540000}
{00:27:46.277} INFO: [INFO]       > [CInput::SelectKeyboard] Keyboard 0 selected: Keyboard, Keyboard
{00:27:46.373} INFO: [INFO]       > Bink filename: IntroLogos_4k.bik
{00:27:48.135} INFO: [INFO]       > [gpufx] preloaded 1019 sequences. It took 1537.314087 ms
{00:27:48.135} RETL: [Game] > game version: '1.0.5', '1.0.202202101153'
{00:27:55.665} INFO: [INFO]       > Bink filename: GameIntro_4k.bik
{00:28:09.229} RETL: [Savegame] > ScanForSavegames: saves 1 (prev value -1)
{00:28:11.052} RETL: [Savegame] > Continue save update finished (SUCCEEDED): save 'save_main_0.sav' found, all_scanned_saves 1
{00:28:17.367} RETL: [Game]     > ===== CreateSession ===== 
{00:28:18.549} INFO: [ResPack]    > Acquired prefab data: 106165472, 42357864
{00:28:18.668} INFO: [ResPack]    >  -> 8689 prefabs, 568 presets available in city_persistent_pc.rpack
{00:28:18.707} INFO: [ResPack]    > Acquired prefab data: 2687000, 1309528
{00:28:18.712} INFO: [ResPack]    >  -> 181 prefabs, 43 presets available in prologue_persistent_pc.rpack
{00:28:18.736} RETL: [Savegame] > SessionContextState: 'OnCreate' [game_type 'Campaign', game_mode 'Coop', save_name 'save_main_0.sav' (slot 0), map 'city' (id:761188051), (first), difficulty [current: Normal, savegame: Normal, min_savegame: Normal, initial: Normal, lobby_settings: Normal], save_version 72, build: '1.0.202202101153 / 2', perforce_stream: '//tech/rel-ph-patch1-pc']
{00:28:22.635} INFO: [Video]      > //Video settings:
{00:28:22.635} INFO: [Video]      > RendererMode("d3d11")
{00:28:22.635} INFO: [Video]      > AsyncCompute(0)
{00:28:22.635} INFO: [Video]      > WindowMode(1)
{00:28:22.635} INFO: [Video]      > Resolution(2560,1440)
{00:28:22.635} INFO: [Video]      > Scale3D(1.000000)
{00:28:22.635} INFO: [Video]      > FSR(0.450000)
{00:28:22.635} INFO: [Video]      > Upscaler(0)
{00:28:22.635} INFO: [Video]      > Upscaling(2)
{00:28:22.635} INFO: [Video]      > Monitor(0)
{00:28:22.635} INFO: [Video]      > DisableDWM(0)
{00:28:22.635} INFO: [Video]      > TextureQuality("High")
{00:28:22.635} INFO: [Video]      > ShadowMapSize(924)
{00:28:22.635} INFO: [Video]      > SpotShadowMapSize(4096)
{00:28:22.635} INFO: [Video]      > GammaFloat(1.00)
{00:28:22.635} INFO: [Video]      > GrassQuality(0)
{00:28:22.635} INFO: [Video]      > FrameRate(1)
{00:28:22.635} INFO: [Video]      > MotionBlur(1)
{00:28:22.635} INFO: [Video]      > MotionBlurQuality("High")
{00:28:22.635} INFO: [Video]      > FilmGrain(0)
{00:28:22.635} INFO: [Video]      > DistanceBlur(1)
{00:28:22.635} INFO: [Video]      > AntiAliasing(1)
{00:28:22.635} INFO: [Video]      > AntiAliasingQuality(1)
{00:28:22.635} INFO: [Video]      > FogQuality(2)
{00:28:22.635} INFO: [Video]      > ReflectionsQuality(2)
{00:28:22.635} INFO: [Video]      > ContactShadowsQuality(4)
{00:28:22.635} INFO: [Video]      > SpotShadowsQuality(2)
{00:28:22.635} INFO: [Video]      > AmbientOcclusion(1)
{00:28:22.635} INFO: [Video]      > AmbientOcclusionQuality(1)
{00:28:22.635} INFO: [Video]      > ColorBlindMode(0)
{00:28:22.635} INFO: [Video]      > GpuFxQuality(1)
{00:28:22.635} INFO: [Video]      > VoxelGiQuality(3)
{00:28:25.617} RETL: [Game]     > >>>>> <1299473338> Changing level from <> to <city>
{00:28:28.591} RETL: [Savegame] > SessionContextState: 'OnUpdate after ChangeMap' [game_type 'Campaign', game_mode 'Coop', save_name 'save_main_0.sav' (slot 0), map 'city' (id:761188051), (first), difficulty [current: Normal, savegame: Normal, min_savegame: Normal, initial: Normal, lobby_settings: Normal], save_version 72, build: '1.0.202202101153 / 2', perforce_stream: '//tech/rel-ph-patch1-pc']
{00:28:28.701} RETL: [Game]     > >>>>> <1299473338> Performing load - mode <NormalFromMainMenu>
{00:28:28.701} RETL: [Savegame] > File name 'save_main_0.sav', memory_save->size = 0
{00:28:28.728} RETL: [Savegame] > Loading finished (ESgErr::Ok).
{00:28:28.728} RETL: [Savegame] > Applying loaded data: Original version: [save_version 72, build: '1.0.202202071214 / 2', perforce_stream: '//tech/rel-ph-patch1-pc'], Source version: [save_version 72, build: '1.0.202202101153 / 2', perforce_stream: '//tech/rel-ph-patch1-pc'], Current version: [save_version 72, build: '1.0.202202101153 / 2', perforce_stream: '//tech/rel-ph-patch1-pc']
{00:28:28.728} RETL: [Savegame] > Updated SessionContext [session_id 1293025094, time_played 75564126, campaign_finished false, finished_difficulty -1]
{00:28:29.313} RETL: [Savegame] > RestoreStoryState result: 'true'.
{00:28:29.313} RETL: [Savegame] > SpawnSpot: Spawnpoint, map: 'city', map_area: 'city/^Electrical Substation R02 North/loc_ps_02/logic/zones/sanctuary', spawn_point: city/^Electrical Substation R02 North/loc_ps_02/logic/broadcast/broadcast_temporary_sp
{00:28:29.353} RETL: [Savegame] > Applying loaded data finished (result: true)
{00:28:32.016} INFO: [ResPack]    > Acquired prefab data: 35373120, 15041136
{00:28:32.067} INFO: [ResPack]    >  -> 9251 prefabs, 0 presets available in reg_02_pc.rpack
{00:28:32.110} INFO: [ResPack]    > Acquired prefab data: 46056, 25728
{00:28:32.111} INFO: [ResPack]    >  -> 22 prefabs, 0 presets available in reg_buffer_02_05_a_pc.rpack
{00:28:32.113} INFO: [ResPack]    > Acquired prefab data: 368992, 141216
{00:28:32.113} INFO: [ResPack]    >  -> 183 prefabs, 0 presets available in reg_buffer_02_05_b_pc.rpack
{00:28:32.116} INFO: [ResPack]    > Acquired prefab data: 535832, 207488
{00:28:32.117} INFO: [ResPack]    >  -> 123 prefabs, 0 presets available in reg_buffer_01_05_pc.rpack
{00:28:32.119} INFO: [ResPack]    > Acquired prefab data: 131624, 64608
{00:28:32.119} INFO: [ResPack]    >  -> 59 prefabs, 0 presets available in reg_buffer_05_06_pc.rpack
{00:28:32.135} INFO: [ResPack]    > Acquired prefab data: 1800416, 752040
{00:28:32.138} INFO: [ResPack]    >  -> 692 prefabs, 0 presets available in reg_buffer_01_04_pc.rpack
{00:28:32.169} INFO: [ResPack]    > Acquired prefab data: 2256760, 754928
{00:28:32.172} INFO: [ResPack]    >  -> 819 prefabs, 0 presets available in reg_buffer_02_04a_pc.rpack
{00:28:32.185} INFO: [ResPack]    > Acquired prefab data: 875616, 330280
{00:28:32.187} INFO: [ResPack]    >  -> 437 prefabs, 0 presets available in reg_buffer_02_04b_pc.rpack
{00:28:32.198} INFO: [ResPack]    > Acquired prefab data: 1724824, 722736
{00:28:32.201} INFO: [ResPack]    >  -> 764 prefabs, 0 presets available in reg_buffer_02_03b_pc.rpack
{00:28:32.217} INFO: [ResPack]    > Acquired prefab data: 1216672, 457288
{00:28:32.219} INFO: [ResPack]    >  -> 563 prefabs, 0 presets available in reg_buffer_02_03_pc.rpack
{00:28:32.226} INFO: [ResPack]    > Acquired prefab data: 389832, 144960
{00:28:32.227} INFO: [ResPack]    >  -> 119 prefabs, 0 presets available in reg_buffer_04_a_b_pc.rpack
{00:41:05.565} INFO: [INFO]       > Bink filename: faction_reward_2.bik
{00:41:11.324} INFO: [INFO]       > Bink filename: surv_reward_2.bik
{00:41:12.191} INFO: [INFO]       > Bink filename: faction_reward_2.bik
{00:41:16.441} INFO: [INFO]       > Bink filename: surv_reward_2.bik
{00:41:22.158} INFO: [INFO]       > Bink filename: faction_reward_2.bik

{01:10:57.470} INFO: [INFO]       > Bink filename: tool_paraglider.bik
{01:10:57.553} INFO: [INFO]       > Bink filename: tool_binoculars.bik
{01:25:14.491} INFO: [INFO]       > Bink filename: skill_stomp.bik
{01:27:01.171} RETL: [Hack]     > Area 'A63069326CFAB719' compared to A63069326CFAB719
{01:28:46.638} RETL: [Hack]     > Area 'A63069326CFAB719' compared to A63069326CFAB719
{01:39:31.828} INFO: [INFO]       > Bink filename: tool_grapplehook.bik
{01:39:32.061} INFO: [INFO]       > Bink filename: tool_grapplehook.bik
{01:39:32.128} INFO: [INFO]       > Bink filename: tool_uvflashlight.bik
{01:40:37.650} RETL: [Hack]     > Area 'A63069326CFAB719' compared to A63069326CFAB719
{01:41:27.966} RETL: [Hack]     > Area 'A63069326CFAB719' compared to A63069326CFAB719
{01:47:46.900} INFO: [INFO]       > Bink filename: skill_horizontal_wall_run.bik
{01:47:47.151} INFO: [INFO]       > Bink filename: skill_advanced_crouch.bik
{01:47:47.467} INFO: [INFO]       > Bink filename: skill_sleek_runner.bik
{01:47:50.151} INFO: [INFO]       > Bink filename: skill_far_jump.bik
{01:47:54.668} INFO: [INFO]       > Bink filename: skill_dash.bik

{02:21:50.505} INFO: [ResPack]    > Acquired prefab data: 552, 224
{02:21:50.505} INFO: [ResPack]    >  -> 1 prefabs, 0 presets available in reg_pin_uv_pc.rpack
{02:21:52.257} INFO: [INFO]       > Bink filename: tool_paraglider.bik
{02:38:19.963} INFO: [ResPack]    > Acquired prefab data: 552, 224
{02:38:19.963} INFO: [ResPack]    >  -> 1 prefabs, 0 presets available in reg_pin_canteen_pc.rpack
{02:38:37.358} INFO: [ResPack]    > Acquired prefab data: 552, 224
{02:38:37.358} INFO: [ResPack]    >  -> 1 prefabs, 0 presets available in reg_pin_canteen_pc.rpack
{02:38:42.777} INFO: [ResPack]    > Acquired prefab data: 552, 224
{02:38:42.778} INFO: [ResPack]    >  -> 1 prefabs, 0 presets available in reg_pin_canteen_pc.rpack
{02:38:49.928} INFO: [ResPack]    > Acquired prefab data: 552, 224
{02:38:49.928} INFO: [ResPack]    >  -> 1 prefabs, 0 presets available in reg_pin_canteen_pc.rpack
{02:38:52.791} INFO: [ResPack]    > Acquired prefab data: 552, 224
{02:38:52.791} INFO: [ResPack]    >  -> 1 prefabs, 0 presets available in reg_pin_canteen_pc.rpack
{02:38:55.226} INFO: [ResPack]    > Acquired prefab data: 552, 224
{02:38:55.226} INFO: [ResPack]    >  -> 1 prefabs, 0 presets available in reg_pin_canteen_pc.rpack
{02:38:57.894} INFO: [ResPack]    > Acquired prefab data: 552, 224
{02:38:57.894} INFO: [ResPack]    >  -> 1 prefabs, 0 presets available in reg_pin_canteen_pc.rpack
{02:39:41.827} RETL: [Game]     > ===== DestroySession ===== (reason: 'OnQuitGame')
{02:39:47.938} INFO: [Video]      > //Video settings:
{02:39:47.938} INFO: [Video]      > RendererMode("d3d11")
{02:39:47.938} INFO: [Video]      > AsyncCompute(0)
{02:39:47.938} INFO: [Video]      > WindowMode(1)
{02:39:47.938} INFO: [Video]      > Resolution(2560,1440)
{02:39:47.938} INFO: [Video]      > Scale3D(1.000000)
{02:39:47.938} INFO: [Video]      > FSR(0.450000)
{02:39:47.938} INFO: [Video]      > Upscaler(0)
{02:39:47.938} INFO: [Video]      > Upscaling(2)
{02:39:47.938} INFO: [Video]      > Monitor(0)
{02:39:47.938} INFO: [Video]      > DisableDWM(0)
{02:39:47.938} INFO: [Video]      > TextureQuality("High")
{02:39:47.938} INFO: [Video]      > ShadowMapSize(924)
{02:39:47.938} INFO: [Video]      > SpotShadowMapSize(4096)
{02:39:47.938} INFO: [Video]      > GammaFloat(1.00)
{02:39:47.938} INFO: [Video]      > GrassQuality(0)
{02:39:47.938} INFO: [Video]      > FrameRate(1)
{02:39:47.938} INFO: [Video]      > MotionBlur(1)
{02:39:47.938} INFO: [Video]      > MotionBlurQuality("High")
{02:39:47.938} INFO: [Video]      > FilmGrain(0)
{02:39:47.938} INFO: [Video]      > DistanceBlur(1)
{02:39:47.938} INFO: [Video]      > AntiAliasing(1)
{02:39:47.938} INFO: [Video]      > AntiAliasingQuality(1)
{02:39:47.938} INFO: [Video]      > FogQuality(2)
{02:39:47.938} INFO: [Video]      > ReflectionsQuality(2)
{02:39:47.938} INFO: [Video]      > ContactShadowsQuality(4)
{02:39:47.938} INFO: [Video]      > SpotShadowsQuality(2)
{02:39:47.938} INFO: [Video]      > AmbientOcclusion(1)
{02:39:47.938} INFO: [Video]      > AmbientOcclusionQuality(1)
{02:39:47.938} INFO: [Video]      > ColorBlindMode(0)
{02:39:47.938} INFO: [Video]      > GpuFxQuality(1)
{02:39:47.938} INFO: [Video]      > VoxelGiQuality(3)
{02:39:50.276} RETL: [Savegame] > Continue save update finished (SUCCEEDED): save 'save_main_0.sav' found, all_scanned_saves 1
{02:39:56.449} INFO: [INFO]       > ---------------------------------------------------------
{02:39:56.449} INFO: [INFO]       > Time of playing game: 7933.272949s
{02:39:56.449} INFO: [INFO]       > Updated frames: 470162 Rendered frames: 469842
{02:39:56.449} INFO: [INFO]       > Average FPS: 59.224236
{02:39:56.449} INFO: [INFO]       > ---------------------------------------------------------
{02:39:58.966} INFO: [Renderer]   > [r_Shutdown] Dll released
