{03:18:02.066} INFO: [FileSystem] > [CZip_dir::Initialize] 'c:/program files (x86)/steam/steamapps/common/dying light 2 / ph/source/data0.pak' took: 0.000000ms
{03:18:02.086} INFO: [FileSystem] > [CZip_dir::Initialize] 'c:/program files (x86)/steam/steamapps/common/dying light 2 / ph/source/data1.pak' took: 0.000000ms
{03:18:02.088} INFO: [FileSystem] > [CZip_dir::Initialize] 'c:/program files (x86)/steam/steamapps/common/dying light 2 / ph/source/databt.mpak' took: 0.000000ms
{03:18:06.010} RETL: [GAME] > arguments (2): 'C:\Program Files (x86)\Steam\steamapps\common\Dying Light 2\ph\work\bin\x64\DyingLightGame_x64_rwdi.exe', '/nolightfx'
{03:18:06.306} INFO: [FileSystem] > [CZip_dir::Initialize] 'c:/program files (x86)/steam/steamapps/common/dying light 2 / ph/source/data_lang/dataen.pak' took: 0.000000ms
{03:18:06.325} INFO: [Renderer]   > [CVideoSettings::LoadSettings] Loading video settings using 'out/Settings/Video.scr'
{03:18:06.589} INFO: [Renderer]   > [r_Initialize] Loaded from rd3d11_x64_rwdi.dll.
{03:18:06.589} INFO: [Renderer]   > MonitorIdx=0, SecondaryMonitorIdx=-1
{03:18:06.589} INFO: [Renderer]   > Enumerating D3D11 video adapters:
{03:18:06.593} INFO: [Renderer]   > Adapter 0: NVIDIA GeForce RTX 2080 Ti 11049MB/16346MB/0MB
{03:18:06.593} INFO: [Renderer]   |   Output 0: [0,0 - 2560,1440] \\.\DISPLAY1
{03:18:06.593} INFO: [Renderer]   |   Output 1: [2560,0 - 6400,2160] \\.\DISPLAY2
{03:18:06.593} INFO: [Renderer]   > Adapter 1: Microsoft Basic Render Driver 0MB/16346MB/0MB
{03:18:06.594} INFO: [Renderer]   > Sorted adapter 0: NVIDIA GeForce RTX 2080 Ti 11049MB/16346MB/0MB
{03:18:06.594} INFO: [Renderer]   > Sorted adapter 1: Microsoft Basic Render Driver 0MB/16346MB/0MB
{03:18:06.595} INFO: [Renderer]   > Picking adapter: NVIDIA GeForce RTX 2080 Ti
{03:18:06.595} INFO: [Renderer]   | Primary monitor: [0,0 - 2560,1440]
{03:18:06.595} INFO: [Renderer]   | Secondary monitor: [2560,0 - 6400,2160]
{03:18:07.513} INFO: [Renderer]   > Renderer started in DX11 mode.
{03:18:07.514} INFO: [Renderer]   > DX11 reported 11'049M free texture memory.
{03:18:07.515} INFO: [Renderer]   > [CheckSLI] Single GPU system
{03:18:07.564} INFO: [Renderer]   > [d3d12rt-checker] All tests were OK. Switch to D3D12Ultimate to enable raytracing
{03:18:07.576} INFO: [Renderer]   > Renderer: supported display modes:
{03:18:07.576} INFO: [Renderer]   |  monitor:0, 640x480, bpp:24, hz:75.00, fmt: A8R8G8B8
{03:18:07.576} INFO: [Renderer]   |  monitor:0, 640x480, bpp:24, hz:60.00, fmt: A8R8G8B8
{03:18:07.576} INFO: [Renderer]   |  monitor:0, 640x480, bpp:24, hz:59.94, fmt: A8R8G8B8
{03:18:07.576} INFO: [Renderer]   |  monitor:0, 720x480, bpp:24, hz:60.00, fmt: A8R8G8B8
{03:18:07.576} INFO: [Renderer]   |  monitor:0, 720x480, bpp:24, hz:59.94, fmt: A8R8G8B8
{03:18:07.576} INFO: [Renderer]   |  monitor:0, 720x576, bpp:24, hz:50.00, fmt: A8R8G8B8
{03:18:07.576} INFO: [Renderer]   |  monitor:0, 800x600, bpp:24, hz:75.00, fmt: A8R8G8B8
{03:18:07.576} INFO: [Renderer]   |  monitor:0, 800x600, bpp:24, hz:60.32, fmt: A8R8G8B8
{03:18:07.576} INFO: [Renderer]   |  monitor:0, 1024x768, bpp:24, hz:75.03, fmt: A8R8G8B8
{03:18:07.576} INFO: [Renderer]   |  monitor:0, 1024x768, bpp:24, hz:60.00, fmt: A8R8G8B8
{03:18:07.576} INFO: [Renderer]   |  monitor:0, 1152x864, bpp:24, hz:75.00, fmt: A8R8G8B8
{03:18:07.576} INFO: [Renderer]   |  monitor:0, 1176x664, bpp:24, hz:60.00, fmt: A8R8G8B8
{03:18:07.576} INFO: [Renderer]   |  monitor:0, 1176x664, bpp:24, hz:60.00, fmt: A8R8G8B8
{03:18:07.576} INFO: [Renderer]   |  monitor:0, 1176x664, bpp:24, hz:59.94, fmt: A8R8G8B8
{03:18:07.576} INFO: [Renderer]   |  monitor:0, 1176x664, bpp:24, hz:59.94, fmt: A8R8G8B8
{03:18:07.576} INFO: [Renderer]   |  monitor:0, 1176x664, bpp:24, hz:50.00, fmt: A8R8G8B8
{03:18:07.576} INFO: [Renderer]   |  monitor:0, 1176x664, bpp:24, hz:50.00, fmt: A8R8G8B8
{03:18:07.576} INFO: [Renderer]   |  monitor:0, 1280x720, bpp:24, hz:60.00, fmt: A8R8G8B8
{03:18:07.576} INFO: [Renderer]   |  monitor:0, 1280x720, bpp:24, hz:59.94, fmt: A8R8G8B8
{03:18:07.576} INFO: [Renderer]   |  monitor:0, 1280x720, bpp:24, hz:50.00, fmt: A8R8G8B8
{03:18:07.576} INFO: [Renderer]   |  monitor:0, 1280x768, bpp:24, hz:59.81, fmt: A8R8G8B8
{03:18:07.576} INFO: [Renderer]   |  monitor:0, 1280x768, bpp:24, hz:59.81, fmt: A8R8G8B8
{03:18:07.576} INFO: [Renderer]   |  monitor:0, 1280x800, bpp:24, hz:59.81, fmt: A8R8G8B8
{03:18:07.576} INFO: [Renderer]   |  monitor:0, 1280x960, bpp:24, hz:75.03, fmt: A8R8G8B8
{03:18:07.576} INFO: [Renderer]   |  monitor:0, 1280x960, bpp:24, hz:75.03, fmt: A8R8G8B8
{03:18:07.576} INFO: [Renderer]   |  monitor:0, 1280x960, bpp:24, hz:60.02, fmt: A8R8G8B8
{03:18:07.576} INFO: [Renderer]   |  monitor:0, 1280x960, bpp:24, hz:60.02, fmt: A8R8G8B8
{03:18:07.576} INFO: [Renderer]   |  monitor:0, 1280x1024, bpp:24, hz:75.03, fmt: A8R8G8B8
{03:18:07.576} INFO: [Renderer]   |  monitor:0, 1280x1024, bpp:24, hz:60.02, fmt: A8R8G8B8
{03:18:07.576} INFO: [Renderer]   |  monitor:0, 1360x768, bpp:24, hz:60.00, fmt: A8R8G8B8
{03:18:07.576} INFO: [Renderer]   |  monitor:0, 1360x768, bpp:24, hz:60.00, fmt: A8R8G8B8
{03:18:07.576} INFO: [Renderer]   |  monitor:0, 1360x768, bpp:24, hz:59.94, fmt: A8R8G8B8
{03:18:07.576} INFO: [Renderer]   |  monitor:0, 1360x768, bpp:24, hz:59.94, fmt: A8R8G8B8
{03:18:07.576} INFO: [Renderer]   |  monitor:0, 1360x768, bpp:24, hz:50.00, fmt: A8R8G8B8
{03:18:07.576} INFO: [Renderer]   |  monitor:0, 1360x768, bpp:24, hz:50.00, fmt: A8R8G8B8
{03:18:07.576} INFO: [Renderer]   |  monitor:0, 1366x768, bpp:24, hz:60.00, fmt: A8R8G8B8
{03:18:07.576} INFO: [Renderer]   |  monitor:0, 1366x768, bpp:24, hz:60.00, fmt: A8R8G8B8
{03:18:07.576} INFO: [Renderer]   |  monitor:0, 1366x768, bpp:24, hz:59.94, fmt: A8R8G8B8
{03:18:07.576} INFO: [Renderer]   |  monitor:0, 1366x768, bpp:24, hz:59.94, fmt: A8R8G8B8
{03:18:07.576} INFO: [Renderer]   |  monitor:0, 1366x768, bpp:24, hz:50.00, fmt: A8R8G8B8
{03:18:07.576} INFO: [Renderer]   |  monitor:0, 1366x768, bpp:24, hz:50.00, fmt: A8R8G8B8
{03:18:07.576} INFO: [Renderer]   |  monitor:0, 1440x900, bpp:24, hz:60.00, fmt: A8R8G8B8
{03:18:07.576} INFO: [Renderer]   |  monitor:0, 1440x900, bpp:24, hz:60.00, fmt: A8R8G8B8
{03:18:07.576} INFO: [Renderer]   |  monitor:0, 1440x900, bpp:24, hz:59.94, fmt: A8R8G8B8
{03:18:07.576} INFO: [Renderer]   |  monitor:0, 1440x900, bpp:24, hz:59.94, fmt: A8R8G8B8
{03:18:07.576} INFO: [Renderer]   |  monitor:0, 1440x900, bpp:24, hz:50.00, fmt: A8R8G8B8
{03:18:07.576} INFO: [Renderer]   |  monitor:0, 1440x900, bpp:24, hz:50.00, fmt: A8R8G8B8
{03:18:07.576} INFO: [Renderer]   |  monitor:0, 1600x900, bpp:24, hz:60.00, fmt: A8R8G8B8
{03:18:07.576} INFO: [Renderer]   |  monitor:0, 1600x900, bpp:24, hz:60.00, fmt: A8R8G8B8
{03:18:07.576} INFO: [Renderer]   |  monitor:0, 1600x900, bpp:24, hz:59.94, fmt: A8R8G8B8
{03:18:07.576} INFO: [Renderer]   |  monitor:0, 1600x900, bpp:24, hz:59.94, fmt: A8R8G8B8
{03:18:07.576} INFO: [Renderer]   |  monitor:0, 1600x900, bpp:24, hz:50.00, fmt: A8R8G8B8
{03:18:07.576} INFO: [Renderer]   |  monitor:0, 1600x900, bpp:24, hz:50.00, fmt: A8R8G8B8
{03:18:07.576} INFO: [Renderer]   |  monitor:0, 1600x1024, bpp:24, hz:60.00, fmt: A8R8G8B8
{03:18:07.576} INFO: [Renderer]   |  monitor:0, 1600x1024, bpp:24, hz:60.00, fmt: A8R8G8B8
{03:18:07.576} INFO: [Renderer]   |  monitor:0, 1600x1024, bpp:24, hz:59.94, fmt: A8R8G8B8
{03:18:07.576} INFO: [Renderer]   |  monitor:0, 1600x1024, bpp:24, hz:59.94, fmt: A8R8G8B8
{03:18:07.576} INFO: [Renderer]   |  monitor:0, 1600x1024, bpp:24, hz:50.00, fmt: A8R8G8B8
{03:18:07.576} INFO: [Renderer]   |  monitor:0, 1600x1024, bpp:24, hz:50.00, fmt: A8R8G8B8
{03:18:07.576} INFO: [Renderer]   |  monitor:0, 1600x1200, bpp:24, hz:60.00, fmt: A8R8G8B8
{03:18:07.576} INFO: [Renderer]   |  monitor:0, 1680x1050, bpp:24, hz:60.00, fmt: A8R8G8B8
{03:18:07.576} INFO: [Renderer]   |  monitor:0, 1680x1050, bpp:24, hz:60.00, fmt: A8R8G8B8
{03:18:07.576} INFO: [Renderer]   |  monitor:0, 1680x1050, bpp:24, hz:59.94, fmt: A8R8G8B8
{03:18:07.576} INFO: [Renderer]   |  monitor:0, 1680x1050, bpp:24, hz:59.94, fmt: A8R8G8B8
{03:18:07.576} INFO: [Renderer]   |  monitor:0, 1680x1050, bpp:24, hz:50.00, fmt: A8R8G8B8
{03:18:07.576} INFO: [Renderer]   |  monitor:0, 1680x1050, bpp:24, hz:50.00, fmt: A8R8G8B8
{03:18:07.577} INFO: [Renderer]   |  monitor:0, 1920x1080, bpp:24, hz:60.00, fmt: A8R8G8B8
{03:18:07.577} INFO: [Renderer]   |  monitor:0, 1920x1080, bpp:24, hz:59.94, fmt: A8R8G8B8
{03:18:07.577} INFO: [Renderer]   |  monitor:0, 1920x1080, bpp:24, hz:50.00, fmt: A8R8G8B8
{03:18:07.577} INFO: [Renderer]   |  monitor:0, 1920x1200, bpp:24, hz:59.92, fmt: A8R8G8B8
{03:18:07.577} INFO: [Renderer]   |  monitor:0, 1920x1200, bpp:24, hz:59.92, fmt: A8R8G8B8
{03:18:07.577} INFO: [Renderer]   |  monitor:0, 1920x1440, bpp:24, hz:59.95, fmt: A8R8G8B8
{03:18:07.577} INFO: [Renderer]   |  monitor:0, 1920x1440, bpp:24, hz:59.95, fmt: A8R8G8B8
{03:18:07.577} INFO: [Renderer]   |  monitor:0, 1920x2160, bpp:24, hz:59.99, fmt: A8R8G8B8
{03:18:07.577} INFO: [Renderer]   |  monitor:0, 2048x1280, bpp:24, hz:59.92, fmt: A8R8G8B8
{03:18:07.577} INFO: [Renderer]   |  monitor:0, 2048x1536, bpp:24, hz:60.00, fmt: A8R8G8B8
{03:18:07.577} INFO: [Renderer]   |  monitor:0, 2048x1536, bpp:24, hz:60.00, fmt: A8R8G8B8
{03:18:07.577} INFO: [Renderer]   |  monitor:0, 2048x1536, bpp:24, hz:29.98, fmt: A8R8G8B8
{03:18:07.577} INFO: [Renderer]   |  monitor:0, 2048x1536, bpp:24, hz:29.98, fmt: A8R8G8B8
{03:18:07.577} INFO: [Renderer]   |  monitor:0, 2560x1440, bpp:24, hz:59.95, fmt: A8R8G8B8
{03:18:07.577} INFO: [Renderer]   |  monitor:0, 2560x1600, bpp:24, hz:60.00, fmt: A8R8G8B8
{03:18:07.577} INFO: [Renderer]   |  monitor:0, 2560x1600, bpp:24, hz:60.00, fmt: A8R8G8B8
{03:18:07.577} INFO: [Renderer]   |  monitor:0, 2560x1600, bpp:24, hz:29.98, fmt: A8R8G8B8
{03:18:07.577} INFO: [Renderer]   |  monitor:0, 2560x1600, bpp:24, hz:29.98, fmt: A8R8G8B8
{03:18:07.577} INFO: [Renderer]   |  monitor:0, 3840x2160, bpp:24, hz:60.00, fmt: A8R8G8B8
{03:18:07.577} INFO: [Renderer]   |  monitor:0, 3840x2160, bpp:24, hz:29.98, fmt: A8R8G8B8
{03:18:07.577} INFO: [Renderer]   |  monitor:1, 640x480, bpp:24, hz:75.00, fmt: A8R8G8B8
{03:18:07.577} INFO: [Renderer]   |  monitor:1, 640x480, bpp:24, hz:72.00, fmt: A8R8G8B8
{03:18:07.577} INFO: [Renderer]   |  monitor:1, 640x480, bpp:24, hz:60.00, fmt: A8R8G8B8
{03:18:07.577} INFO: [Renderer]   |  monitor:1, 720x480, bpp:24, hz:75.00, fmt: A8R8G8B8
{03:18:07.577} INFO: [Renderer]   |  monitor:1, 720x480, bpp:24, hz:75.00, fmt: A8R8G8B8
{03:18:07.577} INFO: [Renderer]   |  monitor:1, 720x480, bpp:24, hz:72.19, fmt: A8R8G8B8
{03:18:07.577} INFO: [Renderer]   |  monitor:1, 720x480, bpp:24, hz:72.19, fmt: A8R8G8B8
{03:18:07.577} INFO: [Renderer]   |  monitor:1, 720x480, bpp:24, hz:60.32, fmt: A8R8G8B8
{03:18:07.577} INFO: [Renderer]   |  monitor:1, 720x480, bpp:24, hz:60.32, fmt: A8R8G8B8
{03:18:07.577} INFO: [Renderer]   |  monitor:1, 720x480, bpp:24, hz:56.25, fmt: A8R8G8B8
{03:18:07.577} INFO: [Renderer]   |  monitor:1, 720x480, bpp:24, hz:56.25, fmt: A8R8G8B8
{03:18:07.577} INFO: [Renderer]   |  monitor:1, 720x576, bpp:24, hz:75.00, fmt: A8R8G8B8
{03:18:07.577} INFO: [Renderer]   |  monitor:1, 720x576, bpp:24, hz:75.00, fmt: A8R8G8B8
{03:18:07.577} INFO: [Renderer]   |  monitor:1, 720x576, bpp:24, hz:72.19, fmt: A8R8G8B8
{03:18:07.577} INFO: [Renderer]   |  monitor:1, 720x576, bpp:24, hz:72.19, fmt: A8R8G8B8
{03:18:07.577} INFO: [Renderer]   |  monitor:1, 720x576, bpp:24, hz:60.32, fmt: A8R8G8B8
{03:18:07.577} INFO: [Renderer]   |  monitor:1, 720x576, bpp:24, hz:60.32, fmt: A8R8G8B8
{03:18:07.577} INFO: [Renderer]   |  monitor:1, 720x576, bpp:24, hz:56.25, fmt: A8R8G8B8
{03:18:07.577} INFO: [Renderer]   |  monitor:1, 720x576, bpp:24, hz:56.25, fmt: A8R8G8B8
{03:18:07.577} INFO: [Renderer]   |  monitor:1, 800x600, bpp:24, hz:75.00, fmt: A8R8G8B8
{03:18:07.577} INFO: [Renderer]   |  monitor:1, 800x600, bpp:24, hz:72.19, fmt: A8R8G8B8
{03:18:07.577} INFO: [Renderer]   |  monitor:1, 800x600, bpp:24, hz:60.32, fmt: A8R8G8B8
{03:18:07.577} INFO: [Renderer]   |  monitor:1, 800x600, bpp:24, hz:56.25, fmt: A8R8G8B8
{03:18:07.577} INFO: [Renderer]   |  monitor:1, 1024x768, bpp:24, hz:75.03, fmt: A8R8G8B8
{03:18:07.577} INFO: [Renderer]   |  monitor:1, 1024x768, bpp:24, hz:70.07, fmt: A8R8G8B8
{03:18:07.577} INFO: [Renderer]   |  monitor:1, 1024x768, bpp:24, hz:60.00, fmt: A8R8G8B8
{03:18:07.577} INFO: [Renderer]   |  monitor:1, 1152x864, bpp:24, hz:75.00, fmt: A8R8G8B8
{03:18:07.577} INFO: [Renderer]   |  monitor:1, 1176x664, bpp:24, hz:60.00, fmt: A8R8G8B8
{03:18:07.577} INFO: [Renderer]   |  monitor:1, 1176x664, bpp:24, hz:60.00, fmt: A8R8G8B8
{03:18:07.577} INFO: [Renderer]   |  monitor:1, 1280x720, bpp:24, hz:60.00, fmt: A8R8G8B8
{03:18:07.577} INFO: [Renderer]   |  monitor:1, 1280x768, bpp:24, hz:59.81, fmt: A8R8G8B8
{03:18:07.577} INFO: [Renderer]   |  monitor:1, 1280x768, bpp:24, hz:59.81, fmt: A8R8G8B8
{03:18:07.577} INFO: [Renderer]   |  monitor:1, 1280x800, bpp:24, hz:59.81, fmt: A8R8G8B8
{03:18:07.577} INFO: [Renderer]   |  monitor:1, 1280x960, bpp:24, hz:75.03, fmt: A8R8G8B8
{03:18:07.577} INFO: [Renderer]   |  monitor:1, 1280x960, bpp:24, hz:75.03, fmt: A8R8G8B8
{03:18:07.577} INFO: [Renderer]   |  monitor:1, 1280x960, bpp:24, hz:60.02, fmt: A8R8G8B8
{03:18:07.577} INFO: [Renderer]   |  monitor:1, 1280x960, bpp:24, hz:60.02, fmt: A8R8G8B8
{03:18:07.577} INFO: [Renderer]   |  monitor:1, 1280x1024, bpp:24, hz:75.03, fmt: A8R8G8B8
{03:18:07.577} INFO: [Renderer]   |  monitor:1, 1280x1024, bpp:24, hz:60.02, fmt: A8R8G8B8
{03:18:07.577} INFO: [Renderer]   |  monitor:1, 1360x768, bpp:24, hz:59.89, fmt: A8R8G8B8
{03:18:07.577} INFO: [Renderer]   |  monitor:1, 1360x768, bpp:24, hz:59.89, fmt: A8R8G8B8
{03:18:07.577} INFO: [Renderer]   |  monitor:1, 1366x768, bpp:24, hz:59.89, fmt: A8R8G8B8
{03:18:07.577} INFO: [Renderer]   |  monitor:1, 1366x768, bpp:24, hz:59.89, fmt: A8R8G8B8
{03:18:07.577} INFO: [Renderer]   |  monitor:1, 1440x900, bpp:24, hz:59.89, fmt: A8R8G8B8
{03:18:07.577} INFO: [Renderer]   |  monitor:1, 1600x900, bpp:24, hz:60.00, fmt: A8R8G8B8
{03:18:07.577} INFO: [Renderer]   |  monitor:1, 1600x1024, bpp:24, hz:59.95, fmt: A8R8G8B8
{03:18:07.577} INFO: [Renderer]   |  monitor:1, 1600x1024, bpp:24, hz:59.95, fmt: A8R8G8B8
{03:18:07.577} INFO: [Renderer]   |  monitor:1, 1600x1200, bpp:24, hz:59.95, fmt: A8R8G8B8
{03:18:07.577} INFO: [Renderer]   |  monitor:1, 1600x1200, bpp:24, hz:59.95, fmt: A8R8G8B8
{03:18:07.577} INFO: [Renderer]   |  monitor:1, 1680x1050, bpp:24, hz:59.95, fmt: A8R8G8B8
{03:18:07.577} INFO: [Renderer]   |  monitor:1, 1920x1080, bpp:24, hz:60.00, fmt: A8R8G8B8
{03:18:07.577} INFO: [Renderer]   |  monitor:1, 1920x1080, bpp:24, hz:59.94, fmt: A8R8G8B8
{03:18:07.577} INFO: [Renderer]   |  monitor:1, 1920x1200, bpp:24, hz:59.95, fmt: A8R8G8B8
{03:18:07.577} INFO: [Renderer]   |  monitor:1, 1920x1200, bpp:24, hz:59.95, fmt: A8R8G8B8
{03:18:07.577} INFO: [Renderer]   |  monitor:1, 1920x1440, bpp:24, hz:59.95, fmt: A8R8G8B8
{03:18:07.577} INFO: [Renderer]   |  monitor:1, 1920x1440, bpp:24, hz:59.95, fmt: A8R8G8B8
{03:18:07.577} INFO: [Renderer]   |  monitor:1, 1920x2160, bpp:24, hz:60.00, fmt: A8R8G8B8
{03:18:07.577} INFO: [Renderer]   |  monitor:1, 1920x2160, bpp:24, hz:60.00, fmt: A8R8G8B8
{03:18:07.577} INFO: [Renderer]   |  monitor:1, 2048x1280, bpp:24, hz:59.95, fmt: A8R8G8B8
{03:18:07.577} INFO: [Renderer]   |  monitor:1, 2048x1280, bpp:24, hz:59.95, fmt: A8R8G8B8
{03:18:07.577} INFO: [Renderer]   |  monitor:1, 2048x1536, bpp:24, hz:60.00, fmt: A8R8G8B8
{03:18:07.577} INFO: [Renderer]   |  monitor:1, 2048x1536, bpp:24, hz:60.00, fmt: A8R8G8B8
{03:18:07.577} INFO: [Renderer]   |  monitor:1, 2560x1440, bpp:24, hz:59.95, fmt: A8R8G8B8
{03:18:07.577} INFO: [Renderer]   |  monitor:1, 2560x1600, bpp:24, hz:60.00, fmt: A8R8G8B8
{03:18:07.577} INFO: [Renderer]   |  monitor:1, 2560x1600, bpp:24, hz:60.00, fmt: A8R8G8B8
{03:18:07.577} INFO: [Renderer]   |  monitor:1, 3840x2160, bpp:24, hz:60.00, fmt: A8R8G8B8
{03:18:07.577} INFO: [Renderer]   | Texture streaming mem 0 MB
{03:18:07.577} INFO: [INFO]       > Texture streaming buffer set to 0MB
{03:18:07.577} INFO: [INFO]       > Texture streaming lowest priority distance set to 100m
{03:18:07.788} DEBG: [DXGI]       > WM_SIZE 0, 2560x1440
{03:18:07.789} INFO: [INFO]       > CGame::AppWindowInit: window client area: 0x0, 2560x1440
{03:18:07.789} DEBG: [DXGI]       > [RChangeDeviceState] 2560x1440, 1.000000, borderless, 0/0 Hz
{03:18:07.789} DEBG: [DXGI]       >                  was 1920x1080, 1.000000, , 0/1 Hz
{03:18:07.791} DEBG: [DXGI]       > WM_SIZE 0, 0x0
{03:18:07.792} DEBG: [DXGI]       > WM_SIZE 0, 2560x1440
{03:18:08.401} INFO: [INFO]       > Texture streaming buffer set to 4000MB
{03:18:08.402} INFO: [Video]      > //Video settings:
{03:18:08.402} INFO: [Video]      > RendererMode("d3d11")
{03:18:08.402} INFO: [Video]      > AsyncCompute(0)
{03:18:08.402} INFO: [Video]      > WindowMode(1)
{03:18:08.402} INFO: [Video]      > Resolution(2560,1440)
{03:18:08.402} INFO: [Video]      > Scale3D(1.000000)
{03:18:08.402} INFO: [Video]      > FSR(0.450000)
{03:18:08.402} INFO: [Video]      > Upscaler(0)
{03:18:08.402} INFO: [Video]      > Upscaling(2)
{03:18:08.402} INFO: [Video]      > Monitor(0)
{03:18:08.402} INFO: [Video]      > DisableDWM(0)
{03:18:08.402} INFO: [Video]      > TextureQuality("High")
{03:18:08.402} INFO: [Video]      > ShadowMapSize(924)
{03:18:08.402} INFO: [Video]      > SpotShadowMapSize(4096)
{03:18:08.402} INFO: [Video]      > GammaFloat(1.00)
{03:18:08.402} INFO: [Video]      > GrassQuality(0)
{03:18:08.402} INFO: [Video]      > FrameRate(1)
{03:18:08.403} INFO: [Video]      > MotionBlur(1)
{03:18:08.403} INFO: [Video]      > MotionBlurQuality("High")
{03:18:08.403} INFO: [Video]      > FilmGrain(0)
{03:18:08.403} INFO: [Video]      > AntiAliasing(1)
{03:18:08.403} INFO: [Video]      > AntiAliasingQuality(1)
{03:18:08.403} INFO: [Video]      > FogQuality(2)
{03:18:08.403} INFO: [Video]      > ReflectionsQuality(2)
{03:18:08.403} INFO: [Video]      > ContactShadowsQuality(4)
{03:18:08.403} INFO: [Video]      > SpotShadowsQuality(2)
{03:18:08.403} INFO: [Video]      > AmbientOcclusion(1)
{03:18:08.403} INFO: [Video]      > AmbientOcclusionQuality(1)
{03:18:08.403} INFO: [Video]      > ColorBlindMode(0)
{03:18:08.403} INFO: [Video]      > GpuFxQuality(1)
{03:18:08.403} INFO: [Video]      > VoxelGiQuality(3)
{03:18:08.403} INFO: [ResPack]    > Free resource loading disabled
{03:18:08.498} INFO: [ResPack]    > Acquired prefab data: 147856, 161992
{03:18:08.498} INFO: [ResPack]    >  -> 0 prefabs, 32 presets available in engine_pc.rpack
{03:18:09.477} INFO: [ResPack]    > Acquired prefab data: 12557784, 10596232
{03:18:09.496} INFO: [ResPack]    >  -> 1081 prefabs, 184 presets available in common_prefabs_pc.rpack
{03:18:09.829} INFO: [INFO]       > [Input] Keyboard 0 enumerated: intance_name = Keyboard, product_name = Keyboard, GUID = {6f1d2b61-d5a0-11cf-bfc7-444553540000}
{03:18:09.887} INFO: [INFO]       > [CInput::SelectKeyboard] Keyboard 0 selected: Keyboard, Keyboard
{03:18:10.178} INFO: [INFO]       > Bink filename: IntroLogos_4k.bik
{03:18:11.913} INFO: [INFO]       > [gpufx] preloaded 1019 sequences. It took 1456.247070 ms
{03:18:11.913} RETL: [Game] > game version: '1.0.4', '1.0.202202081230'
{03:18:25.216} INFO: [INFO]       > Bink filename: GameIntro_4k.bik
{03:18:39.153} RETL: [Savegame] > ScanForSavegames: saves 1 (prev value -1)
{03:18:41.044} RETL: [Savegame] > Continue save update finished (SUCCEEDED): save 'save_main_0.sav' found, all_scanned_saves 1
{03:18:47.801} RETL: [Game]     > ===== CreateSession ===== 
{03:18:49.000} INFO: [ResPack]    > Acquired prefab data: 106165472, 42357864
{03:18:49.108} INFO: [ResPack]    >  -> 8689 prefabs, 568 presets available in city_persistent_pc.rpack
{03:18:49.145} INFO: [ResPack]    > Acquired prefab data: 2687000, 1309528
{03:18:49.152} INFO: [ResPack]    >  -> 181 prefabs, 43 presets available in prologue_persistent_pc.rpack
{03:18:49.175} RETL: [Savegame] > SessionContextState: 'OnCreate' [game_type 'Campaign', game_mode 'Coop', save_name 'save_main_0.sav' (slot 0), map 'city' (id:761188051), (first), difficulty [current: Normal, savegame: Normal, min_savegame: Normal, initial: Normal, lobby_settings: Normal], save_version 72, build: '1.0.202202081230 / 2', perforce_stream: '//tech/rel-ph-patch1-pc']
{03:18:53.026} INFO: [Video]      > //Video settings:
{03:18:53.026} INFO: [Video]      > RendererMode("d3d11")
{03:18:53.026} INFO: [Video]      > AsyncCompute(0)
{03:18:53.026} INFO: [Video]      > WindowMode(1)
{03:18:53.026} INFO: [Video]      > Resolution(2560,1440)
{03:18:53.026} INFO: [Video]      > Scale3D(1.000000)
{03:18:53.026} INFO: [Video]      > FSR(0.450000)
{03:18:53.026} INFO: [Video]      > Upscaler(0)
{03:18:53.026} INFO: [Video]      > Upscaling(2)
{03:18:53.026} INFO: [Video]      > Monitor(0)
{03:18:53.026} INFO: [Video]      > DisableDWM(0)
{03:18:53.026} INFO: [Video]      > TextureQuality("High")
{03:18:53.026} INFO: [Video]      > ShadowMapSize(924)
{03:18:53.026} INFO: [Video]      > SpotShadowMapSize(4096)
{03:18:53.026} INFO: [Video]      > GammaFloat(1.00)
{03:18:53.026} INFO: [Video]      > GrassQuality(0)
{03:18:53.026} INFO: [Video]      > FrameRate(1)
{03:18:53.026} INFO: [Video]      > MotionBlur(1)
{03:18:53.026} INFO: [Video]      > MotionBlurQuality("High")
{03:18:53.026} INFO: [Video]      > FilmGrain(0)
{03:18:53.026} INFO: [Video]      > AntiAliasing(1)
{03:18:53.026} INFO: [Video]      > AntiAliasingQuality(1)
{03:18:53.026} INFO: [Video]      > FogQuality(2)
{03:18:53.026} INFO: [Video]      > ReflectionsQuality(2)
{03:18:53.026} INFO: [Video]      > ContactShadowsQuality(4)
{03:18:53.026} INFO: [Video]      > SpotShadowsQuality(2)
{03:18:53.026} INFO: [Video]      > AmbientOcclusion(1)
{03:18:53.026} INFO: [Video]      > AmbientOcclusionQuality(1)
{03:18:53.026} INFO: [Video]      > ColorBlindMode(0)
{03:18:53.026} INFO: [Video]      > GpuFxQuality(1)
{03:18:53.026} INFO: [Video]      > VoxelGiQuality(3)
{03:18:56.002} RETL: [Game]     > >>>>> <1294392080> Changing level from <> to <city>
{03:18:59.127} RETL: [Savegame] > SessionContextState: 'OnUpdate after ChangeMap' [game_type 'Campaign', game_mode 'Coop', save_name 'save_main_0.sav' (slot 0), map 'city' (id:761188051), (first), difficulty [current: Normal, savegame: Normal, min_savegame: Normal, initial: Normal, lobby_settings: Normal], save_version 72, build: '1.0.202202081230 / 2', perforce_stream: '//tech/rel-ph-patch1-pc']
{03:18:59.235} RETL: [Game]     > >>>>> <1294392080> Performing load - mode <NormalFromMainMenu>
{03:18:59.235} RETL: [Savegame] > File name 'save_main_0.sav', memory_save->size = 0
{03:18:59.249} RETL: [Savegame] > Loading finished (ESgErr::Ok).
{03:18:59.249} RETL: [Savegame] > Applying loaded data: Original version: [save_version 72, build: '1.0.202202071214 / 2', perforce_stream: '//tech/rel-ph-patch1-pc'], Source version: [save_version 72, build: '1.0.202202071214 / 2', perforce_stream: '//tech/rel-ph-patch1-pc'], Current version: [save_version 72, build: '1.0.202202081230 / 2', perforce_stream: '//tech/rel-ph-patch1-pc']
{03:18:59.249} RETL: [Savegame] > Updated SessionContext [session_id 1293025094, time_played 32070722, campaign_finished false, finished_difficulty -1]
{03:18:59.403} RETL: [Savegame] > RestoreStoryState result: 'true'.
{03:18:59.403} RETL: [Savegame] > SpawnSpot: Spawnpoint, map: 'city', map_area: 'city/^R1_3_Zone_03_Map_Zone', spawn_point: city/^Quest_REG01_Screwed_Garden/logic/spawnpoint_downstairs
{03:18:59.448} RETL: [Savegame] > Applying loaded data finished (result: true)
{03:19:01.586} INFO: [ResPack]    > Acquired prefab data: 552, 224
{03:19:01.586} INFO: [ResPack]    >  -> 1 prefabs, 0 presets available in reg_pin_bandits_r1_pc.rpack
{03:19:01.859} INFO: [ResPack]    > Acquired prefab data: 32967768, 13857440
{03:19:01.898} INFO: [ResPack]    >  -> 6313 prefabs, 0 presets available in reg_01_pc.rpack
{03:19:01.927} INFO: [ResPack]    > Acquired prefab data: 535832, 207488
{03:19:01.927} INFO: [ResPack]    >  -> 123 prefabs, 0 presets available in reg_buffer_01_05_pc.rpack
{03:19:01.931} INFO: [ResPack]    > Acquired prefab data: 283312, 106608
{03:19:01.931} INFO: [ResPack]    >  -> 140 prefabs, 0 presets available in reg_buffer_01_02_pc.rpack
{03:19:01.947} INFO: [ResPack]    > Acquired prefab data: 1800416, 752040
{03:19:01.950} INFO: [ResPack]    >  -> 692 prefabs, 0 presets available in reg_buffer_01_04_pc.rpack
{03:22:14.991} INFO: [ResPack]    > Acquired prefab data: 552, 224
{03:22:14.991} INFO: [ResPack]    >  -> 1 prefabs, 0 presets available in reg_pin_bandits_r1_pc.rpack
{03:25:01.599} INFO: [ResPack]    > Acquired prefab data: 552, 224
{03:25:01.599} INFO: [ResPack]    >  -> 1 prefabs, 0 presets available in reg_pin_bandits_r1_pc.rpack
{03:25:09.368} INFO: [ResPack]    > Acquired prefab data: 552, 224
{03:25:09.368} INFO: [ResPack]    >  -> 1 prefabs, 0 presets available in reg_pin_bandits_r1_pc.rpack
{03:33:27.355} INFO: [ResPack]    > Acquired prefab data: 552, 224
{03:33:27.355} INFO: [ResPack]    >  -> 1 prefabs, 0 presets available in reg_pin_bandits_r1_pc.rpack
{03:33:43.114} INFO: [INFO]       > Bink filename: tool_binoculars.bik
{03:33:43.347} INFO: [INFO]       > Bink filename: tool_binoculars.bik
{03:34:22.730} INFO: [ResPack]    > Acquired prefab data: 552, 224
{03:34:22.730} INFO: [ResPack]    >  -> 1 prefabs, 0 presets available in reg_pin_wt_r1_pc.rpack
{03:39:57.133} INFO: [INFO]       > Bink filename: skill_parkour_combat.bik
{03:43:11.823} INFO: [INFO]       > Bink filename: faction_reward_1.bik
{03:43:13.623} INFO: [INFO]       > Bink filename: faction_reward_1.bik
{03:43:15.573} INFO: [INFO]       > Bink filename: surv_reward_1.bik
{03:43:16.839} INFO: [INFO]       > Bink filename: faction_reward_1.bik
{03:43:23.507} INFO: [INFO]       > Bink filename: surv_reward_1.bik
{03:43:29.440} INFO: [INFO]       > Bink filename: faction_reward_1.bik
{03:43:30.440} INFO: [INFO]       > Bink filename: surv_reward_1.bik
{03:43:31.041} INFO: [INFO]       > Bink filename: faction_reward_1.bik
{03:43:33.490} INFO: [INFO]       > Bink filename: surv_reward_1.bik

{03:47:59.528} INFO: [ResPack]    > Acquired prefab data: 552, 224
{03:47:59.528} INFO: [ResPack]    >  -> 1 prefabs, 0 presets available in reg_pin_bandits_r1_pc.rpack
{03:53:33.024} INFO: [ResPack]    > Acquired prefab data: 552, 224
{03:53:33.024} INFO: [ResPack]    >  -> 1 prefabs, 0 presets available in reg_pin_wt_r1_pc.rpack

{04:14:34.854} INFO: [ResPack]    > Acquired prefab data: 552, 224
{04:14:34.854} INFO: [ResPack]    >  -> 1 prefabs, 0 presets available in reg_pin_bazaar_pc.rpack
{04:15:17.791} INFO: [ResPack]    > Acquired prefab data: 552, 224
{04:15:17.791} INFO: [ResPack]    >  -> 1 prefabs, 0 presets available in reg_pin_bazaar_pc.rpack
{04:15:22.375} INFO: [ResPack]    > Acquired prefab data: 552, 224
{04:15:22.375} INFO: [ResPack]    >  -> 1 prefabs, 0 presets available in reg_pin_bazaar_pc.rpack
{04:15:25.691} INFO: [ResPack]    > Acquired prefab data: 552, 224
{04:15:25.691} INFO: [ResPack]    >  -> 1 prefabs, 0 presets available in reg_pin_bazaar_pc.rpack
{04:15:34.512} INFO: [ResPack]    > Acquired prefab data: 552, 224
{04:15:34.512} INFO: [ResPack]    >  -> 1 prefabs, 0 presets available in reg_pin_bazaar_pc.rpack
{04:17:31.812} INFO: [ResPack]    > Acquired prefab data: 552, 224
{04:17:31.812} INFO: [ResPack]    >  -> 1 prefabs, 0 presets available in reg_pin_bazaar_pc.rpack
{04:17:46.810} INFO: [ResPack]    > Acquired prefab data: 552, 224
{04:17:46.810} INFO: [ResPack]    >  -> 1 prefabs, 0 presets available in reg_pin_bazaar_pc.rpack
{04:18:34.481} INFO: [ResPack]    > Acquired prefab data: 552, 224
{04:18:34.481} INFO: [ResPack]    >  -> 1 prefabs, 0 presets available in reg_pin_bazaar_pc.rpack
{04:30:36.203} RETL: [Game]     > ===== DestroySession ===== (reason: 'OnQuitGame')
{04:30:41.001} INFO: [Video]      > //Video settings:
{04:30:41.001} INFO: [Video]      > RendererMode("d3d11")
{04:30:41.001} INFO: [Video]      > AsyncCompute(0)
{04:30:41.001} INFO: [Video]      > WindowMode(1)
{04:30:41.001} INFO: [Video]      > Resolution(2560,1440)
{04:30:41.001} INFO: [Video]      > Scale3D(1.000000)
{04:30:41.001} INFO: [Video]      > FSR(0.450000)
{04:30:41.001} INFO: [Video]      > Upscaler(0)
{04:30:41.001} INFO: [Video]      > Upscaling(2)
{04:30:41.001} INFO: [Video]      > Monitor(0)
{04:30:41.001} INFO: [Video]      > DisableDWM(0)
{04:30:41.001} INFO: [Video]      > TextureQuality("High")
{04:30:41.001} INFO: [Video]      > ShadowMapSize(924)
{04:30:41.001} INFO: [Video]      > SpotShadowMapSize(4096)
{04:30:41.001} INFO: [Video]      > GammaFloat(1.00)
{04:30:41.001} INFO: [Video]      > GrassQuality(0)
{04:30:41.001} INFO: [Video]      > FrameRate(1)
{04:30:41.001} INFO: [Video]      > MotionBlur(1)
{04:30:41.001} INFO: [Video]      > MotionBlurQuality("High")
{04:30:41.001} INFO: [Video]      > FilmGrain(0)
{04:30:41.001} INFO: [Video]      > AntiAliasing(1)
{04:30:41.001} INFO: [Video]      > AntiAliasingQuality(1)
{04:30:41.001} INFO: [Video]      > FogQuality(2)
{04:30:41.001} INFO: [Video]      > ReflectionsQuality(2)
{04:30:41.001} INFO: [Video]      > ContactShadowsQuality(4)
{04:30:41.001} INFO: [Video]      > SpotShadowsQuality(2)
{04:30:41.001} INFO: [Video]      > AmbientOcclusion(1)
{04:30:41.001} INFO: [Video]      > AmbientOcclusionQuality(1)
{04:30:41.001} INFO: [Video]      > ColorBlindMode(0)
{04:30:41.001} INFO: [Video]      > GpuFxQuality(1)
{04:30:41.001} INFO: [Video]      > VoxelGiQuality(3)
{04:30:43.174} RETL: [Savegame] > Continue save update finished (SUCCEEDED): save 'save_main_0.sav' found, all_scanned_saves 1
{04:30:51.374} INFO: [INFO]       > ---------------------------------------------------------
{04:30:51.374} INFO: [INFO]       > Time of playing game: 4365.368164s
{04:30:51.375} INFO: [INFO]       > Updated frames: 258778 Rendered frames: 258461
{04:30:51.375} INFO: [INFO]       > Average FPS: 59.207150
{04:30:51.375} INFO: [INFO]       > ---------------------------------------------------------
{04:30:53.158} INFO: [Renderer]   > [r_Shutdown] Dll released
