{01:22:02.305} INFO: [FileSystem] > [CZip_dir::Initialize] 'c:/program files (x86)/steam/steamapps/common/dying light 2 / ph/source/data0.pak' took: 0.000000ms
{01:22:02.326} INFO: [FileSystem] > [CZip_dir::Initialize] 'c:/program files (x86)/steam/steamapps/common/dying light 2 / ph/source/data1.pak' took: 0.000000ms
{01:22:02.328} INFO: [FileSystem] > [CZip_dir::Initialize] 'c:/program files (x86)/steam/steamapps/common/dying light 2 / ph/source/databt.mpak' took: 0.000000ms
{01:22:05.451} RETL: [GAME] > arguments (2): 'C:\Program Files (x86)\Steam\steamapps\common\Dying Light 2\ph\work\bin\x64\DyingLightGame_x64_rwdi.exe', '/nolightfx'
{01:22:06.062} INFO: [FileSystem] > [CZip_dir::Initialize] 'c:/program files (x86)/steam/steamapps/common/dying light 2 / ph/source/data_lang/dataen.pak' took: 0.000000ms
{01:22:06.092} INFO: [Renderer]   > [CVideoSettings::LoadSettings] Loading video settings using 'out/Settings/Video.scr'
{01:22:06.143} INFO: [Renderer]   > [r_Initialize] Loaded from rd3d11_x64_rwdi.dll.
{01:22:06.144} INFO: [Renderer]   > MonitorIdx=0, SecondaryMonitorIdx=-1
{01:22:06.144} INFO: [Renderer]   > Enumerating D3D11 video adapters:
{01:22:06.148} INFO: [Renderer]   > Adapter 0: NVIDIA GeForce RTX 2080 Ti 11049MB/16346MB/0MB
{01:22:06.148} INFO: [Renderer]   |   Output 0: [0,0 - 2560,1440] \\.\DISPLAY1
{01:22:06.148} INFO: [Renderer]   |   Output 1: [2560,0 - 6400,2160] \\.\DISPLAY2
{01:22:06.148} INFO: [Renderer]   > Adapter 1: Microsoft Basic Render Driver 0MB/16346MB/0MB
{01:22:06.149} INFO: [Renderer]   > Sorted adapter 0: NVIDIA GeForce RTX 2080 Ti 11049MB/16346MB/0MB
{01:22:06.149} INFO: [Renderer]   > Sorted adapter 1: Microsoft Basic Render Driver 0MB/16346MB/0MB
{01:22:06.149} INFO: [Renderer]   > Picking adapter: NVIDIA GeForce RTX 2080 Ti
{01:22:06.149} INFO: [Renderer]   | Primary monitor: [0,0 - 2560,1440]
{01:22:06.149} INFO: [Renderer]   | Secondary monitor: [2560,0 - 6400,2160]
{01:22:07.297} INFO: [Renderer]   > Renderer started in DX11 mode.
{01:22:07.297} INFO: [Renderer]   > DX11 reported 11'049M free texture memory.
{01:22:07.299} INFO: [Renderer]   > [CheckSLI] Single GPU system
{01:22:07.371} INFO: [Renderer]   > [d3d12rt-checker] All tests were OK. Switch to D3D12Ultimate to enable raytracing
{01:22:07.392} INFO: [Renderer]   > Renderer: supported display modes:
{01:22:07.392} INFO: [Renderer]   |  monitor:0, 640x480, bpp:24, hz:75.00, fmt: A8R8G8B8
{01:22:07.392} INFO: [Renderer]   |  monitor:0, 640x480, bpp:24, hz:60.00, fmt: A8R8G8B8
{01:22:07.392} INFO: [Renderer]   |  monitor:0, 640x480, bpp:24, hz:59.94, fmt: A8R8G8B8
{01:22:07.392} INFO: [Renderer]   |  monitor:0, 720x480, bpp:24, hz:60.00, fmt: A8R8G8B8
{01:22:07.392} INFO: [Renderer]   |  monitor:0, 720x480, bpp:24, hz:59.94, fmt: A8R8G8B8
{01:22:07.392} INFO: [Renderer]   |  monitor:0, 720x576, bpp:24, hz:50.00, fmt: A8R8G8B8
{01:22:07.392} INFO: [Renderer]   |  monitor:0, 800x600, bpp:24, hz:75.00, fmt: A8R8G8B8
{01:22:07.392} INFO: [Renderer]   |  monitor:0, 800x600, bpp:24, hz:60.32, fmt: A8R8G8B8
{01:22:07.392} INFO: [Renderer]   |  monitor:0, 1024x768, bpp:24, hz:75.03, fmt: A8R8G8B8
{01:22:07.392} INFO: [Renderer]   |  monitor:0, 1024x768, bpp:24, hz:60.00, fmt: A8R8G8B8
{01:22:07.392} INFO: [Renderer]   |  monitor:0, 1152x864, bpp:24, hz:75.00, fmt: A8R8G8B8
{01:22:07.392} INFO: [Renderer]   |  monitor:0, 1176x664, bpp:24, hz:60.00, fmt: A8R8G8B8
{01:22:07.392} INFO: [Renderer]   |  monitor:0, 1176x664, bpp:24, hz:60.00, fmt: A8R8G8B8
{01:22:07.392} INFO: [Renderer]   |  monitor:0, 1176x664, bpp:24, hz:59.94, fmt: A8R8G8B8
{01:22:07.392} INFO: [Renderer]   |  monitor:0, 1176x664, bpp:24, hz:59.94, fmt: A8R8G8B8
{01:22:07.392} INFO: [Renderer]   |  monitor:0, 1176x664, bpp:24, hz:50.00, fmt: A8R8G8B8
{01:22:07.392} INFO: [Renderer]   |  monitor:0, 1176x664, bpp:24, hz:50.00, fmt: A8R8G8B8
{01:22:07.392} INFO: [Renderer]   |  monitor:0, 1280x720, bpp:24, hz:60.00, fmt: A8R8G8B8
{01:22:07.392} INFO: [Renderer]   |  monitor:0, 1280x720, bpp:24, hz:59.94, fmt: A8R8G8B8
{01:22:07.392} INFO: [Renderer]   |  monitor:0, 1280x720, bpp:24, hz:50.00, fmt: A8R8G8B8
{01:22:07.392} INFO: [Renderer]   |  monitor:0, 1280x768, bpp:24, hz:59.81, fmt: A8R8G8B8
{01:22:07.392} INFO: [Renderer]   |  monitor:0, 1280x768, bpp:24, hz:59.81, fmt: A8R8G8B8
{01:22:07.392} INFO: [Renderer]   |  monitor:0, 1280x800, bpp:24, hz:59.81, fmt: A8R8G8B8
{01:22:07.392} INFO: [Renderer]   |  monitor:0, 1280x960, bpp:24, hz:75.03, fmt: A8R8G8B8
{01:22:07.392} INFO: [Renderer]   |  monitor:0, 1280x960, bpp:24, hz:75.03, fmt: A8R8G8B8
{01:22:07.392} INFO: [Renderer]   |  monitor:0, 1280x960, bpp:24, hz:60.02, fmt: A8R8G8B8
{01:22:07.392} INFO: [Renderer]   |  monitor:0, 1280x960, bpp:24, hz:60.02, fmt: A8R8G8B8
{01:22:07.392} INFO: [Renderer]   |  monitor:0, 1280x1024, bpp:24, hz:75.03, fmt: A8R8G8B8
{01:22:07.392} INFO: [Renderer]   |  monitor:0, 1280x1024, bpp:24, hz:60.02, fmt: A8R8G8B8
{01:22:07.392} INFO: [Renderer]   |  monitor:0, 1360x768, bpp:24, hz:60.00, fmt: A8R8G8B8
{01:22:07.392} INFO: [Renderer]   |  monitor:0, 1360x768, bpp:24, hz:60.00, fmt: A8R8G8B8
{01:22:07.392} INFO: [Renderer]   |  monitor:0, 1360x768, bpp:24, hz:59.94, fmt: A8R8G8B8
{01:22:07.392} INFO: [Renderer]   |  monitor:0, 1360x768, bpp:24, hz:59.94, fmt: A8R8G8B8
{01:22:07.392} INFO: [Renderer]   |  monitor:0, 1360x768, bpp:24, hz:50.00, fmt: A8R8G8B8
{01:22:07.392} INFO: [Renderer]   |  monitor:0, 1360x768, bpp:24, hz:50.00, fmt: A8R8G8B8
{01:22:07.392} INFO: [Renderer]   |  monitor:0, 1366x768, bpp:24, hz:60.00, fmt: A8R8G8B8
{01:22:07.392} INFO: [Renderer]   |  monitor:0, 1366x768, bpp:24, hz:60.00, fmt: A8R8G8B8
{01:22:07.392} INFO: [Renderer]   |  monitor:0, 1366x768, bpp:24, hz:59.94, fmt: A8R8G8B8
{01:22:07.392} INFO: [Renderer]   |  monitor:0, 1366x768, bpp:24, hz:59.94, fmt: A8R8G8B8
{01:22:07.392} INFO: [Renderer]   |  monitor:0, 1366x768, bpp:24, hz:50.00, fmt: A8R8G8B8
{01:22:07.392} INFO: [Renderer]   |  monitor:0, 1366x768, bpp:24, hz:50.00, fmt: A8R8G8B8
{01:22:07.392} INFO: [Renderer]   |  monitor:0, 1440x900, bpp:24, hz:60.00, fmt: A8R8G8B8
{01:22:07.392} INFO: [Renderer]   |  monitor:0, 1440x900, bpp:24, hz:60.00, fmt: A8R8G8B8
{01:22:07.392} INFO: [Renderer]   |  monitor:0, 1440x900, bpp:24, hz:59.94, fmt: A8R8G8B8
{01:22:07.392} INFO: [Renderer]   |  monitor:0, 1440x900, bpp:24, hz:59.94, fmt: A8R8G8B8
{01:22:07.392} INFO: [Renderer]   |  monitor:0, 1440x900, bpp:24, hz:50.00, fmt: A8R8G8B8
{01:22:07.392} INFO: [Renderer]   |  monitor:0, 1440x900, bpp:24, hz:50.00, fmt: A8R8G8B8
{01:22:07.392} INFO: [Renderer]   |  monitor:0, 1600x900, bpp:24, hz:60.00, fmt: A8R8G8B8
{01:22:07.392} INFO: [Renderer]   |  monitor:0, 1600x900, bpp:24, hz:60.00, fmt: A8R8G8B8
{01:22:07.392} INFO: [Renderer]   |  monitor:0, 1600x900, bpp:24, hz:59.94, fmt: A8R8G8B8
{01:22:07.392} INFO: [Renderer]   |  monitor:0, 1600x900, bpp:24, hz:59.94, fmt: A8R8G8B8
{01:22:07.392} INFO: [Renderer]   |  monitor:0, 1600x900, bpp:24, hz:50.00, fmt: A8R8G8B8
{01:22:07.392} INFO: [Renderer]   |  monitor:0, 1600x900, bpp:24, hz:50.00, fmt: A8R8G8B8
{01:22:07.392} INFO: [Renderer]   |  monitor:0, 1600x1024, bpp:24, hz:60.00, fmt: A8R8G8B8
{01:22:07.393} INFO: [Renderer]   |  monitor:0, 1600x1024, bpp:24, hz:60.00, fmt: A8R8G8B8
{01:22:07.393} INFO: [Renderer]   |  monitor:0, 1600x1024, bpp:24, hz:59.94, fmt: A8R8G8B8
{01:22:07.393} INFO: [Renderer]   |  monitor:0, 1600x1024, bpp:24, hz:59.94, fmt: A8R8G8B8
{01:22:07.393} INFO: [Renderer]   |  monitor:0, 1600x1024, bpp:24, hz:50.00, fmt: A8R8G8B8
{01:22:07.393} INFO: [Renderer]   |  monitor:0, 1600x1024, bpp:24, hz:50.00, fmt: A8R8G8B8
{01:22:07.393} INFO: [Renderer]   |  monitor:0, 1600x1200, bpp:24, hz:60.00, fmt: A8R8G8B8
{01:22:07.393} INFO: [Renderer]   |  monitor:0, 1680x1050, bpp:24, hz:60.00, fmt: A8R8G8B8
{01:22:07.393} INFO: [Renderer]   |  monitor:0, 1680x1050, bpp:24, hz:60.00, fmt: A8R8G8B8
{01:22:07.393} INFO: [Renderer]   |  monitor:0, 1680x1050, bpp:24, hz:59.94, fmt: A8R8G8B8
{01:22:07.393} INFO: [Renderer]   |  monitor:0, 1680x1050, bpp:24, hz:59.94, fmt: A8R8G8B8
{01:22:07.393} INFO: [Renderer]   |  monitor:0, 1680x1050, bpp:24, hz:50.00, fmt: A8R8G8B8
{01:22:07.393} INFO: [Renderer]   |  monitor:0, 1680x1050, bpp:24, hz:50.00, fmt: A8R8G8B8
{01:22:07.393} INFO: [Renderer]   |  monitor:0, 1920x1080, bpp:24, hz:60.00, fmt: A8R8G8B8
{01:22:07.393} INFO: [Renderer]   |  monitor:0, 1920x1080, bpp:24, hz:59.94, fmt: A8R8G8B8
{01:22:07.393} INFO: [Renderer]   |  monitor:0, 1920x1080, bpp:24, hz:50.00, fmt: A8R8G8B8
{01:22:07.393} INFO: [Renderer]   |  monitor:0, 1920x1200, bpp:24, hz:59.92, fmt: A8R8G8B8
{01:22:07.393} INFO: [Renderer]   |  monitor:0, 1920x1200, bpp:24, hz:59.92, fmt: A8R8G8B8
{01:22:07.393} INFO: [Renderer]   |  monitor:0, 1920x1440, bpp:24, hz:59.95, fmt: A8R8G8B8
{01:22:07.393} INFO: [Renderer]   |  monitor:0, 1920x1440, bpp:24, hz:59.95, fmt: A8R8G8B8
{01:22:07.393} INFO: [Renderer]   |  monitor:0, 1920x2160, bpp:24, hz:59.99, fmt: A8R8G8B8
{01:22:07.393} INFO: [Renderer]   |  monitor:0, 2048x1280, bpp:24, hz:59.92, fmt: A8R8G8B8
{01:22:07.393} INFO: [Renderer]   |  monitor:0, 2048x1536, bpp:24, hz:60.00, fmt: A8R8G8B8
{01:22:07.393} INFO: [Renderer]   |  monitor:0, 2048x1536, bpp:24, hz:60.00, fmt: A8R8G8B8
{01:22:07.393} INFO: [Renderer]   |  monitor:0, 2048x1536, bpp:24, hz:29.98, fmt: A8R8G8B8
{01:22:07.393} INFO: [Renderer]   |  monitor:0, 2048x1536, bpp:24, hz:29.98, fmt: A8R8G8B8
{01:22:07.393} INFO: [Renderer]   |  monitor:0, 2560x1440, bpp:24, hz:59.95, fmt: A8R8G8B8
{01:22:07.393} INFO: [Renderer]   |  monitor:0, 2560x1600, bpp:24, hz:60.00, fmt: A8R8G8B8
{01:22:07.393} INFO: [Renderer]   |  monitor:0, 2560x1600, bpp:24, hz:60.00, fmt: A8R8G8B8
{01:22:07.393} INFO: [Renderer]   |  monitor:0, 2560x1600, bpp:24, hz:29.98, fmt: A8R8G8B8
{01:22:07.393} INFO: [Renderer]   |  monitor:0, 2560x1600, bpp:24, hz:29.98, fmt: A8R8G8B8
{01:22:07.393} INFO: [Renderer]   |  monitor:0, 3840x2160, bpp:24, hz:60.00, fmt: A8R8G8B8
{01:22:07.393} INFO: [Renderer]   |  monitor:0, 3840x2160, bpp:24, hz:29.98, fmt: A8R8G8B8
{01:22:07.393} INFO: [Renderer]   |  monitor:1, 640x480, bpp:24, hz:75.00, fmt: A8R8G8B8
{01:22:07.393} INFO: [Renderer]   |  monitor:1, 640x480, bpp:24, hz:72.00, fmt: A8R8G8B8
{01:22:07.393} INFO: [Renderer]   |  monitor:1, 640x480, bpp:24, hz:60.00, fmt: A8R8G8B8
{01:22:07.393} INFO: [Renderer]   |  monitor:1, 720x480, bpp:24, hz:75.00, fmt: A8R8G8B8
{01:22:07.393} INFO: [Renderer]   |  monitor:1, 720x480, bpp:24, hz:75.00, fmt: A8R8G8B8
{01:22:07.393} INFO: [Renderer]   |  monitor:1, 720x480, bpp:24, hz:72.19, fmt: A8R8G8B8
{01:22:07.393} INFO: [Renderer]   |  monitor:1, 720x480, bpp:24, hz:72.19, fmt: A8R8G8B8
{01:22:07.393} INFO: [Renderer]   |  monitor:1, 720x480, bpp:24, hz:60.32, fmt: A8R8G8B8
{01:22:07.393} INFO: [Renderer]   |  monitor:1, 720x480, bpp:24, hz:60.32, fmt: A8R8G8B8
{01:22:07.393} INFO: [Renderer]   |  monitor:1, 720x480, bpp:24, hz:56.25, fmt: A8R8G8B8
{01:22:07.393} INFO: [Renderer]   |  monitor:1, 720x480, bpp:24, hz:56.25, fmt: A8R8G8B8
{01:22:07.393} INFO: [Renderer]   |  monitor:1, 720x576, bpp:24, hz:75.00, fmt: A8R8G8B8
{01:22:07.393} INFO: [Renderer]   |  monitor:1, 720x576, bpp:24, hz:75.00, fmt: A8R8G8B8
{01:22:07.393} INFO: [Renderer]   |  monitor:1, 720x576, bpp:24, hz:72.19, fmt: A8R8G8B8
{01:22:07.393} INFO: [Renderer]   |  monitor:1, 720x576, bpp:24, hz:72.19, fmt: A8R8G8B8
{01:22:07.393} INFO: [Renderer]   |  monitor:1, 720x576, bpp:24, hz:60.32, fmt: A8R8G8B8
{01:22:07.393} INFO: [Renderer]   |  monitor:1, 720x576, bpp:24, hz:60.32, fmt: A8R8G8B8
{01:22:07.393} INFO: [Renderer]   |  monitor:1, 720x576, bpp:24, hz:56.25, fmt: A8R8G8B8
{01:22:07.393} INFO: [Renderer]   |  monitor:1, 720x576, bpp:24, hz:56.25, fmt: A8R8G8B8
{01:22:07.393} INFO: [Renderer]   |  monitor:1, 800x600, bpp:24, hz:75.00, fmt: A8R8G8B8
{01:22:07.393} INFO: [Renderer]   |  monitor:1, 800x600, bpp:24, hz:72.19, fmt: A8R8G8B8
{01:22:07.393} INFO: [Renderer]   |  monitor:1, 800x600, bpp:24, hz:60.32, fmt: A8R8G8B8
{01:22:07.393} INFO: [Renderer]   |  monitor:1, 800x600, bpp:24, hz:56.25, fmt: A8R8G8B8
{01:22:07.393} INFO: [Renderer]   |  monitor:1, 1024x768, bpp:24, hz:75.03, fmt: A8R8G8B8
{01:22:07.393} INFO: [Renderer]   |  monitor:1, 1024x768, bpp:24, hz:70.07, fmt: A8R8G8B8
{01:22:07.393} INFO: [Renderer]   |  monitor:1, 1024x768, bpp:24, hz:60.00, fmt: A8R8G8B8
{01:22:07.393} INFO: [Renderer]   |  monitor:1, 1152x864, bpp:24, hz:75.00, fmt: A8R8G8B8
{01:22:07.393} INFO: [Renderer]   |  monitor:1, 1176x664, bpp:24, hz:60.00, fmt: A8R8G8B8
{01:22:07.393} INFO: [Renderer]   |  monitor:1, 1176x664, bpp:24, hz:60.00, fmt: A8R8G8B8
{01:22:07.393} INFO: [Renderer]   |  monitor:1, 1280x720, bpp:24, hz:60.00, fmt: A8R8G8B8
{01:22:07.393} INFO: [Renderer]   |  monitor:1, 1280x768, bpp:24, hz:59.81, fmt: A8R8G8B8
{01:22:07.393} INFO: [Renderer]   |  monitor:1, 1280x768, bpp:24, hz:59.81, fmt: A8R8G8B8
{01:22:07.393} INFO: [Renderer]   |  monitor:1, 1280x800, bpp:24, hz:59.81, fmt: A8R8G8B8
{01:22:07.393} INFO: [Renderer]   |  monitor:1, 1280x960, bpp:24, hz:75.03, fmt: A8R8G8B8
{01:22:07.393} INFO: [Renderer]   |  monitor:1, 1280x960, bpp:24, hz:75.03, fmt: A8R8G8B8
{01:22:07.393} INFO: [Renderer]   |  monitor:1, 1280x960, bpp:24, hz:60.02, fmt: A8R8G8B8
{01:22:07.393} INFO: [Renderer]   |  monitor:1, 1280x960, bpp:24, hz:60.02, fmt: A8R8G8B8
{01:22:07.393} INFO: [Renderer]   |  monitor:1, 1280x1024, bpp:24, hz:75.03, fmt: A8R8G8B8
{01:22:07.393} INFO: [Renderer]   |  monitor:1, 1280x1024, bpp:24, hz:60.02, fmt: A8R8G8B8
{01:22:07.393} INFO: [Renderer]   |  monitor:1, 1360x768, bpp:24, hz:59.89, fmt: A8R8G8B8
{01:22:07.393} INFO: [Renderer]   |  monitor:1, 1360x768, bpp:24, hz:59.89, fmt: A8R8G8B8
{01:22:07.393} INFO: [Renderer]   |  monitor:1, 1366x768, bpp:24, hz:59.89, fmt: A8R8G8B8
{01:22:07.393} INFO: [Renderer]   |  monitor:1, 1366x768, bpp:24, hz:59.89, fmt: A8R8G8B8
{01:22:07.393} INFO: [Renderer]   |  monitor:1, 1440x900, bpp:24, hz:59.89, fmt: A8R8G8B8
{01:22:07.393} INFO: [Renderer]   |  monitor:1, 1600x900, bpp:24, hz:60.00, fmt: A8R8G8B8
{01:22:07.393} INFO: [Renderer]   |  monitor:1, 1600x1024, bpp:24, hz:59.95, fmt: A8R8G8B8
{01:22:07.393} INFO: [Renderer]   |  monitor:1, 1600x1024, bpp:24, hz:59.95, fmt: A8R8G8B8
{01:22:07.393} INFO: [Renderer]   |  monitor:1, 1600x1200, bpp:24, hz:59.95, fmt: A8R8G8B8
{01:22:07.393} INFO: [Renderer]   |  monitor:1, 1600x1200, bpp:24, hz:59.95, fmt: A8R8G8B8
{01:22:07.393} INFO: [Renderer]   |  monitor:1, 1680x1050, bpp:24, hz:59.95, fmt: A8R8G8B8
{01:22:07.393} INFO: [Renderer]   |  monitor:1, 1920x1080, bpp:24, hz:60.00, fmt: A8R8G8B8
{01:22:07.393} INFO: [Renderer]   |  monitor:1, 1920x1080, bpp:24, hz:59.94, fmt: A8R8G8B8
{01:22:07.393} INFO: [Renderer]   |  monitor:1, 1920x1200, bpp:24, hz:59.95, fmt: A8R8G8B8
{01:22:07.393} INFO: [Renderer]   |  monitor:1, 1920x1200, bpp:24, hz:59.95, fmt: A8R8G8B8
{01:22:07.393} INFO: [Renderer]   |  monitor:1, 1920x1440, bpp:24, hz:59.95, fmt: A8R8G8B8
{01:22:07.393} INFO: [Renderer]   |  monitor:1, 1920x1440, bpp:24, hz:59.95, fmt: A8R8G8B8
{01:22:07.393} INFO: [Renderer]   |  monitor:1, 1920x2160, bpp:24, hz:60.00, fmt: A8R8G8B8
{01:22:07.393} INFO: [Renderer]   |  monitor:1, 1920x2160, bpp:24, hz:60.00, fmt: A8R8G8B8
{01:22:07.393} INFO: [Renderer]   |  monitor:1, 2048x1280, bpp:24, hz:59.95, fmt: A8R8G8B8
{01:22:07.393} INFO: [Renderer]   |  monitor:1, 2048x1280, bpp:24, hz:59.95, fmt: A8R8G8B8
{01:22:07.393} INFO: [Renderer]   |  monitor:1, 2048x1536, bpp:24, hz:60.00, fmt: A8R8G8B8
{01:22:07.393} INFO: [Renderer]   |  monitor:1, 2048x1536, bpp:24, hz:60.00, fmt: A8R8G8B8
{01:22:07.393} INFO: [Renderer]   |  monitor:1, 2560x1440, bpp:24, hz:59.95, fmt: A8R8G8B8
{01:22:07.393} INFO: [Renderer]   |  monitor:1, 2560x1600, bpp:24, hz:60.00, fmt: A8R8G8B8
{01:22:07.393} INFO: [Renderer]   |  monitor:1, 2560x1600, bpp:24, hz:60.00, fmt: A8R8G8B8
{01:22:07.393} INFO: [Renderer]   |  monitor:1, 3840x2160, bpp:24, hz:60.00, fmt: A8R8G8B8
{01:22:07.395} INFO: [Renderer]   | Texture streaming mem 0 MB
{01:22:07.395} INFO: [INFO]       > Texture streaming buffer set to 0MB
{01:22:07.395} INFO: [INFO]       > Texture streaming lowest priority distance set to 100m
{01:22:07.705} DEBG: [DXGI]       > WM_SIZE 0, 2560x1440
{01:22:07.706} INFO: [INFO]       > CGame::AppWindowInit: window client area: 0x0, 2560x1440
{01:22:07.706} DEBG: [DXGI]       > [RChangeDeviceState] 2560x1440, 1.000000, borderless, 0/0 Hz
{01:22:07.706} DEBG: [DXGI]       >                  was 1920x1080, 1.000000, , 0/1 Hz
{01:22:07.711} DEBG: [DXGI]       > WM_SIZE 0, 0x0
{01:22:07.712} DEBG: [DXGI]       > WM_SIZE 0, 2560x1440
{01:22:08.473} INFO: [INFO]       > Texture streaming buffer set to 4000MB
{01:22:08.474} INFO: [Video]      > //Video settings:
{01:22:08.474} INFO: [Video]      > RendererMode("d3d11")
{01:22:08.474} INFO: [Video]      > AsyncCompute(0)
{01:22:08.474} INFO: [Video]      > WindowMode(1)
{01:22:08.474} INFO: [Video]      > Resolution(2560,1440)
{01:22:08.474} INFO: [Video]      > Scale3D(1.000000)
{01:22:08.474} INFO: [Video]      > FSR(0.450000)
{01:22:08.474} INFO: [Video]      > Upscaler(0)
{01:22:08.475} INFO: [Video]      > Upscaling(2)
{01:22:08.475} INFO: [Video]      > Monitor(0)
{01:22:08.475} INFO: [Video]      > DisableDWM(0)
{01:22:08.475} INFO: [Video]      > TextureQuality("High")
{01:22:08.475} INFO: [Video]      > ShadowMapSize(924)
{01:22:08.475} INFO: [Video]      > SpotShadowMapSize(4096)
{01:22:08.475} INFO: [Video]      > GammaFloat(1.00)
{01:22:08.475} INFO: [Video]      > GrassQuality(0)
{01:22:08.475} INFO: [Video]      > FrameRate(1)
{01:22:08.475} INFO: [Video]      > MotionBlur(1)
{01:22:08.475} INFO: [Video]      > MotionBlurQuality("High")
{01:22:08.475} INFO: [Video]      > FilmGrain(0)
{01:22:08.475} INFO: [Video]      > DistanceBlur(1)
{01:22:08.475} INFO: [Video]      > AntiAliasing(1)
{01:22:08.475} INFO: [Video]      > AntiAliasingQuality(1)
{01:22:08.475} INFO: [Video]      > FogQuality(2)
{01:22:08.475} INFO: [Video]      > ReflectionsQuality(2)
{01:22:08.475} INFO: [Video]      > ContactShadowsQuality(4)
{01:22:08.475} INFO: [Video]      > SpotShadowsQuality(2)
{01:22:08.475} INFO: [Video]      > AmbientOcclusion(1)
{01:22:08.475} INFO: [Video]      > AmbientOcclusionQuality(1)
{01:22:08.475} INFO: [Video]      > ColorBlindMode(0)
{01:22:08.475} INFO: [Video]      > GpuFxQuality(1)
{01:22:08.475} INFO: [Video]      > VoxelGiQuality(3)
{01:22:08.478} INFO: [ResPack]    > Free resource loading disabled
{01:22:08.811} INFO: [ResPack]    > Acquired prefab data: 147856, 161992
{01:22:08.814} INFO: [ResPack]    >  -> 0 prefabs, 32 presets available in engine_pc.rpack
{01:22:11.345} INFO: [ResPack]    > Acquired prefab data: 12557784, 10596232
{01:22:11.369} INFO: [ResPack]    >  -> 1081 prefabs, 184 presets available in common_prefabs_pc.rpack
{01:22:11.795} INFO: [INFO]       > [Input] Keyboard 0 enumerated: intance_name = Keyboard, product_name = Keyboard, GUID = {6f1d2b61-d5a0-11cf-bfc7-444553540000}
{01:22:11.858} INFO: [INFO]       > [CInput::SelectKeyboard] Keyboard 0 selected: Keyboard, Keyboard
{01:22:11.960} INFO: [INFO]       > Bink filename: IntroLogos_4k.bik
{01:22:13.649} INFO: [INFO]       > [gpufx] preloaded 1019 sequences. It took 1459.802124 ms
{01:22:13.650} RETL: [Game] > game version: '1.0.5', '1.0.202202101153'
{01:22:20.608} INFO: [INFO]       > Bink filename: GameIntro_4k.bik
{01:22:28.619} RETL: [Savegame] > ScanForSavegames: saves 1 (prev value -1)
{01:22:30.562} RETL: [Savegame] > Continue save update finished (SUCCEEDED): save 'save_main_0.sav' found, all_scanned_saves 1
{01:22:37.809} RETL: [Game]     > ===== CreateSession ===== 
{01:22:39.032} INFO: [ResPack]    > Acquired prefab data: 106165472, 42357864
{01:22:39.140} INFO: [ResPack]    >  -> 8689 prefabs, 568 presets available in city_persistent_pc.rpack
{01:22:39.185} INFO: [ResPack]    > Acquired prefab data: 2687000, 1309528
{01:22:39.190} INFO: [ResPack]    >  -> 181 prefabs, 43 presets available in prologue_persistent_pc.rpack
{01:22:39.214} RETL: [Savegame] > SessionContextState: 'OnCreate' [game_type 'Campaign', game_mode 'Coop', save_name 'save_main_0.sav' (slot 0), map 'city' (id:761188051), (first), difficulty [current: Normal, savegame: Normal, min_savegame: Normal, initial: Normal, lobby_settings: Normal], save_version 72, build: '1.0.202202101153 / 2', perforce_stream: '//tech/rel-ph-patch1-pc']
{01:22:43.114} INFO: [Video]      > //Video settings:
{01:22:43.114} INFO: [Video]      > RendererMode("d3d11")
{01:22:43.114} INFO: [Video]      > AsyncCompute(0)
{01:22:43.114} INFO: [Video]      > WindowMode(1)
{01:22:43.114} INFO: [Video]      > Resolution(2560,1440)
{01:22:43.114} INFO: [Video]      > Scale3D(1.000000)
{01:22:43.114} INFO: [Video]      > FSR(0.450000)
{01:22:43.114} INFO: [Video]      > Upscaler(0)
{01:22:43.114} INFO: [Video]      > Upscaling(2)
{01:22:43.114} INFO: [Video]      > Monitor(0)
{01:22:43.114} INFO: [Video]      > DisableDWM(0)
{01:22:43.114} INFO: [Video]      > TextureQuality("High")
{01:22:43.114} INFO: [Video]      > ShadowMapSize(924)
{01:22:43.114} INFO: [Video]      > SpotShadowMapSize(4096)
{01:22:43.114} INFO: [Video]      > GammaFloat(1.00)
{01:22:43.114} INFO: [Video]      > GrassQuality(0)
{01:22:43.114} INFO: [Video]      > FrameRate(1)
{01:22:43.114} INFO: [Video]      > MotionBlur(1)
{01:22:43.114} INFO: [Video]      > MotionBlurQuality("High")
{01:22:43.114} INFO: [Video]      > FilmGrain(0)
{01:22:43.114} INFO: [Video]      > DistanceBlur(1)
{01:22:43.114} INFO: [Video]      > AntiAliasing(1)
{01:22:43.114} INFO: [Video]      > AntiAliasingQuality(1)
{01:22:43.114} INFO: [Video]      > FogQuality(2)
{01:22:43.114} INFO: [Video]      > ReflectionsQuality(2)
{01:22:43.114} INFO: [Video]      > ContactShadowsQuality(4)
{01:22:43.114} INFO: [Video]      > SpotShadowsQuality(2)
{01:22:43.114} INFO: [Video]      > AmbientOcclusion(1)
{01:22:43.114} INFO: [Video]      > AmbientOcclusionQuality(1)
{01:22:43.114} INFO: [Video]      > ColorBlindMode(0)
{01:22:43.114} INFO: [Video]      > GpuFxQuality(1)
{01:22:43.114} INFO: [Video]      > VoxelGiQuality(3)
{01:22:46.093} RETL: [Game]     > >>>>> <1298642381> Changing level from <> to <city>
{01:22:49.878} RETL: [Savegame] > SessionContextState: 'OnUpdate after ChangeMap' [game_type 'Campaign', game_mode 'Coop', save_name 'save_main_0.sav' (slot 0), map 'city' (id:761188051), (first), difficulty [current: Normal, savegame: Normal, min_savegame: Normal, initial: Normal, lobby_settings: Normal], save_version 72, build: '1.0.202202101153 / 2', perforce_stream: '//tech/rel-ph-patch1-pc']
{01:22:49.979} RETL: [Game]     > >>>>> <1298642381> Performing load - mode <NormalFromMainMenu>
{01:22:49.979} RETL: [Savegame] > File name 'save_main_0.sav', memory_save->size = 0
{01:22:49.994} RETL: [Savegame] > Loading finished (ESgErr::Ok).
{01:22:49.994} RETL: [Savegame] > Applying loaded data: Original version: [save_version 72, build: '1.0.202202071214 / 2', perforce_stream: '//tech/rel-ph-patch1-pc'], Source version: [save_version 72, build: '1.0.202202101153 / 2', perforce_stream: '//tech/rel-ph-patch1-pc'], Current version: [save_version 72, build: '1.0.202202101153 / 2', perforce_stream: '//tech/rel-ph-patch1-pc']
{01:22:49.994} RETL: [Savegame] > Updated SessionContext [session_id 1293025094, time_played 68332704, campaign_finished false, finished_difficulty -1]
{01:22:50.527} RETL: [Savegame] > RestoreStoryState result: 'true'.
{01:22:50.528} RETL: [Savegame] > SpawnSpot: Spawnpoint, map: 'city', map_area: 'city/^R2_1_Zone_05_Map_Zone', spawn_point: city/^Electrical Substation R02 South/Pk/player/respawn
{01:22:50.564} RETL: [Savegame] > Applying loaded data finished (result: true)
{01:22:53.228} INFO: [ResPack]    > Acquired prefab data: 35373120, 15041136
{01:22:53.281} INFO: [ResPack]    >  -> 9251 prefabs, 0 presets available in reg_02_pc.rpack
{01:22:53.326} INFO: [ResPack]    > Acquired prefab data: 46056, 25728
{01:22:53.326} INFO: [ResPack]    >  -> 22 prefabs, 0 presets available in reg_buffer_02_05_a_pc.rpack
{01:22:53.330} INFO: [ResPack]    > Acquired prefab data: 368992, 141216
{01:22:53.331} INFO: [ResPack]    >  -> 183 prefabs, 0 presets available in reg_buffer_02_05_b_pc.rpack
{01:22:53.336} INFO: [ResPack]    > Acquired prefab data: 535832, 207488
{01:22:53.338} INFO: [ResPack]    >  -> 123 prefabs, 0 presets available in reg_buffer_01_05_pc.rpack
{01:22:53.341} INFO: [ResPack]    > Acquired prefab data: 131624, 64608
{01:22:53.342} INFO: [ResPack]    >  -> 59 prefabs, 0 presets available in reg_buffer_05_06_pc.rpack
{01:22:53.362} INFO: [ResPack]    > Acquired prefab data: 1800416, 752040
{01:22:53.366} INFO: [ResPack]    >  -> 692 prefabs, 0 presets available in reg_buffer_01_04_pc.rpack
{01:22:53.406} INFO: [ResPack]    > Acquired prefab data: 2256760, 754928
{01:22:53.408} INFO: [ResPack]    >  -> 819 prefabs, 0 presets available in reg_buffer_02_04a_pc.rpack
{01:22:53.425} INFO: [ResPack]    > Acquired prefab data: 875616, 330280
{01:22:53.426} INFO: [ResPack]    >  -> 437 prefabs, 0 presets available in reg_buffer_02_04b_pc.rpack
{01:22:53.440} INFO: [ResPack]    > Acquired prefab data: 1724824, 722736
{01:22:53.443} INFO: [ResPack]    >  -> 764 prefabs, 0 presets available in reg_buffer_02_03b_pc.rpack
{01:22:53.462} INFO: [ResPack]    > Acquired prefab data: 1216672, 457288
{01:22:53.463} INFO: [ResPack]    >  -> 563 prefabs, 0 presets available in reg_buffer_02_03_pc.rpack
{01:22:53.472} INFO: [ResPack]    > Acquired prefab data: 389832, 144960
{01:22:53.472} INFO: [ResPack]    >  -> 119 prefabs, 0 presets available in reg_buffer_04_a_b_pc.rpack

{01:49:49.686} INFO: [ResPack]    > Acquired prefab data: 552, 224
{01:49:49.687} INFO: [ResPack]    >  -> 1 prefabs, 0 presets available in reg_pin_canteen_pc.rpack
{01:53:38.546} INFO: [INFO]       > Bink filename: skill_parkour_combat.bik
{01:53:38.612} INFO: [INFO]       > Bink filename: skill_jump_attack.bik
{01:53:40.829} INFO: [INFO]       > Bink filename: skill_multiple_shots.bik
{01:53:41.113} INFO: [INFO]       > Bink filename: skill_parkour_ranged.bik
{01:53:41.329} INFO: [INFO]       > Bink filename: skill_ranged_mastery.bik
{01:53:41.712} INFO: [INFO]       > Bink filename: skill_windmill.bik
{01:53:46.296} INFO: [INFO]       > Bink filename: skill_wrestle_kick.bik
{02:15:01.441} INFO: [ResPack]    > Acquired prefab data: 552, 224
{02:15:01.441} INFO: [ResPack]    >  -> 1 prefabs, 0 presets available in reg_pin_canteen_pc.rpack
{02:15:19.540} INFO: [ResPack]    > Acquired prefab data: 552, 224
{02:15:19.540} INFO: [ResPack]    >  -> 1 prefabs, 0 presets available in reg_pin_canteen_pc.rpack
{02:23:18.979} INFO: [ResPack]    > Acquired prefab data: 552, 224
{02:23:18.979} INFO: [ResPack]    >  -> 1 prefabs, 0 presets available in reg_pin_canteen_pc.rpack
{02:26:37.172} INFO: [ResPack]    > Acquired prefab data: 552, 224
{02:26:37.172} INFO: [ResPack]    >  -> 1 prefabs, 0 presets available in reg_pin_canteen_pc.rpack
{02:31:21.381} INFO: [ResPack]    > Acquired prefab data: 552, 224
{02:31:21.381} INFO: [ResPack]    >  -> 1 prefabs, 0 presets available in reg_pin_canteen_pc.rpack
{02:32:01.310} INFO: [INFO]       > Bink filename: skill_after_boost.bik
{02:32:01.827} INFO: [INFO]       > Bink filename: skill_dash_advanced.bik
{02:32:01.893} INFO: [INFO]       > Bink filename: skill_dash.bik
{02:32:02.210} INFO: [INFO]       > Bink filename: skill_horizontal_wall_run.bik
{02:32:02.910} INFO: [INFO]       > Bink filename: skill_ram.bik
{02:32:04.127} INFO: [INFO]       > Bink filename: skill_dash.bik
{02:32:04.560} INFO: [INFO]       > Bink filename: skill_dash.bik
{02:32:04.594} INFO: [INFO]       > Bink filename: skill_dash_advanced.bik
{02:32:04.844} INFO: [INFO]       > Bink filename: skill_ram.bik
{02:32:34.882} RETL: [Game]     > ===== DestroySession ===== (reason: 'OnQuitGame')
{02:32:39.962} INFO: [Video]      > //Video settings:
{02:32:39.962} INFO: [Video]      > RendererMode("d3d11")
{02:32:39.962} INFO: [Video]      > AsyncCompute(0)
{02:32:39.962} INFO: [Video]      > WindowMode(1)
{02:32:39.962} INFO: [Video]      > Resolution(2560,1440)
{02:32:39.962} INFO: [Video]      > Scale3D(1.000000)
{02:32:39.962} INFO: [Video]      > FSR(0.450000)
{02:32:39.962} INFO: [Video]      > Upscaler(0)
{02:32:39.962} INFO: [Video]      > Upscaling(2)
{02:32:39.962} INFO: [Video]      > Monitor(0)
{02:32:39.962} INFO: [Video]      > DisableDWM(0)
{02:32:39.962} INFO: [Video]      > TextureQuality("High")
{02:32:39.962} INFO: [Video]      > ShadowMapSize(924)
{02:32:39.962} INFO: [Video]      > SpotShadowMapSize(4096)
{02:32:39.962} INFO: [Video]      > GammaFloat(1.00)
{02:32:39.962} INFO: [Video]      > GrassQuality(0)
{02:32:39.962} INFO: [Video]      > FrameRate(1)
{02:32:39.962} INFO: [Video]      > MotionBlur(1)
{02:32:39.962} INFO: [Video]      > MotionBlurQuality("High")
{02:32:39.962} INFO: [Video]      > FilmGrain(0)
{02:32:39.962} INFO: [Video]      > DistanceBlur(1)
{02:32:39.962} INFO: [Video]      > AntiAliasing(1)
{02:32:39.962} INFO: [Video]      > AntiAliasingQuality(1)
{02:32:39.962} INFO: [Video]      > FogQuality(2)
{02:32:39.962} INFO: [Video]      > ReflectionsQuality(2)
{02:32:39.962} INFO: [Video]      > ContactShadowsQuality(4)
{02:32:39.962} INFO: [Video]      > SpotShadowsQuality(2)
{02:32:39.962} INFO: [Video]      > AmbientOcclusion(1)
{02:32:39.962} INFO: [Video]      > AmbientOcclusionQuality(1)
{02:32:39.962} INFO: [Video]      > ColorBlindMode(0)
{02:32:39.962} INFO: [Video]      > GpuFxQuality(1)
{02:32:39.962} INFO: [Video]      > VoxelGiQuality(3)
{02:32:42.247} RETL: [Savegame] > Continue save update finished (SUCCEEDED): save 'save_main_0.sav' found, all_scanned_saves 1
{02:32:48.188} INFO: [INFO]       > ---------------------------------------------------------
{02:32:48.188} INFO: [INFO]       > Time of playing game: 4242.749023s
{02:32:48.188} INFO: [INFO]       > Updated frames: 250871 Rendered frames: 250552
{02:32:48.188} INFO: [INFO]       > Average FPS: 59.054165
{02:32:48.188} INFO: [INFO]       > ---------------------------------------------------------
{02:32:50.038} INFO: [Renderer]   > [r_Shutdown] Dll released
