{20:23:37.331} INFO: [FileSystem] > [CZip_dir::Initialize] 'c:/program files (x86)/steam/steamapps/common/dying light 2 / ph/source/data0.pak' took: 0.000000ms
{20:23:37.351} INFO: [FileSystem] > [CZip_dir::Initialize] 'c:/program files (x86)/steam/steamapps/common/dying light 2 / ph/source/data1.pak' took: 0.000000ms
{20:23:37.353} INFO: [FileSystem] > [CZip_dir::Initialize] 'c:/program files (x86)/steam/steamapps/common/dying light 2 / ph/source/databt.mpak' took: 0.000000ms
{20:23:38.065} RETL: [GAME] > arguments (2): 'C:\Program Files (x86)\Steam\steamapps\common\Dying Light 2\ph\work\bin\x64\DyingLightGame_x64_rwdi.exe', '/nolightfx'
{20:23:38.298} INFO: [FileSystem] > [CZip_dir::Initialize] 'c:/program files (x86)/steam/steamapps/common/dying light 2 / ph/source/data_lang/dataen.pak' took: 0.000000ms
{20:23:38.319} INFO: [Renderer]   > [CVideoSettings::LoadSettings] Loading video settings using 'out/Settings/Video.scr'
{20:23:38.325} INFO: [Renderer]   > [r_Initialize] Loaded from rd3d11_x64_rwdi.dll.
{20:23:38.325} INFO: [Renderer]   > MonitorIdx=0, SecondaryMonitorIdx=-1
{20:23:38.325} INFO: [Renderer]   > Enumerating D3D11 video adapters:
{20:23:38.330} INFO: [Renderer]   > Adapter 0: NVIDIA GeForce RTX 2080 Ti 11049MB/16346MB/0MB
{20:23:38.330} INFO: [Renderer]   |   Output 0: [0,0 - 2560,1440] \\.\DISPLAY1
{20:23:38.330} INFO: [Renderer]   |   Output 1: [2560,0 - 6400,2160] \\.\DISPLAY2
{20:23:38.330} INFO: [Renderer]   > Adapter 1: Microsoft Basic Render Driver 0MB/16346MB/0MB
{20:23:38.331} INFO: [Renderer]   > Sorted adapter 0: NVIDIA GeForce RTX 2080 Ti 11049MB/16346MB/0MB
{20:23:38.331} INFO: [Renderer]   > Sorted adapter 1: Microsoft Basic Render Driver 0MB/16346MB/0MB
{20:23:38.331} INFO: [Renderer]   > Picking adapter: NVIDIA GeForce RTX 2080 Ti
{20:23:38.331} INFO: [Renderer]   | Primary monitor: [0,0 - 2560,1440]
{20:23:38.331} INFO: [Renderer]   | Secondary monitor: [2560,0 - 6400,2160]
{20:23:39.209} INFO: [Renderer]   > Renderer started in DX11 mode.
{20:23:39.209} INFO: [Renderer]   > DX11 reported 11'049M free texture memory.
{20:23:39.212} INFO: [Renderer]   > [CheckSLI] Single GPU system
{20:23:39.267} INFO: [Renderer]   > [d3d12rt-checker] All tests were OK. Switch to D3D12Ultimate to enable raytracing
{20:23:39.283} INFO: [Renderer]   > Renderer: supported display modes:
{20:23:39.283} INFO: [Renderer]   |  monitor:0, 640x480, bpp:24, hz:75.00, fmt: A8R8G8B8
{20:23:39.283} INFO: [Renderer]   |  monitor:0, 640x480, bpp:24, hz:60.00, fmt: A8R8G8B8
{20:23:39.283} INFO: [Renderer]   |  monitor:0, 640x480, bpp:24, hz:59.94, fmt: A8R8G8B8
{20:23:39.283} INFO: [Renderer]   |  monitor:0, 720x480, bpp:24, hz:60.00, fmt: A8R8G8B8
{20:23:39.283} INFO: [Renderer]   |  monitor:0, 720x480, bpp:24, hz:59.94, fmt: A8R8G8B8
{20:23:39.283} INFO: [Renderer]   |  monitor:0, 720x576, bpp:24, hz:50.00, fmt: A8R8G8B8
{20:23:39.283} INFO: [Renderer]   |  monitor:0, 800x600, bpp:24, hz:75.00, fmt: A8R8G8B8
{20:23:39.283} INFO: [Renderer]   |  monitor:0, 800x600, bpp:24, hz:60.32, fmt: A8R8G8B8
{20:23:39.283} INFO: [Renderer]   |  monitor:0, 1024x768, bpp:24, hz:75.03, fmt: A8R8G8B8
{20:23:39.283} INFO: [Renderer]   |  monitor:0, 1024x768, bpp:24, hz:60.00, fmt: A8R8G8B8
{20:23:39.283} INFO: [Renderer]   |  monitor:0, 1152x864, bpp:24, hz:75.00, fmt: A8R8G8B8
{20:23:39.283} INFO: [Renderer]   |  monitor:0, 1176x664, bpp:24, hz:60.00, fmt: A8R8G8B8
{20:23:39.283} INFO: [Renderer]   |  monitor:0, 1176x664, bpp:24, hz:60.00, fmt: A8R8G8B8
{20:23:39.283} INFO: [Renderer]   |  monitor:0, 1176x664, bpp:24, hz:59.94, fmt: A8R8G8B8
{20:23:39.283} INFO: [Renderer]   |  monitor:0, 1176x664, bpp:24, hz:59.94, fmt: A8R8G8B8
{20:23:39.283} INFO: [Renderer]   |  monitor:0, 1176x664, bpp:24, hz:50.00, fmt: A8R8G8B8
{20:23:39.283} INFO: [Renderer]   |  monitor:0, 1176x664, bpp:24, hz:50.00, fmt: A8R8G8B8
{20:23:39.283} INFO: [Renderer]   |  monitor:0, 1280x720, bpp:24, hz:60.00, fmt: A8R8G8B8
{20:23:39.283} INFO: [Renderer]   |  monitor:0, 1280x720, bpp:24, hz:59.94, fmt: A8R8G8B8
{20:23:39.283} INFO: [Renderer]   |  monitor:0, 1280x720, bpp:24, hz:50.00, fmt: A8R8G8B8
{20:23:39.283} INFO: [Renderer]   |  monitor:0, 1280x768, bpp:24, hz:59.81, fmt: A8R8G8B8
{20:23:39.283} INFO: [Renderer]   |  monitor:0, 1280x768, bpp:24, hz:59.81, fmt: A8R8G8B8
{20:23:39.283} INFO: [Renderer]   |  monitor:0, 1280x800, bpp:24, hz:59.81, fmt: A8R8G8B8
{20:23:39.283} INFO: [Renderer]   |  monitor:0, 1280x960, bpp:24, hz:75.03, fmt: A8R8G8B8
{20:23:39.283} INFO: [Renderer]   |  monitor:0, 1280x960, bpp:24, hz:75.03, fmt: A8R8G8B8
{20:23:39.283} INFO: [Renderer]   |  monitor:0, 1280x960, bpp:24, hz:60.02, fmt: A8R8G8B8
{20:23:39.283} INFO: [Renderer]   |  monitor:0, 1280x960, bpp:24, hz:60.02, fmt: A8R8G8B8
{20:23:39.283} INFO: [Renderer]   |  monitor:0, 1280x1024, bpp:24, hz:75.03, fmt: A8R8G8B8
{20:23:39.283} INFO: [Renderer]   |  monitor:0, 1280x1024, bpp:24, hz:60.02, fmt: A8R8G8B8
{20:23:39.283} INFO: [Renderer]   |  monitor:0, 1360x768, bpp:24, hz:60.00, fmt: A8R8G8B8
{20:23:39.283} INFO: [Renderer]   |  monitor:0, 1360x768, bpp:24, hz:60.00, fmt: A8R8G8B8
{20:23:39.283} INFO: [Renderer]   |  monitor:0, 1360x768, bpp:24, hz:59.94, fmt: A8R8G8B8
{20:23:39.283} INFO: [Renderer]   |  monitor:0, 1360x768, bpp:24, hz:59.94, fmt: A8R8G8B8
{20:23:39.283} INFO: [Renderer]   |  monitor:0, 1360x768, bpp:24, hz:50.00, fmt: A8R8G8B8
{20:23:39.283} INFO: [Renderer]   |  monitor:0, 1360x768, bpp:24, hz:50.00, fmt: A8R8G8B8
{20:23:39.283} INFO: [Renderer]   |  monitor:0, 1366x768, bpp:24, hz:60.00, fmt: A8R8G8B8
{20:23:39.283} INFO: [Renderer]   |  monitor:0, 1366x768, bpp:24, hz:60.00, fmt: A8R8G8B8
{20:23:39.283} INFO: [Renderer]   |  monitor:0, 1366x768, bpp:24, hz:59.94, fmt: A8R8G8B8
{20:23:39.283} INFO: [Renderer]   |  monitor:0, 1366x768, bpp:24, hz:59.94, fmt: A8R8G8B8
{20:23:39.283} INFO: [Renderer]   |  monitor:0, 1366x768, bpp:24, hz:50.00, fmt: A8R8G8B8
{20:23:39.283} INFO: [Renderer]   |  monitor:0, 1366x768, bpp:24, hz:50.00, fmt: A8R8G8B8
{20:23:39.283} INFO: [Renderer]   |  monitor:0, 1440x900, bpp:24, hz:60.00, fmt: A8R8G8B8
{20:23:39.283} INFO: [Renderer]   |  monitor:0, 1440x900, bpp:24, hz:60.00, fmt: A8R8G8B8
{20:23:39.283} INFO: [Renderer]   |  monitor:0, 1440x900, bpp:24, hz:59.94, fmt: A8R8G8B8
{20:23:39.283} INFO: [Renderer]   |  monitor:0, 1440x900, bpp:24, hz:59.94, fmt: A8R8G8B8
{20:23:39.283} INFO: [Renderer]   |  monitor:0, 1440x900, bpp:24, hz:50.00, fmt: A8R8G8B8
{20:23:39.283} INFO: [Renderer]   |  monitor:0, 1440x900, bpp:24, hz:50.00, fmt: A8R8G8B8
{20:23:39.283} INFO: [Renderer]   |  monitor:0, 1600x900, bpp:24, hz:60.00, fmt: A8R8G8B8
{20:23:39.283} INFO: [Renderer]   |  monitor:0, 1600x900, bpp:24, hz:60.00, fmt: A8R8G8B8
{20:23:39.283} INFO: [Renderer]   |  monitor:0, 1600x900, bpp:24, hz:59.94, fmt: A8R8G8B8
{20:23:39.283} INFO: [Renderer]   |  monitor:0, 1600x900, bpp:24, hz:59.94, fmt: A8R8G8B8
{20:23:39.283} INFO: [Renderer]   |  monitor:0, 1600x900, bpp:24, hz:50.00, fmt: A8R8G8B8
{20:23:39.283} INFO: [Renderer]   |  monitor:0, 1600x900, bpp:24, hz:50.00, fmt: A8R8G8B8
{20:23:39.283} INFO: [Renderer]   |  monitor:0, 1600x1024, bpp:24, hz:60.00, fmt: A8R8G8B8
{20:23:39.283} INFO: [Renderer]   |  monitor:0, 1600x1024, bpp:24, hz:60.00, fmt: A8R8G8B8
{20:23:39.283} INFO: [Renderer]   |  monitor:0, 1600x1024, bpp:24, hz:59.94, fmt: A8R8G8B8
{20:23:39.283} INFO: [Renderer]   |  monitor:0, 1600x1024, bpp:24, hz:59.94, fmt: A8R8G8B8
{20:23:39.283} INFO: [Renderer]   |  monitor:0, 1600x1024, bpp:24, hz:50.00, fmt: A8R8G8B8
{20:23:39.283} INFO: [Renderer]   |  monitor:0, 1600x1024, bpp:24, hz:50.00, fmt: A8R8G8B8
{20:23:39.283} INFO: [Renderer]   |  monitor:0, 1600x1200, bpp:24, hz:60.00, fmt: A8R8G8B8
{20:23:39.283} INFO: [Renderer]   |  monitor:0, 1680x1050, bpp:24, hz:60.00, fmt: A8R8G8B8
{20:23:39.283} INFO: [Renderer]   |  monitor:0, 1680x1050, bpp:24, hz:60.00, fmt: A8R8G8B8
{20:23:39.283} INFO: [Renderer]   |  monitor:0, 1680x1050, bpp:24, hz:59.94, fmt: A8R8G8B8
{20:23:39.283} INFO: [Renderer]   |  monitor:0, 1680x1050, bpp:24, hz:59.94, fmt: A8R8G8B8
{20:23:39.283} INFO: [Renderer]   |  monitor:0, 1680x1050, bpp:24, hz:50.00, fmt: A8R8G8B8
{20:23:39.283} INFO: [Renderer]   |  monitor:0, 1680x1050, bpp:24, hz:50.00, fmt: A8R8G8B8
{20:23:39.283} INFO: [Renderer]   |  monitor:0, 1920x1080, bpp:24, hz:60.00, fmt: A8R8G8B8
{20:23:39.283} INFO: [Renderer]   |  monitor:0, 1920x1080, bpp:24, hz:59.94, fmt: A8R8G8B8
{20:23:39.283} INFO: [Renderer]   |  monitor:0, 1920x1080, bpp:24, hz:50.00, fmt: A8R8G8B8
{20:23:39.283} INFO: [Renderer]   |  monitor:0, 1920x1200, bpp:24, hz:59.92, fmt: A8R8G8B8
{20:23:39.283} INFO: [Renderer]   |  monitor:0, 1920x1200, bpp:24, hz:59.92, fmt: A8R8G8B8
{20:23:39.283} INFO: [Renderer]   |  monitor:0, 1920x1440, bpp:24, hz:59.95, fmt: A8R8G8B8
{20:23:39.283} INFO: [Renderer]   |  monitor:0, 1920x1440, bpp:24, hz:59.95, fmt: A8R8G8B8
{20:23:39.283} INFO: [Renderer]   |  monitor:0, 1920x2160, bpp:24, hz:59.99, fmt: A8R8G8B8
{20:23:39.283} INFO: [Renderer]   |  monitor:0, 2048x1280, bpp:24, hz:59.92, fmt: A8R8G8B8
{20:23:39.283} INFO: [Renderer]   |  monitor:0, 2048x1536, bpp:24, hz:60.00, fmt: A8R8G8B8
{20:23:39.283} INFO: [Renderer]   |  monitor:0, 2048x1536, bpp:24, hz:60.00, fmt: A8R8G8B8
{20:23:39.283} INFO: [Renderer]   |  monitor:0, 2048x1536, bpp:24, hz:29.98, fmt: A8R8G8B8
{20:23:39.283} INFO: [Renderer]   |  monitor:0, 2048x1536, bpp:24, hz:29.98, fmt: A8R8G8B8
{20:23:39.283} INFO: [Renderer]   |  monitor:0, 2560x1440, bpp:24, hz:59.95, fmt: A8R8G8B8
{20:23:39.283} INFO: [Renderer]   |  monitor:0, 2560x1600, bpp:24, hz:60.00, fmt: A8R8G8B8
{20:23:39.283} INFO: [Renderer]   |  monitor:0, 2560x1600, bpp:24, hz:60.00, fmt: A8R8G8B8
{20:23:39.283} INFO: [Renderer]   |  monitor:0, 2560x1600, bpp:24, hz:29.98, fmt: A8R8G8B8
{20:23:39.283} INFO: [Renderer]   |  monitor:0, 2560x1600, bpp:24, hz:29.98, fmt: A8R8G8B8
{20:23:39.283} INFO: [Renderer]   |  monitor:0, 3840x2160, bpp:24, hz:60.00, fmt: A8R8G8B8
{20:23:39.283} INFO: [Renderer]   |  monitor:0, 3840x2160, bpp:24, hz:29.98, fmt: A8R8G8B8
{20:23:39.283} INFO: [Renderer]   |  monitor:1, 640x480, bpp:24, hz:75.00, fmt: A8R8G8B8
{20:23:39.283} INFO: [Renderer]   |  monitor:1, 640x480, bpp:24, hz:72.00, fmt: A8R8G8B8
{20:23:39.283} INFO: [Renderer]   |  monitor:1, 640x480, bpp:24, hz:60.00, fmt: A8R8G8B8
{20:23:39.283} INFO: [Renderer]   |  monitor:1, 720x480, bpp:24, hz:75.00, fmt: A8R8G8B8
{20:23:39.283} INFO: [Renderer]   |  monitor:1, 720x480, bpp:24, hz:75.00, fmt: A8R8G8B8
{20:23:39.283} INFO: [Renderer]   |  monitor:1, 720x480, bpp:24, hz:72.19, fmt: A8R8G8B8
{20:23:39.283} INFO: [Renderer]   |  monitor:1, 720x480, bpp:24, hz:72.19, fmt: A8R8G8B8
{20:23:39.283} INFO: [Renderer]   |  monitor:1, 720x480, bpp:24, hz:60.32, fmt: A8R8G8B8
{20:23:39.283} INFO: [Renderer]   |  monitor:1, 720x480, bpp:24, hz:60.32, fmt: A8R8G8B8
{20:23:39.283} INFO: [Renderer]   |  monitor:1, 720x480, bpp:24, hz:56.25, fmt: A8R8G8B8
{20:23:39.283} INFO: [Renderer]   |  monitor:1, 720x480, bpp:24, hz:56.25, fmt: A8R8G8B8
{20:23:39.283} INFO: [Renderer]   |  monitor:1, 720x576, bpp:24, hz:75.00, fmt: A8R8G8B8
{20:23:39.283} INFO: [Renderer]   |  monitor:1, 720x576, bpp:24, hz:75.00, fmt: A8R8G8B8
{20:23:39.283} INFO: [Renderer]   |  monitor:1, 720x576, bpp:24, hz:72.19, fmt: A8R8G8B8
{20:23:39.283} INFO: [Renderer]   |  monitor:1, 720x576, bpp:24, hz:72.19, fmt: A8R8G8B8
{20:23:39.283} INFO: [Renderer]   |  monitor:1, 720x576, bpp:24, hz:60.32, fmt: A8R8G8B8
{20:23:39.283} INFO: [Renderer]   |  monitor:1, 720x576, bpp:24, hz:60.32, fmt: A8R8G8B8
{20:23:39.283} INFO: [Renderer]   |  monitor:1, 720x576, bpp:24, hz:56.25, fmt: A8R8G8B8
{20:23:39.284} INFO: [Renderer]   |  monitor:1, 720x576, bpp:24, hz:56.25, fmt: A8R8G8B8
{20:23:39.284} INFO: [Renderer]   |  monitor:1, 800x600, bpp:24, hz:75.00, fmt: A8R8G8B8
{20:23:39.284} INFO: [Renderer]   |  monitor:1, 800x600, bpp:24, hz:72.19, fmt: A8R8G8B8
{20:23:39.284} INFO: [Renderer]   |  monitor:1, 800x600, bpp:24, hz:60.32, fmt: A8R8G8B8
{20:23:39.284} INFO: [Renderer]   |  monitor:1, 800x600, bpp:24, hz:56.25, fmt: A8R8G8B8
{20:23:39.284} INFO: [Renderer]   |  monitor:1, 1024x768, bpp:24, hz:75.03, fmt: A8R8G8B8
{20:23:39.284} INFO: [Renderer]   |  monitor:1, 1024x768, bpp:24, hz:70.07, fmt: A8R8G8B8
{20:23:39.284} INFO: [Renderer]   |  monitor:1, 1024x768, bpp:24, hz:60.00, fmt: A8R8G8B8
{20:23:39.284} INFO: [Renderer]   |  monitor:1, 1152x864, bpp:24, hz:75.00, fmt: A8R8G8B8
{20:23:39.284} INFO: [Renderer]   |  monitor:1, 1176x664, bpp:24, hz:60.00, fmt: A8R8G8B8
{20:23:39.284} INFO: [Renderer]   |  monitor:1, 1176x664, bpp:24, hz:60.00, fmt: A8R8G8B8
{20:23:39.284} INFO: [Renderer]   |  monitor:1, 1280x720, bpp:24, hz:60.00, fmt: A8R8G8B8
{20:23:39.284} INFO: [Renderer]   |  monitor:1, 1280x768, bpp:24, hz:59.81, fmt: A8R8G8B8
{20:23:39.284} INFO: [Renderer]   |  monitor:1, 1280x768, bpp:24, hz:59.81, fmt: A8R8G8B8
{20:23:39.284} INFO: [Renderer]   |  monitor:1, 1280x800, bpp:24, hz:59.81, fmt: A8R8G8B8
{20:23:39.284} INFO: [Renderer]   |  monitor:1, 1280x960, bpp:24, hz:75.03, fmt: A8R8G8B8
{20:23:39.284} INFO: [Renderer]   |  monitor:1, 1280x960, bpp:24, hz:75.03, fmt: A8R8G8B8
{20:23:39.284} INFO: [Renderer]   |  monitor:1, 1280x960, bpp:24, hz:60.02, fmt: A8R8G8B8
{20:23:39.284} INFO: [Renderer]   |  monitor:1, 1280x960, bpp:24, hz:60.02, fmt: A8R8G8B8
{20:23:39.284} INFO: [Renderer]   |  monitor:1, 1280x1024, bpp:24, hz:75.03, fmt: A8R8G8B8
{20:23:39.284} INFO: [Renderer]   |  monitor:1, 1280x1024, bpp:24, hz:60.02, fmt: A8R8G8B8
{20:23:39.284} INFO: [Renderer]   |  monitor:1, 1360x768, bpp:24, hz:59.89, fmt: A8R8G8B8
{20:23:39.284} INFO: [Renderer]   |  monitor:1, 1360x768, bpp:24, hz:59.89, fmt: A8R8G8B8
{20:23:39.284} INFO: [Renderer]   |  monitor:1, 1366x768, bpp:24, hz:59.89, fmt: A8R8G8B8
{20:23:39.284} INFO: [Renderer]   |  monitor:1, 1366x768, bpp:24, hz:59.89, fmt: A8R8G8B8
{20:23:39.284} INFO: [Renderer]   |  monitor:1, 1440x900, bpp:24, hz:59.89, fmt: A8R8G8B8
{20:23:39.284} INFO: [Renderer]   |  monitor:1, 1600x900, bpp:24, hz:60.00, fmt: A8R8G8B8
{20:23:39.284} INFO: [Renderer]   |  monitor:1, 1600x1024, bpp:24, hz:59.95, fmt: A8R8G8B8
{20:23:39.284} INFO: [Renderer]   |  monitor:1, 1600x1024, bpp:24, hz:59.95, fmt: A8R8G8B8
{20:23:39.284} INFO: [Renderer]   |  monitor:1, 1600x1200, bpp:24, hz:59.95, fmt: A8R8G8B8
{20:23:39.284} INFO: [Renderer]   |  monitor:1, 1600x1200, bpp:24, hz:59.95, fmt: A8R8G8B8
{20:23:39.284} INFO: [Renderer]   |  monitor:1, 1680x1050, bpp:24, hz:59.95, fmt: A8R8G8B8
{20:23:39.284} INFO: [Renderer]   |  monitor:1, 1920x1080, bpp:24, hz:60.00, fmt: A8R8G8B8
{20:23:39.284} INFO: [Renderer]   |  monitor:1, 1920x1080, bpp:24, hz:59.94, fmt: A8R8G8B8
{20:23:39.284} INFO: [Renderer]   |  monitor:1, 1920x1200, bpp:24, hz:59.95, fmt: A8R8G8B8
{20:23:39.284} INFO: [Renderer]   |  monitor:1, 1920x1200, bpp:24, hz:59.95, fmt: A8R8G8B8
{20:23:39.284} INFO: [Renderer]   |  monitor:1, 1920x1440, bpp:24, hz:59.95, fmt: A8R8G8B8
{20:23:39.284} INFO: [Renderer]   |  monitor:1, 1920x1440, bpp:24, hz:59.95, fmt: A8R8G8B8
{20:23:39.284} INFO: [Renderer]   |  monitor:1, 1920x2160, bpp:24, hz:60.00, fmt: A8R8G8B8
{20:23:39.284} INFO: [Renderer]   |  monitor:1, 1920x2160, bpp:24, hz:60.00, fmt: A8R8G8B8
{20:23:39.284} INFO: [Renderer]   |  monitor:1, 2048x1280, bpp:24, hz:59.95, fmt: A8R8G8B8
{20:23:39.284} INFO: [Renderer]   |  monitor:1, 2048x1280, bpp:24, hz:59.95, fmt: A8R8G8B8
{20:23:39.284} INFO: [Renderer]   |  monitor:1, 2048x1536, bpp:24, hz:60.00, fmt: A8R8G8B8
{20:23:39.284} INFO: [Renderer]   |  monitor:1, 2048x1536, bpp:24, hz:60.00, fmt: A8R8G8B8
{20:23:39.284} INFO: [Renderer]   |  monitor:1, 2560x1440, bpp:24, hz:59.95, fmt: A8R8G8B8
{20:23:39.284} INFO: [Renderer]   |  monitor:1, 2560x1600, bpp:24, hz:60.00, fmt: A8R8G8B8
{20:23:39.284} INFO: [Renderer]   |  monitor:1, 2560x1600, bpp:24, hz:60.00, fmt: A8R8G8B8
{20:23:39.284} INFO: [Renderer]   |  monitor:1, 3840x2160, bpp:24, hz:60.00, fmt: A8R8G8B8
{20:23:39.284} INFO: [Renderer]   | Texture streaming mem 0 MB
{20:23:39.284} INFO: [INFO]       > Texture streaming buffer set to 0MB
{20:23:39.284} INFO: [INFO]       > Texture streaming lowest priority distance set to 100m
{20:23:39.552} DEBG: [DXGI]       > WM_SIZE 0, 2560x1440
{20:23:39.553} INFO: [INFO]       > CGame::AppWindowInit: window client area: 0x0, 2560x1440
{20:23:39.554} DEBG: [DXGI]       > [RChangeDeviceState] 2560x1440, 1.000000, borderless, 0/0 Hz
{20:23:39.554} DEBG: [DXGI]       >                  was 1920x1080, 1.000000, , 0/1 Hz
{20:23:39.558} DEBG: [DXGI]       > WM_SIZE 0, 0x0
{20:23:39.558} DEBG: [DXGI]       > WM_SIZE 0, 2560x1440
{20:23:40.210} INFO: [INFO]       > Texture streaming buffer set to 4000MB
{20:23:40.211} INFO: [Video]      > //Video settings:
{20:23:40.212} INFO: [Video]      > RendererMode("d3d11")
{20:23:40.212} INFO: [Video]      > AsyncCompute(0)
{20:23:40.212} INFO: [Video]      > WindowMode(1)
{20:23:40.212} INFO: [Video]      > Resolution(2560,1440)
{20:23:40.212} INFO: [Video]      > Scale3D(1.000000)
{20:23:40.212} INFO: [Video]      > FSR(0.450000)
{20:23:40.212} INFO: [Video]      > Upscaler(0)
{20:23:40.212} INFO: [Video]      > Upscaling(2)
{20:23:40.212} INFO: [Video]      > Monitor(0)
{20:23:40.212} INFO: [Video]      > DisableDWM(0)
{20:23:40.212} INFO: [Video]      > TextureQuality("High")
{20:23:40.212} INFO: [Video]      > ShadowMapSize(924)
{20:23:40.212} INFO: [Video]      > SpotShadowMapSize(4096)
{20:23:40.212} INFO: [Video]      > GammaFloat(1.00)
{20:23:40.212} INFO: [Video]      > GrassQuality(0)
{20:23:40.212} INFO: [Video]      > FrameRate(1)
{20:23:40.212} INFO: [Video]      > MotionBlur(1)
{20:23:40.212} INFO: [Video]      > MotionBlurQuality("High")
{20:23:40.212} INFO: [Video]      > FilmGrain(0)
{20:23:40.212} INFO: [Video]      > AntiAliasing(1)
{20:23:40.212} INFO: [Video]      > AntiAliasingQuality(1)
{20:23:40.212} INFO: [Video]      > FogQuality(2)
{20:23:40.212} INFO: [Video]      > ReflectionsQuality(2)
{20:23:40.212} INFO: [Video]      > ContactShadowsQuality(4)
{20:23:40.212} INFO: [Video]      > SpotShadowsQuality(2)
{20:23:40.212} INFO: [Video]      > AmbientOcclusion(1)
{20:23:40.212} INFO: [Video]      > AmbientOcclusionQuality(1)
{20:23:40.212} INFO: [Video]      > ColorBlindMode(0)
{20:23:40.212} INFO: [Video]      > GpuFxQuality(1)
{20:23:40.212} INFO: [Video]      > VoxelGiQuality(3)
{20:23:40.212} INFO: [ResPack]    > Free resource loading disabled
{20:23:40.273} INFO: [ResPack]    > Acquired prefab data: 147856, 161992
{20:23:40.274} INFO: [ResPack]    >  -> 0 prefabs, 32 presets available in engine_pc.rpack
{20:23:40.915} INFO: [ResPack]    > Acquired prefab data: 12557784, 10596232
{20:23:40.947} INFO: [ResPack]    >  -> 1081 prefabs, 184 presets available in common_prefabs_pc.rpack
{20:23:41.197} INFO: [INFO]       > [Input] Keyboard 0 enumerated: intance_name = Keyboard, product_name = Keyboard, GUID = {6f1d2b61-d5a0-11cf-bfc7-444553540000}
{20:23:41.258} INFO: [INFO]       > [CInput::SelectKeyboard] Keyboard 0 selected: Keyboard, Keyboard
{20:23:41.367} INFO: [INFO]       > Bink filename: IntroLogos_4k.bik
{20:23:43.144} INFO: [INFO]       > [gpufx] preloaded 1019 sequences. It took 1535.420044 ms
{20:23:43.144} RETL: [Game] > game version: '1.0.4', '1.0.202202071214'
{20:23:56.071} INFO: [INFO]       > Bink filename: GameIntro_4k.bik
{20:26:44.194} RETL: [Savegame] > ScanForSavegames: saves 1 (prev value -1)
{20:26:46.050} RETL: [Savegame] > Continue save update finished (SUCCEEDED): save 'save_main_0.sav' found, all_scanned_saves 1
{20:26:53.983} RETL: [Game]     > ===== CreateSession ===== 
{20:26:55.121} INFO: [ResPack]    > Acquired prefab data: 106165472, 42357864
{20:26:55.230} INFO: [ResPack]    >  -> 8689 prefabs, 568 presets available in city_persistent_pc.rpack
{20:26:55.268} INFO: [ResPack]    > Acquired prefab data: 2687000, 1309528
{20:26:55.273} INFO: [ResPack]    >  -> 181 prefabs, 43 presets available in prologue_persistent_pc.rpack
{20:26:55.295} RETL: [Savegame] > SessionContextState: 'OnCreate' [game_type 'Campaign', game_mode 'Coop', save_name 'save_main_0.sav' (slot 0), map 'prologue' (id:1158199559), (first), difficulty [current: Normal, savegame: Normal, min_savegame: Normal, initial: Normal, lobby_settings: Normal], save_version 72, build: '1.0.202202071214 / 2', perforce_stream: '//tech/rel-ph-patch1-pc']
{20:26:59.025} INFO: [Video]      > //Video settings:
{20:26:59.025} INFO: [Video]      > RendererMode("d3d11")
{20:26:59.025} INFO: [Video]      > AsyncCompute(0)
{20:26:59.025} INFO: [Video]      > WindowMode(1)
{20:26:59.025} INFO: [Video]      > Resolution(2560,1440)
{20:26:59.025} INFO: [Video]      > Scale3D(1.000000)
{20:26:59.025} INFO: [Video]      > FSR(0.450000)
{20:26:59.025} INFO: [Video]      > Upscaler(0)
{20:26:59.025} INFO: [Video]      > Upscaling(2)
{20:26:59.025} INFO: [Video]      > Monitor(0)
{20:26:59.025} INFO: [Video]      > DisableDWM(0)
{20:26:59.025} INFO: [Video]      > TextureQuality("High")
{20:26:59.025} INFO: [Video]      > ShadowMapSize(924)
{20:26:59.025} INFO: [Video]      > SpotShadowMapSize(4096)
{20:26:59.025} INFO: [Video]      > GammaFloat(1.00)
{20:26:59.025} INFO: [Video]      > GrassQuality(0)
{20:26:59.025} INFO: [Video]      > FrameRate(1)
{20:26:59.025} INFO: [Video]      > MotionBlur(1)
{20:26:59.025} INFO: [Video]      > MotionBlurQuality("High")
{20:26:59.025} INFO: [Video]      > FilmGrain(0)
{20:26:59.025} INFO: [Video]      > AntiAliasing(1)
{20:26:59.025} INFO: [Video]      > AntiAliasingQuality(1)
{20:26:59.025} INFO: [Video]      > FogQuality(2)
{20:26:59.025} INFO: [Video]      > ReflectionsQuality(2)
{20:26:59.025} INFO: [Video]      > ContactShadowsQuality(4)
{20:26:59.025} INFO: [Video]      > SpotShadowsQuality(2)
{20:26:59.025} INFO: [Video]      > AmbientOcclusion(1)
{20:26:59.025} INFO: [Video]      > AmbientOcclusionQuality(1)
{20:26:59.025} INFO: [Video]      > ColorBlindMode(0)
{20:26:59.025} INFO: [Video]      > GpuFxQuality(1)
{20:26:59.025} INFO: [Video]      > VoxelGiQuality(3)
{20:27:01.999} RETL: [Game]     > >>>>> <1293281114> Changing level from <> to <prologue>
{20:27:02.696} INFO: [ResPack]    > Acquired prefab data: 1852104, 663600
{20:27:02.700} INFO: [ResPack]    >  -> 1130 prefabs, 0 presets available in reg_prologue_pc.rpack
{20:27:03.557} RETL: [Savegame] > SessionContextState: 'OnUpdate after ChangeMap' [game_type 'Campaign', game_mode 'Coop', save_name 'save_main_0.sav' (slot 0), map 'prologue' (id:1158199559), (first), difficulty [current: Normal, savegame: Normal, min_savegame: Normal, initial: Normal, lobby_settings: Normal], save_version 72, build: '1.0.202202071214 / 2', perforce_stream: '//tech/rel-ph-patch1-pc']
{20:27:03.675} RETL: [Game]     > >>>>> <1293281114> Performing load - mode <NormalFromMainMenu>
{20:27:03.675} RETL: [Savegame] > File name 'save_main_0.sav', memory_save->size = 0
{20:27:03.688} RETL: [Savegame] > Loading finished (ESgErr::Ok).
{20:27:03.688} RETL: [Savegame] > Applying loaded data: Original/Source/Current version: [save_version 72, build: '1.0.202202071214 / 2', perforce_stream: '//tech/rel-ph-patch1-pc']
{20:27:03.688} RETL: [Savegame] > Updated SessionContext [session_id 1293025094, time_played 3501903, campaign_finished false, finished_difficulty -1]
{20:27:03.775} RETL: [Savegame] > RestoreStoryState result: 'true'.
{20:27:03.775} RETL: [Savegame] > SpawnSpot: PrologueCheckpoint, map: 'prologue', spawn_point: prologue/^pr_b_metro_entrance_a/logic/SP_BeforeRenegades
{20:27:03.824} RETL: [Savegame] > Applying loaded data finished (result: true)
{20:35:11.328} INFO: [INFO]       > Bink filename: skill_parkour_combat.bik
{20:44:25.841} RETL: [Savegame] > SessionContextState: 'OnUpdate before ChangeMap' [game_type 'Campaign', game_mode 'Coop', save_name 'save_main_0.sav' (slot 0), map 'prologue' (id:1158199559), (first), next_map 'city' (id:761188051), difficulty [current: Normal, savegame: Normal, min_savegame: Normal, initial: Normal, lobby_settings: Normal], save_version 72, build: '1.0.202202071214 / 2', perforce_stream: '//tech/rel-ph-patch1-pc']

{20:44:29.317} INFO: [Video]      > //Video settings:
{20:44:29.317} INFO: [Video]      > RendererMode("d3d11")
{20:44:29.317} INFO: [Video]      > AsyncCompute(0)
{20:44:29.317} INFO: [Video]      > WindowMode(1)
{20:44:29.317} INFO: [Video]      > Resolution(2560,1440)
{20:44:29.317} INFO: [Video]      > Scale3D(1.000000)
{20:44:29.317} INFO: [Video]      > FSR(0.450000)
{20:44:29.317} INFO: [Video]      > Upscaler(0)
{20:44:29.317} INFO: [Video]      > Upscaling(2)
{20:44:29.317} INFO: [Video]      > Monitor(0)
{20:44:29.317} INFO: [Video]      > DisableDWM(0)
{20:44:29.317} INFO: [Video]      > TextureQuality("High")
{20:44:29.317} INFO: [Video]      > ShadowMapSize(924)
{20:44:29.317} INFO: [Video]      > SpotShadowMapSize(4096)
{20:44:29.317} INFO: [Video]      > GammaFloat(1.00)
{20:44:29.317} INFO: [Video]      > GrassQuality(0)
{20:44:29.317} INFO: [Video]      > FrameRate(1)
{20:44:29.317} INFO: [Video]      > MotionBlur(1)
{20:44:29.317} INFO: [Video]      > MotionBlurQuality("High")
{20:44:29.317} INFO: [Video]      > FilmGrain(0)
{20:44:29.317} INFO: [Video]      > AntiAliasing(1)
{20:44:29.317} INFO: [Video]      > AntiAliasingQuality(1)
{20:44:29.317} INFO: [Video]      > FogQuality(2)
{20:44:29.317} INFO: [Video]      > ReflectionsQuality(2)
{20:44:29.317} INFO: [Video]      > ContactShadowsQuality(4)
{20:44:29.317} INFO: [Video]      > SpotShadowsQuality(2)
{20:44:29.317} INFO: [Video]      > AmbientOcclusion(1)
{20:44:29.317} INFO: [Video]      > AmbientOcclusionQuality(1)
{20:44:29.317} INFO: [Video]      > ColorBlindMode(0)
{20:44:29.317} INFO: [Video]      > GpuFxQuality(1)
{20:44:29.317} INFO: [Video]      > VoxelGiQuality(3)
{20:44:32.371} RETL: [Game]     > >>>>> <1293025094> Changing level from <prologue> to <city>
{20:44:35.345} RETL: [Savegame] > SessionContextState: 'OnUpdate after ChangeMap' [game_type 'Campaign', game_mode 'Coop', save_name 'save_main_0.sav' (slot 0), map 'city' (id:761188051), prev_map 'prologue' (id:1158199559), difficulty [current: Normal, savegame: Normal, min_savegame: Normal, initial: Normal, lobby_settings: Normal], save_version 72, build: '1.0.202202071214 / 2', perforce_stream: '//tech/rel-ph-patch1-pc']
{20:44:37.651} INFO: [ResPack]    > Acquired prefab data: 552, 224
{20:44:37.651} INFO: [ResPack]    >  -> 1 prefabs, 0 presets available in reg_pin_bazaar_pc.rpack
{20:44:37.937} INFO: [ResPack]    > Acquired prefab data: 32967768, 13857440
{20:44:37.978} INFO: [ResPack]    >  -> 6313 prefabs, 0 presets available in reg_01_pc.rpack
{20:44:38.009} INFO: [ResPack]    > Acquired prefab data: 535832, 207488
{20:44:38.009} INFO: [ResPack]    >  -> 123 prefabs, 0 presets available in reg_buffer_01_05_pc.rpack
{20:44:38.013} INFO: [ResPack]    > Acquired prefab data: 283312, 106608
{20:44:38.014} INFO: [ResPack]    >  -> 140 prefabs, 0 presets available in reg_buffer_01_02_pc.rpack
{20:44:38.033} INFO: [ResPack]    > Acquired prefab data: 1800416, 752040
{20:44:38.036} INFO: [ResPack]    >  -> 692 prefabs, 0 presets available in reg_buffer_01_04_pc.rpack
{20:46:28.107} INFO: [ResPack]    > Acquired prefab data: 552, 224
{20:46:28.107} INFO: [ResPack]    >  -> 1 prefabs, 0 presets available in reg_pin_es_r1_pc.rpack
{21:00:15.737} INFO: [ResPack]    > Acquired prefab data: 552, 224
{21:00:15.737} INFO: [ResPack]    >  -> 1 prefabs, 0 presets available in reg_pin_es_r1_pc.rpack
{21:00:33.353} INFO: [ResPack]    > Acquired prefab data: 552, 224
{21:00:33.353} INFO: [ResPack]    >  -> 1 prefabs, 0 presets available in reg_pin_es_r1_pc.rpack
{21:07:50.448} INFO: [ResPack]    > Acquired prefab data: 552, 224
{21:07:50.448} INFO: [ResPack]    >  -> 1 prefabs, 0 presets available in reg_pin_bazaar_pc.rpack
{21:09:56.017} INFO: [ResPack]    > Acquired prefab data: 552, 224
{21:09:56.017} INFO: [ResPack]    >  -> 1 prefabs, 0 presets available in reg_pin_markers_pc.rpack
{22:02:34.129} INFO: [ResPack]    > Acquired prefab data: 552, 224
{22:02:34.129} INFO: [ResPack]    >  -> 1 prefabs, 0 presets available in reg_pin_bazaar_pc.rpack
{22:13:09.221} INFO: [ResPack]    > Acquired prefab data: 552, 224
{22:13:09.221} INFO: [ResPack]    >  -> 1 prefabs, 0 presets available in reg_pin_metro_pk_pc.rpack
{22:14:58.489} INFO: [ResPack]    > Acquired prefab data: 552, 224
{22:14:58.489} INFO: [ResPack]    >  -> 1 prefabs, 0 presets available in reg_pin_es_r1_pc.rpack
{22:18:02.339} INFO: [INFO]       > Bink filename: skill_after_boost.bik
{22:18:02.589} INFO: [INFO]       > Bink filename: skill_double_jump.bik
{22:18:03.089} INFO: [INFO]       > Bink filename: skill_active_land.bik
{22:18:05.223} INFO: [INFO]       > Bink filename: skill_firm_grip.bik
{22:19:47.806} INFO: [ResPack]    > Acquired prefab data: 552, 224
{22:19:47.806} INFO: [ResPack]    >  -> 1 prefabs, 0 presets available in reg_pin_bazaar_pc.rpack
{22:23:41.246} INFO: [ResPack]    > Acquired prefab data: 552, 224
{22:23:41.246} INFO: [ResPack]    >  -> 1 prefabs, 0 presets available in reg_pin_wt_r1_pc.rpack
{22:23:53.162} INFO: [ResPack]    > Acquired prefab data: 552, 224
{22:23:53.162} INFO: [ResPack]    >  -> 1 prefabs, 0 presets available in reg_pin_wt_r1_pc.rpack
{22:30:50.438} INFO: [ResPack]    > Acquired prefab data: 552, 224
{22:30:50.438} INFO: [ResPack]    >  -> 1 prefabs, 0 presets available in reg_pin_bazaar_pc.rpack
{22:31:00.441} INFO: [INFO]       > Bink filename: skill_perfect_dodge.bik
{22:31:03.425} INFO: [INFO]       > Bink filename: skill_jump_attack.bik
{22:31:04.074} INFO: [INFO]       > Bink filename: skill_jump_attack.bik

{22:33:36.340} INFO: [ResPack]    > Acquired prefab data: 552, 224
{22:33:36.340} INFO: [ResPack]    >  -> 1 prefabs, 0 presets available in reg_pin_biiyc_pc.rpack
{22:45:14.117} RETL: [Game]     > ===== DestroySession ===== (reason: 'OnQuitGame')
{22:45:19.380} INFO: [Video]      > //Video settings:
{22:45:19.380} INFO: [Video]      > RendererMode("d3d11")
{22:45:19.380} INFO: [Video]      > AsyncCompute(0)
{22:45:19.380} INFO: [Video]      > WindowMode(1)
{22:45:19.380} INFO: [Video]      > Resolution(2560,1440)
{22:45:19.380} INFO: [Video]      > Scale3D(1.000000)
{22:45:19.380} INFO: [Video]      > FSR(0.450000)
{22:45:19.380} INFO: [Video]      > Upscaler(0)
{22:45:19.380} INFO: [Video]      > Upscaling(2)
{22:45:19.380} INFO: [Video]      > Monitor(0)
{22:45:19.380} INFO: [Video]      > DisableDWM(0)
{22:45:19.380} INFO: [Video]      > TextureQuality("High")
{22:45:19.380} INFO: [Video]      > ShadowMapSize(924)
{22:45:19.380} INFO: [Video]      > SpotShadowMapSize(4096)
{22:45:19.380} INFO: [Video]      > GammaFloat(1.00)
{22:45:19.380} INFO: [Video]      > GrassQuality(0)
{22:45:19.380} INFO: [Video]      > FrameRate(1)
{22:45:19.380} INFO: [Video]      > MotionBlur(1)
{22:45:19.380} INFO: [Video]      > MotionBlurQuality("High")
{22:45:19.380} INFO: [Video]      > FilmGrain(0)
{22:45:19.380} INFO: [Video]      > AntiAliasing(1)
{22:45:19.380} INFO: [Video]      > AntiAliasingQuality(1)
{22:45:19.380} INFO: [Video]      > FogQuality(2)
{22:45:19.380} INFO: [Video]      > ReflectionsQuality(2)
{22:45:19.380} INFO: [Video]      > ContactShadowsQuality(4)
{22:45:19.380} INFO: [Video]      > SpotShadowsQuality(2)
{22:45:19.380} INFO: [Video]      > AmbientOcclusion(1)
{22:45:19.380} INFO: [Video]      > AmbientOcclusionQuality(1)
{22:45:19.380} INFO: [Video]      > ColorBlindMode(0)
{22:45:19.380} INFO: [Video]      > GpuFxQuality(1)
{22:45:19.380} INFO: [Video]      > VoxelGiQuality(3)
{22:45:21.591} RETL: [Savegame] > Continue save update finished (SUCCEEDED): save 'save_main_0.sav' found, all_scanned_saves 1
{22:45:28.394} INFO: [INFO]       > ---------------------------------------------------------
{22:45:28.394} INFO: [INFO]       > Time of playing game: 8510.333008s
{22:45:28.394} INFO: [INFO]       > Updated frames: 503540 Rendered frames: 503133
{22:45:28.394} INFO: [INFO]       > Average FPS: 59.120251
{22:45:28.394} INFO: [INFO]       > ---------------------------------------------------------
{22:45:31.284} INFO: [Renderer]   > [r_Shutdown] Dll released
