{16:15:58.639} INFO: [FileSystem] > [CZip_dir::Initialize] 'c:/program files (x86)/steam/steamapps/common/dying light 2 / ph/source/data0.pak' took: 0.000000ms
{16:15:58.661} INFO: [FileSystem] > [CZip_dir::Initialize] 'c:/program files (x86)/steam/steamapps/common/dying light 2 / ph/source/data1.pak' took: 0.000000ms
{16:15:58.663} INFO: [FileSystem] > [CZip_dir::Initialize] 'c:/program files (x86)/steam/steamapps/common/dying light 2 / ph/source/databt.mpak' took: 0.000000ms
{16:15:59.995} RETL: [GAME] > arguments (2): 'C:\Program Files (x86)\Steam\steamapps\common\Dying Light 2\ph\work\bin\x64\DyingLightGame_x64_rwdi.exe', '/nolightfx'
{16:16:00.291} INFO: [FileSystem] > [CZip_dir::Initialize] 'c:/program files (x86)/steam/steamapps/common/dying light 2 / ph/source/data_lang/dataen.pak' took: 0.000000ms
{16:16:00.313} INFO: [Renderer]   > [CVideoSettings::LoadSettings] Loading video settings using 'out/Settings/Video.scr'
{16:16:00.324} INFO: [Renderer]   > [r_Initialize] Loaded from rd3d11_x64_rwdi.dll.
{16:16:00.324} INFO: [Renderer]   > MonitorIdx=0, SecondaryMonitorIdx=-1
{16:16:00.324} INFO: [Renderer]   > Enumerating D3D11 video adapters:
{16:16:00.329} INFO: [Renderer]   > Adapter 0: NVIDIA GeForce RTX 2080 Ti 11049MB/16346MB/0MB
{16:16:00.329} INFO: [Renderer]   |   Output 0: [0,0 - 2560,1440] \\.\DISPLAY1
{16:16:00.329} INFO: [Renderer]   |   Output 1: [2560,0 - 6400,2160] \\.\DISPLAY2
{16:16:00.329} INFO: [Renderer]   > Adapter 1: Microsoft Basic Render Driver 0MB/16346MB/0MB
{16:16:00.331} INFO: [Renderer]   > Sorted adapter 0: NVIDIA GeForce RTX 2080 Ti 11049MB/16346MB/0MB
{16:16:00.331} INFO: [Renderer]   > Sorted adapter 1: Microsoft Basic Render Driver 0MB/16346MB/0MB
{16:16:00.331} INFO: [Renderer]   > Picking adapter: NVIDIA GeForce RTX 2080 Ti
{16:16:00.331} INFO: [Renderer]   | Primary monitor: [0,0 - 2560,1440]
{16:16:00.331} INFO: [Renderer]   | Secondary monitor: [2560,0 - 6400,2160]
{16:16:01.227} INFO: [Renderer]   > Renderer started in DX11 mode.
{16:16:01.227} INFO: [Renderer]   > DX11 reported 11'049M free texture memory.
{16:16:01.229} INFO: [Renderer]   > [CheckSLI] Single GPU system
{16:16:01.310} INFO: [Renderer]   > [d3d12rt-checker] All tests were OK. Switch to D3D12Ultimate to enable raytracing
{16:16:01.323} INFO: [Renderer]   > Renderer: supported display modes:
{16:16:01.323} INFO: [Renderer]   |  monitor:0, 640x480, bpp:24, hz:75.00, fmt: A8R8G8B8
{16:16:01.323} INFO: [Renderer]   |  monitor:0, 640x480, bpp:24, hz:60.00, fmt: A8R8G8B8
{16:16:01.323} INFO: [Renderer]   |  monitor:0, 640x480, bpp:24, hz:59.94, fmt: A8R8G8B8
{16:16:01.323} INFO: [Renderer]   |  monitor:0, 720x480, bpp:24, hz:60.00, fmt: A8R8G8B8
{16:16:01.323} INFO: [Renderer]   |  monitor:0, 720x480, bpp:24, hz:59.94, fmt: A8R8G8B8
{16:16:01.323} INFO: [Renderer]   |  monitor:0, 720x576, bpp:24, hz:50.00, fmt: A8R8G8B8
{16:16:01.323} INFO: [Renderer]   |  monitor:0, 800x600, bpp:24, hz:75.00, fmt: A8R8G8B8
{16:16:01.323} INFO: [Renderer]   |  monitor:0, 800x600, bpp:24, hz:60.32, fmt: A8R8G8B8
{16:16:01.323} INFO: [Renderer]   |  monitor:0, 1024x768, bpp:24, hz:75.03, fmt: A8R8G8B8
{16:16:01.323} INFO: [Renderer]   |  monitor:0, 1024x768, bpp:24, hz:60.00, fmt: A8R8G8B8
{16:16:01.323} INFO: [Renderer]   |  monitor:0, 1152x864, bpp:24, hz:75.00, fmt: A8R8G8B8
{16:16:01.323} INFO: [Renderer]   |  monitor:0, 1176x664, bpp:24, hz:60.00, fmt: A8R8G8B8
{16:16:01.323} INFO: [Renderer]   |  monitor:0, 1176x664, bpp:24, hz:60.00, fmt: A8R8G8B8
{16:16:01.323} INFO: [Renderer]   |  monitor:0, 1176x664, bpp:24, hz:59.94, fmt: A8R8G8B8
{16:16:01.323} INFO: [Renderer]   |  monitor:0, 1176x664, bpp:24, hz:59.94, fmt: A8R8G8B8
{16:16:01.323} INFO: [Renderer]   |  monitor:0, 1176x664, bpp:24, hz:50.00, fmt: A8R8G8B8
{16:16:01.323} INFO: [Renderer]   |  monitor:0, 1176x664, bpp:24, hz:50.00, fmt: A8R8G8B8
{16:16:01.323} INFO: [Renderer]   |  monitor:0, 1280x720, bpp:24, hz:60.00, fmt: A8R8G8B8
{16:16:01.323} INFO: [Renderer]   |  monitor:0, 1280x720, bpp:24, hz:59.94, fmt: A8R8G8B8
{16:16:01.323} INFO: [Renderer]   |  monitor:0, 1280x720, bpp:24, hz:50.00, fmt: A8R8G8B8
{16:16:01.323} INFO: [Renderer]   |  monitor:0, 1280x768, bpp:24, hz:59.81, fmt: A8R8G8B8
{16:16:01.323} INFO: [Renderer]   |  monitor:0, 1280x768, bpp:24, hz:59.81, fmt: A8R8G8B8
{16:16:01.323} INFO: [Renderer]   |  monitor:0, 1280x800, bpp:24, hz:59.81, fmt: A8R8G8B8
{16:16:01.323} INFO: [Renderer]   |  monitor:0, 1280x960, bpp:24, hz:75.03, fmt: A8R8G8B8
{16:16:01.323} INFO: [Renderer]   |  monitor:0, 1280x960, bpp:24, hz:75.03, fmt: A8R8G8B8
{16:16:01.323} INFO: [Renderer]   |  monitor:0, 1280x960, bpp:24, hz:60.02, fmt: A8R8G8B8
{16:16:01.323} INFO: [Renderer]   |  monitor:0, 1280x960, bpp:24, hz:60.02, fmt: A8R8G8B8
{16:16:01.323} INFO: [Renderer]   |  monitor:0, 1280x1024, bpp:24, hz:75.03, fmt: A8R8G8B8
{16:16:01.323} INFO: [Renderer]   |  monitor:0, 1280x1024, bpp:24, hz:60.02, fmt: A8R8G8B8
{16:16:01.323} INFO: [Renderer]   |  monitor:0, 1360x768, bpp:24, hz:60.00, fmt: A8R8G8B8
{16:16:01.323} INFO: [Renderer]   |  monitor:0, 1360x768, bpp:24, hz:60.00, fmt: A8R8G8B8
{16:16:01.323} INFO: [Renderer]   |  monitor:0, 1360x768, bpp:24, hz:59.94, fmt: A8R8G8B8
{16:16:01.323} INFO: [Renderer]   |  monitor:0, 1360x768, bpp:24, hz:59.94, fmt: A8R8G8B8
{16:16:01.323} INFO: [Renderer]   |  monitor:0, 1360x768, bpp:24, hz:50.00, fmt: A8R8G8B8
{16:16:01.323} INFO: [Renderer]   |  monitor:0, 1360x768, bpp:24, hz:50.00, fmt: A8R8G8B8
{16:16:01.323} INFO: [Renderer]   |  monitor:0, 1366x768, bpp:24, hz:60.00, fmt: A8R8G8B8
{16:16:01.323} INFO: [Renderer]   |  monitor:0, 1366x768, bpp:24, hz:60.00, fmt: A8R8G8B8
{16:16:01.323} INFO: [Renderer]   |  monitor:0, 1366x768, bpp:24, hz:59.94, fmt: A8R8G8B8
{16:16:01.323} INFO: [Renderer]   |  monitor:0, 1366x768, bpp:24, hz:59.94, fmt: A8R8G8B8
{16:16:01.323} INFO: [Renderer]   |  monitor:0, 1366x768, bpp:24, hz:50.00, fmt: A8R8G8B8
{16:16:01.323} INFO: [Renderer]   |  monitor:0, 1366x768, bpp:24, hz:50.00, fmt: A8R8G8B8
{16:16:01.323} INFO: [Renderer]   |  monitor:0, 1440x900, bpp:24, hz:60.00, fmt: A8R8G8B8
{16:16:01.323} INFO: [Renderer]   |  monitor:0, 1440x900, bpp:24, hz:60.00, fmt: A8R8G8B8
{16:16:01.323} INFO: [Renderer]   |  monitor:0, 1440x900, bpp:24, hz:59.94, fmt: A8R8G8B8
{16:16:01.323} INFO: [Renderer]   |  monitor:0, 1440x900, bpp:24, hz:59.94, fmt: A8R8G8B8
{16:16:01.323} INFO: [Renderer]   |  monitor:0, 1440x900, bpp:24, hz:50.00, fmt: A8R8G8B8
{16:16:01.323} INFO: [Renderer]   |  monitor:0, 1440x900, bpp:24, hz:50.00, fmt: A8R8G8B8
{16:16:01.323} INFO: [Renderer]   |  monitor:0, 1600x900, bpp:24, hz:60.00, fmt: A8R8G8B8
{16:16:01.323} INFO: [Renderer]   |  monitor:0, 1600x900, bpp:24, hz:60.00, fmt: A8R8G8B8
{16:16:01.323} INFO: [Renderer]   |  monitor:0, 1600x900, bpp:24, hz:59.94, fmt: A8R8G8B8
{16:16:01.323} INFO: [Renderer]   |  monitor:0, 1600x900, bpp:24, hz:59.94, fmt: A8R8G8B8
{16:16:01.323} INFO: [Renderer]   |  monitor:0, 1600x900, bpp:24, hz:50.00, fmt: A8R8G8B8
{16:16:01.323} INFO: [Renderer]   |  monitor:0, 1600x900, bpp:24, hz:50.00, fmt: A8R8G8B8
{16:16:01.323} INFO: [Renderer]   |  monitor:0, 1600x1024, bpp:24, hz:60.00, fmt: A8R8G8B8
{16:16:01.323} INFO: [Renderer]   |  monitor:0, 1600x1024, bpp:24, hz:60.00, fmt: A8R8G8B8
{16:16:01.323} INFO: [Renderer]   |  monitor:0, 1600x1024, bpp:24, hz:59.94, fmt: A8R8G8B8
{16:16:01.323} INFO: [Renderer]   |  monitor:0, 1600x1024, bpp:24, hz:59.94, fmt: A8R8G8B8
{16:16:01.323} INFO: [Renderer]   |  monitor:0, 1600x1024, bpp:24, hz:50.00, fmt: A8R8G8B8
{16:16:01.323} INFO: [Renderer]   |  monitor:0, 1600x1024, bpp:24, hz:50.00, fmt: A8R8G8B8
{16:16:01.323} INFO: [Renderer]   |  monitor:0, 1600x1200, bpp:24, hz:60.00, fmt: A8R8G8B8
{16:16:01.323} INFO: [Renderer]   |  monitor:0, 1680x1050, bpp:24, hz:60.00, fmt: A8R8G8B8
{16:16:01.323} INFO: [Renderer]   |  monitor:0, 1680x1050, bpp:24, hz:60.00, fmt: A8R8G8B8
{16:16:01.323} INFO: [Renderer]   |  monitor:0, 1680x1050, bpp:24, hz:59.94, fmt: A8R8G8B8
{16:16:01.323} INFO: [Renderer]   |  monitor:0, 1680x1050, bpp:24, hz:59.94, fmt: A8R8G8B8
{16:16:01.323} INFO: [Renderer]   |  monitor:0, 1680x1050, bpp:24, hz:50.00, fmt: A8R8G8B8
{16:16:01.323} INFO: [Renderer]   |  monitor:0, 1680x1050, bpp:24, hz:50.00, fmt: A8R8G8B8
{16:16:01.323} INFO: [Renderer]   |  monitor:0, 1920x1080, bpp:24, hz:60.00, fmt: A8R8G8B8
{16:16:01.323} INFO: [Renderer]   |  monitor:0, 1920x1080, bpp:24, hz:59.94, fmt: A8R8G8B8
{16:16:01.323} INFO: [Renderer]   |  monitor:0, 1920x1080, bpp:24, hz:50.00, fmt: A8R8G8B8
{16:16:01.324} INFO: [Renderer]   |  monitor:0, 1920x1200, bpp:24, hz:59.92, fmt: A8R8G8B8
{16:16:01.324} INFO: [Renderer]   |  monitor:0, 1920x1200, bpp:24, hz:59.92, fmt: A8R8G8B8
{16:16:01.324} INFO: [Renderer]   |  monitor:0, 1920x1440, bpp:24, hz:59.95, fmt: A8R8G8B8
{16:16:01.324} INFO: [Renderer]   |  monitor:0, 1920x1440, bpp:24, hz:59.95, fmt: A8R8G8B8
{16:16:01.324} INFO: [Renderer]   |  monitor:0, 1920x2160, bpp:24, hz:59.99, fmt: A8R8G8B8
{16:16:01.324} INFO: [Renderer]   |  monitor:0, 2048x1280, bpp:24, hz:59.92, fmt: A8R8G8B8
{16:16:01.324} INFO: [Renderer]   |  monitor:0, 2048x1536, bpp:24, hz:60.00, fmt: A8R8G8B8
{16:16:01.324} INFO: [Renderer]   |  monitor:0, 2048x1536, bpp:24, hz:60.00, fmt: A8R8G8B8
{16:16:01.324} INFO: [Renderer]   |  monitor:0, 2048x1536, bpp:24, hz:29.98, fmt: A8R8G8B8
{16:16:01.324} INFO: [Renderer]   |  monitor:0, 2048x1536, bpp:24, hz:29.98, fmt: A8R8G8B8
{16:16:01.324} INFO: [Renderer]   |  monitor:0, 2560x1440, bpp:24, hz:59.95, fmt: A8R8G8B8
{16:16:01.324} INFO: [Renderer]   |  monitor:0, 2560x1600, bpp:24, hz:60.00, fmt: A8R8G8B8
{16:16:01.324} INFO: [Renderer]   |  monitor:0, 2560x1600, bpp:24, hz:60.00, fmt: A8R8G8B8
{16:16:01.324} INFO: [Renderer]   |  monitor:0, 2560x1600, bpp:24, hz:29.98, fmt: A8R8G8B8
{16:16:01.324} INFO: [Renderer]   |  monitor:0, 2560x1600, bpp:24, hz:29.98, fmt: A8R8G8B8
{16:16:01.324} INFO: [Renderer]   |  monitor:0, 3840x2160, bpp:24, hz:60.00, fmt: A8R8G8B8
{16:16:01.324} INFO: [Renderer]   |  monitor:0, 3840x2160, bpp:24, hz:29.98, fmt: A8R8G8B8
{16:16:01.324} INFO: [Renderer]   |  monitor:1, 640x480, bpp:24, hz:75.00, fmt: A8R8G8B8
{16:16:01.324} INFO: [Renderer]   |  monitor:1, 640x480, bpp:24, hz:72.00, fmt: A8R8G8B8
{16:16:01.324} INFO: [Renderer]   |  monitor:1, 640x480, bpp:24, hz:60.00, fmt: A8R8G8B8
{16:16:01.324} INFO: [Renderer]   |  monitor:1, 720x480, bpp:24, hz:75.00, fmt: A8R8G8B8
{16:16:01.324} INFO: [Renderer]   |  monitor:1, 720x480, bpp:24, hz:75.00, fmt: A8R8G8B8
{16:16:01.324} INFO: [Renderer]   |  monitor:1, 720x480, bpp:24, hz:72.19, fmt: A8R8G8B8
{16:16:01.324} INFO: [Renderer]   |  monitor:1, 720x480, bpp:24, hz:72.19, fmt: A8R8G8B8
{16:16:01.324} INFO: [Renderer]   |  monitor:1, 720x480, bpp:24, hz:60.32, fmt: A8R8G8B8
{16:16:01.324} INFO: [Renderer]   |  monitor:1, 720x480, bpp:24, hz:60.32, fmt: A8R8G8B8
{16:16:01.324} INFO: [Renderer]   |  monitor:1, 720x480, bpp:24, hz:56.25, fmt: A8R8G8B8
{16:16:01.324} INFO: [Renderer]   |  monitor:1, 720x480, bpp:24, hz:56.25, fmt: A8R8G8B8
{16:16:01.324} INFO: [Renderer]   |  monitor:1, 720x576, bpp:24, hz:75.00, fmt: A8R8G8B8
{16:16:01.324} INFO: [Renderer]   |  monitor:1, 720x576, bpp:24, hz:75.00, fmt: A8R8G8B8
{16:16:01.324} INFO: [Renderer]   |  monitor:1, 720x576, bpp:24, hz:72.19, fmt: A8R8G8B8
{16:16:01.324} INFO: [Renderer]   |  monitor:1, 720x576, bpp:24, hz:72.19, fmt: A8R8G8B8
{16:16:01.324} INFO: [Renderer]   |  monitor:1, 720x576, bpp:24, hz:60.32, fmt: A8R8G8B8
{16:16:01.324} INFO: [Renderer]   |  monitor:1, 720x576, bpp:24, hz:60.32, fmt: A8R8G8B8
{16:16:01.324} INFO: [Renderer]   |  monitor:1, 720x576, bpp:24, hz:56.25, fmt: A8R8G8B8
{16:16:01.324} INFO: [Renderer]   |  monitor:1, 720x576, bpp:24, hz:56.25, fmt: A8R8G8B8
{16:16:01.324} INFO: [Renderer]   |  monitor:1, 800x600, bpp:24, hz:75.00, fmt: A8R8G8B8
{16:16:01.324} INFO: [Renderer]   |  monitor:1, 800x600, bpp:24, hz:72.19, fmt: A8R8G8B8
{16:16:01.324} INFO: [Renderer]   |  monitor:1, 800x600, bpp:24, hz:60.32, fmt: A8R8G8B8
{16:16:01.324} INFO: [Renderer]   |  monitor:1, 800x600, bpp:24, hz:56.25, fmt: A8R8G8B8
{16:16:01.324} INFO: [Renderer]   |  monitor:1, 1024x768, bpp:24, hz:75.03, fmt: A8R8G8B8
{16:16:01.324} INFO: [Renderer]   |  monitor:1, 1024x768, bpp:24, hz:70.07, fmt: A8R8G8B8
{16:16:01.324} INFO: [Renderer]   |  monitor:1, 1024x768, bpp:24, hz:60.00, fmt: A8R8G8B8
{16:16:01.324} INFO: [Renderer]   |  monitor:1, 1152x864, bpp:24, hz:75.00, fmt: A8R8G8B8
{16:16:01.324} INFO: [Renderer]   |  monitor:1, 1176x664, bpp:24, hz:60.00, fmt: A8R8G8B8
{16:16:01.324} INFO: [Renderer]   |  monitor:1, 1176x664, bpp:24, hz:60.00, fmt: A8R8G8B8
{16:16:01.324} INFO: [Renderer]   |  monitor:1, 1280x720, bpp:24, hz:60.00, fmt: A8R8G8B8
{16:16:01.324} INFO: [Renderer]   |  monitor:1, 1280x768, bpp:24, hz:59.81, fmt: A8R8G8B8
{16:16:01.324} INFO: [Renderer]   |  monitor:1, 1280x768, bpp:24, hz:59.81, fmt: A8R8G8B8
{16:16:01.324} INFO: [Renderer]   |  monitor:1, 1280x800, bpp:24, hz:59.81, fmt: A8R8G8B8
{16:16:01.324} INFO: [Renderer]   |  monitor:1, 1280x960, bpp:24, hz:75.03, fmt: A8R8G8B8
{16:16:01.324} INFO: [Renderer]   |  monitor:1, 1280x960, bpp:24, hz:75.03, fmt: A8R8G8B8
{16:16:01.324} INFO: [Renderer]   |  monitor:1, 1280x960, bpp:24, hz:60.02, fmt: A8R8G8B8
{16:16:01.324} INFO: [Renderer]   |  monitor:1, 1280x960, bpp:24, hz:60.02, fmt: A8R8G8B8
{16:16:01.324} INFO: [Renderer]   |  monitor:1, 1280x1024, bpp:24, hz:75.03, fmt: A8R8G8B8
{16:16:01.324} INFO: [Renderer]   |  monitor:1, 1280x1024, bpp:24, hz:60.02, fmt: A8R8G8B8
{16:16:01.324} INFO: [Renderer]   |  monitor:1, 1360x768, bpp:24, hz:59.89, fmt: A8R8G8B8
{16:16:01.324} INFO: [Renderer]   |  monitor:1, 1360x768, bpp:24, hz:59.89, fmt: A8R8G8B8
{16:16:01.324} INFO: [Renderer]   |  monitor:1, 1366x768, bpp:24, hz:59.89, fmt: A8R8G8B8
{16:16:01.324} INFO: [Renderer]   |  monitor:1, 1366x768, bpp:24, hz:59.89, fmt: A8R8G8B8
{16:16:01.324} INFO: [Renderer]   |  monitor:1, 1440x900, bpp:24, hz:59.89, fmt: A8R8G8B8
{16:16:01.324} INFO: [Renderer]   |  monitor:1, 1600x900, bpp:24, hz:60.00, fmt: A8R8G8B8
{16:16:01.324} INFO: [Renderer]   |  monitor:1, 1600x1024, bpp:24, hz:59.95, fmt: A8R8G8B8
{16:16:01.324} INFO: [Renderer]   |  monitor:1, 1600x1024, bpp:24, hz:59.95, fmt: A8R8G8B8
{16:16:01.324} INFO: [Renderer]   |  monitor:1, 1600x1200, bpp:24, hz:59.95, fmt: A8R8G8B8
{16:16:01.324} INFO: [Renderer]   |  monitor:1, 1600x1200, bpp:24, hz:59.95, fmt: A8R8G8B8
{16:16:01.324} INFO: [Renderer]   |  monitor:1, 1680x1050, bpp:24, hz:59.95, fmt: A8R8G8B8
{16:16:01.324} INFO: [Renderer]   |  monitor:1, 1920x1080, bpp:24, hz:60.00, fmt: A8R8G8B8
{16:16:01.324} INFO: [Renderer]   |  monitor:1, 1920x1080, bpp:24, hz:59.94, fmt: A8R8G8B8
{16:16:01.324} INFO: [Renderer]   |  monitor:1, 1920x1200, bpp:24, hz:59.95, fmt: A8R8G8B8
{16:16:01.324} INFO: [Renderer]   |  monitor:1, 1920x1200, bpp:24, hz:59.95, fmt: A8R8G8B8
{16:16:01.324} INFO: [Renderer]   |  monitor:1, 1920x1440, bpp:24, hz:59.95, fmt: A8R8G8B8
{16:16:01.324} INFO: [Renderer]   |  monitor:1, 1920x1440, bpp:24, hz:59.95, fmt: A8R8G8B8
{16:16:01.324} INFO: [Renderer]   |  monitor:1, 1920x2160, bpp:24, hz:60.00, fmt: A8R8G8B8
{16:16:01.324} INFO: [Renderer]   |  monitor:1, 1920x2160, bpp:24, hz:60.00, fmt: A8R8G8B8
{16:16:01.324} INFO: [Renderer]   |  monitor:1, 2048x1280, bpp:24, hz:59.95, fmt: A8R8G8B8
{16:16:01.324} INFO: [Renderer]   |  monitor:1, 2048x1280, bpp:24, hz:59.95, fmt: A8R8G8B8
{16:16:01.324} INFO: [Renderer]   |  monitor:1, 2048x1536, bpp:24, hz:60.00, fmt: A8R8G8B8
{16:16:01.324} INFO: [Renderer]   |  monitor:1, 2048x1536, bpp:24, hz:60.00, fmt: A8R8G8B8
{16:16:01.324} INFO: [Renderer]   |  monitor:1, 2560x1440, bpp:24, hz:59.95, fmt: A8R8G8B8
{16:16:01.324} INFO: [Renderer]   |  monitor:1, 2560x1600, bpp:24, hz:60.00, fmt: A8R8G8B8
{16:16:01.324} INFO: [Renderer]   |  monitor:1, 2560x1600, bpp:24, hz:60.00, fmt: A8R8G8B8
{16:16:01.324} INFO: [Renderer]   |  monitor:1, 3840x2160, bpp:24, hz:60.00, fmt: A8R8G8B8
{16:16:01.325} INFO: [Renderer]   | Texture streaming mem 0 MB
{16:16:01.325} INFO: [INFO]       > Texture streaming buffer set to 0MB
{16:16:01.325} INFO: [INFO]       > Texture streaming lowest priority distance set to 100m
{16:16:01.601} DEBG: [DXGI]       > WM_SIZE 0, 2560x1440
{16:16:01.603} INFO: [INFO]       > CGame::AppWindowInit: window client area: 0x0, 2560x1440
{16:16:01.603} DEBG: [DXGI]       > [RChangeDeviceState] 2560x1440, 1.000000, borderless, 0/0 Hz
{16:16:01.603} DEBG: [DXGI]       >                  was 1920x1080, 1.000000, , 0/1 Hz
{16:16:01.606} DEBG: [DXGI]       > WM_SIZE 0, 0x0
{16:16:01.607} DEBG: [DXGI]       > WM_SIZE 0, 2560x1440
{16:16:02.239} INFO: [INFO]       > Texture streaming buffer set to 4000MB
{16:16:02.241} INFO: [Video]      > //Video settings:
{16:16:02.241} INFO: [Video]      > RendererMode("d3d11")
{16:16:02.241} INFO: [Video]      > AsyncCompute(0)
{16:16:02.241} INFO: [Video]      > WindowMode(1)
{16:16:02.241} INFO: [Video]      > Resolution(2560,1440)
{16:16:02.241} INFO: [Video]      > Scale3D(1.000000)
{16:16:02.241} INFO: [Video]      > FSR(0.450000)
{16:16:02.241} INFO: [Video]      > Upscaler(0)
{16:16:02.241} INFO: [Video]      > Upscaling(2)
{16:16:02.241} INFO: [Video]      > Monitor(0)
{16:16:02.241} INFO: [Video]      > DisableDWM(0)
{16:16:02.241} INFO: [Video]      > TextureQuality("High")
{16:16:02.241} INFO: [Video]      > ShadowMapSize(924)
{16:16:02.241} INFO: [Video]      > SpotShadowMapSize(4096)
{16:16:02.241} INFO: [Video]      > GammaFloat(1.00)
{16:16:02.241} INFO: [Video]      > GrassQuality(0)
{16:16:02.241} INFO: [Video]      > FrameRate(1)
{16:16:02.241} INFO: [Video]      > MotionBlur(1)
{16:16:02.241} INFO: [Video]      > MotionBlurQuality("High")
{16:16:02.241} INFO: [Video]      > FilmGrain(0)
{16:16:02.241} INFO: [Video]      > AntiAliasing(1)
{16:16:02.241} INFO: [Video]      > AntiAliasingQuality(1)
{16:16:02.241} INFO: [Video]      > FogQuality(2)
{16:16:02.241} INFO: [Video]      > ReflectionsQuality(2)
{16:16:02.241} INFO: [Video]      > ContactShadowsQuality(4)
{16:16:02.241} INFO: [Video]      > SpotShadowsQuality(2)
{16:16:02.241} INFO: [Video]      > AmbientOcclusion(1)
{16:16:02.241} INFO: [Video]      > AmbientOcclusionQuality(1)
{16:16:02.241} INFO: [Video]      > ColorBlindMode(0)
{16:16:02.241} INFO: [Video]      > GpuFxQuality(1)
{16:16:02.241} INFO: [Video]      > VoxelGiQuality(3)
{16:16:02.242} INFO: [ResPack]    > Free resource loading disabled
{16:16:02.328} INFO: [ResPack]    > Acquired prefab data: 147856, 161992
{16:16:02.328} INFO: [ResPack]    >  -> 0 prefabs, 32 presets available in engine_pc.rpack
{16:16:03.314} INFO: [ResPack]    > Acquired prefab data: 12557784, 10596232
{16:16:03.335} INFO: [ResPack]    >  -> 1081 prefabs, 184 presets available in common_prefabs_pc.rpack
{16:16:03.622} INFO: [INFO]       > [Input] Keyboard 0 enumerated: intance_name = Keyboard, product_name = Keyboard, GUID = {6f1d2b61-d5a0-11cf-bfc7-444553540000}
{16:16:03.681} INFO: [INFO]       > [CInput::SelectKeyboard] Keyboard 0 selected: Keyboard, Keyboard
{16:16:03.786} INFO: [INFO]       > Bink filename: IntroLogos_4k.bik
{16:16:05.518} INFO: [INFO]       > [gpufx] preloaded 1019 sequences. It took 1512.913086 ms
{16:16:05.518} RETL: [Game] > game version: '1.0.4', '1.0.202202071214'
{16:16:18.983} INFO: [INFO]       > Bink filename: GameIntro_4k.bik
{16:16:26.768} RETL: [Savegame] > ScanForSavegames: saves 1 (prev value -1)
{16:16:28.646} RETL: [Savegame] > Continue save update finished (SUCCEEDED): save 'save_main_0.sav' found, all_scanned_saves 1
{16:16:38.102} RETL: [Game]     > ===== CreateSession ===== 
{16:16:39.276} INFO: [ResPack]    > Acquired prefab data: 106165472, 42357864
{16:16:39.380} INFO: [ResPack]    >  -> 8689 prefabs, 568 presets available in city_persistent_pc.rpack
{16:16:39.418} INFO: [ResPack]    > Acquired prefab data: 2687000, 1309528
{16:16:39.423} INFO: [ResPack]    >  -> 181 prefabs, 43 presets available in prologue_persistent_pc.rpack
{16:16:39.445} RETL: [Savegame] > SessionContextState: 'OnCreate' [game_type 'Campaign', game_mode 'Coop', save_name 'save_main_0.sav' (slot 0), map 'prologue' (id:1158199559), (first), difficulty [current: Normal, savegame: Normal, min_savegame: Normal, initial: Normal, lobby_settings: Normal], save_version 72, build: '1.0.202202071214 / 2', perforce_stream: '//tech/rel-ph-patch1-pc']
{16:16:43.245} INFO: [Video]      > //Video settings:
{16:16:43.245} INFO: [Video]      > RendererMode("d3d11")
{16:16:43.245} INFO: [Video]      > AsyncCompute(0)
{16:16:43.245} INFO: [Video]      > WindowMode(1)
{16:16:43.245} INFO: [Video]      > Resolution(2560,1440)
{16:16:43.245} INFO: [Video]      > Scale3D(1.000000)
{16:16:43.245} INFO: [Video]      > FSR(0.450000)
{16:16:43.245} INFO: [Video]      > Upscaler(0)
{16:16:43.245} INFO: [Video]      > Upscaling(2)
{16:16:43.245} INFO: [Video]      > Monitor(0)
{16:16:43.245} INFO: [Video]      > DisableDWM(0)
{16:16:43.245} INFO: [Video]      > TextureQuality("High")
{16:16:43.245} INFO: [Video]      > ShadowMapSize(924)
{16:16:43.245} INFO: [Video]      > SpotShadowMapSize(4096)
{16:16:43.245} INFO: [Video]      > GammaFloat(1.00)
{16:16:43.245} INFO: [Video]      > GrassQuality(0)
{16:16:43.245} INFO: [Video]      > FrameRate(1)
{16:16:43.245} INFO: [Video]      > MotionBlur(1)
{16:16:43.245} INFO: [Video]      > MotionBlurQuality("High")
{16:16:43.245} INFO: [Video]      > FilmGrain(0)
{16:16:43.245} INFO: [Video]      > AntiAliasing(1)
{16:16:43.245} INFO: [Video]      > AntiAliasingQuality(1)
{16:16:43.245} INFO: [Video]      > FogQuality(2)
{16:16:43.245} INFO: [Video]      > ReflectionsQuality(2)
{16:16:43.245} INFO: [Video]      > ContactShadowsQuality(4)
{16:16:43.245} INFO: [Video]      > SpotShadowsQuality(2)
{16:16:43.245} INFO: [Video]      > AmbientOcclusion(1)
{16:16:43.245} INFO: [Video]      > AmbientOcclusionQuality(1)
{16:16:43.245} INFO: [Video]      > ColorBlindMode(0)
{16:16:43.245} INFO: [Video]      > GpuFxQuality(1)
{16:16:43.245} INFO: [Video]      > VoxelGiQuality(3)
{16:16:46.218} RETL: [Game]     > >>>>> <1293130083> Changing level from <> to <prologue>
{16:16:46.907} INFO: [ResPack]    > Acquired prefab data: 1852104, 663600
{16:16:46.909} INFO: [ResPack]    >  -> 1130 prefabs, 0 presets available in reg_prologue_pc.rpack
{16:16:47.774} RETL: [Savegame] > SessionContextState: 'OnUpdate after ChangeMap' [game_type 'Campaign', game_mode 'Coop', save_name 'save_main_0.sav' (slot 0), map 'prologue' (id:1158199559), (first), difficulty [current: Normal, savegame: Normal, min_savegame: Normal, initial: Normal, lobby_settings: Normal], save_version 72, build: '1.0.202202071214 / 2', perforce_stream: '//tech/rel-ph-patch1-pc']
{16:16:47.888} RETL: [Game]     > >>>>> <1293130083> Performing load - mode <NormalFromMainMenu>
{16:16:47.888} RETL: [Savegame] > File name 'save_main_0.sav', memory_save->size = 0
{16:16:47.900} RETL: [Savegame] > Loading finished (ESgErr::Ok).
{16:16:47.900} RETL: [Savegame] > Applying loaded data: Original/Source/Current version: [save_version 72, build: '1.0.202202071214 / 2', perforce_stream: '//tech/rel-ph-patch1-pc']
{16:16:47.900} RETL: [Savegame] > Updated SessionContext [session_id 1293025094, time_played 211203, campaign_finished false, finished_difficulty -1]
{16:16:47.904} RETL: [Savegame] > RestoreStoryState result: 'true'.
{16:16:47.904} RETL: [Savegame] > SpawnSpot: PrologueCheckpoint, map: 'prologue', spawn_point: prologue/^pr_b_location_02/logic/SP_Beehive
{16:16:47.953} RETL: [Savegame] > Applying loaded data finished (result: true)
{16:53:00.639} INFO: [INFO]       > Bink filename: skill_height_jump.bik
{16:53:05.072} INFO: [INFO]       > Bink filename: skill_active_land.bik
{16:53:05.156} INFO: [INFO]       > Bink filename: skill_double_jump.bik
{16:53:05.222} INFO: [INFO]       > Bink filename: skill_after_boost.bik
{17:12:00.558} RETL: [Game]     > ===== DestroySession ===== (reason: 'OnQuitGame')
{17:12:04.726} INFO: [Video]      > //Video settings:
{17:12:04.726} INFO: [Video]      > RendererMode("d3d11")
{17:12:04.726} INFO: [Video]      > AsyncCompute(0)
{17:12:04.726} INFO: [Video]      > WindowMode(1)
{17:12:04.726} INFO: [Video]      > Resolution(2560,1440)
{17:12:04.726} INFO: [Video]      > Scale3D(1.000000)
{17:12:04.726} INFO: [Video]      > FSR(0.450000)
{17:12:04.726} INFO: [Video]      > Upscaler(0)
{17:12:04.726} INFO: [Video]      > Upscaling(2)
{17:12:04.726} INFO: [Video]      > Monitor(0)
{17:12:04.726} INFO: [Video]      > DisableDWM(0)
{17:12:04.726} INFO: [Video]      > TextureQuality("High")
{17:12:04.726} INFO: [Video]      > ShadowMapSize(924)
{17:12:04.726} INFO: [Video]      > SpotShadowMapSize(4096)
{17:12:04.726} INFO: [Video]      > GammaFloat(1.00)
{17:12:04.726} INFO: [Video]      > GrassQuality(0)
{17:12:04.726} INFO: [Video]      > FrameRate(1)
{17:12:04.726} INFO: [Video]      > MotionBlur(1)
{17:12:04.726} INFO: [Video]      > MotionBlurQuality("High")
{17:12:04.726} INFO: [Video]      > FilmGrain(0)
{17:12:04.726} INFO: [Video]      > AntiAliasing(1)
{17:12:04.726} INFO: [Video]      > AntiAliasingQuality(1)
{17:12:04.726} INFO: [Video]      > FogQuality(2)
{17:12:04.726} INFO: [Video]      > ReflectionsQuality(2)
{17:12:04.726} INFO: [Video]      > ContactShadowsQuality(4)
{17:12:04.726} INFO: [Video]      > SpotShadowsQuality(2)
{17:12:04.726} INFO: [Video]      > AmbientOcclusion(1)
{17:12:04.726} INFO: [Video]      > AmbientOcclusionQuality(1)
{17:12:04.726} INFO: [Video]      > ColorBlindMode(0)
{17:12:04.726} INFO: [Video]      > GpuFxQuality(1)
{17:12:04.726} INFO: [Video]      > VoxelGiQuality(3)
{17:12:06.722} RETL: [Savegame] > Continue save update finished (SUCCEEDED): save 'save_main_0.sav' found, all_scanned_saves 1
{17:12:13.728} INFO: [INFO]       > ---------------------------------------------------------
{17:12:13.728} INFO: [INFO]       > Time of playing game: 3373.739258s
{17:12:13.728} INFO: [INFO]       > Updated frames: 198916 Rendered frames: 198599
{17:12:13.728} INFO: [INFO]       > Average FPS: 58.866142
{17:12:13.728} INFO: [INFO]       > ---------------------------------------------------------
{17:12:14.848} INFO: [Renderer]   > [r_Shutdown] Dll released
