{16:24:26.800} INFO: [FileSystem] > [CZip_dir::Initialize] 'c:/program files (x86)/steam/steamapps/common/dying light 2 / ph/source/data0.pak' took: 0.000000ms
{16:24:26.822} INFO: [FileSystem] > [CZip_dir::Initialize] 'c:/program files (x86)/steam/steamapps/common/dying light 2 / ph/source/data1.pak' took: 0.000000ms
{16:24:26.824} INFO: [FileSystem] > [CZip_dir::Initialize] 'c:/program files (x86)/steam/steamapps/common/dying light 2 / ph/source/databt.mpak' took: 0.000000ms
{16:24:28.599} RETL: [GAME] > arguments (2): 'C:\Program Files (x86)\Steam\steamapps\common\Dying Light 2\ph\work\bin\x64\DyingLightGame_x64_rwdi.exe', '/nolightfx'
{16:24:28.911} INFO: [FileSystem] > [CZip_dir::Initialize] 'c:/program files (x86)/steam/steamapps/common/dying light 2 / ph/source/data_lang/dataen.pak' took: 0.000000ms
{16:24:28.933} INFO: [Renderer]   > [CVideoSettings::LoadSettings] Loading video settings using 'out/Settings/Video.scr'
{16:24:28.943} INFO: [Renderer]   > [r_Initialize] Loaded from rd3d11_x64_rwdi.dll.
{16:24:28.943} INFO: [Renderer]   > MonitorIdx=0, SecondaryMonitorIdx=-1
{16:24:28.943} INFO: [Renderer]   > Enumerating D3D11 video adapters:
{16:24:28.947} INFO: [Renderer]   > Adapter 0: NVIDIA GeForce RTX 2080 Ti 11049MB/16346MB/0MB
{16:24:28.947} INFO: [Renderer]   |   Output 0: [0,0 - 2560,1440] \\.\DISPLAY1
{16:24:28.947} INFO: [Renderer]   |   Output 1: [2560,0 - 6400,2160] \\.\DISPLAY2
{16:24:28.947} INFO: [Renderer]   > Adapter 1: Microsoft Basic Render Driver 0MB/16346MB/0MB
{16:24:28.949} INFO: [Renderer]   > Sorted adapter 0: NVIDIA GeForce RTX 2080 Ti 11049MB/16346MB/0MB
{16:24:28.949} INFO: [Renderer]   > Sorted adapter 1: Microsoft Basic Render Driver 0MB/16346MB/0MB
{16:24:28.949} INFO: [Renderer]   > Picking adapter: NVIDIA GeForce RTX 2080 Ti
{16:24:28.949} INFO: [Renderer]   | Primary monitor: [0,0 - 2560,1440]
{16:24:28.949} INFO: [Renderer]   | Secondary monitor: [2560,0 - 6400,2160]
{16:24:29.886} INFO: [Renderer]   > Renderer started in DX11 mode.
{16:24:29.886} INFO: [Renderer]   > DX11 reported 11'049M free texture memory.
{16:24:29.887} INFO: [Renderer]   > [CheckSLI] Single GPU system
{16:24:29.942} INFO: [Renderer]   > [d3d12rt-checker] All tests were OK. Switch to D3D12Ultimate to enable raytracing
{16:24:29.954} INFO: [Renderer]   > Renderer: supported display modes:
{16:24:29.954} INFO: [Renderer]   |  monitor:0, 640x480, bpp:24, hz:75.00, fmt: A8R8G8B8
{16:24:29.954} INFO: [Renderer]   |  monitor:0, 640x480, bpp:24, hz:60.00, fmt: A8R8G8B8
{16:24:29.954} INFO: [Renderer]   |  monitor:0, 640x480, bpp:24, hz:59.94, fmt: A8R8G8B8
{16:24:29.954} INFO: [Renderer]   |  monitor:0, 720x480, bpp:24, hz:60.00, fmt: A8R8G8B8
{16:24:29.954} INFO: [Renderer]   |  monitor:0, 720x480, bpp:24, hz:59.94, fmt: A8R8G8B8
{16:24:29.954} INFO: [Renderer]   |  monitor:0, 720x576, bpp:24, hz:50.00, fmt: A8R8G8B8
{16:24:29.954} INFO: [Renderer]   |  monitor:0, 800x600, bpp:24, hz:75.00, fmt: A8R8G8B8
{16:24:29.954} INFO: [Renderer]   |  monitor:0, 800x600, bpp:24, hz:60.32, fmt: A8R8G8B8
{16:24:29.954} INFO: [Renderer]   |  monitor:0, 1024x768, bpp:24, hz:75.03, fmt: A8R8G8B8
{16:24:29.954} INFO: [Renderer]   |  monitor:0, 1024x768, bpp:24, hz:60.00, fmt: A8R8G8B8
{16:24:29.954} INFO: [Renderer]   |  monitor:0, 1152x864, bpp:24, hz:75.00, fmt: A8R8G8B8
{16:24:29.954} INFO: [Renderer]   |  monitor:0, 1176x664, bpp:24, hz:60.00, fmt: A8R8G8B8
{16:24:29.954} INFO: [Renderer]   |  monitor:0, 1176x664, bpp:24, hz:60.00, fmt: A8R8G8B8
{16:24:29.954} INFO: [Renderer]   |  monitor:0, 1176x664, bpp:24, hz:59.94, fmt: A8R8G8B8
{16:24:29.954} INFO: [Renderer]   |  monitor:0, 1176x664, bpp:24, hz:59.94, fmt: A8R8G8B8
{16:24:29.954} INFO: [Renderer]   |  monitor:0, 1176x664, bpp:24, hz:50.00, fmt: A8R8G8B8
{16:24:29.954} INFO: [Renderer]   |  monitor:0, 1176x664, bpp:24, hz:50.00, fmt: A8R8G8B8
{16:24:29.954} INFO: [Renderer]   |  monitor:0, 1280x720, bpp:24, hz:60.00, fmt: A8R8G8B8
{16:24:29.954} INFO: [Renderer]   |  monitor:0, 1280x720, bpp:24, hz:59.94, fmt: A8R8G8B8
{16:24:29.954} INFO: [Renderer]   |  monitor:0, 1280x720, bpp:24, hz:50.00, fmt: A8R8G8B8
{16:24:29.954} INFO: [Renderer]   |  monitor:0, 1280x768, bpp:24, hz:59.81, fmt: A8R8G8B8
{16:24:29.954} INFO: [Renderer]   |  monitor:0, 1280x768, bpp:24, hz:59.81, fmt: A8R8G8B8
{16:24:29.954} INFO: [Renderer]   |  monitor:0, 1280x800, bpp:24, hz:59.81, fmt: A8R8G8B8
{16:24:29.954} INFO: [Renderer]   |  monitor:0, 1280x960, bpp:24, hz:75.03, fmt: A8R8G8B8
{16:24:29.954} INFO: [Renderer]   |  monitor:0, 1280x960, bpp:24, hz:75.03, fmt: A8R8G8B8
{16:24:29.954} INFO: [Renderer]   |  monitor:0, 1280x960, bpp:24, hz:60.02, fmt: A8R8G8B8
{16:24:29.954} INFO: [Renderer]   |  monitor:0, 1280x960, bpp:24, hz:60.02, fmt: A8R8G8B8
{16:24:29.954} INFO: [Renderer]   |  monitor:0, 1280x1024, bpp:24, hz:75.03, fmt: A8R8G8B8
{16:24:29.954} INFO: [Renderer]   |  monitor:0, 1280x1024, bpp:24, hz:60.02, fmt: A8R8G8B8
{16:24:29.954} INFO: [Renderer]   |  monitor:0, 1360x768, bpp:24, hz:60.00, fmt: A8R8G8B8
{16:24:29.954} INFO: [Renderer]   |  monitor:0, 1360x768, bpp:24, hz:60.00, fmt: A8R8G8B8
{16:24:29.954} INFO: [Renderer]   |  monitor:0, 1360x768, bpp:24, hz:59.94, fmt: A8R8G8B8
{16:24:29.954} INFO: [Renderer]   |  monitor:0, 1360x768, bpp:24, hz:59.94, fmt: A8R8G8B8
{16:24:29.954} INFO: [Renderer]   |  monitor:0, 1360x768, bpp:24, hz:50.00, fmt: A8R8G8B8
{16:24:29.954} INFO: [Renderer]   |  monitor:0, 1360x768, bpp:24, hz:50.00, fmt: A8R8G8B8
{16:24:29.954} INFO: [Renderer]   |  monitor:0, 1366x768, bpp:24, hz:60.00, fmt: A8R8G8B8
{16:24:29.954} INFO: [Renderer]   |  monitor:0, 1366x768, bpp:24, hz:60.00, fmt: A8R8G8B8
{16:24:29.954} INFO: [Renderer]   |  monitor:0, 1366x768, bpp:24, hz:59.94, fmt: A8R8G8B8
{16:24:29.954} INFO: [Renderer]   |  monitor:0, 1366x768, bpp:24, hz:59.94, fmt: A8R8G8B8
{16:24:29.954} INFO: [Renderer]   |  monitor:0, 1366x768, bpp:24, hz:50.00, fmt: A8R8G8B8
{16:24:29.954} INFO: [Renderer]   |  monitor:0, 1366x768, bpp:24, hz:50.00, fmt: A8R8G8B8
{16:24:29.954} INFO: [Renderer]   |  monitor:0, 1440x900, bpp:24, hz:60.00, fmt: A8R8G8B8
{16:24:29.954} INFO: [Renderer]   |  monitor:0, 1440x900, bpp:24, hz:60.00, fmt: A8R8G8B8
{16:24:29.954} INFO: [Renderer]   |  monitor:0, 1440x900, bpp:24, hz:59.94, fmt: A8R8G8B8
{16:24:29.954} INFO: [Renderer]   |  monitor:0, 1440x900, bpp:24, hz:59.94, fmt: A8R8G8B8
{16:24:29.954} INFO: [Renderer]   |  monitor:0, 1440x900, bpp:24, hz:50.00, fmt: A8R8G8B8
{16:24:29.954} INFO: [Renderer]   |  monitor:0, 1440x900, bpp:24, hz:50.00, fmt: A8R8G8B8
{16:24:29.954} INFO: [Renderer]   |  monitor:0, 1600x900, bpp:24, hz:60.00, fmt: A8R8G8B8
{16:24:29.954} INFO: [Renderer]   |  monitor:0, 1600x900, bpp:24, hz:60.00, fmt: A8R8G8B8
{16:24:29.954} INFO: [Renderer]   |  monitor:0, 1600x900, bpp:24, hz:59.94, fmt: A8R8G8B8
{16:24:29.954} INFO: [Renderer]   |  monitor:0, 1600x900, bpp:24, hz:59.94, fmt: A8R8G8B8
{16:24:29.954} INFO: [Renderer]   |  monitor:0, 1600x900, bpp:24, hz:50.00, fmt: A8R8G8B8
{16:24:29.954} INFO: [Renderer]   |  monitor:0, 1600x900, bpp:24, hz:50.00, fmt: A8R8G8B8
{16:24:29.954} INFO: [Renderer]   |  monitor:0, 1600x1024, bpp:24, hz:60.00, fmt: A8R8G8B8
{16:24:29.954} INFO: [Renderer]   |  monitor:0, 1600x1024, bpp:24, hz:60.00, fmt: A8R8G8B8
{16:24:29.954} INFO: [Renderer]   |  monitor:0, 1600x1024, bpp:24, hz:59.94, fmt: A8R8G8B8
{16:24:29.954} INFO: [Renderer]   |  monitor:0, 1600x1024, bpp:24, hz:59.94, fmt: A8R8G8B8
{16:24:29.954} INFO: [Renderer]   |  monitor:0, 1600x1024, bpp:24, hz:50.00, fmt: A8R8G8B8
{16:24:29.954} INFO: [Renderer]   |  monitor:0, 1600x1024, bpp:24, hz:50.00, fmt: A8R8G8B8
{16:24:29.954} INFO: [Renderer]   |  monitor:0, 1600x1200, bpp:24, hz:60.00, fmt: A8R8G8B8
{16:24:29.954} INFO: [Renderer]   |  monitor:0, 1680x1050, bpp:24, hz:60.00, fmt: A8R8G8B8
{16:24:29.954} INFO: [Renderer]   |  monitor:0, 1680x1050, bpp:24, hz:60.00, fmt: A8R8G8B8
{16:24:29.954} INFO: [Renderer]   |  monitor:0, 1680x1050, bpp:24, hz:59.94, fmt: A8R8G8B8
{16:24:29.954} INFO: [Renderer]   |  monitor:0, 1680x1050, bpp:24, hz:59.94, fmt: A8R8G8B8
{16:24:29.954} INFO: [Renderer]   |  monitor:0, 1680x1050, bpp:24, hz:50.00, fmt: A8R8G8B8
{16:24:29.954} INFO: [Renderer]   |  monitor:0, 1680x1050, bpp:24, hz:50.00, fmt: A8R8G8B8
{16:24:29.954} INFO: [Renderer]   |  monitor:0, 1920x1080, bpp:24, hz:60.00, fmt: A8R8G8B8
{16:24:29.954} INFO: [Renderer]   |  monitor:0, 1920x1080, bpp:24, hz:59.94, fmt: A8R8G8B8
{16:24:29.954} INFO: [Renderer]   |  monitor:0, 1920x1080, bpp:24, hz:50.00, fmt: A8R8G8B8
{16:24:29.954} INFO: [Renderer]   |  monitor:0, 1920x1200, bpp:24, hz:59.92, fmt: A8R8G8B8
{16:24:29.954} INFO: [Renderer]   |  monitor:0, 1920x1200, bpp:24, hz:59.92, fmt: A8R8G8B8
{16:24:29.954} INFO: [Renderer]   |  monitor:0, 1920x1440, bpp:24, hz:59.95, fmt: A8R8G8B8
{16:24:29.954} INFO: [Renderer]   |  monitor:0, 1920x1440, bpp:24, hz:59.95, fmt: A8R8G8B8
{16:24:29.954} INFO: [Renderer]   |  monitor:0, 1920x2160, bpp:24, hz:59.99, fmt: A8R8G8B8
{16:24:29.954} INFO: [Renderer]   |  monitor:0, 2048x1280, bpp:24, hz:59.92, fmt: A8R8G8B8
{16:24:29.954} INFO: [Renderer]   |  monitor:0, 2048x1536, bpp:24, hz:60.00, fmt: A8R8G8B8
{16:24:29.954} INFO: [Renderer]   |  monitor:0, 2048x1536, bpp:24, hz:60.00, fmt: A8R8G8B8
{16:24:29.954} INFO: [Renderer]   |  monitor:0, 2048x1536, bpp:24, hz:29.98, fmt: A8R8G8B8
{16:24:29.954} INFO: [Renderer]   |  monitor:0, 2048x1536, bpp:24, hz:29.98, fmt: A8R8G8B8
{16:24:29.954} INFO: [Renderer]   |  monitor:0, 2560x1440, bpp:24, hz:59.95, fmt: A8R8G8B8
{16:24:29.954} INFO: [Renderer]   |  monitor:0, 2560x1600, bpp:24, hz:60.00, fmt: A8R8G8B8
{16:24:29.954} INFO: [Renderer]   |  monitor:0, 2560x1600, bpp:24, hz:60.00, fmt: A8R8G8B8
{16:24:29.954} INFO: [Renderer]   |  monitor:0, 2560x1600, bpp:24, hz:29.98, fmt: A8R8G8B8
{16:24:29.954} INFO: [Renderer]   |  monitor:0, 2560x1600, bpp:24, hz:29.98, fmt: A8R8G8B8
{16:24:29.954} INFO: [Renderer]   |  monitor:0, 3840x2160, bpp:24, hz:60.00, fmt: A8R8G8B8
{16:24:29.954} INFO: [Renderer]   |  monitor:0, 3840x2160, bpp:24, hz:29.98, fmt: A8R8G8B8
{16:24:29.954} INFO: [Renderer]   |  monitor:1, 640x480, bpp:24, hz:75.00, fmt: A8R8G8B8
{16:24:29.954} INFO: [Renderer]   |  monitor:1, 640x480, bpp:24, hz:72.00, fmt: A8R8G8B8
{16:24:29.954} INFO: [Renderer]   |  monitor:1, 640x480, bpp:24, hz:60.00, fmt: A8R8G8B8
{16:24:29.954} INFO: [Renderer]   |  monitor:1, 720x480, bpp:24, hz:75.00, fmt: A8R8G8B8
{16:24:29.954} INFO: [Renderer]   |  monitor:1, 720x480, bpp:24, hz:75.00, fmt: A8R8G8B8
{16:24:29.954} INFO: [Renderer]   |  monitor:1, 720x480, bpp:24, hz:72.19, fmt: A8R8G8B8
{16:24:29.954} INFO: [Renderer]   |  monitor:1, 720x480, bpp:24, hz:72.19, fmt: A8R8G8B8
{16:24:29.954} INFO: [Renderer]   |  monitor:1, 720x480, bpp:24, hz:60.32, fmt: A8R8G8B8
{16:24:29.954} INFO: [Renderer]   |  monitor:1, 720x480, bpp:24, hz:60.32, fmt: A8R8G8B8
{16:24:29.954} INFO: [Renderer]   |  monitor:1, 720x480, bpp:24, hz:56.25, fmt: A8R8G8B8
{16:24:29.954} INFO: [Renderer]   |  monitor:1, 720x480, bpp:24, hz:56.25, fmt: A8R8G8B8
{16:24:29.954} INFO: [Renderer]   |  monitor:1, 720x576, bpp:24, hz:75.00, fmt: A8R8G8B8
{16:24:29.954} INFO: [Renderer]   |  monitor:1, 720x576, bpp:24, hz:75.00, fmt: A8R8G8B8
{16:24:29.954} INFO: [Renderer]   |  monitor:1, 720x576, bpp:24, hz:72.19, fmt: A8R8G8B8
{16:24:29.954} INFO: [Renderer]   |  monitor:1, 720x576, bpp:24, hz:72.19, fmt: A8R8G8B8
{16:24:29.954} INFO: [Renderer]   |  monitor:1, 720x576, bpp:24, hz:60.32, fmt: A8R8G8B8
{16:24:29.954} INFO: [Renderer]   |  monitor:1, 720x576, bpp:24, hz:60.32, fmt: A8R8G8B8
{16:24:29.954} INFO: [Renderer]   |  monitor:1, 720x576, bpp:24, hz:56.25, fmt: A8R8G8B8
{16:24:29.955} INFO: [Renderer]   |  monitor:1, 720x576, bpp:24, hz:56.25, fmt: A8R8G8B8
{16:24:29.955} INFO: [Renderer]   |  monitor:1, 800x600, bpp:24, hz:75.00, fmt: A8R8G8B8
{16:24:29.955} INFO: [Renderer]   |  monitor:1, 800x600, bpp:24, hz:72.19, fmt: A8R8G8B8
{16:24:29.955} INFO: [Renderer]   |  monitor:1, 800x600, bpp:24, hz:60.32, fmt: A8R8G8B8
{16:24:29.955} INFO: [Renderer]   |  monitor:1, 800x600, bpp:24, hz:56.25, fmt: A8R8G8B8
{16:24:29.955} INFO: [Renderer]   |  monitor:1, 1024x768, bpp:24, hz:75.03, fmt: A8R8G8B8
{16:24:29.955} INFO: [Renderer]   |  monitor:1, 1024x768, bpp:24, hz:70.07, fmt: A8R8G8B8
{16:24:29.955} INFO: [Renderer]   |  monitor:1, 1024x768, bpp:24, hz:60.00, fmt: A8R8G8B8
{16:24:29.955} INFO: [Renderer]   |  monitor:1, 1152x864, bpp:24, hz:75.00, fmt: A8R8G8B8
{16:24:29.955} INFO: [Renderer]   |  monitor:1, 1176x664, bpp:24, hz:60.00, fmt: A8R8G8B8
{16:24:29.955} INFO: [Renderer]   |  monitor:1, 1176x664, bpp:24, hz:60.00, fmt: A8R8G8B8
{16:24:29.955} INFO: [Renderer]   |  monitor:1, 1280x720, bpp:24, hz:60.00, fmt: A8R8G8B8
{16:24:29.955} INFO: [Renderer]   |  monitor:1, 1280x768, bpp:24, hz:59.81, fmt: A8R8G8B8
{16:24:29.955} INFO: [Renderer]   |  monitor:1, 1280x768, bpp:24, hz:59.81, fmt: A8R8G8B8
{16:24:29.955} INFO: [Renderer]   |  monitor:1, 1280x800, bpp:24, hz:59.81, fmt: A8R8G8B8
{16:24:29.955} INFO: [Renderer]   |  monitor:1, 1280x960, bpp:24, hz:75.03, fmt: A8R8G8B8
{16:24:29.955} INFO: [Renderer]   |  monitor:1, 1280x960, bpp:24, hz:75.03, fmt: A8R8G8B8
{16:24:29.955} INFO: [Renderer]   |  monitor:1, 1280x960, bpp:24, hz:60.02, fmt: A8R8G8B8
{16:24:29.955} INFO: [Renderer]   |  monitor:1, 1280x960, bpp:24, hz:60.02, fmt: A8R8G8B8
{16:24:29.955} INFO: [Renderer]   |  monitor:1, 1280x1024, bpp:24, hz:75.03, fmt: A8R8G8B8
{16:24:29.955} INFO: [Renderer]   |  monitor:1, 1280x1024, bpp:24, hz:60.02, fmt: A8R8G8B8
{16:24:29.955} INFO: [Renderer]   |  monitor:1, 1360x768, bpp:24, hz:59.89, fmt: A8R8G8B8
{16:24:29.955} INFO: [Renderer]   |  monitor:1, 1360x768, bpp:24, hz:59.89, fmt: A8R8G8B8
{16:24:29.955} INFO: [Renderer]   |  monitor:1, 1366x768, bpp:24, hz:59.89, fmt: A8R8G8B8
{16:24:29.955} INFO: [Renderer]   |  monitor:1, 1366x768, bpp:24, hz:59.89, fmt: A8R8G8B8
{16:24:29.955} INFO: [Renderer]   |  monitor:1, 1440x900, bpp:24, hz:59.89, fmt: A8R8G8B8
{16:24:29.955} INFO: [Renderer]   |  monitor:1, 1600x900, bpp:24, hz:60.00, fmt: A8R8G8B8
{16:24:29.955} INFO: [Renderer]   |  monitor:1, 1600x1024, bpp:24, hz:59.95, fmt: A8R8G8B8
{16:24:29.955} INFO: [Renderer]   |  monitor:1, 1600x1024, bpp:24, hz:59.95, fmt: A8R8G8B8
{16:24:29.955} INFO: [Renderer]   |  monitor:1, 1600x1200, bpp:24, hz:59.95, fmt: A8R8G8B8
{16:24:29.955} INFO: [Renderer]   |  monitor:1, 1600x1200, bpp:24, hz:59.95, fmt: A8R8G8B8
{16:24:29.955} INFO: [Renderer]   |  monitor:1, 1680x1050, bpp:24, hz:59.95, fmt: A8R8G8B8
{16:24:29.955} INFO: [Renderer]   |  monitor:1, 1920x1080, bpp:24, hz:60.00, fmt: A8R8G8B8
{16:24:29.955} INFO: [Renderer]   |  monitor:1, 1920x1080, bpp:24, hz:59.94, fmt: A8R8G8B8
{16:24:29.955} INFO: [Renderer]   |  monitor:1, 1920x1200, bpp:24, hz:59.95, fmt: A8R8G8B8
{16:24:29.955} INFO: [Renderer]   |  monitor:1, 1920x1200, bpp:24, hz:59.95, fmt: A8R8G8B8
{16:24:29.955} INFO: [Renderer]   |  monitor:1, 1920x1440, bpp:24, hz:59.95, fmt: A8R8G8B8
{16:24:29.955} INFO: [Renderer]   |  monitor:1, 1920x1440, bpp:24, hz:59.95, fmt: A8R8G8B8
{16:24:29.955} INFO: [Renderer]   |  monitor:1, 1920x2160, bpp:24, hz:60.00, fmt: A8R8G8B8
{16:24:29.955} INFO: [Renderer]   |  monitor:1, 1920x2160, bpp:24, hz:60.00, fmt: A8R8G8B8
{16:24:29.955} INFO: [Renderer]   |  monitor:1, 2048x1280, bpp:24, hz:59.95, fmt: A8R8G8B8
{16:24:29.955} INFO: [Renderer]   |  monitor:1, 2048x1280, bpp:24, hz:59.95, fmt: A8R8G8B8
{16:24:29.955} INFO: [Renderer]   |  monitor:1, 2048x1536, bpp:24, hz:60.00, fmt: A8R8G8B8
{16:24:29.955} INFO: [Renderer]   |  monitor:1, 2048x1536, bpp:24, hz:60.00, fmt: A8R8G8B8
{16:24:29.955} INFO: [Renderer]   |  monitor:1, 2560x1440, bpp:24, hz:59.95, fmt: A8R8G8B8
{16:24:29.955} INFO: [Renderer]   |  monitor:1, 2560x1600, bpp:24, hz:60.00, fmt: A8R8G8B8
{16:24:29.955} INFO: [Renderer]   |  monitor:1, 2560x1600, bpp:24, hz:60.00, fmt: A8R8G8B8
{16:24:29.955} INFO: [Renderer]   |  monitor:1, 3840x2160, bpp:24, hz:60.00, fmt: A8R8G8B8
{16:24:29.956} INFO: [Renderer]   | Texture streaming mem 0 MB
{16:24:29.956} INFO: [INFO]       > Texture streaming buffer set to 0MB
{16:24:29.956} INFO: [INFO]       > Texture streaming lowest priority distance set to 100m
{16:24:30.198} DEBG: [DXGI]       > WM_SIZE 0, 2560x1440
{16:24:30.199} INFO: [INFO]       > CGame::AppWindowInit: window client area: 0x0, 2560x1440
{16:24:30.199} DEBG: [DXGI]       > [RChangeDeviceState] 2560x1440, 1.000000, borderless, 0/0 Hz
{16:24:30.199} DEBG: [DXGI]       >                  was 1920x1080, 1.000000, , 0/1 Hz
{16:24:30.202} DEBG: [DXGI]       > WM_SIZE 0, 0x0
{16:24:30.202} DEBG: [DXGI]       > WM_SIZE 0, 2560x1440
{16:24:30.976} INFO: [INFO]       > Texture streaming buffer set to 4000MB
{16:24:30.980} INFO: [Video]      > //Video settings:
{16:24:30.980} INFO: [Video]      > RendererMode("d3d11")
{16:24:30.980} INFO: [Video]      > AsyncCompute(0)
{16:24:30.980} INFO: [Video]      > WindowMode(1)
{16:24:30.980} INFO: [Video]      > Resolution(2560,1440)
{16:24:30.980} INFO: [Video]      > Scale3D(1.000000)
{16:24:30.980} INFO: [Video]      > FSR(0.450000)
{16:24:30.980} INFO: [Video]      > Upscaler(0)
{16:24:30.980} INFO: [Video]      > Upscaling(2)
{16:24:30.980} INFO: [Video]      > Monitor(0)
{16:24:30.980} INFO: [Video]      > DisableDWM(0)
{16:24:30.980} INFO: [Video]      > TextureQuality("High")
{16:24:30.980} INFO: [Video]      > ShadowMapSize(924)
{16:24:30.980} INFO: [Video]      > SpotShadowMapSize(4096)
{16:24:30.980} INFO: [Video]      > GammaFloat(1.00)
{16:24:30.980} INFO: [Video]      > GrassQuality(0)
{16:24:30.980} INFO: [Video]      > FrameRate(1)
{16:24:30.980} INFO: [Video]      > MotionBlur(1)
{16:24:30.980} INFO: [Video]      > MotionBlurQuality("High")
{16:24:30.980} INFO: [Video]      > FilmGrain(0)
{16:24:30.980} INFO: [Video]      > AntiAliasing(1)
{16:24:30.980} INFO: [Video]      > AntiAliasingQuality(1)
{16:24:30.980} INFO: [Video]      > FogQuality(2)
{16:24:30.980} INFO: [Video]      > ReflectionsQuality(2)
{16:24:30.980} INFO: [Video]      > ContactShadowsQuality(4)
{16:24:30.980} INFO: [Video]      > SpotShadowsQuality(2)
{16:24:30.980} INFO: [Video]      > AmbientOcclusion(1)
{16:24:30.980} INFO: [Video]      > AmbientOcclusionQuality(1)
{16:24:30.980} INFO: [Video]      > ColorBlindMode(0)
{16:24:30.980} INFO: [Video]      > GpuFxQuality(1)
{16:24:30.980} INFO: [Video]      > VoxelGiQuality(3)
{16:24:30.981} INFO: [ResPack]    > Free resource loading disabled
{16:24:31.089} INFO: [ResPack]    > Acquired prefab data: 147856, 161992
{16:24:31.090} INFO: [ResPack]    >  -> 0 prefabs, 32 presets available in engine_pc.rpack
{16:24:32.243} INFO: [ResPack]    > Acquired prefab data: 12557784, 10596232
{16:24:32.265} INFO: [ResPack]    >  -> 1081 prefabs, 184 presets available in common_prefabs_pc.rpack
{16:24:32.620} INFO: [INFO]       > [Input] Keyboard 0 enumerated: intance_name = Keyboard, product_name = Keyboard, GUID = {6f1d2b61-d5a0-11cf-bfc7-444553540000}
{16:24:32.678} INFO: [INFO]       > [CInput::SelectKeyboard] Keyboard 0 selected: Keyboard, Keyboard
{16:24:32.780} INFO: [INFO]       > Bink filename: IntroLogos_4k.bik
{16:24:34.583} INFO: [INFO]       > [gpufx] preloaded 1019 sequences. It took 1564.835083 ms
{16:24:34.583} RETL: [Game] > game version: '1.0.4', '1.0.202202081230'
{16:24:41.455} INFO: [INFO]       > Bink filename: GameIntro_4k.bik
{16:24:46.094} RETL: [Savegame] > ScanForSavegames: saves 1 (prev value -1)
{16:24:47.979} RETL: [Savegame] > Continue save update finished (SUCCEEDED): save 'save_main_0.sav' found, all_scanned_saves 1
{16:24:54.074} RETL: [Game]     > ===== CreateSession ===== 
{16:24:55.306} INFO: [ResPack]    > Acquired prefab data: 106165472, 42357864
{16:24:55.421} INFO: [ResPack]    >  -> 8689 prefabs, 568 presets available in city_persistent_pc.rpack
{16:24:55.462} INFO: [ResPack]    > Acquired prefab data: 2687000, 1309528
{16:24:55.467} INFO: [ResPack]    >  -> 181 prefabs, 43 presets available in prologue_persistent_pc.rpack
{16:24:55.489} RETL: [Savegame] > SessionContextState: 'OnCreate' [game_type 'Campaign', game_mode 'Coop', save_name 'save_main_0.sav' (slot 0), map 'city' (id:761188051), (first), difficulty [current: Normal, savegame: Normal, min_savegame: Normal, initial: Normal, lobby_settings: Normal], save_version 72, build: '1.0.202202081230 / 2', perforce_stream: '//tech/rel-ph-patch1-pc']
{16:24:59.384} INFO: [Video]      > //Video settings:
{16:24:59.384} INFO: [Video]      > RendererMode("d3d11")
{16:24:59.384} INFO: [Video]      > AsyncCompute(0)
{16:24:59.384} INFO: [Video]      > WindowMode(1)
{16:24:59.384} INFO: [Video]      > Resolution(2560,1440)
{16:24:59.384} INFO: [Video]      > Scale3D(1.000000)
{16:24:59.384} INFO: [Video]      > FSR(0.450000)
{16:24:59.384} INFO: [Video]      > Upscaler(0)
{16:24:59.384} INFO: [Video]      > Upscaling(2)
{16:24:59.384} INFO: [Video]      > Monitor(0)
{16:24:59.384} INFO: [Video]      > DisableDWM(0)
{16:24:59.384} INFO: [Video]      > TextureQuality("High")
{16:24:59.384} INFO: [Video]      > ShadowMapSize(924)
{16:24:59.384} INFO: [Video]      > SpotShadowMapSize(4096)
{16:24:59.384} INFO: [Video]      > GammaFloat(1.00)
{16:24:59.384} INFO: [Video]      > GrassQuality(0)
{16:24:59.384} INFO: [Video]      > FrameRate(1)
{16:24:59.384} INFO: [Video]      > MotionBlur(1)
{16:24:59.384} INFO: [Video]      > MotionBlurQuality("High")
{16:24:59.384} INFO: [Video]      > FilmGrain(0)
{16:24:59.384} INFO: [Video]      > AntiAliasing(1)
{16:24:59.384} INFO: [Video]      > AntiAliasingQuality(1)
{16:24:59.384} INFO: [Video]      > FogQuality(2)
{16:24:59.384} INFO: [Video]      > ReflectionsQuality(2)
{16:24:59.384} INFO: [Video]      > ContactShadowsQuality(4)
{16:24:59.384} INFO: [Video]      > SpotShadowsQuality(2)
{16:24:59.384} INFO: [Video]      > AmbientOcclusion(1)
{16:24:59.384} INFO: [Video]      > AmbientOcclusionQuality(1)
{16:24:59.384} INFO: [Video]      > ColorBlindMode(0)
{16:24:59.384} INFO: [Video]      > GpuFxQuality(1)
{16:24:59.384} INFO: [Video]      > VoxelGiQuality(3)
{16:25:02.357} RETL: [Game]     > >>>>> <1294863022> Changing level from <> to <city>
{16:25:05.588} RETL: [Savegame] > SessionContextState: 'OnUpdate after ChangeMap' [game_type 'Campaign', game_mode 'Coop', save_name 'save_main_0.sav' (slot 0), map 'city' (id:761188051), (first), difficulty [current: Normal, savegame: Normal, min_savegame: Normal, initial: Normal, lobby_settings: Normal], save_version 72, build: '1.0.202202081230 / 2', perforce_stream: '//tech/rel-ph-patch1-pc']
{16:25:05.704} RETL: [Game]     > >>>>> <1294863022> Performing load - mode <NormalFromMainMenu>
{16:25:05.704} RETL: [Savegame] > File name 'save_main_0.sav', memory_save->size = 0
{16:25:05.729} RETL: [Savegame] > Loading finished (ESgErr::Ok).
{16:25:05.729} RETL: [Savegame] > Applying loaded data: Original version: [save_version 72, build: '1.0.202202071214 / 2', perforce_stream: '//tech/rel-ph-patch1-pc'], Source version: [save_version 72, build: '1.0.202202081230 / 2', perforce_stream: '//tech/rel-ph-patch1-pc'], Current version: [save_version 72, build: '1.0.202202081230 / 2', perforce_stream: '//tech/rel-ph-patch1-pc']
{16:25:05.729} RETL: [Savegame] > Updated SessionContext [session_id 1293025094, time_played 39132848, campaign_finished false, finished_difficulty -1]
{16:25:05.874} RETL: [Savegame] > RestoreStoryState result: 'true'.
{16:25:05.874} RETL: [Savegame] > SpawnSpot: Spawnpoint, map: 'city', map_area: 'city/^ow_windmill_r01_02/Surv/sanctuary', spawn_point: city/^ow_windmill_r01_02/Surv/player/respawn
{16:25:05.918} RETL: [Savegame] > Applying loaded data finished (result: true)
{16:25:08.247} INFO: [ResPack]    > Acquired prefab data: 552, 224
{16:25:08.247} INFO: [ResPack]    >  -> 1 prefabs, 0 presets available in reg_pin_wt_r1_pc.rpack
{16:25:08.532} INFO: [ResPack]    > Acquired prefab data: 32967768, 13857440
{16:25:08.575} INFO: [ResPack]    >  -> 6313 prefabs, 0 presets available in reg_01_pc.rpack
{16:25:08.605} INFO: [ResPack]    > Acquired prefab data: 535832, 207488
{16:25:08.606} INFO: [ResPack]    >  -> 123 prefabs, 0 presets available in reg_buffer_01_05_pc.rpack
{16:25:08.610} INFO: [ResPack]    > Acquired prefab data: 283312, 106608
{16:25:08.610} INFO: [ResPack]    >  -> 140 prefabs, 0 presets available in reg_buffer_01_02_pc.rpack
{16:25:08.628} INFO: [ResPack]    > Acquired prefab data: 1800416, 752040
{16:25:08.630} INFO: [ResPack]    >  -> 692 prefabs, 0 presets available in reg_buffer_01_04_pc.rpack
{16:26:45.778} INFO: [ResPack]    > Acquired prefab data: 552, 224
{16:26:45.778} INFO: [ResPack]    >  -> 1 prefabs, 0 presets available in reg_pin_bazaar_pc.rpack
{16:29:21.547} INFO: [ResPack]    > Acquired prefab data: 552, 224
{16:29:21.547} INFO: [ResPack]    >  -> 1 prefabs, 0 presets available in reg_pin_wt_r1_pc.rpack
{16:43:26.433} INFO: [ResPack]    > Acquired prefab data: 552, 224
{16:43:26.433} INFO: [ResPack]    >  -> 1 prefabs, 0 presets available in reg_pin_metro_pk_pc.rpack
{16:43:31.505} INFO: [ResPack]    > Acquired prefab data: 552, 224
{16:43:31.505} INFO: [ResPack]    >  -> 1 prefabs, 0 presets available in reg_pin_wt_r1_pc.rpack
{16:43:56.899} INFO: [INFO]       > Bink filename: skill_parkour_ranged.bik
{16:43:57.165} INFO: [INFO]       > Bink filename: skill_air_takedown.bik
{16:43:57.265} INFO: [INFO]       > Bink filename: skill_silent_takedown.bik
{16:43:57.648} INFO: [INFO]       > Bink filename: skill_windmill.bik
{16:43:59.966} INFO: [INFO]       > Bink filename: skill_silent_takedown.bik
{16:44:06.466} INFO: [INFO]       > Bink filename: skill_charge_grab.bik
{16:44:09.132} INFO: [INFO]       > Bink filename: skill_silent_takedown.bik

{16:44:19.557} INFO: [ResPack]    > Acquired prefab data: 552, 224
{16:44:19.557} INFO: [ResPack]    >  -> 1 prefabs, 0 presets available in reg_pin_wt_r1_pc.rpack
{16:44:33.023} INFO: [ResPack]    > Acquired prefab data: 552, 224
{16:44:33.023} INFO: [ResPack]    >  -> 1 prefabs, 0 presets available in reg_pin_wt_r1_pc.rpack
{16:44:34.350} INFO: [ResPack]    > Acquired prefab data: 552, 224
{16:44:34.350} INFO: [ResPack]    >  -> 1 prefabs, 0 presets available in reg_pin_metro_pk_pc.rpack
{16:44:36.774} INFO: [ResPack]    > Acquired prefab data: 552, 224
{16:44:36.774} INFO: [ResPack]    >  -> 1 prefabs, 0 presets available in reg_pin_wt_r1_pc.rpack
{16:44:53.069} INFO: [ResPack]    > Acquired prefab data: 552, 224
{16:44:53.069} INFO: [ResPack]    >  -> 1 prefabs, 0 presets available in reg_pin_metro_pk_pc.rpack
{16:45:20.441} INFO: [ResPack]    > Acquired prefab data: 552, 224
{16:45:20.441} INFO: [ResPack]    >  -> 1 prefabs, 0 presets available in reg_pin_wt_r1_pc.rpack
{16:49:58.883} INFO: [ResPack]    > Acquired prefab data: 552, 224
{16:49:58.883} INFO: [ResPack]    >  -> 1 prefabs, 0 presets available in reg_pin_metro_pk_pc.rpack
{16:50:08.054} INFO: [ResPack]    > Acquired prefab data: 552, 224
{16:50:08.054} INFO: [ResPack]    >  -> 1 prefabs, 0 presets available in reg_pin_wt_r1_pc.rpack
{16:50:20.850} INFO: [ResPack]    > Acquired prefab data: 552, 224
{16:50:20.850} INFO: [ResPack]    >  -> 1 prefabs, 0 presets available in reg_pin_metro_pk_pc.rpack
{16:50:34.988} INFO: [ResPack]    > Acquired prefab data: 552, 224
{16:50:34.988} INFO: [ResPack]    >  -> 1 prefabs, 0 presets available in reg_pin_wt_r1_pc.rpack
{16:52:15.268} INFO: [ResPack]    > Acquired prefab data: 552, 224
{16:52:15.268} INFO: [ResPack]    >  -> 1 prefabs, 0 presets available in reg_pin_bazaar_pc.rpack
{16:54:47.322} INFO: [ResPack]    > Acquired prefab data: 552, 224
{16:54:47.322} INFO: [ResPack]    >  -> 1 prefabs, 0 presets available in reg_pin_markers_pc.rpack
{16:58:57.816} INFO: [ResPack]    > Acquired prefab data: 552, 224
{16:58:57.816} INFO: [ResPack]    >  -> 1 prefabs, 0 presets available in reg_pin_markers_pc.rpack
{16:59:05.950} INFO: [ResPack]    > Acquired prefab data: 552, 224
{16:59:05.950} INFO: [ResPack]    >  -> 1 prefabs, 0 presets available in reg_pin_markers_pc.rpack
{17:03:26.593} INFO: [ResPack]    > Acquired prefab data: 552, 224
{17:03:26.593} INFO: [ResPack]    >  -> 1 prefabs, 0 presets available in reg_pin_windmill_pc.rpack
{17:03:42.645} INFO: [ResPack]    > Acquired prefab data: 552, 224
{17:03:42.645} INFO: [ResPack]    >  -> 1 prefabs, 0 presets available in reg_pin_bandits_r1_pc.rpack
{17:05:38.628} INFO: [INFO]       > Bink filename: skill_wrestle_kick.bik
{17:05:45.506} INFO: [INFO]       > Bink filename: skill_multiple_shots.bik
{17:05:45.573} INFO: [INFO]       > Bink filename: skill_ground_pound.bik
{17:05:45.656} INFO: [INFO]       > Bink filename: skill_wrestle_kick.bik
{17:05:45.890} INFO: [INFO]       > Bink filename: skill_vault_kick_ragdoll.bik
{17:05:46.706} INFO: [INFO]       > Bink filename: skill_wrestle_kick.bik
{17:05:48.723} INFO: [INFO]       > Bink filename: skill_power_attack.bik
{17:05:48.773} INFO: [INFO]       > Bink filename: skill_windmill.bik
{17:05:57.074} INFO: [INFO]       > Bink filename: skill_ground_pound.bik
{17:05:57.890} INFO: [INFO]       > Bink filename: skill_wrestle_kick.bik
{17:05:58.541} INFO: [INFO]       > Bink filename: skill_power_attack.bik
{17:05:58.806} INFO: [INFO]       > Bink filename: skill_windmill.bik
{17:05:58.857} INFO: [INFO]       > Bink filename: skill_ground_pound.bik
{17:08:58.527} INFO: [ResPack]    > Acquired prefab data: 552, 224
{17:08:58.527} INFO: [ResPack]    >  -> 1 prefabs, 0 presets available in reg_pin_bandits_r1_pc.rpack
{17:13:23.293} INFO: [ResPack]    > Acquired prefab data: 552, 224
{17:13:23.294} INFO: [ResPack]    >  -> 1 prefabs, 0 presets available in reg_pin_bandits_r1_pc.rpack
{17:15:11.316} INFO: [ResPack]    > Acquired prefab data: 552, 224
{17:15:11.316} INFO: [ResPack]    >  -> 1 prefabs, 0 presets available in reg_pin_bandits_r1_pc.rpack
{17:17:16.415} INFO: [ResPack]    > Acquired prefab data: 552, 224
{17:17:16.416} INFO: [ResPack]    >  -> 1 prefabs, 0 presets available in reg_pin_bandits_r1_pc.rpack
{17:21:08.828} INFO: [ResPack]    > Acquired prefab data: 552, 224
{17:21:08.828} INFO: [ResPack]    >  -> 1 prefabs, 0 presets available in reg_pin_markers_pc.rpack
{17:22:00.099} INFO: [ResPack]    > Acquired prefab data: 552, 224
{17:22:00.099} INFO: [ResPack]    >  -> 1 prefabs, 0 presets available in reg_pin_bazaar_pc.rpack
{17:22:05.524} INFO: [ResPack]    > Acquired prefab data: 552, 224
{17:22:05.524} INFO: [ResPack]    >  -> 1 prefabs, 0 presets available in reg_pin_bazaar_pc.rpack
{17:22:32.315} INFO: [ResPack]    > Acquired prefab data: 552, 224
{17:22:32.315} INFO: [ResPack]    >  -> 1 prefabs, 0 presets available in reg_pin_markers_pc.rpack
{17:25:43.436} INFO: [ResPack]    > Acquired prefab data: 552, 224
{17:25:43.436} INFO: [ResPack]    >  -> 1 prefabs, 0 presets available in reg_pin_markers_pc.rpack
{17:27:06.144} INFO: [ResPack]    > Acquired prefab data: 552, 224
{17:27:06.144} INFO: [ResPack]    >  -> 1 prefabs, 0 presets available in reg_pin_bazaar_pc.rpack
{17:28:30.916} INFO: [ResPack]    > Acquired prefab data: 552, 224
{17:28:30.916} INFO: [ResPack]    >  -> 1 prefabs, 0 presets available in reg_pin_bazaar_pc.rpack
{17:32:54.863} INFO: [INFO]       > Bink filename: tool_binoculars.bik
{17:34:24.634} INFO: [ResPack]    > Acquired prefab data: 552, 224
{17:34:24.634} INFO: [ResPack]    >  -> 1 prefabs, 0 presets available in reg_pin_bazaar_pc.rpack
{17:49:05.095} INFO: [ResPack]    > Acquired prefab data: 552, 224
{17:49:05.095} INFO: [ResPack]    >  -> 1 prefabs, 0 presets available in reg_pin_wt_r1_pc.rpack
{18:08:45.117} INFO: [ResPack]    > Acquired prefab data: 552, 224
{18:08:45.117} INFO: [ResPack]    >  -> 1 prefabs, 0 presets available in reg_pin_bandits_r1_pc.rpack
{18:10:47.634} INFO: [ResPack]    > Acquired prefab data: 552, 224
{18:10:47.634} INFO: [ResPack]    >  -> 1 prefabs, 0 presets available in reg_pin_wt_r1_pc.rpack

{18:11:51.446} INFO: [ResPack]    > Acquired prefab data: 552, 224
{18:11:51.446} INFO: [ResPack]    >  -> 1 prefabs, 0 presets available in reg_pin_bazaar_pc.rpack
{18:12:04.437} RETL: [Game]     > ===== DestroySession ===== (reason: 'OnQuitGame')

{18:12:10.141} INFO: [Video]      > //Video settings:
{18:12:10.141} INFO: [Video]      > RendererMode("d3d11")
{18:12:10.141} INFO: [Video]      > AsyncCompute(0)
{18:12:10.141} INFO: [Video]      > WindowMode(1)
{18:12:10.141} INFO: [Video]      > Resolution(2560,1440)
{18:12:10.141} INFO: [Video]      > Scale3D(1.000000)
{18:12:10.141} INFO: [Video]      > FSR(0.450000)
{18:12:10.141} INFO: [Video]      > Upscaler(0)
{18:12:10.141} INFO: [Video]      > Upscaling(2)
{18:12:10.141} INFO: [Video]      > Monitor(0)
{18:12:10.141} INFO: [Video]      > DisableDWM(0)
{18:12:10.141} INFO: [Video]      > TextureQuality("High")
{18:12:10.141} INFO: [Video]      > ShadowMapSize(924)
{18:12:10.141} INFO: [Video]      > SpotShadowMapSize(4096)
{18:12:10.141} INFO: [Video]      > GammaFloat(1.00)
{18:12:10.141} INFO: [Video]      > GrassQuality(0)
{18:12:10.141} INFO: [Video]      > FrameRate(1)
{18:12:10.141} INFO: [Video]      > MotionBlur(1)
{18:12:10.141} INFO: [Video]      > MotionBlurQuality("High")
{18:12:10.141} INFO: [Video]      > FilmGrain(0)
{18:12:10.141} INFO: [Video]      > AntiAliasing(1)
{18:12:10.141} INFO: [Video]      > AntiAliasingQuality(1)
{18:12:10.141} INFO: [Video]      > FogQuality(2)
{18:12:10.141} INFO: [Video]      > ReflectionsQuality(2)
{18:12:10.141} INFO: [Video]      > ContactShadowsQuality(4)
{18:12:10.141} INFO: [Video]      > SpotShadowsQuality(2)
{18:12:10.141} INFO: [Video]      > AmbientOcclusion(1)
{18:12:10.141} INFO: [Video]      > AmbientOcclusionQuality(1)
{18:12:10.141} INFO: [Video]      > ColorBlindMode(0)
{18:12:10.141} INFO: [Video]      > GpuFxQuality(1)
{18:12:10.141} INFO: [Video]      > VoxelGiQuality(3)
{18:12:12.414} RETL: [Savegame] > Continue save update finished (SUCCEEDED): save 'save_main_0.sav' found, all_scanned_saves 1
{18:12:18.765} INFO: [INFO]       > ---------------------------------------------------------
{18:12:18.765} INFO: [INFO]       > Time of playing game: 6470.180176s
{18:12:18.765} INFO: [INFO]       > Updated frames: 382251 Rendered frames: 381931
{18:12:18.766} INFO: [INFO]       > Average FPS: 59.029423
{18:12:18.766} INFO: [INFO]       > ---------------------------------------------------------
{18:12:21.368} INFO: [Renderer]   > [r_Shutdown] Dll released
