{23:03:46.367} INFO: [FileSystem] > [CZip_dir::Initialize] 'c:/program files (x86)/steam/steamapps/common/dying light 2 / ph/source/data0.pak' took: 0.000000ms
{23:03:46.390} INFO: [FileSystem] > [CZip_dir::Initialize] 'c:/program files (x86)/steam/steamapps/common/dying light 2 / ph/source/data1.pak' took: 0.000000ms
{23:03:46.392} INFO: [FileSystem] > [CZip_dir::Initialize] 'c:/program files (x86)/steam/steamapps/common/dying light 2 / ph/source/databt.mpak' took: 0.000000ms
{23:03:48.309} RETL: [GAME] > arguments (2): 'C:\Program Files (x86)\Steam\steamapps\common\Dying Light 2\ph\work\bin\x64\DyingLightGame_x64_rwdi.exe', '/nolightfx'
{23:03:48.688} INFO: [FileSystem] > [CZip_dir::Initialize] 'c:/program files (x86)/steam/steamapps/common/dying light 2 / ph/source/data_lang/dataen.pak' took: 0.000000ms
{23:03:48.712} INFO: [Renderer]   > [CVideoSettings::LoadSettings] Loading video settings using 'out/Settings/Video.scr'
{23:03:48.721} INFO: [Renderer]   > [r_Initialize] Loaded from rd3d11_x64_rwdi.dll.
{23:03:48.721} INFO: [Renderer]   > MonitorIdx=0, SecondaryMonitorIdx=-1
{23:03:48.721} INFO: [Renderer]   > Enumerating D3D11 video adapters:
{23:03:48.728} INFO: [Renderer]   > Adapter 0: NVIDIA GeForce RTX 2080 Ti 11049MB/16346MB/0MB
{23:03:48.728} INFO: [Renderer]   |   Output 0: [0,0 - 2560,1440] \\.\DISPLAY1
{23:03:48.728} INFO: [Renderer]   |   Output 1: [2560,0 - 6400,2160] \\.\DISPLAY2
{23:03:48.728} INFO: [Renderer]   > Adapter 1: Microsoft Basic Render Driver 0MB/16346MB/0MB
{23:03:48.728} INFO: [Renderer]   > Sorted adapter 0: NVIDIA GeForce RTX 2080 Ti 11049MB/16346MB/0MB
{23:03:48.728} INFO: [Renderer]   > Sorted adapter 1: Microsoft Basic Render Driver 0MB/16346MB/0MB
{23:03:48.728} INFO: [Renderer]   > Picking adapter: NVIDIA GeForce RTX 2080 Ti
{23:03:48.728} INFO: [Renderer]   | Primary monitor: [0,0 - 2560,1440]
{23:03:48.728} INFO: [Renderer]   | Secondary monitor: [2560,0 - 6400,2160]
{23:03:49.716} INFO: [Renderer]   > Renderer started in DX11 mode.
{23:03:49.716} INFO: [Renderer]   > DX11 reported 11'049M free texture memory.
{23:03:49.718} INFO: [Renderer]   > [CheckSLI] Single GPU system
{23:03:49.779} INFO: [Renderer]   > [d3d12rt-checker] All tests were OK. Switch to D3D12Ultimate to enable raytracing
{23:03:49.800} INFO: [Renderer]   > Renderer: supported display modes:
{23:03:49.800} INFO: [Renderer]   |  monitor:0, 640x480, bpp:24, hz:75.00, fmt: A8R8G8B8
{23:03:49.800} INFO: [Renderer]   |  monitor:0, 640x480, bpp:24, hz:60.00, fmt: A8R8G8B8
{23:03:49.800} INFO: [Renderer]   |  monitor:0, 640x480, bpp:24, hz:59.94, fmt: A8R8G8B8
{23:03:49.800} INFO: [Renderer]   |  monitor:0, 720x480, bpp:24, hz:60.00, fmt: A8R8G8B8
{23:03:49.800} INFO: [Renderer]   |  monitor:0, 720x480, bpp:24, hz:59.94, fmt: A8R8G8B8
{23:03:49.800} INFO: [Renderer]   |  monitor:0, 720x576, bpp:24, hz:50.00, fmt: A8R8G8B8
{23:03:49.800} INFO: [Renderer]   |  monitor:0, 800x600, bpp:24, hz:75.00, fmt: A8R8G8B8
{23:03:49.800} INFO: [Renderer]   |  monitor:0, 800x600, bpp:24, hz:60.32, fmt: A8R8G8B8
{23:03:49.800} INFO: [Renderer]   |  monitor:0, 1024x768, bpp:24, hz:75.03, fmt: A8R8G8B8
{23:03:49.800} INFO: [Renderer]   |  monitor:0, 1024x768, bpp:24, hz:60.00, fmt: A8R8G8B8
{23:03:49.800} INFO: [Renderer]   |  monitor:0, 1152x864, bpp:24, hz:75.00, fmt: A8R8G8B8
{23:03:49.800} INFO: [Renderer]   |  monitor:0, 1176x664, bpp:24, hz:60.00, fmt: A8R8G8B8
{23:03:49.800} INFO: [Renderer]   |  monitor:0, 1176x664, bpp:24, hz:60.00, fmt: A8R8G8B8
{23:03:49.800} INFO: [Renderer]   |  monitor:0, 1176x664, bpp:24, hz:59.94, fmt: A8R8G8B8
{23:03:49.800} INFO: [Renderer]   |  monitor:0, 1176x664, bpp:24, hz:59.94, fmt: A8R8G8B8
{23:03:49.800} INFO: [Renderer]   |  monitor:0, 1176x664, bpp:24, hz:50.00, fmt: A8R8G8B8
{23:03:49.800} INFO: [Renderer]   |  monitor:0, 1176x664, bpp:24, hz:50.00, fmt: A8R8G8B8
{23:03:49.800} INFO: [Renderer]   |  monitor:0, 1280x720, bpp:24, hz:60.00, fmt: A8R8G8B8
{23:03:49.800} INFO: [Renderer]   |  monitor:0, 1280x720, bpp:24, hz:59.94, fmt: A8R8G8B8
{23:03:49.800} INFO: [Renderer]   |  monitor:0, 1280x720, bpp:24, hz:50.00, fmt: A8R8G8B8
{23:03:49.800} INFO: [Renderer]   |  monitor:0, 1280x768, bpp:24, hz:59.81, fmt: A8R8G8B8
{23:03:49.800} INFO: [Renderer]   |  monitor:0, 1280x768, bpp:24, hz:59.81, fmt: A8R8G8B8
{23:03:49.800} INFO: [Renderer]   |  monitor:0, 1280x800, bpp:24, hz:59.81, fmt: A8R8G8B8
{23:03:49.800} INFO: [Renderer]   |  monitor:0, 1280x960, bpp:24, hz:75.03, fmt: A8R8G8B8
{23:03:49.800} INFO: [Renderer]   |  monitor:0, 1280x960, bpp:24, hz:75.03, fmt: A8R8G8B8
{23:03:49.800} INFO: [Renderer]   |  monitor:0, 1280x960, bpp:24, hz:60.02, fmt: A8R8G8B8
{23:03:49.800} INFO: [Renderer]   |  monitor:0, 1280x960, bpp:24, hz:60.02, fmt: A8R8G8B8
{23:03:49.800} INFO: [Renderer]   |  monitor:0, 1280x1024, bpp:24, hz:75.03, fmt: A8R8G8B8
{23:03:49.800} INFO: [Renderer]   |  monitor:0, 1280x1024, bpp:24, hz:60.02, fmt: A8R8G8B8
{23:03:49.800} INFO: [Renderer]   |  monitor:0, 1360x768, bpp:24, hz:60.00, fmt: A8R8G8B8
{23:03:49.800} INFO: [Renderer]   |  monitor:0, 1360x768, bpp:24, hz:60.00, fmt: A8R8G8B8
{23:03:49.800} INFO: [Renderer]   |  monitor:0, 1360x768, bpp:24, hz:59.94, fmt: A8R8G8B8
{23:03:49.800} INFO: [Renderer]   |  monitor:0, 1360x768, bpp:24, hz:59.94, fmt: A8R8G8B8
{23:03:49.800} INFO: [Renderer]   |  monitor:0, 1360x768, bpp:24, hz:50.00, fmt: A8R8G8B8
{23:03:49.800} INFO: [Renderer]   |  monitor:0, 1360x768, bpp:24, hz:50.00, fmt: A8R8G8B8
{23:03:49.800} INFO: [Renderer]   |  monitor:0, 1366x768, bpp:24, hz:60.00, fmt: A8R8G8B8
{23:03:49.800} INFO: [Renderer]   |  monitor:0, 1366x768, bpp:24, hz:60.00, fmt: A8R8G8B8
{23:03:49.800} INFO: [Renderer]   |  monitor:0, 1366x768, bpp:24, hz:59.94, fmt: A8R8G8B8
{23:03:49.800} INFO: [Renderer]   |  monitor:0, 1366x768, bpp:24, hz:59.94, fmt: A8R8G8B8
{23:03:49.800} INFO: [Renderer]   |  monitor:0, 1366x768, bpp:24, hz:50.00, fmt: A8R8G8B8
{23:03:49.800} INFO: [Renderer]   |  monitor:0, 1366x768, bpp:24, hz:50.00, fmt: A8R8G8B8
{23:03:49.800} INFO: [Renderer]   |  monitor:0, 1440x900, bpp:24, hz:60.00, fmt: A8R8G8B8
{23:03:49.800} INFO: [Renderer]   |  monitor:0, 1440x900, bpp:24, hz:60.00, fmt: A8R8G8B8
{23:03:49.800} INFO: [Renderer]   |  monitor:0, 1440x900, bpp:24, hz:59.94, fmt: A8R8G8B8
{23:03:49.800} INFO: [Renderer]   |  monitor:0, 1440x900, bpp:24, hz:59.94, fmt: A8R8G8B8
{23:03:49.800} INFO: [Renderer]   |  monitor:0, 1440x900, bpp:24, hz:50.00, fmt: A8R8G8B8
{23:03:49.800} INFO: [Renderer]   |  monitor:0, 1440x900, bpp:24, hz:50.00, fmt: A8R8G8B8
{23:03:49.800} INFO: [Renderer]   |  monitor:0, 1600x900, bpp:24, hz:60.00, fmt: A8R8G8B8
{23:03:49.800} INFO: [Renderer]   |  monitor:0, 1600x900, bpp:24, hz:60.00, fmt: A8R8G8B8
{23:03:49.801} INFO: [Renderer]   |  monitor:0, 1600x900, bpp:24, hz:59.94, fmt: A8R8G8B8
{23:03:49.801} INFO: [Renderer]   |  monitor:0, 1600x900, bpp:24, hz:59.94, fmt: A8R8G8B8
{23:03:49.801} INFO: [Renderer]   |  monitor:0, 1600x900, bpp:24, hz:50.00, fmt: A8R8G8B8
{23:03:49.801} INFO: [Renderer]   |  monitor:0, 1600x900, bpp:24, hz:50.00, fmt: A8R8G8B8
{23:03:49.801} INFO: [Renderer]   |  monitor:0, 1600x1024, bpp:24, hz:60.00, fmt: A8R8G8B8
{23:03:49.801} INFO: [Renderer]   |  monitor:0, 1600x1024, bpp:24, hz:60.00, fmt: A8R8G8B8
{23:03:49.801} INFO: [Renderer]   |  monitor:0, 1600x1024, bpp:24, hz:59.94, fmt: A8R8G8B8
{23:03:49.801} INFO: [Renderer]   |  monitor:0, 1600x1024, bpp:24, hz:59.94, fmt: A8R8G8B8
{23:03:49.801} INFO: [Renderer]   |  monitor:0, 1600x1024, bpp:24, hz:50.00, fmt: A8R8G8B8
{23:03:49.801} INFO: [Renderer]   |  monitor:0, 1600x1024, bpp:24, hz:50.00, fmt: A8R8G8B8
{23:03:49.801} INFO: [Renderer]   |  monitor:0, 1600x1200, bpp:24, hz:60.00, fmt: A8R8G8B8
{23:03:49.801} INFO: [Renderer]   |  monitor:0, 1680x1050, bpp:24, hz:60.00, fmt: A8R8G8B8
{23:03:49.801} INFO: [Renderer]   |  monitor:0, 1680x1050, bpp:24, hz:60.00, fmt: A8R8G8B8
{23:03:49.801} INFO: [Renderer]   |  monitor:0, 1680x1050, bpp:24, hz:59.94, fmt: A8R8G8B8
{23:03:49.801} INFO: [Renderer]   |  monitor:0, 1680x1050, bpp:24, hz:59.94, fmt: A8R8G8B8
{23:03:49.801} INFO: [Renderer]   |  monitor:0, 1680x1050, bpp:24, hz:50.00, fmt: A8R8G8B8
{23:03:49.801} INFO: [Renderer]   |  monitor:0, 1680x1050, bpp:24, hz:50.00, fmt: A8R8G8B8
{23:03:49.801} INFO: [Renderer]   |  monitor:0, 1920x1080, bpp:24, hz:60.00, fmt: A8R8G8B8
{23:03:49.801} INFO: [Renderer]   |  monitor:0, 1920x1080, bpp:24, hz:59.94, fmt: A8R8G8B8
{23:03:49.801} INFO: [Renderer]   |  monitor:0, 1920x1080, bpp:24, hz:50.00, fmt: A8R8G8B8
{23:03:49.801} INFO: [Renderer]   |  monitor:0, 1920x1200, bpp:24, hz:59.92, fmt: A8R8G8B8
{23:03:49.801} INFO: [Renderer]   |  monitor:0, 1920x1200, bpp:24, hz:59.92, fmt: A8R8G8B8
{23:03:49.801} INFO: [Renderer]   |  monitor:0, 1920x1440, bpp:24, hz:59.95, fmt: A8R8G8B8
{23:03:49.801} INFO: [Renderer]   |  monitor:0, 1920x1440, bpp:24, hz:59.95, fmt: A8R8G8B8
{23:03:49.801} INFO: [Renderer]   |  monitor:0, 1920x2160, bpp:24, hz:59.99, fmt: A8R8G8B8
{23:03:49.801} INFO: [Renderer]   |  monitor:0, 2048x1280, bpp:24, hz:59.92, fmt: A8R8G8B8
{23:03:49.801} INFO: [Renderer]   |  monitor:0, 2048x1536, bpp:24, hz:60.00, fmt: A8R8G8B8
{23:03:49.801} INFO: [Renderer]   |  monitor:0, 2048x1536, bpp:24, hz:60.00, fmt: A8R8G8B8
{23:03:49.801} INFO: [Renderer]   |  monitor:0, 2048x1536, bpp:24, hz:29.98, fmt: A8R8G8B8
{23:03:49.801} INFO: [Renderer]   |  monitor:0, 2048x1536, bpp:24, hz:29.98, fmt: A8R8G8B8
{23:03:49.801} INFO: [Renderer]   |  monitor:0, 2560x1440, bpp:24, hz:59.95, fmt: A8R8G8B8
{23:03:49.801} INFO: [Renderer]   |  monitor:0, 2560x1600, bpp:24, hz:60.00, fmt: A8R8G8B8
{23:03:49.801} INFO: [Renderer]   |  monitor:0, 2560x1600, bpp:24, hz:60.00, fmt: A8R8G8B8
{23:03:49.801} INFO: [Renderer]   |  monitor:0, 2560x1600, bpp:24, hz:29.98, fmt: A8R8G8B8
{23:03:49.801} INFO: [Renderer]   |  monitor:0, 2560x1600, bpp:24, hz:29.98, fmt: A8R8G8B8
{23:03:49.801} INFO: [Renderer]   |  monitor:0, 3840x2160, bpp:24, hz:60.00, fmt: A8R8G8B8
{23:03:49.801} INFO: [Renderer]   |  monitor:0, 3840x2160, bpp:24, hz:29.98, fmt: A8R8G8B8
{23:03:49.801} INFO: [Renderer]   |  monitor:1, 640x480, bpp:24, hz:75.00, fmt: A8R8G8B8
{23:03:49.801} INFO: [Renderer]   |  monitor:1, 640x480, bpp:24, hz:72.00, fmt: A8R8G8B8
{23:03:49.801} INFO: [Renderer]   |  monitor:1, 640x480, bpp:24, hz:60.00, fmt: A8R8G8B8
{23:03:49.801} INFO: [Renderer]   |  monitor:1, 720x480, bpp:24, hz:75.00, fmt: A8R8G8B8
{23:03:49.801} INFO: [Renderer]   |  monitor:1, 720x480, bpp:24, hz:75.00, fmt: A8R8G8B8
{23:03:49.801} INFO: [Renderer]   |  monitor:1, 720x480, bpp:24, hz:72.19, fmt: A8R8G8B8
{23:03:49.801} INFO: [Renderer]   |  monitor:1, 720x480, bpp:24, hz:72.19, fmt: A8R8G8B8
{23:03:49.801} INFO: [Renderer]   |  monitor:1, 720x480, bpp:24, hz:60.32, fmt: A8R8G8B8
{23:03:49.801} INFO: [Renderer]   |  monitor:1, 720x480, bpp:24, hz:60.32, fmt: A8R8G8B8
{23:03:49.801} INFO: [Renderer]   |  monitor:1, 720x480, bpp:24, hz:56.25, fmt: A8R8G8B8
{23:03:49.801} INFO: [Renderer]   |  monitor:1, 720x480, bpp:24, hz:56.25, fmt: A8R8G8B8
{23:03:49.801} INFO: [Renderer]   |  monitor:1, 720x576, bpp:24, hz:75.00, fmt: A8R8G8B8
{23:03:49.801} INFO: [Renderer]   |  monitor:1, 720x576, bpp:24, hz:75.00, fmt: A8R8G8B8
{23:03:49.801} INFO: [Renderer]   |  monitor:1, 720x576, bpp:24, hz:72.19, fmt: A8R8G8B8
{23:03:49.801} INFO: [Renderer]   |  monitor:1, 720x576, bpp:24, hz:72.19, fmt: A8R8G8B8
{23:03:49.801} INFO: [Renderer]   |  monitor:1, 720x576, bpp:24, hz:60.32, fmt: A8R8G8B8
{23:03:49.801} INFO: [Renderer]   |  monitor:1, 720x576, bpp:24, hz:60.32, fmt: A8R8G8B8
{23:03:49.801} INFO: [Renderer]   |  monitor:1, 720x576, bpp:24, hz:56.25, fmt: A8R8G8B8
{23:03:49.801} INFO: [Renderer]   |  monitor:1, 720x576, bpp:24, hz:56.25, fmt: A8R8G8B8
{23:03:49.801} INFO: [Renderer]   |  monitor:1, 800x600, bpp:24, hz:75.00, fmt: A8R8G8B8
{23:03:49.801} INFO: [Renderer]   |  monitor:1, 800x600, bpp:24, hz:72.19, fmt: A8R8G8B8
{23:03:49.801} INFO: [Renderer]   |  monitor:1, 800x600, bpp:24, hz:60.32, fmt: A8R8G8B8
{23:03:49.801} INFO: [Renderer]   |  monitor:1, 800x600, bpp:24, hz:56.25, fmt: A8R8G8B8
{23:03:49.801} INFO: [Renderer]   |  monitor:1, 1024x768, bpp:24, hz:75.03, fmt: A8R8G8B8
{23:03:49.801} INFO: [Renderer]   |  monitor:1, 1024x768, bpp:24, hz:70.07, fmt: A8R8G8B8
{23:03:49.801} INFO: [Renderer]   |  monitor:1, 1024x768, bpp:24, hz:60.00, fmt: A8R8G8B8
{23:03:49.801} INFO: [Renderer]   |  monitor:1, 1152x864, bpp:24, hz:75.00, fmt: A8R8G8B8
{23:03:49.801} INFO: [Renderer]   |  monitor:1, 1176x664, bpp:24, hz:60.00, fmt: A8R8G8B8
{23:03:49.801} INFO: [Renderer]   |  monitor:1, 1176x664, bpp:24, hz:60.00, fmt: A8R8G8B8
{23:03:49.801} INFO: [Renderer]   |  monitor:1, 1280x720, bpp:24, hz:60.00, fmt: A8R8G8B8
{23:03:49.801} INFO: [Renderer]   |  monitor:1, 1280x768, bpp:24, hz:59.81, fmt: A8R8G8B8
{23:03:49.801} INFO: [Renderer]   |  monitor:1, 1280x768, bpp:24, hz:59.81, fmt: A8R8G8B8
{23:03:49.801} INFO: [Renderer]   |  monitor:1, 1280x800, bpp:24, hz:59.81, fmt: A8R8G8B8
{23:03:49.801} INFO: [Renderer]   |  monitor:1, 1280x960, bpp:24, hz:75.03, fmt: A8R8G8B8
{23:03:49.801} INFO: [Renderer]   |  monitor:1, 1280x960, bpp:24, hz:75.03, fmt: A8R8G8B8
{23:03:49.801} INFO: [Renderer]   |  monitor:1, 1280x960, bpp:24, hz:60.02, fmt: A8R8G8B8
{23:03:49.801} INFO: [Renderer]   |  monitor:1, 1280x960, bpp:24, hz:60.02, fmt: A8R8G8B8
{23:03:49.801} INFO: [Renderer]   |  monitor:1, 1280x1024, bpp:24, hz:75.03, fmt: A8R8G8B8
{23:03:49.801} INFO: [Renderer]   |  monitor:1, 1280x1024, bpp:24, hz:60.02, fmt: A8R8G8B8
{23:03:49.801} INFO: [Renderer]   |  monitor:1, 1360x768, bpp:24, hz:59.89, fmt: A8R8G8B8
{23:03:49.801} INFO: [Renderer]   |  monitor:1, 1360x768, bpp:24, hz:59.89, fmt: A8R8G8B8
{23:03:49.801} INFO: [Renderer]   |  monitor:1, 1366x768, bpp:24, hz:59.89, fmt: A8R8G8B8
{23:03:49.801} INFO: [Renderer]   |  monitor:1, 1366x768, bpp:24, hz:59.89, fmt: A8R8G8B8
{23:03:49.801} INFO: [Renderer]   |  monitor:1, 1440x900, bpp:24, hz:59.89, fmt: A8R8G8B8
{23:03:49.801} INFO: [Renderer]   |  monitor:1, 1600x900, bpp:24, hz:60.00, fmt: A8R8G8B8
{23:03:49.801} INFO: [Renderer]   |  monitor:1, 1600x1024, bpp:24, hz:59.95, fmt: A8R8G8B8
{23:03:49.801} INFO: [Renderer]   |  monitor:1, 1600x1024, bpp:24, hz:59.95, fmt: A8R8G8B8
{23:03:49.801} INFO: [Renderer]   |  monitor:1, 1600x1200, bpp:24, hz:59.95, fmt: A8R8G8B8
{23:03:49.801} INFO: [Renderer]   |  monitor:1, 1600x1200, bpp:24, hz:59.95, fmt: A8R8G8B8
{23:03:49.801} INFO: [Renderer]   |  monitor:1, 1680x1050, bpp:24, hz:59.95, fmt: A8R8G8B8
{23:03:49.801} INFO: [Renderer]   |  monitor:1, 1920x1080, bpp:24, hz:60.00, fmt: A8R8G8B8
{23:03:49.801} INFO: [Renderer]   |  monitor:1, 1920x1080, bpp:24, hz:59.94, fmt: A8R8G8B8
{23:03:49.801} INFO: [Renderer]   |  monitor:1, 1920x1200, bpp:24, hz:59.95, fmt: A8R8G8B8
{23:03:49.801} INFO: [Renderer]   |  monitor:1, 1920x1200, bpp:24, hz:59.95, fmt: A8R8G8B8
{23:03:49.801} INFO: [Renderer]   |  monitor:1, 1920x1440, bpp:24, hz:59.95, fmt: A8R8G8B8
{23:03:49.801} INFO: [Renderer]   |  monitor:1, 1920x1440, bpp:24, hz:59.95, fmt: A8R8G8B8
{23:03:49.801} INFO: [Renderer]   |  monitor:1, 1920x2160, bpp:24, hz:60.00, fmt: A8R8G8B8
{23:03:49.801} INFO: [Renderer]   |  monitor:1, 1920x2160, bpp:24, hz:60.00, fmt: A8R8G8B8
{23:03:49.801} INFO: [Renderer]   |  monitor:1, 2048x1280, bpp:24, hz:59.95, fmt: A8R8G8B8
{23:03:49.801} INFO: [Renderer]   |  monitor:1, 2048x1280, bpp:24, hz:59.95, fmt: A8R8G8B8
{23:03:49.801} INFO: [Renderer]   |  monitor:1, 2048x1536, bpp:24, hz:60.00, fmt: A8R8G8B8
{23:03:49.801} INFO: [Renderer]   |  monitor:1, 2048x1536, bpp:24, hz:60.00, fmt: A8R8G8B8
{23:03:49.801} INFO: [Renderer]   |  monitor:1, 2560x1440, bpp:24, hz:59.95, fmt: A8R8G8B8
{23:03:49.801} INFO: [Renderer]   |  monitor:1, 2560x1600, bpp:24, hz:60.00, fmt: A8R8G8B8
{23:03:49.801} INFO: [Renderer]   |  monitor:1, 2560x1600, bpp:24, hz:60.00, fmt: A8R8G8B8
{23:03:49.801} INFO: [Renderer]   |  monitor:1, 3840x2160, bpp:24, hz:60.00, fmt: A8R8G8B8
{23:03:49.802} INFO: [Renderer]   | Texture streaming mem 0 MB
{23:03:49.802} INFO: [INFO]       > Texture streaming buffer set to 0MB
{23:03:49.802} INFO: [INFO]       > Texture streaming lowest priority distance set to 100m
{23:03:50.045} DEBG: [DXGI]       > WM_SIZE 0, 2560x1440
{23:03:50.046} INFO: [INFO]       > CGame::AppWindowInit: window client area: 0x0, 2560x1440
{23:03:50.047} DEBG: [DXGI]       > [RChangeDeviceState] 2560x1440, 1.000000, borderless, 0/0 Hz
{23:03:50.047} DEBG: [DXGI]       >                  was 1920x1080, 1.000000, , 0/1 Hz
{23:03:50.050} DEBG: [DXGI]       > WM_SIZE 0, 0x0
{23:03:50.050} DEBG: [DXGI]       > WM_SIZE 0, 2560x1440
{23:03:50.760} INFO: [INFO]       > Texture streaming buffer set to 4000MB
{23:03:50.762} INFO: [Video]      > //Video settings:
{23:03:50.762} INFO: [Video]      > RendererMode("d3d11")
{23:03:50.762} INFO: [Video]      > AsyncCompute(0)
{23:03:50.762} INFO: [Video]      > WindowMode(1)
{23:03:50.762} INFO: [Video]      > Resolution(2560,1440)
{23:03:50.762} INFO: [Video]      > Scale3D(1.000000)
{23:03:50.762} INFO: [Video]      > FSR(0.450000)
{23:03:50.762} INFO: [Video]      > Upscaler(0)
{23:03:50.762} INFO: [Video]      > Upscaling(2)
{23:03:50.762} INFO: [Video]      > Monitor(0)
{23:03:50.762} INFO: [Video]      > DisableDWM(0)
{23:03:50.762} INFO: [Video]      > TextureQuality("High")
{23:03:50.762} INFO: [Video]      > ShadowMapSize(924)
{23:03:50.762} INFO: [Video]      > SpotShadowMapSize(4096)
{23:03:50.762} INFO: [Video]      > GammaFloat(1.00)
{23:03:50.762} INFO: [Video]      > GrassQuality(0)
{23:03:50.762} INFO: [Video]      > FrameRate(1)
{23:03:50.762} INFO: [Video]      > MotionBlur(1)
{23:03:50.762} INFO: [Video]      > MotionBlurQuality("High")
{23:03:50.762} INFO: [Video]      > FilmGrain(0)
{23:03:50.762} INFO: [Video]      > DistanceBlur(1)
{23:03:50.762} INFO: [Video]      > AntiAliasing(1)
{23:03:50.762} INFO: [Video]      > AntiAliasingQuality(1)
{23:03:50.762} INFO: [Video]      > FogQuality(2)
{23:03:50.762} INFO: [Video]      > ReflectionsQuality(2)
{23:03:50.762} INFO: [Video]      > ContactShadowsQuality(4)
{23:03:50.762} INFO: [Video]      > SpotShadowsQuality(2)
{23:03:50.762} INFO: [Video]      > AmbientOcclusion(1)
{23:03:50.762} INFO: [Video]      > AmbientOcclusionQuality(1)
{23:03:50.762} INFO: [Video]      > ColorBlindMode(0)
{23:03:50.762} INFO: [Video]      > GpuFxQuality(1)
{23:03:50.762} INFO: [Video]      > VoxelGiQuality(3)
{23:03:50.763} INFO: [ResPack]    > Free resource loading disabled
{23:03:50.857} INFO: [ResPack]    > Acquired prefab data: 147856, 161992
{23:03:50.859} INFO: [ResPack]    >  -> 0 prefabs, 32 presets available in engine_pc.rpack
{23:03:51.850} INFO: [ResPack]    > Acquired prefab data: 12557784, 10596232
{23:03:51.870} INFO: [ResPack]    >  -> 1081 prefabs, 184 presets available in common_prefabs_pc.rpack
{23:03:52.119} INFO: [INFO]       > [Input] Keyboard 0 enumerated: intance_name = Keyboard, product_name = Keyboard, GUID = {6f1d2b61-d5a0-11cf-bfc7-444553540000}
{23:03:52.172} INFO: [INFO]       > [CInput::SelectKeyboard] Keyboard 0 selected: Keyboard, Keyboard
{23:03:52.277} INFO: [INFO]       > Bink filename: IntroLogos_4k.bik
{23:03:54.024} INFO: [INFO]       > [gpufx] preloaded 1019 sequences. It took 1504.286011 ms
{23:03:54.024} RETL: [Game] > game version: '1.0.5', '1.0.202202101153'
{23:04:07.528} INFO: [INFO]       > Bink filename: GameIntro_4k.bik
{23:04:23.992} RETL: [Savegame] > ScanForSavegames: saves 1 (prev value -1)
{23:04:25.800} RETL: [Savegame] > Continue save update finished (SUCCEEDED): save 'save_main_0.sav' found, all_scanned_saves 1
{23:05:59.102} RETL: [Game]     > ===== CreateSession ===== 
{23:06:00.322} INFO: [ResPack]    > Acquired prefab data: 106165472, 42357864
{23:06:00.436} INFO: [ResPack]    >  -> 8689 prefabs, 568 presets available in city_persistent_pc.rpack
{23:06:00.475} INFO: [ResPack]    > Acquired prefab data: 2687000, 1309528
{23:06:00.481} INFO: [ResPack]    >  -> 181 prefabs, 43 presets available in prologue_persistent_pc.rpack
{23:06:00.504} RETL: [Savegame] > SessionContextState: 'OnCreate' [game_type 'Campaign', game_mode 'Coop', save_name 'save_main_0.sav' (slot 0), map 'city' (id:761188051), (first), difficulty [current: Normal, savegame: Normal, min_savegame: Normal, initial: Normal, lobby_settings: Normal], save_version 72, build: '1.0.202202101153 / 2', perforce_stream: '//tech/rel-ph-patch1-pc']
{23:06:04.596} INFO: [Video]      > //Video settings:
{23:06:04.596} INFO: [Video]      > RendererMode("d3d11")
{23:06:04.596} INFO: [Video]      > AsyncCompute(0)
{23:06:04.596} INFO: [Video]      > WindowMode(1)
{23:06:04.596} INFO: [Video]      > Resolution(2560,1440)
{23:06:04.596} INFO: [Video]      > Scale3D(1.000000)
{23:06:04.596} INFO: [Video]      > FSR(0.450000)
{23:06:04.596} INFO: [Video]      > Upscaler(0)
{23:06:04.596} INFO: [Video]      > Upscaling(2)
{23:06:04.596} INFO: [Video]      > Monitor(0)
{23:06:04.596} INFO: [Video]      > DisableDWM(0)
{23:06:04.596} INFO: [Video]      > TextureQuality("High")
{23:06:04.596} INFO: [Video]      > ShadowMapSize(924)
{23:06:04.596} INFO: [Video]      > SpotShadowMapSize(4096)
{23:06:04.596} INFO: [Video]      > GammaFloat(1.00)
{23:06:04.596} INFO: [Video]      > GrassQuality(0)
{23:06:04.596} INFO: [Video]      > FrameRate(1)
{23:06:04.596} INFO: [Video]      > MotionBlur(1)
{23:06:04.596} INFO: [Video]      > MotionBlurQuality("High")
{23:06:04.596} INFO: [Video]      > FilmGrain(0)
{23:06:04.596} INFO: [Video]      > DistanceBlur(1)
{23:06:04.596} INFO: [Video]      > AntiAliasing(1)
{23:06:04.596} INFO: [Video]      > AntiAliasingQuality(1)
{23:06:04.596} INFO: [Video]      > FogQuality(2)
{23:06:04.596} INFO: [Video]      > ReflectionsQuality(2)
{23:06:04.596} INFO: [Video]      > ContactShadowsQuality(4)
{23:06:04.596} INFO: [Video]      > SpotShadowsQuality(2)
{23:06:04.596} INFO: [Video]      > AmbientOcclusion(1)
{23:06:04.596} INFO: [Video]      > AmbientOcclusionQuality(1)
{23:06:04.596} INFO: [Video]      > ColorBlindMode(0)
{23:06:04.596} INFO: [Video]      > GpuFxQuality(1)
{23:06:04.596} INFO: [Video]      > VoxelGiQuality(3)
{23:06:07.569} RETL: [Game]     > >>>>> <1300287694> Changing level from <> to <city>
{23:06:10.749} RETL: [Savegame] > SessionContextState: 'OnUpdate after ChangeMap' [game_type 'Campaign', game_mode 'Coop', save_name 'save_main_0.sav' (slot 0), map 'city' (id:761188051), (first), difficulty [current: Normal, savegame: Normal, min_savegame: Normal, initial: Normal, lobby_settings: Normal], save_version 72, build: '1.0.202202101153 / 2', perforce_stream: '//tech/rel-ph-patch1-pc']
{23:06:10.859} RETL: [Game]     > >>>>> <1300287694> Performing load - mode <NormalFromMainMenu>
{23:06:10.859} RETL: [Savegame] > File name 'save_main_0.sav', memory_save->size = 0
{23:06:10.875} RETL: [Savegame] > Loading finished (ESgErr::Ok).
{23:06:10.875} RETL: [Savegame] > Applying loaded data: Original version: [save_version 72, build: '1.0.202202071214 / 2', perforce_stream: '//tech/rel-ph-patch1-pc'], Source version: [save_version 72, build: '1.0.202202101153 / 2', perforce_stream: '//tech/rel-ph-patch1-pc'], Current version: [save_version 72, build: '1.0.202202101153 / 2', perforce_stream: '//tech/rel-ph-patch1-pc']
{23:06:10.875} RETL: [Savegame] > Updated SessionContext [session_id 1293025094, time_played 83363305, campaign_finished false, finished_difficulty -1]
{23:06:11.523} RETL: [Savegame] > RestoreStoryState result: 'true'.
{23:06:11.523} RETL: [Savegame] > SpawnSpot: Spawnpoint, map: 'city', map_area: 'city/^loc_canteen_r02/logic/r02_canteen_ext_logic/r02_canteen_ext_zones/Exterior_Canteen_Sanctuary', spawn_point: city/^loc_canteen_r02/logic/player/Respawn
{23:06:11.562} RETL: [Savegame] > Applying loaded data finished (result: true)
{23:06:13.900} INFO: [ResPack]    > Acquired prefab data: 552, 224
{23:06:13.900} INFO: [ResPack]    >  -> 1 prefabs, 0 presets available in reg_pin_canteen_pc.rpack
{23:06:14.355} INFO: [ResPack]    > Acquired prefab data: 35373120, 15041136
{23:06:14.403} INFO: [ResPack]    >  -> 9251 prefabs, 0 presets available in reg_02_pc.rpack
{23:06:14.448} INFO: [ResPack]    > Acquired prefab data: 46056, 25728
{23:06:14.448} INFO: [ResPack]    >  -> 22 prefabs, 0 presets available in reg_buffer_02_05_a_pc.rpack
{23:06:14.451} INFO: [ResPack]    > Acquired prefab data: 368992, 141216
{23:06:14.452} INFO: [ResPack]    >  -> 183 prefabs, 0 presets available in reg_buffer_02_05_b_pc.rpack
{23:06:14.456} INFO: [ResPack]    > Acquired prefab data: 535832, 207488
{23:06:14.456} INFO: [ResPack]    >  -> 123 prefabs, 0 presets available in reg_buffer_01_05_pc.rpack
{23:06:14.459} INFO: [ResPack]    > Acquired prefab data: 131624, 64608
{23:06:14.459} INFO: [ResPack]    >  -> 59 prefabs, 0 presets available in reg_buffer_05_06_pc.rpack
{23:06:14.476} INFO: [ResPack]    > Acquired prefab data: 1800416, 752040
{23:06:14.479} INFO: [ResPack]    >  -> 692 prefabs, 0 presets available in reg_buffer_01_04_pc.rpack
{23:06:14.512} INFO: [ResPack]    > Acquired prefab data: 2256760, 754928
{23:06:14.515} INFO: [ResPack]    >  -> 819 prefabs, 0 presets available in reg_buffer_02_04a_pc.rpack
{23:06:14.529} INFO: [ResPack]    > Acquired prefab data: 875616, 330280
{23:06:14.531} INFO: [ResPack]    >  -> 437 prefabs, 0 presets available in reg_buffer_02_04b_pc.rpack
{23:06:14.544} INFO: [ResPack]    > Acquired prefab data: 1724824, 722736
{23:06:14.547} INFO: [ResPack]    >  -> 764 prefabs, 0 presets available in reg_buffer_02_03b_pc.rpack
{23:06:14.564} INFO: [ResPack]    > Acquired prefab data: 1216672, 457288
{23:06:14.565} INFO: [ResPack]    >  -> 563 prefabs, 0 presets available in reg_buffer_02_03_pc.rpack
{23:06:14.573} INFO: [ResPack]    > Acquired prefab data: 389832, 144960
{23:06:14.574} INFO: [ResPack]    >  -> 119 prefabs, 0 presets available in reg_buffer_04_a_b_pc.rpack
{23:12:48.574} INFO: [INFO]       > Bink filename: skill_silent_takedown_throw.bik
{23:12:48.674} INFO: [INFO]       > Bink filename: skill_ledge_takedown.bik
{23:12:50.007} INFO: [INFO]       > Bink filename: skill_dash_advanced.bik
{23:12:50.341} INFO: [INFO]       > Bink filename: skill_dash_advanced.bik
{23:12:52.324} INFO: [INFO]       > Bink filename: skill_double_jump.bik
{23:12:52.841} INFO: [INFO]       > Bink filename: skill_active_land2.bik
{23:12:53.158} INFO: [INFO]       > Bink filename: skill_active_land_jump.bik
{23:12:56.375} INFO: [INFO]       > Bink filename: skill_far_jump.bik
{23:12:56.642} INFO: [INFO]       > Bink filename: skill_enemy_jump.bik
{23:12:56.741} INFO: [INFO]       > Bink filename: skill_dash_advanced.bik
{23:12:57.224} INFO: [INFO]       > Bink filename: skill_dash.bik
{23:12:57.308} INFO: [INFO]       > Bink filename: skill_far_jump.bik
{23:12:57.409} INFO: [INFO]       > Bink filename: skill_sleek_runner.bik

{23:18:50.208} INFO: [INFO]       > Bink filename: skill_sleek_runner.bik
{23:18:50.807} INFO: [INFO]       > Bink filename: skill_slide_advanced.bik
{23:18:50.857} INFO: [INFO]       > Bink filename: skill_slide_jump.bik
{23:18:51.091} INFO: [INFO]       > Bink filename: skill_slide_jump.bik
{23:18:51.124} INFO: [INFO]       > Bink filename: skill_slide_advanced.bik
{23:18:51.275} INFO: [INFO]       > Bink filename: skill_double_jump.bik
{23:18:51.324} INFO: [INFO]       > Bink filename: skill_dash_advanced.bik
{23:18:55.091} INFO: [INFO]       > Bink filename: skill_parkour_ranged.bik
{23:20:50.922} INFO: [ResPack]    > Acquired prefab data: 552, 224
{23:20:50.922} INFO: [ResPack]    >  -> 1 prefabs, 0 presets available in reg_pin_canteen_pc.rpack
{23:23:52.970} INFO: [INFO]       > Bink filename: tool_paraglider.bik
{23:23:57.187} INFO: [INFO]       > Bink filename: tool_uvflashlight.bik
{23:25:43.516} INFO: [ResPack]    > Acquired prefab data: 552, 224
{23:25:43.516} INFO: [ResPack]    >  -> 1 prefabs, 0 presets available in reg_pin_canteen_pc.rpack
{23:32:25.476} INFO: [INFO]       > Bink filename: tool_grapplehook.bik
{23:32:25.909} INFO: [INFO]       > Bink filename: tool_uvflashlight.bik
{23:32:26.276} INFO: [INFO]       > Bink filename: tool_uvflashlight.bik
{23:32:26.459} INFO: [INFO]       > Bink filename: tool_paraglider.bik
{23:32:27.108} INFO: [INFO]       > Bink filename: tool_binoculars.bik
{23:32:27.358} INFO: [INFO]       > Bink filename: tool_binoculars.bik
{23:33:14.861} INFO: [INFO]       > Bink filename: tool_paraglider.bik
{23:39:25.706} INFO: [ResPack]    > Acquired prefab data: 7022048, 3230112
{23:39:25.725} INFO: [ResPack]    >  -> 1733 prefabs, 0 presets available in reg_03_a_pc.rpack
{23:39:25.748} INFO: [ResPack]    > Acquired prefab data: 1174496, 459200
{23:39:25.751} INFO: [ResPack]    >  -> 490 prefabs, 0 presets available in reg_buffer_03_06_pc.rpack
{23:39:25.761} INFO: [ResPack]    > Acquired prefab data: 1681392, 645424
{23:39:25.765} INFO: [ResPack]    >  -> 691 prefabs, 0 presets available in reg_06_pc.rpack
{23:41:13.848} INFO: [ResPack]    > Acquired prefab data: 35373120, 15041136
{23:41:13.892} INFO: [ResPack]    >  -> 9251 prefabs, 0 presets available in reg_02_pc.rpack
{23:41:13.936} INFO: [ResPack]    > Acquired prefab data: 46056, 25728
{23:41:13.936} INFO: [ResPack]    >  -> 22 prefabs, 0 presets available in reg_buffer_02_05_a_pc.rpack
{23:41:13.938} INFO: [ResPack]    > Acquired prefab data: 368992, 141216
{23:41:13.939} INFO: [ResPack]    >  -> 183 prefabs, 0 presets available in reg_buffer_02_05_b_pc.rpack
{23:41:13.942} INFO: [ResPack]    > Acquired prefab data: 535832, 207488
{23:41:13.942} INFO: [ResPack]    >  -> 123 prefabs, 0 presets available in reg_buffer_01_05_pc.rpack
{23:41:13.958} INFO: [ResPack]    > Acquired prefab data: 1800416, 752040
{23:41:13.961} INFO: [ResPack]    >  -> 692 prefabs, 0 presets available in reg_buffer_01_04_pc.rpack
{23:41:13.987} INFO: [ResPack]    > Acquired prefab data: 2256760, 754928
{23:41:13.990} INFO: [ResPack]    >  -> 819 prefabs, 0 presets available in reg_buffer_02_04a_pc.rpack
{23:41:14.003} INFO: [ResPack]    > Acquired prefab data: 875616, 330280
{23:41:14.004} INFO: [ResPack]    >  -> 437 prefabs, 0 presets available in reg_buffer_02_04b_pc.rpack
{23:41:14.010} INFO: [ResPack]    > Acquired prefab data: 389832, 144960
{23:41:14.011} INFO: [ResPack]    >  -> 119 prefabs, 0 presets available in reg_buffer_04_a_b_pc.rpack
{23:55:21.456} RETL: [Game]     > ===== DestroySession ===== (reason: 'OnQuitGame')
{23:55:27.157} INFO: [Video]      > //Video settings:
{23:55:27.157} INFO: [Video]      > RendererMode("d3d11")
{23:55:27.157} INFO: [Video]      > AsyncCompute(0)
{23:55:27.157} INFO: [Video]      > WindowMode(1)
{23:55:27.157} INFO: [Video]      > Resolution(2560,1440)
{23:55:27.157} INFO: [Video]      > Scale3D(1.000000)
{23:55:27.157} INFO: [Video]      > FSR(0.450000)
{23:55:27.157} INFO: [Video]      > Upscaler(0)
{23:55:27.157} INFO: [Video]      > Upscaling(2)
{23:55:27.157} INFO: [Video]      > Monitor(0)
{23:55:27.157} INFO: [Video]      > DisableDWM(0)
{23:55:27.157} INFO: [Video]      > TextureQuality("High")
{23:55:27.157} INFO: [Video]      > ShadowMapSize(924)
{23:55:27.157} INFO: [Video]      > SpotShadowMapSize(4096)
{23:55:27.157} INFO: [Video]      > GammaFloat(1.00)
{23:55:27.157} INFO: [Video]      > GrassQuality(0)
{23:55:27.157} INFO: [Video]      > FrameRate(1)
{23:55:27.157} INFO: [Video]      > MotionBlur(1)
{23:55:27.157} INFO: [Video]      > MotionBlurQuality("High")
{23:55:27.157} INFO: [Video]      > FilmGrain(0)
{23:55:27.157} INFO: [Video]      > DistanceBlur(1)
{23:55:27.157} INFO: [Video]      > AntiAliasing(1)
{23:55:27.157} INFO: [Video]      > AntiAliasingQuality(1)
{23:55:27.157} INFO: [Video]      > FogQuality(2)
{23:55:27.157} INFO: [Video]      > ReflectionsQuality(2)
{23:55:27.157} INFO: [Video]      > ContactShadowsQuality(4)
{23:55:27.157} INFO: [Video]      > SpotShadowsQuality(2)
{23:55:27.157} INFO: [Video]      > AmbientOcclusion(1)
{23:55:27.157} INFO: [Video]      > AmbientOcclusionQuality(1)
{23:55:27.157} INFO: [Video]      > ColorBlindMode(0)
{23:55:27.157} INFO: [Video]      > GpuFxQuality(1)
{23:55:27.157} INFO: [Video]      > VoxelGiQuality(3)
{23:55:29.509} RETL: [Savegame] > Continue save update finished (SUCCEEDED): save 'save_main_0.sav' found, all_scanned_saves 1
{23:55:35.948} INFO: [INFO]       > ---------------------------------------------------------
{23:55:35.948} INFO: [INFO]       > Time of playing game: 3107.646240s
{23:55:35.948} INFO: [INFO]       > Updated frames: 183155 Rendered frames: 182836
{23:55:35.948} INFO: [INFO]       > Average FPS: 58.834244
{23:55:35.948} INFO: [INFO]       > ---------------------------------------------------------
{23:55:38.532} INFO: [Renderer]   > [r_Shutdown] Dll released
