{06:16:07.463} INFO: [FileSystem] > [CZip_dir::Initialize] 'c:/program files (x86)/steam/steamapps/common/dying light 2 / ph/source/data0.pak' took: 0.000000ms
{06:16:07.485} INFO: [FileSystem] > [CZip_dir::Initialize] 'c:/program files (x86)/steam/steamapps/common/dying light 2 / ph/source/data1.pak' took: 0.000000ms
{06:16:07.487} INFO: [FileSystem] > [CZip_dir::Initialize] 'c:/program files (x86)/steam/steamapps/common/dying light 2 / ph/source/databt.mpak' took: 0.000000ms
{06:16:09.632} RETL: [GAME] > arguments (2): 'C:\Program Files (x86)\Steam\steamapps\common\Dying Light 2\ph\work\bin\x64\DyingLightGame_x64_rwdi.exe', '/nolightfx'
{06:16:09.950} INFO: [FileSystem] > [CZip_dir::Initialize] 'c:/program files (x86)/steam/steamapps/common/dying light 2 / ph/source/data_lang/dataen.pak' took: 0.000000ms
{06:16:09.974} INFO: [Renderer]   > [CVideoSettings::LoadSettings] Loading video settings using 'out/Settings/Video.scr'
{06:16:09.985} INFO: [Renderer]   > [r_Initialize] Loaded from rd3d11_x64_rwdi.dll.
{06:16:09.986} INFO: [Renderer]   > MonitorIdx=0, SecondaryMonitorIdx=-1
{06:16:09.986} INFO: [Renderer]   > Enumerating D3D11 video adapters:
{06:16:09.992} INFO: [Renderer]   > Adapter 0: NVIDIA GeForce RTX 2080 Ti 11049MB/16346MB/0MB
{06:16:09.992} INFO: [Renderer]   |   Output 0: [0,0 - 2560,1440] \\.\DISPLAY1
{06:16:09.992} INFO: [Renderer]   |   Output 1: [2560,0 - 6400,2160] \\.\DISPLAY2
{06:16:09.992} INFO: [Renderer]   > Adapter 1: Microsoft Basic Render Driver 0MB/16346MB/0MB
{06:16:09.992} INFO: [Renderer]   > Sorted adapter 0: NVIDIA GeForce RTX 2080 Ti 11049MB/16346MB/0MB
{06:16:09.992} INFO: [Renderer]   > Sorted adapter 1: Microsoft Basic Render Driver 0MB/16346MB/0MB
{06:16:09.992} INFO: [Renderer]   > Picking adapter: NVIDIA GeForce RTX 2080 Ti
{06:16:09.992} INFO: [Renderer]   | Primary monitor: [0,0 - 2560,1440]
{06:16:09.992} INFO: [Renderer]   | Secondary monitor: [2560,0 - 6400,2160]
{06:16:10.884} INFO: [Renderer]   > Renderer started in DX11 mode.
{06:16:10.884} INFO: [Renderer]   > DX11 reported 11'049M free texture memory.
{06:16:10.885} INFO: [Renderer]   > [CheckSLI] Single GPU system
{06:16:10.959} INFO: [Renderer]   > [d3d12rt-checker] All tests were OK. Switch to D3D12Ultimate to enable raytracing
{06:16:10.975} INFO: [Renderer]   > Renderer: supported display modes:
{06:16:10.975} INFO: [Renderer]   |  monitor:0, 640x480, bpp:24, hz:75.00, fmt: A8R8G8B8
{06:16:10.975} INFO: [Renderer]   |  monitor:0, 640x480, bpp:24, hz:60.00, fmt: A8R8G8B8
{06:16:10.975} INFO: [Renderer]   |  monitor:0, 640x480, bpp:24, hz:59.94, fmt: A8R8G8B8
{06:16:10.975} INFO: [Renderer]   |  monitor:0, 720x480, bpp:24, hz:60.00, fmt: A8R8G8B8
{06:16:10.975} INFO: [Renderer]   |  monitor:0, 720x480, bpp:24, hz:59.94, fmt: A8R8G8B8
{06:16:10.975} INFO: [Renderer]   |  monitor:0, 720x576, bpp:24, hz:50.00, fmt: A8R8G8B8
{06:16:10.975} INFO: [Renderer]   |  monitor:0, 800x600, bpp:24, hz:75.00, fmt: A8R8G8B8
{06:16:10.975} INFO: [Renderer]   |  monitor:0, 800x600, bpp:24, hz:60.32, fmt: A8R8G8B8
{06:16:10.975} INFO: [Renderer]   |  monitor:0, 1024x768, bpp:24, hz:75.03, fmt: A8R8G8B8
{06:16:10.975} INFO: [Renderer]   |  monitor:0, 1024x768, bpp:24, hz:60.00, fmt: A8R8G8B8
{06:16:10.975} INFO: [Renderer]   |  monitor:0, 1152x864, bpp:24, hz:75.00, fmt: A8R8G8B8
{06:16:10.975} INFO: [Renderer]   |  monitor:0, 1176x664, bpp:24, hz:60.00, fmt: A8R8G8B8
{06:16:10.975} INFO: [Renderer]   |  monitor:0, 1176x664, bpp:24, hz:60.00, fmt: A8R8G8B8
{06:16:10.975} INFO: [Renderer]   |  monitor:0, 1176x664, bpp:24, hz:59.94, fmt: A8R8G8B8
{06:16:10.975} INFO: [Renderer]   |  monitor:0, 1176x664, bpp:24, hz:59.94, fmt: A8R8G8B8
{06:16:10.975} INFO: [Renderer]   |  monitor:0, 1176x664, bpp:24, hz:50.00, fmt: A8R8G8B8
{06:16:10.975} INFO: [Renderer]   |  monitor:0, 1176x664, bpp:24, hz:50.00, fmt: A8R8G8B8
{06:16:10.976} INFO: [Renderer]   |  monitor:0, 1280x720, bpp:24, hz:60.00, fmt: A8R8G8B8
{06:16:10.976} INFO: [Renderer]   |  monitor:0, 1280x720, bpp:24, hz:59.94, fmt: A8R8G8B8
{06:16:10.976} INFO: [Renderer]   |  monitor:0, 1280x720, bpp:24, hz:50.00, fmt: A8R8G8B8
{06:16:10.976} INFO: [Renderer]   |  monitor:0, 1280x768, bpp:24, hz:59.81, fmt: A8R8G8B8
{06:16:10.976} INFO: [Renderer]   |  monitor:0, 1280x768, bpp:24, hz:59.81, fmt: A8R8G8B8
{06:16:10.976} INFO: [Renderer]   |  monitor:0, 1280x800, bpp:24, hz:59.81, fmt: A8R8G8B8
{06:16:10.976} INFO: [Renderer]   |  monitor:0, 1280x960, bpp:24, hz:75.03, fmt: A8R8G8B8
{06:16:10.976} INFO: [Renderer]   |  monitor:0, 1280x960, bpp:24, hz:75.03, fmt: A8R8G8B8
{06:16:10.976} INFO: [Renderer]   |  monitor:0, 1280x960, bpp:24, hz:60.02, fmt: A8R8G8B8
{06:16:10.976} INFO: [Renderer]   |  monitor:0, 1280x960, bpp:24, hz:60.02, fmt: A8R8G8B8
{06:16:10.976} INFO: [Renderer]   |  monitor:0, 1280x1024, bpp:24, hz:75.03, fmt: A8R8G8B8
{06:16:10.976} INFO: [Renderer]   |  monitor:0, 1280x1024, bpp:24, hz:60.02, fmt: A8R8G8B8
{06:16:10.976} INFO: [Renderer]   |  monitor:0, 1360x768, bpp:24, hz:60.00, fmt: A8R8G8B8
{06:16:10.976} INFO: [Renderer]   |  monitor:0, 1360x768, bpp:24, hz:60.00, fmt: A8R8G8B8
{06:16:10.976} INFO: [Renderer]   |  monitor:0, 1360x768, bpp:24, hz:59.94, fmt: A8R8G8B8
{06:16:10.976} INFO: [Renderer]   |  monitor:0, 1360x768, bpp:24, hz:59.94, fmt: A8R8G8B8
{06:16:10.976} INFO: [Renderer]   |  monitor:0, 1360x768, bpp:24, hz:50.00, fmt: A8R8G8B8
{06:16:10.976} INFO: [Renderer]   |  monitor:0, 1360x768, bpp:24, hz:50.00, fmt: A8R8G8B8
{06:16:10.976} INFO: [Renderer]   |  monitor:0, 1366x768, bpp:24, hz:60.00, fmt: A8R8G8B8
{06:16:10.976} INFO: [Renderer]   |  monitor:0, 1366x768, bpp:24, hz:60.00, fmt: A8R8G8B8
{06:16:10.976} INFO: [Renderer]   |  monitor:0, 1366x768, bpp:24, hz:59.94, fmt: A8R8G8B8
{06:16:10.976} INFO: [Renderer]   |  monitor:0, 1366x768, bpp:24, hz:59.94, fmt: A8R8G8B8
{06:16:10.976} INFO: [Renderer]   |  monitor:0, 1366x768, bpp:24, hz:50.00, fmt: A8R8G8B8
{06:16:10.976} INFO: [Renderer]   |  monitor:0, 1366x768, bpp:24, hz:50.00, fmt: A8R8G8B8
{06:16:10.976} INFO: [Renderer]   |  monitor:0, 1440x900, bpp:24, hz:60.00, fmt: A8R8G8B8
{06:16:10.976} INFO: [Renderer]   |  monitor:0, 1440x900, bpp:24, hz:60.00, fmt: A8R8G8B8
{06:16:10.976} INFO: [Renderer]   |  monitor:0, 1440x900, bpp:24, hz:59.94, fmt: A8R8G8B8
{06:16:10.976} INFO: [Renderer]   |  monitor:0, 1440x900, bpp:24, hz:59.94, fmt: A8R8G8B8
{06:16:10.976} INFO: [Renderer]   |  monitor:0, 1440x900, bpp:24, hz:50.00, fmt: A8R8G8B8
{06:16:10.976} INFO: [Renderer]   |  monitor:0, 1440x900, bpp:24, hz:50.00, fmt: A8R8G8B8
{06:16:10.976} INFO: [Renderer]   |  monitor:0, 1600x900, bpp:24, hz:60.00, fmt: A8R8G8B8
{06:16:10.976} INFO: [Renderer]   |  monitor:0, 1600x900, bpp:24, hz:60.00, fmt: A8R8G8B8
{06:16:10.976} INFO: [Renderer]   |  monitor:0, 1600x900, bpp:24, hz:59.94, fmt: A8R8G8B8
{06:16:10.976} INFO: [Renderer]   |  monitor:0, 1600x900, bpp:24, hz:59.94, fmt: A8R8G8B8
{06:16:10.976} INFO: [Renderer]   |  monitor:0, 1600x900, bpp:24, hz:50.00, fmt: A8R8G8B8
{06:16:10.976} INFO: [Renderer]   |  monitor:0, 1600x900, bpp:24, hz:50.00, fmt: A8R8G8B8
{06:16:10.976} INFO: [Renderer]   |  monitor:0, 1600x1024, bpp:24, hz:60.00, fmt: A8R8G8B8
{06:16:10.976} INFO: [Renderer]   |  monitor:0, 1600x1024, bpp:24, hz:60.00, fmt: A8R8G8B8
{06:16:10.976} INFO: [Renderer]   |  monitor:0, 1600x1024, bpp:24, hz:59.94, fmt: A8R8G8B8
{06:16:10.976} INFO: [Renderer]   |  monitor:0, 1600x1024, bpp:24, hz:59.94, fmt: A8R8G8B8
{06:16:10.976} INFO: [Renderer]   |  monitor:0, 1600x1024, bpp:24, hz:50.00, fmt: A8R8G8B8
{06:16:10.976} INFO: [Renderer]   |  monitor:0, 1600x1024, bpp:24, hz:50.00, fmt: A8R8G8B8
{06:16:10.976} INFO: [Renderer]   |  monitor:0, 1600x1200, bpp:24, hz:60.00, fmt: A8R8G8B8
{06:16:10.976} INFO: [Renderer]   |  monitor:0, 1680x1050, bpp:24, hz:60.00, fmt: A8R8G8B8
{06:16:10.976} INFO: [Renderer]   |  monitor:0, 1680x1050, bpp:24, hz:60.00, fmt: A8R8G8B8
{06:16:10.976} INFO: [Renderer]   |  monitor:0, 1680x1050, bpp:24, hz:59.94, fmt: A8R8G8B8
{06:16:10.976} INFO: [Renderer]   |  monitor:0, 1680x1050, bpp:24, hz:59.94, fmt: A8R8G8B8
{06:16:10.976} INFO: [Renderer]   |  monitor:0, 1680x1050, bpp:24, hz:50.00, fmt: A8R8G8B8
{06:16:10.976} INFO: [Renderer]   |  monitor:0, 1680x1050, bpp:24, hz:50.00, fmt: A8R8G8B8
{06:16:10.976} INFO: [Renderer]   |  monitor:0, 1920x1080, bpp:24, hz:60.00, fmt: A8R8G8B8
{06:16:10.976} INFO: [Renderer]   |  monitor:0, 1920x1080, bpp:24, hz:59.94, fmt: A8R8G8B8
{06:16:10.976} INFO: [Renderer]   |  monitor:0, 1920x1080, bpp:24, hz:50.00, fmt: A8R8G8B8
{06:16:10.976} INFO: [Renderer]   |  monitor:0, 1920x1200, bpp:24, hz:59.92, fmt: A8R8G8B8
{06:16:10.976} INFO: [Renderer]   |  monitor:0, 1920x1200, bpp:24, hz:59.92, fmt: A8R8G8B8
{06:16:10.976} INFO: [Renderer]   |  monitor:0, 1920x1440, bpp:24, hz:59.95, fmt: A8R8G8B8
{06:16:10.976} INFO: [Renderer]   |  monitor:0, 1920x1440, bpp:24, hz:59.95, fmt: A8R8G8B8
{06:16:10.976} INFO: [Renderer]   |  monitor:0, 1920x2160, bpp:24, hz:59.99, fmt: A8R8G8B8
{06:16:10.976} INFO: [Renderer]   |  monitor:0, 2048x1280, bpp:24, hz:59.92, fmt: A8R8G8B8
{06:16:10.976} INFO: [Renderer]   |  monitor:0, 2048x1536, bpp:24, hz:60.00, fmt: A8R8G8B8
{06:16:10.976} INFO: [Renderer]   |  monitor:0, 2048x1536, bpp:24, hz:60.00, fmt: A8R8G8B8
{06:16:10.976} INFO: [Renderer]   |  monitor:0, 2048x1536, bpp:24, hz:29.98, fmt: A8R8G8B8
{06:16:10.976} INFO: [Renderer]   |  monitor:0, 2048x1536, bpp:24, hz:29.98, fmt: A8R8G8B8
{06:16:10.976} INFO: [Renderer]   |  monitor:0, 2560x1440, bpp:24, hz:59.95, fmt: A8R8G8B8
{06:16:10.976} INFO: [Renderer]   |  monitor:0, 2560x1600, bpp:24, hz:60.00, fmt: A8R8G8B8
{06:16:10.976} INFO: [Renderer]   |  monitor:0, 2560x1600, bpp:24, hz:60.00, fmt: A8R8G8B8
{06:16:10.976} INFO: [Renderer]   |  monitor:0, 2560x1600, bpp:24, hz:29.98, fmt: A8R8G8B8
{06:16:10.976} INFO: [Renderer]   |  monitor:0, 2560x1600, bpp:24, hz:29.98, fmt: A8R8G8B8
{06:16:10.976} INFO: [Renderer]   |  monitor:0, 3840x2160, bpp:24, hz:60.00, fmt: A8R8G8B8
{06:16:10.976} INFO: [Renderer]   |  monitor:0, 3840x2160, bpp:24, hz:29.98, fmt: A8R8G8B8
{06:16:10.976} INFO: [Renderer]   |  monitor:1, 640x480, bpp:24, hz:75.00, fmt: A8R8G8B8
{06:16:10.976} INFO: [Renderer]   |  monitor:1, 640x480, bpp:24, hz:72.00, fmt: A8R8G8B8
{06:16:10.976} INFO: [Renderer]   |  monitor:1, 640x480, bpp:24, hz:60.00, fmt: A8R8G8B8
{06:16:10.976} INFO: [Renderer]   |  monitor:1, 720x480, bpp:24, hz:75.00, fmt: A8R8G8B8
{06:16:10.976} INFO: [Renderer]   |  monitor:1, 720x480, bpp:24, hz:75.00, fmt: A8R8G8B8
{06:16:10.976} INFO: [Renderer]   |  monitor:1, 720x480, bpp:24, hz:72.19, fmt: A8R8G8B8
{06:16:10.976} INFO: [Renderer]   |  monitor:1, 720x480, bpp:24, hz:72.19, fmt: A8R8G8B8
{06:16:10.976} INFO: [Renderer]   |  monitor:1, 720x480, bpp:24, hz:60.32, fmt: A8R8G8B8
{06:16:10.976} INFO: [Renderer]   |  monitor:1, 720x480, bpp:24, hz:60.32, fmt: A8R8G8B8
{06:16:10.976} INFO: [Renderer]   |  monitor:1, 720x480, bpp:24, hz:56.25, fmt: A8R8G8B8
{06:16:10.976} INFO: [Renderer]   |  monitor:1, 720x480, bpp:24, hz:56.25, fmt: A8R8G8B8
{06:16:10.976} INFO: [Renderer]   |  monitor:1, 720x576, bpp:24, hz:75.00, fmt: A8R8G8B8
{06:16:10.976} INFO: [Renderer]   |  monitor:1, 720x576, bpp:24, hz:75.00, fmt: A8R8G8B8
{06:16:10.976} INFO: [Renderer]   |  monitor:1, 720x576, bpp:24, hz:72.19, fmt: A8R8G8B8
{06:16:10.976} INFO: [Renderer]   |  monitor:1, 720x576, bpp:24, hz:72.19, fmt: A8R8G8B8
{06:16:10.976} INFO: [Renderer]   |  monitor:1, 720x576, bpp:24, hz:60.32, fmt: A8R8G8B8
{06:16:10.976} INFO: [Renderer]   |  monitor:1, 720x576, bpp:24, hz:60.32, fmt: A8R8G8B8
{06:16:10.976} INFO: [Renderer]   |  monitor:1, 720x576, bpp:24, hz:56.25, fmt: A8R8G8B8
{06:16:10.976} INFO: [Renderer]   |  monitor:1, 720x576, bpp:24, hz:56.25, fmt: A8R8G8B8
{06:16:10.976} INFO: [Renderer]   |  monitor:1, 800x600, bpp:24, hz:75.00, fmt: A8R8G8B8
{06:16:10.976} INFO: [Renderer]   |  monitor:1, 800x600, bpp:24, hz:72.19, fmt: A8R8G8B8
{06:16:10.976} INFO: [Renderer]   |  monitor:1, 800x600, bpp:24, hz:60.32, fmt: A8R8G8B8
{06:16:10.976} INFO: [Renderer]   |  monitor:1, 800x600, bpp:24, hz:56.25, fmt: A8R8G8B8
{06:16:10.976} INFO: [Renderer]   |  monitor:1, 1024x768, bpp:24, hz:75.03, fmt: A8R8G8B8
{06:16:10.976} INFO: [Renderer]   |  monitor:1, 1024x768, bpp:24, hz:70.07, fmt: A8R8G8B8
{06:16:10.976} INFO: [Renderer]   |  monitor:1, 1024x768, bpp:24, hz:60.00, fmt: A8R8G8B8
{06:16:10.976} INFO: [Renderer]   |  monitor:1, 1152x864, bpp:24, hz:75.00, fmt: A8R8G8B8
{06:16:10.976} INFO: [Renderer]   |  monitor:1, 1176x664, bpp:24, hz:60.00, fmt: A8R8G8B8
{06:16:10.976} INFO: [Renderer]   |  monitor:1, 1176x664, bpp:24, hz:60.00, fmt: A8R8G8B8
{06:16:10.976} INFO: [Renderer]   |  monitor:1, 1280x720, bpp:24, hz:60.00, fmt: A8R8G8B8
{06:16:10.976} INFO: [Renderer]   |  monitor:1, 1280x768, bpp:24, hz:59.81, fmt: A8R8G8B8
{06:16:10.976} INFO: [Renderer]   |  monitor:1, 1280x768, bpp:24, hz:59.81, fmt: A8R8G8B8
{06:16:10.976} INFO: [Renderer]   |  monitor:1, 1280x800, bpp:24, hz:59.81, fmt: A8R8G8B8
{06:16:10.976} INFO: [Renderer]   |  monitor:1, 1280x960, bpp:24, hz:75.03, fmt: A8R8G8B8
{06:16:10.976} INFO: [Renderer]   |  monitor:1, 1280x960, bpp:24, hz:75.03, fmt: A8R8G8B8
{06:16:10.976} INFO: [Renderer]   |  monitor:1, 1280x960, bpp:24, hz:60.02, fmt: A8R8G8B8
{06:16:10.976} INFO: [Renderer]   |  monitor:1, 1280x960, bpp:24, hz:60.02, fmt: A8R8G8B8
{06:16:10.976} INFO: [Renderer]   |  monitor:1, 1280x1024, bpp:24, hz:75.03, fmt: A8R8G8B8
{06:16:10.976} INFO: [Renderer]   |  monitor:1, 1280x1024, bpp:24, hz:60.02, fmt: A8R8G8B8
{06:16:10.976} INFO: [Renderer]   |  monitor:1, 1360x768, bpp:24, hz:59.89, fmt: A8R8G8B8
{06:16:10.976} INFO: [Renderer]   |  monitor:1, 1360x768, bpp:24, hz:59.89, fmt: A8R8G8B8
{06:16:10.976} INFO: [Renderer]   |  monitor:1, 1366x768, bpp:24, hz:59.89, fmt: A8R8G8B8
{06:16:10.976} INFO: [Renderer]   |  monitor:1, 1366x768, bpp:24, hz:59.89, fmt: A8R8G8B8
{06:16:10.976} INFO: [Renderer]   |  monitor:1, 1440x900, bpp:24, hz:59.89, fmt: A8R8G8B8
{06:16:10.976} INFO: [Renderer]   |  monitor:1, 1600x900, bpp:24, hz:60.00, fmt: A8R8G8B8
{06:16:10.976} INFO: [Renderer]   |  monitor:1, 1600x1024, bpp:24, hz:59.95, fmt: A8R8G8B8
{06:16:10.976} INFO: [Renderer]   |  monitor:1, 1600x1024, bpp:24, hz:59.95, fmt: A8R8G8B8
{06:16:10.976} INFO: [Renderer]   |  monitor:1, 1600x1200, bpp:24, hz:59.95, fmt: A8R8G8B8
{06:16:10.976} INFO: [Renderer]   |  monitor:1, 1600x1200, bpp:24, hz:59.95, fmt: A8R8G8B8
{06:16:10.976} INFO: [Renderer]   |  monitor:1, 1680x1050, bpp:24, hz:59.95, fmt: A8R8G8B8
{06:16:10.976} INFO: [Renderer]   |  monitor:1, 1920x1080, bpp:24, hz:60.00, fmt: A8R8G8B8
{06:16:10.976} INFO: [Renderer]   |  monitor:1, 1920x1080, bpp:24, hz:59.94, fmt: A8R8G8B8
{06:16:10.976} INFO: [Renderer]   |  monitor:1, 1920x1200, bpp:24, hz:59.95, fmt: A8R8G8B8
{06:16:10.976} INFO: [Renderer]   |  monitor:1, 1920x1200, bpp:24, hz:59.95, fmt: A8R8G8B8
{06:16:10.976} INFO: [Renderer]   |  monitor:1, 1920x1440, bpp:24, hz:59.95, fmt: A8R8G8B8
{06:16:10.976} INFO: [Renderer]   |  monitor:1, 1920x1440, bpp:24, hz:59.95, fmt: A8R8G8B8
{06:16:10.976} INFO: [Renderer]   |  monitor:1, 1920x2160, bpp:24, hz:60.00, fmt: A8R8G8B8
{06:16:10.976} INFO: [Renderer]   |  monitor:1, 1920x2160, bpp:24, hz:60.00, fmt: A8R8G8B8
{06:16:10.977} INFO: [Renderer]   |  monitor:1, 2048x1280, bpp:24, hz:59.95, fmt: A8R8G8B8
{06:16:10.977} INFO: [Renderer]   |  monitor:1, 2048x1280, bpp:24, hz:59.95, fmt: A8R8G8B8
{06:16:10.977} INFO: [Renderer]   |  monitor:1, 2048x1536, bpp:24, hz:60.00, fmt: A8R8G8B8
{06:16:10.977} INFO: [Renderer]   |  monitor:1, 2048x1536, bpp:24, hz:60.00, fmt: A8R8G8B8
{06:16:10.977} INFO: [Renderer]   |  monitor:1, 2560x1440, bpp:24, hz:59.95, fmt: A8R8G8B8
{06:16:10.977} INFO: [Renderer]   |  monitor:1, 2560x1600, bpp:24, hz:60.00, fmt: A8R8G8B8
{06:16:10.977} INFO: [Renderer]   |  monitor:1, 2560x1600, bpp:24, hz:60.00, fmt: A8R8G8B8
{06:16:10.977} INFO: [Renderer]   |  monitor:1, 3840x2160, bpp:24, hz:60.00, fmt: A8R8G8B8
{06:16:10.978} INFO: [Renderer]   | Texture streaming mem 0 MB
{06:16:10.978} INFO: [INFO]       > Texture streaming buffer set to 0MB
{06:16:10.978} INFO: [INFO]       > Texture streaming lowest priority distance set to 100m
{06:16:11.384} DEBG: [DXGI]       > WM_SIZE 0, 2560x1440
{06:16:11.387} INFO: [INFO]       > CGame::AppWindowInit: window client area: 0x0, 2560x1440
{06:16:11.387} DEBG: [DXGI]       > [RChangeDeviceState] 2560x1440, 1.000000, borderless, 0/0 Hz
{06:16:11.387} DEBG: [DXGI]       >                  was 1920x1080, 1.000000, , 0/1 Hz
{06:16:11.391} DEBG: [DXGI]       > WM_SIZE 0, 0x0
{06:16:11.393} DEBG: [DXGI]       > WM_SIZE 0, 2560x1440
{06:16:12.197} INFO: [INFO]       > Texture streaming buffer set to 4000MB
{06:16:12.199} INFO: [Video]      > //Video settings:
{06:16:12.199} INFO: [Video]      > RendererMode("d3d11")
{06:16:12.199} INFO: [Video]      > AsyncCompute(0)
{06:16:12.199} INFO: [Video]      > WindowMode(1)
{06:16:12.199} INFO: [Video]      > Resolution(2560,1440)
{06:16:12.199} INFO: [Video]      > Scale3D(1.000000)
{06:16:12.199} INFO: [Video]      > FSR(0.450000)
{06:16:12.199} INFO: [Video]      > Upscaler(0)
{06:16:12.199} INFO: [Video]      > Upscaling(2)
{06:16:12.199} INFO: [Video]      > Monitor(0)
{06:16:12.199} INFO: [Video]      > DisableDWM(0)
{06:16:12.199} INFO: [Video]      > TextureQuality("High")
{06:16:12.199} INFO: [Video]      > ShadowMapSize(924)
{06:16:12.199} INFO: [Video]      > SpotShadowMapSize(4096)
{06:16:12.199} INFO: [Video]      > GammaFloat(1.00)
{06:16:12.199} INFO: [Video]      > GrassQuality(0)
{06:16:12.199} INFO: [Video]      > FrameRate(1)
{06:16:12.199} INFO: [Video]      > MotionBlur(1)
{06:16:12.199} INFO: [Video]      > MotionBlurQuality("High")
{06:16:12.199} INFO: [Video]      > FilmGrain(0)
{06:16:12.199} INFO: [Video]      > DistanceBlur(1)
{06:16:12.199} INFO: [Video]      > AntiAliasing(1)
{06:16:12.199} INFO: [Video]      > AntiAliasingQuality(1)
{06:16:12.199} INFO: [Video]      > FogQuality(2)
{06:16:12.199} INFO: [Video]      > ReflectionsQuality(2)
{06:16:12.199} INFO: [Video]      > ContactShadowsQuality(4)
{06:16:12.199} INFO: [Video]      > SpotShadowsQuality(2)
{06:16:12.199} INFO: [Video]      > AmbientOcclusion(1)
{06:16:12.199} INFO: [Video]      > AmbientOcclusionQuality(1)
{06:16:12.199} INFO: [Video]      > ColorBlindMode(0)
{06:16:12.199} INFO: [Video]      > GpuFxQuality(1)
{06:16:12.199} INFO: [Video]      > VoxelGiQuality(3)
{06:16:12.200} INFO: [ResPack]    > Free resource loading disabled
{06:16:12.313} INFO: [ResPack]    > Acquired prefab data: 147856, 161992
{06:16:12.314} INFO: [ResPack]    >  -> 0 prefabs, 32 presets available in engine_pc.rpack
{06:16:13.800} INFO: [ResPack]    > Acquired prefab data: 12557784, 10596232
{06:16:13.822} INFO: [ResPack]    >  -> 1081 prefabs, 184 presets available in common_prefabs_pc.rpack
{06:16:14.186} INFO: [INFO]       > [Input] Keyboard 0 enumerated: intance_name = Keyboard, product_name = Keyboard, GUID = {6f1d2b61-d5a0-11cf-bfc7-444553540000}
{06:16:14.241} INFO: [INFO]       > [CInput::SelectKeyboard] Keyboard 0 selected: Keyboard, Keyboard
{06:16:14.355} INFO: [INFO]       > Bink filename: IntroLogos_4k.bik
{06:16:16.093} INFO: [INFO]       > [gpufx] preloaded 1019 sequences. It took 1499.582031 ms
{06:16:16.093} RETL: [Game] > game version: '1.0.6', '1.0.202202141916'
{06:16:30.044} INFO: [INFO]       > Bink filename: GameIntro_4k.bik
{06:17:36.551} RETL: [Savegame] > ScanForSavegames: saves 2 (prev value -1)
{06:17:38.461} RETL: [Savegame] > Continue save update finished (SUCCEEDED): save 'save_main_0.sav' found, all_scanned_saves 2
{06:17:44.248} RETL: [Game]     > ===== CreateSession ===== 
{06:17:45.602} INFO: [ResPack]    > Acquired prefab data: 106165472, 42357864
{06:17:45.719} INFO: [ResPack]    >  -> 8689 prefabs, 568 presets available in city_persistent_pc.rpack
{06:17:45.762} INFO: [ResPack]    > Acquired prefab data: 2687000, 1309528
{06:17:45.767} INFO: [ResPack]    >  -> 181 prefabs, 43 presets available in prologue_persistent_pc.rpack
{06:17:45.791} RETL: [Savegame] > SessionContextState: 'OnCreate' [game_type 'Campaign', game_mode 'Coop', save_name 'save_main_0.sav' (slot 0), map 'city' (id:761188051), (first), difficulty [current: Normal, savegame: Normal, min_savegame: Normal, initial: Normal, lobby_settings: Normal], save_version 73, build: '1.0.202202141916 / 2', perforce_stream: '//tech/rel-ph-patch1-pc']
{06:17:49.811} INFO: [Video]      > //Video settings:
{06:17:49.811} INFO: [Video]      > RendererMode("d3d11")
{06:17:49.811} INFO: [Video]      > AsyncCompute(0)
{06:17:49.811} INFO: [Video]      > WindowMode(1)
{06:17:49.811} INFO: [Video]      > Resolution(2560,1440)
{06:17:49.811} INFO: [Video]      > Scale3D(1.000000)
{06:17:49.811} INFO: [Video]      > FSR(0.450000)
{06:17:49.811} INFO: [Video]      > Upscaler(0)
{06:17:49.811} INFO: [Video]      > Upscaling(2)
{06:17:49.811} INFO: [Video]      > Monitor(0)
{06:17:49.811} INFO: [Video]      > DisableDWM(0)
{06:17:49.811} INFO: [Video]      > TextureQuality("High")
{06:17:49.811} INFO: [Video]      > ShadowMapSize(924)
{06:17:49.811} INFO: [Video]      > SpotShadowMapSize(4096)
{06:17:49.811} INFO: [Video]      > GammaFloat(1.00)
{06:17:49.811} INFO: [Video]      > GrassQuality(0)
{06:17:49.811} INFO: [Video]      > FrameRate(1)
{06:17:49.811} INFO: [Video]      > MotionBlur(1)
{06:17:49.811} INFO: [Video]      > MotionBlurQuality("High")
{06:17:49.811} INFO: [Video]      > FilmGrain(0)
{06:17:49.811} INFO: [Video]      > DistanceBlur(1)
{06:17:49.811} INFO: [Video]      > AntiAliasing(1)
{06:17:49.811} INFO: [Video]      > AntiAliasingQuality(1)
{06:17:49.811} INFO: [Video]      > FogQuality(2)
{06:17:49.811} INFO: [Video]      > ReflectionsQuality(2)
{06:17:49.811} INFO: [Video]      > ContactShadowsQuality(4)
{06:17:49.811} INFO: [Video]      > SpotShadowsQuality(2)
{06:17:49.811} INFO: [Video]      > AmbientOcclusion(1)
{06:17:49.811} INFO: [Video]      > AmbientOcclusionQuality(1)
{06:17:49.811} INFO: [Video]      > ColorBlindMode(0)
{06:17:49.811} INFO: [Video]      > GpuFxQuality(1)
{06:17:49.811} INFO: [Video]      > VoxelGiQuality(3)
{06:17:52.799} RETL: [Game]     > >>>>> <1301410889> Changing level from <> to <city>
{06:17:56.246} RETL: [Savegame] > SessionContextState: 'OnUpdate after ChangeMap' [game_type 'Campaign', game_mode 'Coop', save_name 'save_main_0.sav' (slot 0), map 'city' (id:761188051), (first), difficulty [current: Normal, savegame: Normal, min_savegame: Normal, initial: Normal, lobby_settings: Normal], save_version 73, build: '1.0.202202141916 / 2', perforce_stream: '//tech/rel-ph-patch1-pc']
{06:17:56.351} RETL: [Game]     > >>>>> <1301410889> Performing load - mode <NormalFromMainMenu>
{06:17:56.351} RETL: [Savegame] > File name 'save_main_0.sav', memory_save->size = 0
{06:17:56.368} RETL: [Savegame] > Loading finished (ESgErr::Ok).
{06:17:56.368} RETL: [Savegame] > Applying loaded data: Original version: [save_version 72, build: '1.0.202202071214 / 2', perforce_stream: '//tech/rel-ph-patch1-pc'], Source version: [save_version 73, build: '1.0.202202141916 / 2', perforce_stream: '//tech/rel-ph-patch1-pc'], Current version: [save_version 73, build: '1.0.202202141916 / 2', perforce_stream: '//tech/rel-ph-patch1-pc']
{06:17:56.368} RETL: [Savegame] > Updated SessionContext [session_id 1293025094, time_played 97732259, campaign_finished false, finished_difficulty -1]
{06:17:56.770} RETL: [Savegame] > RestoreStoryState result: 'true'.
{06:17:56.770} RETL: [Savegame] > SpawnSpot: Spawnpoint, map: 'city', map_area: 'city/^R2_5_Zone_09_Map_Zone', spawn_point: city/^Electrical Substation R02 North/Pk/player/respawn
{06:17:56.901} RETL: [Savegame] > Applying loaded data finished (result: true)
{06:17:59.739} INFO: [ResPack]    > Acquired prefab data: 35373120, 15041136
{06:17:59.790} INFO: [ResPack]    >  -> 9251 prefabs, 0 presets available in reg_02_pc.rpack
{06:17:59.832} INFO: [ResPack]    > Acquired prefab data: 46056, 25728
{06:17:59.833} INFO: [ResPack]    >  -> 22 prefabs, 0 presets available in reg_buffer_02_05_a_pc.rpack
{06:17:59.836} INFO: [ResPack]    > Acquired prefab data: 368992, 141216
{06:17:59.837} INFO: [ResPack]    >  -> 183 prefabs, 0 presets available in reg_buffer_02_05_b_pc.rpack
{06:17:59.841} INFO: [ResPack]    > Acquired prefab data: 535832, 207488
{06:17:59.842} INFO: [ResPack]    >  -> 123 prefabs, 0 presets available in reg_buffer_01_05_pc.rpack
{06:17:59.845} INFO: [ResPack]    > Acquired prefab data: 131624, 64608
{06:17:59.845} INFO: [ResPack]    >  -> 59 prefabs, 0 presets available in reg_buffer_05_06_pc.rpack
{06:17:59.866} INFO: [ResPack]    > Acquired prefab data: 1800416, 752040
{06:17:59.870} INFO: [ResPack]    >  -> 692 prefabs, 0 presets available in reg_buffer_01_04_pc.rpack
{06:17:59.910} INFO: [ResPack]    > Acquired prefab data: 2256760, 754928
{06:17:59.913} INFO: [ResPack]    >  -> 819 prefabs, 0 presets available in reg_buffer_02_04a_pc.rpack
{06:17:59.930} INFO: [ResPack]    > Acquired prefab data: 875616, 330280
{06:17:59.931} INFO: [ResPack]    >  -> 437 prefabs, 0 presets available in reg_buffer_02_04b_pc.rpack
{06:17:59.948} INFO: [ResPack]    > Acquired prefab data: 1724824, 722736
{06:17:59.950} INFO: [ResPack]    >  -> 764 prefabs, 0 presets available in reg_buffer_02_03b_pc.rpack
{06:17:59.970} INFO: [ResPack]    > Acquired prefab data: 1216672, 457288
{06:17:59.972} INFO: [ResPack]    >  -> 563 prefabs, 0 presets available in reg_buffer_02_03_pc.rpack
{06:17:59.980} INFO: [ResPack]    > Acquired prefab data: 389832, 144960
{06:17:59.981} INFO: [ResPack]    >  -> 119 prefabs, 0 presets available in reg_buffer_04_a_b_pc.rpack

{06:26:11.743} INFO: [INFO]       > Bink filename: skill_ram.bik
{06:26:12.660} INFO: [INFO]       > Bink filename: skill_ram.bik
{06:26:12.877} INFO: [INFO]       > Bink filename: skill_enemy_jump.bik
{06:26:13.011} INFO: [INFO]       > Bink filename: skill_dash.bik
{06:26:13.278} INFO: [INFO]       > Bink filename: skill_horizontal_wall_run.bik
{06:26:13.377} INFO: [INFO]       > Bink filename: skill_enemy_jump.bik
{06:26:20.360} INFO: [INFO]       > Bink filename: skill_enemy_jump.bik
{06:26:21.061} INFO: [INFO]       > Bink filename: skill_charge_tackle.bik
{06:26:27.344} INFO: [INFO]       > Bink filename: skill_advanced_crouch.bik
{06:26:31.994} INFO: [INFO]       > Bink filename: skill_charge_tackle.bik
{06:26:34.695} INFO: [INFO]       > Bink filename: skill_advanced_crouch.bik
{06:26:34.944} INFO: [INFO]       > Bink filename: skill_wrestle_kick.bik
{06:26:35.311} INFO: [INFO]       > Bink filename: skill_power_attack.bik
{06:26:35.445} INFO: [INFO]       > Bink filename: skill_perfect_block.bik
{06:26:35.545} INFO: [INFO]       > Bink filename: skill_block_projectiles.bik
{06:26:36.912} INFO: [INFO]       > Bink filename: skill_silent_takedown.bik
{06:26:37.144} INFO: [INFO]       > Bink filename: skill_ranged_mastery.bik
{06:26:37.195} INFO: [INFO]       > Bink filename: skill_power_shot.bik
{06:26:37.545} INFO: [INFO]       > Bink filename: skill_power_shot.bik
{06:26:37.628} INFO: [INFO]       > Bink filename: skill_parkour_ranged.bik
{06:26:40.011} INFO: [INFO]       > Bink filename: skill_power_shot.bik

{07:05:34.747} INFO: [ResPack]    > Acquired prefab data: 552, 224
{07:05:34.747} INFO: [ResPack]    >  -> 1 prefabs, 0 presets available in reg_pin_canteen_pc.rpack
{07:11:26.301} RETL: [Game]     > ===== DestroySession ===== (reason: 'OnQuitGame')
{07:11:32.088} INFO: [Video]      > //Video settings:
{07:11:32.088} INFO: [Video]      > RendererMode("d3d11")
{07:11:32.088} INFO: [Video]      > AsyncCompute(0)
{07:11:32.088} INFO: [Video]      > WindowMode(1)
{07:11:32.088} INFO: [Video]      > Resolution(2560,1440)
{07:11:32.088} INFO: [Video]      > Scale3D(1.000000)
{07:11:32.088} INFO: [Video]      > FSR(0.450000)
{07:11:32.088} INFO: [Video]      > Upscaler(0)
{07:11:32.088} INFO: [Video]      > Upscaling(2)
{07:11:32.088} INFO: [Video]      > Monitor(0)
{07:11:32.088} INFO: [Video]      > DisableDWM(0)
{07:11:32.088} INFO: [Video]      > TextureQuality("High")
{07:11:32.088} INFO: [Video]      > ShadowMapSize(924)
{07:11:32.088} INFO: [Video]      > SpotShadowMapSize(4096)
{07:11:32.088} INFO: [Video]      > GammaFloat(1.00)
{07:11:32.088} INFO: [Video]      > GrassQuality(0)
{07:11:32.088} INFO: [Video]      > FrameRate(1)
{07:11:32.088} INFO: [Video]      > MotionBlur(1)
{07:11:32.088} INFO: [Video]      > MotionBlurQuality("High")
{07:11:32.088} INFO: [Video]      > FilmGrain(0)
{07:11:32.088} INFO: [Video]      > DistanceBlur(1)
{07:11:32.088} INFO: [Video]      > AntiAliasing(1)
{07:11:32.088} INFO: [Video]      > AntiAliasingQuality(1)
{07:11:32.088} INFO: [Video]      > FogQuality(2)
{07:11:32.088} INFO: [Video]      > ReflectionsQuality(2)
{07:11:32.088} INFO: [Video]      > ContactShadowsQuality(4)
{07:11:32.088} INFO: [Video]      > SpotShadowsQuality(2)
{07:11:32.088} INFO: [Video]      > AmbientOcclusion(1)
{07:11:32.088} INFO: [Video]      > AmbientOcclusionQuality(1)
{07:11:32.088} INFO: [Video]      > ColorBlindMode(0)
{07:11:32.088} INFO: [Video]      > GpuFxQuality(1)
{07:11:32.088} INFO: [Video]      > VoxelGiQuality(3)
{07:11:34.218} RETL: [Savegame] > Continue save update finished (SUCCEEDED): save 'save_main_0.sav' found, all_scanned_saves 2
{07:11:42.417} INFO: [INFO]       > ---------------------------------------------------------
{07:11:42.417} INFO: [INFO]       > Time of playing game: 3332.794922s
{07:11:42.417} INFO: [INFO]       > Updated frames: 191986 Rendered frames: 191680
{07:11:42.417} INFO: [INFO]       > Average FPS: 57.513294
{07:11:42.417} INFO: [INFO]       > ---------------------------------------------------------
{07:11:44.691} INFO: [Renderer]   > [r_Shutdown] Dll released
