{08:21:46.795} INFO: [FileSystem] > [CZip_dir::Initialize] 'c:/program files (x86)/steam/steamapps/common/dying light 2 / ph/source/data0.pak' took: 0.000000ms
{08:21:46.816} INFO: [FileSystem] > [CZip_dir::Initialize] 'c:/program files (x86)/steam/steamapps/common/dying light 2 / ph/source/data1.pak' took: 0.000000ms
{08:21:46.817} INFO: [FileSystem] > [CZip_dir::Initialize] 'c:/program files (x86)/steam/steamapps/common/dying light 2 / ph/source/databt.mpak' took: 0.000000ms
{08:21:47.684} RETL: [GAME] > arguments (2): 'C:\Program Files (x86)\Steam\steamapps\common\Dying Light 2\ph\work\bin\x64\DyingLightGame_x64_rwdi.exe', '/nolightfx'
{08:21:47.938} INFO: [FileSystem] > [CZip_dir::Initialize] 'c:/program files (x86)/steam/steamapps/common/dying light 2 / ph/source/data_lang/dataen.pak' took: 0.000000ms
{08:21:47.956} INFO: [Renderer]   > [CVideoSettings::LoadSettings] Loading video settings using 'out/Settings/Video.scr'
{08:21:47.962} INFO: [Renderer]   > [r_Initialize] Loaded from rd3d11_x64_rwdi.dll.
{08:21:47.962} INFO: [Renderer]   > MonitorIdx=0, SecondaryMonitorIdx=-1
{08:21:47.962} INFO: [Renderer]   > Enumerating D3D11 video adapters:
{08:21:47.967} INFO: [Renderer]   > Adapter 0: NVIDIA GeForce RTX 2080 Ti 11049MB/16346MB/0MB
{08:21:47.967} INFO: [Renderer]   |   Output 0: [0,0 - 2560,1440] \\.\DISPLAY1
{08:21:47.967} INFO: [Renderer]   |   Output 1: [2560,0 - 6400,2160] \\.\DISPLAY2
{08:21:47.967} INFO: [Renderer]   > Adapter 1: Microsoft Basic Render Driver 0MB/16346MB/0MB
{08:21:47.968} INFO: [Renderer]   > Sorted adapter 0: NVIDIA GeForce RTX 2080 Ti 11049MB/16346MB/0MB
{08:21:47.968} INFO: [Renderer]   > Sorted adapter 1: Microsoft Basic Render Driver 0MB/16346MB/0MB
{08:21:47.968} INFO: [Renderer]   > Picking adapter: NVIDIA GeForce RTX 2080 Ti
{08:21:47.968} INFO: [Renderer]   | Primary monitor: [0,0 - 2560,1440]
{08:21:47.968} INFO: [Renderer]   | Secondary monitor: [2560,0 - 6400,2160]
{08:21:48.818} INFO: [Renderer]   > Renderer started in DX11 mode.
{08:21:48.818} INFO: [Renderer]   > DX11 reported 11'049M free texture memory.
{08:21:48.819} INFO: [Renderer]   > [CheckSLI] Single GPU system
{08:21:48.872} INFO: [Renderer]   > [d3d12rt-checker] All tests were OK. Switch to D3D12Ultimate to enable raytracing
{08:21:48.884} INFO: [Renderer]   > Renderer: supported display modes:
{08:21:48.884} INFO: [Renderer]   |  monitor:0, 640x480, bpp:24, hz:75.00, fmt: A8R8G8B8
{08:21:48.884} INFO: [Renderer]   |  monitor:0, 640x480, bpp:24, hz:60.00, fmt: A8R8G8B8
{08:21:48.884} INFO: [Renderer]   |  monitor:0, 640x480, bpp:24, hz:59.94, fmt: A8R8G8B8
{08:21:48.884} INFO: [Renderer]   |  monitor:0, 720x480, bpp:24, hz:60.00, fmt: A8R8G8B8
{08:21:48.884} INFO: [Renderer]   |  monitor:0, 720x480, bpp:24, hz:59.94, fmt: A8R8G8B8
{08:21:48.884} INFO: [Renderer]   |  monitor:0, 720x576, bpp:24, hz:50.00, fmt: A8R8G8B8
{08:21:48.884} INFO: [Renderer]   |  monitor:0, 800x600, bpp:24, hz:75.00, fmt: A8R8G8B8
{08:21:48.884} INFO: [Renderer]   |  monitor:0, 800x600, bpp:24, hz:60.32, fmt: A8R8G8B8
{08:21:48.884} INFO: [Renderer]   |  monitor:0, 1024x768, bpp:24, hz:75.03, fmt: A8R8G8B8
{08:21:48.884} INFO: [Renderer]   |  monitor:0, 1024x768, bpp:24, hz:60.00, fmt: A8R8G8B8
{08:21:48.884} INFO: [Renderer]   |  monitor:0, 1152x864, bpp:24, hz:75.00, fmt: A8R8G8B8
{08:21:48.884} INFO: [Renderer]   |  monitor:0, 1176x664, bpp:24, hz:60.00, fmt: A8R8G8B8
{08:21:48.884} INFO: [Renderer]   |  monitor:0, 1176x664, bpp:24, hz:60.00, fmt: A8R8G8B8
{08:21:48.884} INFO: [Renderer]   |  monitor:0, 1176x664, bpp:24, hz:59.94, fmt: A8R8G8B8
{08:21:48.884} INFO: [Renderer]   |  monitor:0, 1176x664, bpp:24, hz:59.94, fmt: A8R8G8B8
{08:21:48.884} INFO: [Renderer]   |  monitor:0, 1176x664, bpp:24, hz:50.00, fmt: A8R8G8B8
{08:21:48.884} INFO: [Renderer]   |  monitor:0, 1176x664, bpp:24, hz:50.00, fmt: A8R8G8B8
{08:21:48.884} INFO: [Renderer]   |  monitor:0, 1280x720, bpp:24, hz:60.00, fmt: A8R8G8B8
{08:21:48.884} INFO: [Renderer]   |  monitor:0, 1280x720, bpp:24, hz:59.94, fmt: A8R8G8B8
{08:21:48.884} INFO: [Renderer]   |  monitor:0, 1280x720, bpp:24, hz:50.00, fmt: A8R8G8B8
{08:21:48.884} INFO: [Renderer]   |  monitor:0, 1280x768, bpp:24, hz:59.81, fmt: A8R8G8B8
{08:21:48.885} INFO: [Renderer]   |  monitor:0, 1280x768, bpp:24, hz:59.81, fmt: A8R8G8B8
{08:21:48.885} INFO: [Renderer]   |  monitor:0, 1280x800, bpp:24, hz:59.81, fmt: A8R8G8B8
{08:21:48.885} INFO: [Renderer]   |  monitor:0, 1280x960, bpp:24, hz:75.03, fmt: A8R8G8B8
{08:21:48.885} INFO: [Renderer]   |  monitor:0, 1280x960, bpp:24, hz:75.03, fmt: A8R8G8B8
{08:21:48.885} INFO: [Renderer]   |  monitor:0, 1280x960, bpp:24, hz:60.02, fmt: A8R8G8B8
{08:21:48.885} INFO: [Renderer]   |  monitor:0, 1280x960, bpp:24, hz:60.02, fmt: A8R8G8B8
{08:21:48.885} INFO: [Renderer]   |  monitor:0, 1280x1024, bpp:24, hz:75.03, fmt: A8R8G8B8
{08:21:48.885} INFO: [Renderer]   |  monitor:0, 1280x1024, bpp:24, hz:60.02, fmt: A8R8G8B8
{08:21:48.885} INFO: [Renderer]   |  monitor:0, 1360x768, bpp:24, hz:60.00, fmt: A8R8G8B8
{08:21:48.885} INFO: [Renderer]   |  monitor:0, 1360x768, bpp:24, hz:60.00, fmt: A8R8G8B8
{08:21:48.885} INFO: [Renderer]   |  monitor:0, 1360x768, bpp:24, hz:59.94, fmt: A8R8G8B8
{08:21:48.885} INFO: [Renderer]   |  monitor:0, 1360x768, bpp:24, hz:59.94, fmt: A8R8G8B8
{08:21:48.885} INFO: [Renderer]   |  monitor:0, 1360x768, bpp:24, hz:50.00, fmt: A8R8G8B8
{08:21:48.885} INFO: [Renderer]   |  monitor:0, 1360x768, bpp:24, hz:50.00, fmt: A8R8G8B8
{08:21:48.885} INFO: [Renderer]   |  monitor:0, 1366x768, bpp:24, hz:60.00, fmt: A8R8G8B8
{08:21:48.885} INFO: [Renderer]   |  monitor:0, 1366x768, bpp:24, hz:60.00, fmt: A8R8G8B8
{08:21:48.885} INFO: [Renderer]   |  monitor:0, 1366x768, bpp:24, hz:59.94, fmt: A8R8G8B8
{08:21:48.885} INFO: [Renderer]   |  monitor:0, 1366x768, bpp:24, hz:59.94, fmt: A8R8G8B8
{08:21:48.885} INFO: [Renderer]   |  monitor:0, 1366x768, bpp:24, hz:50.00, fmt: A8R8G8B8
{08:21:48.885} INFO: [Renderer]   |  monitor:0, 1366x768, bpp:24, hz:50.00, fmt: A8R8G8B8
{08:21:48.885} INFO: [Renderer]   |  monitor:0, 1440x900, bpp:24, hz:60.00, fmt: A8R8G8B8
{08:21:48.885} INFO: [Renderer]   |  monitor:0, 1440x900, bpp:24, hz:60.00, fmt: A8R8G8B8
{08:21:48.885} INFO: [Renderer]   |  monitor:0, 1440x900, bpp:24, hz:59.94, fmt: A8R8G8B8
{08:21:48.885} INFO: [Renderer]   |  monitor:0, 1440x900, bpp:24, hz:59.94, fmt: A8R8G8B8
{08:21:48.885} INFO: [Renderer]   |  monitor:0, 1440x900, bpp:24, hz:50.00, fmt: A8R8G8B8
{08:21:48.885} INFO: [Renderer]   |  monitor:0, 1440x900, bpp:24, hz:50.00, fmt: A8R8G8B8
{08:21:48.885} INFO: [Renderer]   |  monitor:0, 1600x900, bpp:24, hz:60.00, fmt: A8R8G8B8
{08:21:48.885} INFO: [Renderer]   |  monitor:0, 1600x900, bpp:24, hz:60.00, fmt: A8R8G8B8
{08:21:48.885} INFO: [Renderer]   |  monitor:0, 1600x900, bpp:24, hz:59.94, fmt: A8R8G8B8
{08:21:48.885} INFO: [Renderer]   |  monitor:0, 1600x900, bpp:24, hz:59.94, fmt: A8R8G8B8
{08:21:48.885} INFO: [Renderer]   |  monitor:0, 1600x900, bpp:24, hz:50.00, fmt: A8R8G8B8
{08:21:48.885} INFO: [Renderer]   |  monitor:0, 1600x900, bpp:24, hz:50.00, fmt: A8R8G8B8
{08:21:48.885} INFO: [Renderer]   |  monitor:0, 1600x1024, bpp:24, hz:60.00, fmt: A8R8G8B8
{08:21:48.885} INFO: [Renderer]   |  monitor:0, 1600x1024, bpp:24, hz:60.00, fmt: A8R8G8B8
{08:21:48.885} INFO: [Renderer]   |  monitor:0, 1600x1024, bpp:24, hz:59.94, fmt: A8R8G8B8
{08:21:48.885} INFO: [Renderer]   |  monitor:0, 1600x1024, bpp:24, hz:59.94, fmt: A8R8G8B8
{08:21:48.885} INFO: [Renderer]   |  monitor:0, 1600x1024, bpp:24, hz:50.00, fmt: A8R8G8B8
{08:21:48.885} INFO: [Renderer]   |  monitor:0, 1600x1024, bpp:24, hz:50.00, fmt: A8R8G8B8
{08:21:48.885} INFO: [Renderer]   |  monitor:0, 1600x1200, bpp:24, hz:60.00, fmt: A8R8G8B8
{08:21:48.885} INFO: [Renderer]   |  monitor:0, 1680x1050, bpp:24, hz:60.00, fmt: A8R8G8B8
{08:21:48.885} INFO: [Renderer]   |  monitor:0, 1680x1050, bpp:24, hz:60.00, fmt: A8R8G8B8
{08:21:48.885} INFO: [Renderer]   |  monitor:0, 1680x1050, bpp:24, hz:59.94, fmt: A8R8G8B8
{08:21:48.885} INFO: [Renderer]   |  monitor:0, 1680x1050, bpp:24, hz:59.94, fmt: A8R8G8B8
{08:21:48.885} INFO: [Renderer]   |  monitor:0, 1680x1050, bpp:24, hz:50.00, fmt: A8R8G8B8
{08:21:48.885} INFO: [Renderer]   |  monitor:0, 1680x1050, bpp:24, hz:50.00, fmt: A8R8G8B8
{08:21:48.885} INFO: [Renderer]   |  monitor:0, 1920x1080, bpp:24, hz:60.00, fmt: A8R8G8B8
{08:21:48.885} INFO: [Renderer]   |  monitor:0, 1920x1080, bpp:24, hz:59.94, fmt: A8R8G8B8
{08:21:48.885} INFO: [Renderer]   |  monitor:0, 1920x1080, bpp:24, hz:50.00, fmt: A8R8G8B8
{08:21:48.885} INFO: [Renderer]   |  monitor:0, 1920x1200, bpp:24, hz:59.92, fmt: A8R8G8B8
{08:21:48.885} INFO: [Renderer]   |  monitor:0, 1920x1200, bpp:24, hz:59.92, fmt: A8R8G8B8
{08:21:48.885} INFO: [Renderer]   |  monitor:0, 1920x1440, bpp:24, hz:59.95, fmt: A8R8G8B8
{08:21:48.885} INFO: [Renderer]   |  monitor:0, 1920x1440, bpp:24, hz:59.95, fmt: A8R8G8B8
{08:21:48.885} INFO: [Renderer]   |  monitor:0, 1920x2160, bpp:24, hz:59.99, fmt: A8R8G8B8
{08:21:48.885} INFO: [Renderer]   |  monitor:0, 2048x1280, bpp:24, hz:59.92, fmt: A8R8G8B8
{08:21:48.885} INFO: [Renderer]   |  monitor:0, 2048x1536, bpp:24, hz:60.00, fmt: A8R8G8B8
{08:21:48.885} INFO: [Renderer]   |  monitor:0, 2048x1536, bpp:24, hz:60.00, fmt: A8R8G8B8
{08:21:48.885} INFO: [Renderer]   |  monitor:0, 2048x1536, bpp:24, hz:29.98, fmt: A8R8G8B8
{08:21:48.885} INFO: [Renderer]   |  monitor:0, 2048x1536, bpp:24, hz:29.98, fmt: A8R8G8B8
{08:21:48.885} INFO: [Renderer]   |  monitor:0, 2560x1440, bpp:24, hz:59.95, fmt: A8R8G8B8
{08:21:48.885} INFO: [Renderer]   |  monitor:0, 2560x1600, bpp:24, hz:60.00, fmt: A8R8G8B8
{08:21:48.885} INFO: [Renderer]   |  monitor:0, 2560x1600, bpp:24, hz:60.00, fmt: A8R8G8B8
{08:21:48.885} INFO: [Renderer]   |  monitor:0, 2560x1600, bpp:24, hz:29.98, fmt: A8R8G8B8
{08:21:48.885} INFO: [Renderer]   |  monitor:0, 2560x1600, bpp:24, hz:29.98, fmt: A8R8G8B8
{08:21:48.885} INFO: [Renderer]   |  monitor:0, 3840x2160, bpp:24, hz:60.00, fmt: A8R8G8B8
{08:21:48.885} INFO: [Renderer]   |  monitor:0, 3840x2160, bpp:24, hz:29.98, fmt: A8R8G8B8
{08:21:48.885} INFO: [Renderer]   |  monitor:1, 640x480, bpp:24, hz:75.00, fmt: A8R8G8B8
{08:21:48.885} INFO: [Renderer]   |  monitor:1, 640x480, bpp:24, hz:72.00, fmt: A8R8G8B8
{08:21:48.885} INFO: [Renderer]   |  monitor:1, 640x480, bpp:24, hz:60.00, fmt: A8R8G8B8
{08:21:48.885} INFO: [Renderer]   |  monitor:1, 720x480, bpp:24, hz:75.00, fmt: A8R8G8B8
{08:21:48.885} INFO: [Renderer]   |  monitor:1, 720x480, bpp:24, hz:75.00, fmt: A8R8G8B8
{08:21:48.885} INFO: [Renderer]   |  monitor:1, 720x480, bpp:24, hz:72.19, fmt: A8R8G8B8
{08:21:48.885} INFO: [Renderer]   |  monitor:1, 720x480, bpp:24, hz:72.19, fmt: A8R8G8B8
{08:21:48.885} INFO: [Renderer]   |  monitor:1, 720x480, bpp:24, hz:60.32, fmt: A8R8G8B8
{08:21:48.885} INFO: [Renderer]   |  monitor:1, 720x480, bpp:24, hz:60.32, fmt: A8R8G8B8
{08:21:48.885} INFO: [Renderer]   |  monitor:1, 720x480, bpp:24, hz:56.25, fmt: A8R8G8B8
{08:21:48.885} INFO: [Renderer]   |  monitor:1, 720x480, bpp:24, hz:56.25, fmt: A8R8G8B8
{08:21:48.885} INFO: [Renderer]   |  monitor:1, 720x576, bpp:24, hz:75.00, fmt: A8R8G8B8
{08:21:48.885} INFO: [Renderer]   |  monitor:1, 720x576, bpp:24, hz:75.00, fmt: A8R8G8B8
{08:21:48.885} INFO: [Renderer]   |  monitor:1, 720x576, bpp:24, hz:72.19, fmt: A8R8G8B8
{08:21:48.885} INFO: [Renderer]   |  monitor:1, 720x576, bpp:24, hz:72.19, fmt: A8R8G8B8
{08:21:48.885} INFO: [Renderer]   |  monitor:1, 720x576, bpp:24, hz:60.32, fmt: A8R8G8B8
{08:21:48.885} INFO: [Renderer]   |  monitor:1, 720x576, bpp:24, hz:60.32, fmt: A8R8G8B8
{08:21:48.885} INFO: [Renderer]   |  monitor:1, 720x576, bpp:24, hz:56.25, fmt: A8R8G8B8
{08:21:48.885} INFO: [Renderer]   |  monitor:1, 720x576, bpp:24, hz:56.25, fmt: A8R8G8B8
{08:21:48.885} INFO: [Renderer]   |  monitor:1, 800x600, bpp:24, hz:75.00, fmt: A8R8G8B8
{08:21:48.885} INFO: [Renderer]   |  monitor:1, 800x600, bpp:24, hz:72.19, fmt: A8R8G8B8
{08:21:48.885} INFO: [Renderer]   |  monitor:1, 800x600, bpp:24, hz:60.32, fmt: A8R8G8B8
{08:21:48.885} INFO: [Renderer]   |  monitor:1, 800x600, bpp:24, hz:56.25, fmt: A8R8G8B8
{08:21:48.885} INFO: [Renderer]   |  monitor:1, 1024x768, bpp:24, hz:75.03, fmt: A8R8G8B8
{08:21:48.885} INFO: [Renderer]   |  monitor:1, 1024x768, bpp:24, hz:70.07, fmt: A8R8G8B8
{08:21:48.885} INFO: [Renderer]   |  monitor:1, 1024x768, bpp:24, hz:60.00, fmt: A8R8G8B8
{08:21:48.885} INFO: [Renderer]   |  monitor:1, 1152x864, bpp:24, hz:75.00, fmt: A8R8G8B8
{08:21:48.885} INFO: [Renderer]   |  monitor:1, 1176x664, bpp:24, hz:60.00, fmt: A8R8G8B8
{08:21:48.885} INFO: [Renderer]   |  monitor:1, 1176x664, bpp:24, hz:60.00, fmt: A8R8G8B8
{08:21:48.885} INFO: [Renderer]   |  monitor:1, 1280x720, bpp:24, hz:60.00, fmt: A8R8G8B8
{08:21:48.885} INFO: [Renderer]   |  monitor:1, 1280x768, bpp:24, hz:59.81, fmt: A8R8G8B8
{08:21:48.885} INFO: [Renderer]   |  monitor:1, 1280x768, bpp:24, hz:59.81, fmt: A8R8G8B8
{08:21:48.885} INFO: [Renderer]   |  monitor:1, 1280x800, bpp:24, hz:59.81, fmt: A8R8G8B8
{08:21:48.885} INFO: [Renderer]   |  monitor:1, 1280x960, bpp:24, hz:75.03, fmt: A8R8G8B8
{08:21:48.885} INFO: [Renderer]   |  monitor:1, 1280x960, bpp:24, hz:75.03, fmt: A8R8G8B8
{08:21:48.885} INFO: [Renderer]   |  monitor:1, 1280x960, bpp:24, hz:60.02, fmt: A8R8G8B8
{08:21:48.885} INFO: [Renderer]   |  monitor:1, 1280x960, bpp:24, hz:60.02, fmt: A8R8G8B8
{08:21:48.885} INFO: [Renderer]   |  monitor:1, 1280x1024, bpp:24, hz:75.03, fmt: A8R8G8B8
{08:21:48.885} INFO: [Renderer]   |  monitor:1, 1280x1024, bpp:24, hz:60.02, fmt: A8R8G8B8
{08:21:48.885} INFO: [Renderer]   |  monitor:1, 1360x768, bpp:24, hz:59.89, fmt: A8R8G8B8
{08:21:48.885} INFO: [Renderer]   |  monitor:1, 1360x768, bpp:24, hz:59.89, fmt: A8R8G8B8
{08:21:48.885} INFO: [Renderer]   |  monitor:1, 1366x768, bpp:24, hz:59.89, fmt: A8R8G8B8
{08:21:48.885} INFO: [Renderer]   |  monitor:1, 1366x768, bpp:24, hz:59.89, fmt: A8R8G8B8
{08:21:48.885} INFO: [Renderer]   |  monitor:1, 1440x900, bpp:24, hz:59.89, fmt: A8R8G8B8
{08:21:48.885} INFO: [Renderer]   |  monitor:1, 1600x900, bpp:24, hz:60.00, fmt: A8R8G8B8
{08:21:48.885} INFO: [Renderer]   |  monitor:1, 1600x1024, bpp:24, hz:59.95, fmt: A8R8G8B8
{08:21:48.885} INFO: [Renderer]   |  monitor:1, 1600x1024, bpp:24, hz:59.95, fmt: A8R8G8B8
{08:21:48.885} INFO: [Renderer]   |  monitor:1, 1600x1200, bpp:24, hz:59.95, fmt: A8R8G8B8
{08:21:48.885} INFO: [Renderer]   |  monitor:1, 1600x1200, bpp:24, hz:59.95, fmt: A8R8G8B8
{08:21:48.885} INFO: [Renderer]   |  monitor:1, 1680x1050, bpp:24, hz:59.95, fmt: A8R8G8B8
{08:21:48.885} INFO: [Renderer]   |  monitor:1, 1920x1080, bpp:24, hz:60.00, fmt: A8R8G8B8
{08:21:48.885} INFO: [Renderer]   |  monitor:1, 1920x1080, bpp:24, hz:59.94, fmt: A8R8G8B8
{08:21:48.885} INFO: [Renderer]   |  monitor:1, 1920x1200, bpp:24, hz:59.95, fmt: A8R8G8B8
{08:21:48.885} INFO: [Renderer]   |  monitor:1, 1920x1200, bpp:24, hz:59.95, fmt: A8R8G8B8
{08:21:48.885} INFO: [Renderer]   |  monitor:1, 1920x1440, bpp:24, hz:59.95, fmt: A8R8G8B8
{08:21:48.885} INFO: [Renderer]   |  monitor:1, 1920x1440, bpp:24, hz:59.95, fmt: A8R8G8B8
{08:21:48.885} INFO: [Renderer]   |  monitor:1, 1920x2160, bpp:24, hz:60.00, fmt: A8R8G8B8
{08:21:48.885} INFO: [Renderer]   |  monitor:1, 1920x2160, bpp:24, hz:60.00, fmt: A8R8G8B8
{08:21:48.885} INFO: [Renderer]   |  monitor:1, 2048x1280, bpp:24, hz:59.95, fmt: A8R8G8B8
{08:21:48.885} INFO: [Renderer]   |  monitor:1, 2048x1280, bpp:24, hz:59.95, fmt: A8R8G8B8
{08:21:48.885} INFO: [Renderer]   |  monitor:1, 2048x1536, bpp:24, hz:60.00, fmt: A8R8G8B8
{08:21:48.885} INFO: [Renderer]   |  monitor:1, 2048x1536, bpp:24, hz:60.00, fmt: A8R8G8B8
{08:21:48.885} INFO: [Renderer]   |  monitor:1, 2560x1440, bpp:24, hz:59.95, fmt: A8R8G8B8
{08:21:48.885} INFO: [Renderer]   |  monitor:1, 2560x1600, bpp:24, hz:60.00, fmt: A8R8G8B8
{08:21:48.885} INFO: [Renderer]   |  monitor:1, 2560x1600, bpp:24, hz:60.00, fmt: A8R8G8B8
{08:21:48.885} INFO: [Renderer]   |  monitor:1, 3840x2160, bpp:24, hz:60.00, fmt: A8R8G8B8
{08:21:48.885} INFO: [Renderer]   | Texture streaming mem 0 MB
{08:21:48.885} INFO: [INFO]       > Texture streaming buffer set to 0MB
{08:21:48.885} INFO: [INFO]       > Texture streaming lowest priority distance set to 100m
{08:21:49.188} DEBG: [DXGI]       > WM_SIZE 0, 2560x1440
{08:21:49.190} INFO: [INFO]       > CGame::AppWindowInit: window client area: 0x0, 2560x1440
{08:21:49.190} DEBG: [DXGI]       > [RChangeDeviceState] 2560x1440, 1.000000, borderless, 0/0 Hz
{08:21:49.190} DEBG: [DXGI]       >                  was 1920x1080, 1.000000, , 0/1 Hz
{08:21:49.193} DEBG: [DXGI]       > WM_SIZE 0, 0x0
{08:21:49.195} DEBG: [DXGI]       > WM_SIZE 0, 2560x1440
{08:21:49.859} INFO: [INFO]       > Texture streaming buffer set to 4000MB
{08:21:49.860} INFO: [Video]      > //Video settings:
{08:21:49.860} INFO: [Video]      > RendererMode("d3d11")
{08:21:49.860} INFO: [Video]      > AsyncCompute(0)
{08:21:49.860} INFO: [Video]      > WindowMode(1)
{08:21:49.860} INFO: [Video]      > Resolution(2560,1440)
{08:21:49.861} INFO: [Video]      > Scale3D(1.000000)
{08:21:49.861} INFO: [Video]      > FSR(0.450000)
{08:21:49.861} INFO: [Video]      > Upscaler(0)
{08:21:49.861} INFO: [Video]      > Upscaling(2)
{08:21:49.861} INFO: [Video]      > Monitor(0)
{08:21:49.861} INFO: [Video]      > DisableDWM(0)
{08:21:49.861} INFO: [Video]      > TextureQuality("High")
{08:21:49.861} INFO: [Video]      > ShadowMapSize(924)
{08:21:49.861} INFO: [Video]      > SpotShadowMapSize(4096)
{08:21:49.861} INFO: [Video]      > GammaFloat(1.00)
{08:21:49.861} INFO: [Video]      > GrassQuality(0)
{08:21:49.861} INFO: [Video]      > FrameRate(1)
{08:21:49.861} INFO: [Video]      > MotionBlur(1)
{08:21:49.861} INFO: [Video]      > MotionBlurQuality("High")
{08:21:49.861} INFO: [Video]      > FilmGrain(0)
{08:21:49.861} INFO: [Video]      > DistanceBlur(1)
{08:21:49.861} INFO: [Video]      > AntiAliasing(1)
{08:21:49.861} INFO: [Video]      > AntiAliasingQuality(1)
{08:21:49.861} INFO: [Video]      > FogQuality(2)
{08:21:49.861} INFO: [Video]      > ReflectionsQuality(2)
{08:21:49.861} INFO: [Video]      > ContactShadowsQuality(4)
{08:21:49.861} INFO: [Video]      > SpotShadowsQuality(2)
{08:21:49.861} INFO: [Video]      > AmbientOcclusion(1)
{08:21:49.861} INFO: [Video]      > AmbientOcclusionQuality(1)
{08:21:49.861} INFO: [Video]      > ColorBlindMode(0)
{08:21:49.861} INFO: [Video]      > GpuFxQuality(1)
{08:21:49.861} INFO: [Video]      > VoxelGiQuality(3)
{08:21:49.861} INFO: [ResPack]    > Free resource loading disabled
{08:21:49.919} INFO: [ResPack]    > Acquired prefab data: 147856, 161992
{08:21:49.919} INFO: [ResPack]    >  -> 0 prefabs, 32 presets available in engine_pc.rpack
{08:21:50.495} INFO: [ResPack]    > Acquired prefab data: 12557784, 10596232
{08:21:50.516} INFO: [ResPack]    >  -> 1081 prefabs, 184 presets available in common_prefabs_pc.rpack
{08:21:50.783} INFO: [INFO]       > [Input] Keyboard 0 enumerated: intance_name = Keyboard, product_name = Keyboard, GUID = {6f1d2b61-d5a0-11cf-bfc7-444553540000}
{08:21:50.836} INFO: [INFO]       > [CInput::SelectKeyboard] Keyboard 0 selected: Keyboard, Keyboard
{08:21:50.940} INFO: [INFO]       > Bink filename: IntroLogos_4k.bik
{08:21:52.647} INFO: [INFO]       > [gpufx] preloaded 1019 sequences. It took 1472.325073 ms
{08:21:52.647} RETL: [Game] > game version: '1.0.6', '1.0.202202141916'
{08:22:05.657} INFO: [INFO]       > Bink filename: GameIntro_4k.bik
{08:22:37.551} RETL: [Savegame] > ScanForSavegames: saves 1 (prev value -1)
{08:22:39.451} RETL: [Savegame] > Continue save update finished (SUCCEEDED): save 'save_main_0.sav' found, all_scanned_saves 1
{08:22:45.161} RETL: [Game]     > ===== CreateSession ===== 
{08:22:46.461} INFO: [ResPack]    > Acquired prefab data: 106165472, 42357864
{08:22:46.595} INFO: [ResPack]    >  -> 8689 prefabs, 568 presets available in city_persistent_pc.rpack
{08:22:46.637} INFO: [ResPack]    > Acquired prefab data: 2687000, 1309528
{08:22:46.642} INFO: [ResPack]    >  -> 181 prefabs, 43 presets available in prologue_persistent_pc.rpack
{08:22:46.666} RETL: [Savegame] > SessionContextState: 'OnCreate' [game_type 'Campaign', game_mode 'Coop', save_name 'save_main_0.sav' (slot 0), map 'city' (id:761188051), (first), difficulty [current: Normal, savegame: Normal, min_savegame: Normal, initial: Normal, lobby_settings: Normal], save_version 73, build: '1.0.202202141916 / 2', perforce_stream: '//tech/rel-ph-patch1-pc']
{08:22:50.552} INFO: [Video]      > //Video settings:
{08:22:50.552} INFO: [Video]      > RendererMode("d3d11")
{08:22:50.552} INFO: [Video]      > AsyncCompute(0)
{08:22:50.552} INFO: [Video]      > WindowMode(1)
{08:22:50.552} INFO: [Video]      > Resolution(2560,1440)
{08:22:50.552} INFO: [Video]      > Scale3D(1.000000)
{08:22:50.552} INFO: [Video]      > FSR(0.450000)
{08:22:50.552} INFO: [Video]      > Upscaler(0)
{08:22:50.552} INFO: [Video]      > Upscaling(2)
{08:22:50.552} INFO: [Video]      > Monitor(0)
{08:22:50.552} INFO: [Video]      > DisableDWM(0)
{08:22:50.552} INFO: [Video]      > TextureQuality("High")
{08:22:50.552} INFO: [Video]      > ShadowMapSize(924)
{08:22:50.552} INFO: [Video]      > SpotShadowMapSize(4096)
{08:22:50.552} INFO: [Video]      > GammaFloat(1.00)
{08:22:50.552} INFO: [Video]      > GrassQuality(0)
{08:22:50.552} INFO: [Video]      > FrameRate(1)
{08:22:50.552} INFO: [Video]      > MotionBlur(1)
{08:22:50.552} INFO: [Video]      > MotionBlurQuality("High")
{08:22:50.552} INFO: [Video]      > FilmGrain(0)
{08:22:50.552} INFO: [Video]      > DistanceBlur(1)
{08:22:50.552} INFO: [Video]      > AntiAliasing(1)
{08:22:50.552} INFO: [Video]      > AntiAliasingQuality(1)
{08:22:50.552} INFO: [Video]      > FogQuality(2)
{08:22:50.552} INFO: [Video]      > ReflectionsQuality(2)
{08:22:50.552} INFO: [Video]      > ContactShadowsQuality(4)
{08:22:50.552} INFO: [Video]      > SpotShadowsQuality(2)
{08:22:50.552} INFO: [Video]      > AmbientOcclusion(1)
{08:22:50.552} INFO: [Video]      > AmbientOcclusionQuality(1)
{08:22:50.552} INFO: [Video]      > ColorBlindMode(0)
{08:22:50.552} INFO: [Video]      > GpuFxQuality(1)
{08:22:50.552} INFO: [Video]      > VoxelGiQuality(3)
{08:22:53.527} RETL: [Game]     > >>>>> <1300621811> Changing level from <> to <city>
{08:22:56.876} RETL: [Savegame] > SessionContextState: 'OnUpdate after ChangeMap' [game_type 'Campaign', game_mode 'Coop', save_name 'save_main_0.sav' (slot 0), map 'city' (id:761188051), (first), difficulty [current: Normal, savegame: Normal, min_savegame: Normal, initial: Normal, lobby_settings: Normal], save_version 73, build: '1.0.202202141916 / 2', perforce_stream: '//tech/rel-ph-patch1-pc']
{08:22:56.992} RETL: [Game]     > >>>>> <1300621811> Performing load - mode <NormalFromMainMenu>
{08:22:56.992} RETL: [Savegame] > File name 'save_main_0.sav', memory_save->size = 0
{08:22:57.008} RETL: [Savegame] > Loading finished (ESgErr::Ok).
{08:22:57.008} RETL: [Savegame] > Applying loaded data: Original version: [save_version 72, build: '1.0.202202071214 / 2', perforce_stream: '//tech/rel-ph-patch1-pc'], Source version: [save_version 73, build: '1.0.202202141916 / 2', perforce_stream: '//tech/rel-ph-patch1-pc'], Current version: [save_version 73, build: '1.0.202202141916 / 2', perforce_stream: '//tech/rel-ph-patch1-pc']
{08:22:57.008} RETL: [Savegame] > Updated SessionContext [session_id 1293025094, time_played 91307230, campaign_finished false, finished_difficulty -1]
{08:22:58.139} RETL: [Savegame] > RestoreStoryState result: 'true'.
{08:22:58.139} RETL: [Savegame] > SpawnSpot: Spawnpoint, map: 'city', map_area: 'city/^loc_metrostation_r02_central/logic/zones/sanctuary', spawn_point: city/^loc_metrostation_r02_central/logic/player/respawn
{08:22:58.284} RETL: [Savegame] > Applying loaded data finished (result: true)
{08:23:00.551} INFO: [ResPack]    > Acquired prefab data: 552, 224
{08:23:00.551} INFO: [ResPack]    >  -> 1 prefabs, 0 presets available in reg_pin_uv_pc.rpack
{08:23:01.007} INFO: [ResPack]    > Acquired prefab data: 35373120, 15041136
{08:23:01.069} INFO: [ResPack]    >  -> 9251 prefabs, 0 presets available in reg_02_pc.rpack
{08:23:01.114} INFO: [ResPack]    > Acquired prefab data: 46056, 25728
{08:23:01.115} INFO: [ResPack]    >  -> 22 prefabs, 0 presets available in reg_buffer_02_05_a_pc.rpack
{08:23:01.117} INFO: [ResPack]    > Acquired prefab data: 368992, 141216
{08:23:01.119} INFO: [ResPack]    >  -> 183 prefabs, 0 presets available in reg_buffer_02_05_b_pc.rpack
{08:23:01.121} INFO: [ResPack]    > Acquired prefab data: 535832, 207488
{08:23:01.122} INFO: [ResPack]    >  -> 123 prefabs, 0 presets available in reg_buffer_01_05_pc.rpack
{08:23:01.124} INFO: [ResPack]    > Acquired prefab data: 131624, 64608
{08:23:01.124} INFO: [ResPack]    >  -> 59 prefabs, 0 presets available in reg_buffer_05_06_pc.rpack
{08:23:01.142} INFO: [ResPack]    > Acquired prefab data: 1800416, 752040
{08:23:01.147} INFO: [ResPack]    >  -> 692 prefabs, 0 presets available in reg_buffer_01_04_pc.rpack
{08:23:01.180} INFO: [ResPack]    > Acquired prefab data: 2256760, 754928
{08:23:01.183} INFO: [ResPack]    >  -> 819 prefabs, 0 presets available in reg_buffer_02_04a_pc.rpack
{08:23:01.197} INFO: [ResPack]    > Acquired prefab data: 875616, 330280
{08:23:01.198} INFO: [ResPack]    >  -> 437 prefabs, 0 presets available in reg_buffer_02_04b_pc.rpack
{08:23:01.212} INFO: [ResPack]    > Acquired prefab data: 1724824, 722736
{08:23:01.216} INFO: [ResPack]    >  -> 764 prefabs, 0 presets available in reg_buffer_02_03b_pc.rpack
{08:23:01.232} INFO: [ResPack]    > Acquired prefab data: 1216672, 457288
{08:23:01.234} INFO: [ResPack]    >  -> 563 prefabs, 0 presets available in reg_buffer_02_03_pc.rpack
{08:23:01.241} INFO: [ResPack]    > Acquired prefab data: 389832, 144960
{08:23:01.241} INFO: [ResPack]    >  -> 119 prefabs, 0 presets available in reg_buffer_04_a_b_pc.rpack
{08:39:36.875} INFO: [INFO]       > Bink filename: tool_paraglider.bik
{08:39:37.279} INFO: [INFO]       > Bink filename: tool_binoculars.bik
{09:02:37.833} RETL: [Savegame] > Preparing request for checkpoint backup: 'Veronika (uid '6829236840598432861')'
{09:03:54.791} INFO: [INFO]       > Bink filename: skill_parkour_ranged.bik
{09:03:56.041} INFO: [INFO]       > Bink filename: skill_parkour_ranged.bik
{09:03:56.308} INFO: [INFO]       > Bink filename: skill_ranged_mastery.bik
{09:03:58.608} INFO: [INFO]       > Bink filename: skill_ranged_mastery.bik
{09:04:01.591} INFO: [INFO]       > Bink filename: skill_power_shot.bik
{09:04:01.758} INFO: [INFO]       > Bink filename: skill_parkour_ranged.bik
{09:05:18.174} INFO: [ResPack]    > Acquired prefab data: 552, 224
{09:05:18.174} INFO: [ResPack]    >  -> 1 prefabs, 0 presets available in reg_pin_canteen_pc.rpack
{09:06:22.487} INFO: [ResPack]    > Acquired prefab data: 552, 224
{09:06:22.488} INFO: [ResPack]    >  -> 1 prefabs, 0 presets available in reg_pin_canteen_pc.rpack
{09:13:00.748} INFO: [INFO]       > Bink filename: skill_after_boost.bik
{09:13:00.848} INFO: [INFO]       > Bink filename: skill_dash_advanced.bik
{09:13:53.491} INFO: [ResPack]    > Acquired prefab data: 552, 224
{09:13:53.491} INFO: [ResPack]    >  -> 1 prefabs, 0 presets available in reg_pin_canteen_pc.rpack
{09:19:12.219} RETL: [Game]     > ===== DestroySession ===== (reason: 'OnQuitGame')
{09:19:17.391} INFO: [Video]      > //Video settings:
{09:19:17.391} INFO: [Video]      > RendererMode("d3d11")
{09:19:17.391} INFO: [Video]      > AsyncCompute(0)
{09:19:17.391} INFO: [Video]      > WindowMode(1)
{09:19:17.391} INFO: [Video]      > Resolution(2560,1440)
{09:19:17.391} INFO: [Video]      > Scale3D(1.000000)
{09:19:17.391} INFO: [Video]      > FSR(0.450000)
{09:19:17.391} INFO: [Video]      > Upscaler(0)
{09:19:17.391} INFO: [Video]      > Upscaling(2)
{09:19:17.391} INFO: [Video]      > Monitor(0)
{09:19:17.391} INFO: [Video]      > DisableDWM(0)
{09:19:17.391} INFO: [Video]      > TextureQuality("High")
{09:19:17.391} INFO: [Video]      > ShadowMapSize(924)
{09:19:17.391} INFO: [Video]      > SpotShadowMapSize(4096)
{09:19:17.391} INFO: [Video]      > GammaFloat(1.00)
{09:19:17.391} INFO: [Video]      > GrassQuality(0)
{09:19:17.391} INFO: [Video]      > FrameRate(1)
{09:19:17.391} INFO: [Video]      > MotionBlur(1)
{09:19:17.391} INFO: [Video]      > MotionBlurQuality("High")
{09:19:17.391} INFO: [Video]      > FilmGrain(0)
{09:19:17.391} INFO: [Video]      > DistanceBlur(1)
{09:19:17.391} INFO: [Video]      > AntiAliasing(1)
{09:19:17.391} INFO: [Video]      > AntiAliasingQuality(1)
{09:19:17.391} INFO: [Video]      > FogQuality(2)
{09:19:17.391} INFO: [Video]      > ReflectionsQuality(2)
{09:19:17.391} INFO: [Video]      > ContactShadowsQuality(4)
{09:19:17.391} INFO: [Video]      > SpotShadowsQuality(2)
{09:19:17.391} INFO: [Video]      > AmbientOcclusion(1)
{09:19:17.391} INFO: [Video]      > AmbientOcclusionQuality(1)
{09:19:17.391} INFO: [Video]      > ColorBlindMode(0)
{09:19:17.391} INFO: [Video]      > GpuFxQuality(1)
{09:19:17.391} INFO: [Video]      > VoxelGiQuality(3)
{09:19:19.492} RETL: [Savegame] > ScanForSavegames: saves 2 (prev value 1)
{09:19:19.496} RETL: [Savegame] > Continue save update finished (SUCCEEDED): save 'save_main_0.sav' found, all_scanned_saves 2
{09:19:26.590} INFO: [INFO]       > ---------------------------------------------------------
{09:19:26.590} INFO: [INFO]       > Time of playing game: 3458.912842s
{09:19:26.590} INFO: [INFO]       > Updated frames: 200923 Rendered frames: 200617
{09:19:26.590} INFO: [INFO]       > Average FPS: 58.000015
{09:19:26.590} INFO: [INFO]       > ---------------------------------------------------------
{09:19:28.314} INFO: [Renderer]   > [r_Shutdown] Dll released
