{10:38:48.521} INFO: [FileSystem] > [CZip_dir::Initialize] 'c:/program files (x86)/steam/steamapps/common/dying light 2 / ph/source/data0.pak' took: 0.000000ms
{10:38:48.542} INFO: [FileSystem] > [CZip_dir::Initialize] 'c:/program files (x86)/steam/steamapps/common/dying light 2 / ph/source/data1.pak' took: 0.000000ms
{10:38:48.545} INFO: [FileSystem] > [CZip_dir::Initialize] 'c:/program files (x86)/steam/steamapps/common/dying light 2 / ph/source/databt.mpak' took: 0.000000ms
{10:38:50.317} RETL: [GAME] > arguments (2): 'C:\Program Files (x86)\Steam\steamapps\common\Dying Light 2\ph\work\bin\x64\DyingLightGame_x64_rwdi.exe', '/nolightfx'
{10:38:50.629} INFO: [FileSystem] > [CZip_dir::Initialize] 'c:/program files (x86)/steam/steamapps/common/dying light 2 / ph/source/data_lang/dataen.pak' took: 0.000000ms
{10:38:50.652} INFO: [Renderer]   > [CVideoSettings::LoadSettings] Loading video settings using 'out/Settings/Video.scr'
{10:38:50.663} INFO: [Renderer]   > [r_Initialize] Loaded from rd3d11_x64_rwdi.dll.
{10:38:50.664} INFO: [Renderer]   > MonitorIdx=0, SecondaryMonitorIdx=-1
{10:38:50.664} INFO: [Renderer]   > Enumerating D3D11 video adapters:
{10:38:50.670} INFO: [Renderer]   > Adapter 0: NVIDIA GeForce RTX 2080 Ti 11049MB/16346MB/0MB
{10:38:50.670} INFO: [Renderer]   |   Output 0: [0,0 - 2560,1440] \\.\DISPLAY1
{10:38:50.670} INFO: [Renderer]   |   Output 1: [2560,0 - 6400,2160] \\.\DISPLAY2
{10:38:50.670} INFO: [Renderer]   > Adapter 1: Microsoft Basic Render Driver 0MB/16346MB/0MB
{10:38:50.671} INFO: [Renderer]   > Sorted adapter 0: NVIDIA GeForce RTX 2080 Ti 11049MB/16346MB/0MB
{10:38:50.671} INFO: [Renderer]   > Sorted adapter 1: Microsoft Basic Render Driver 0MB/16346MB/0MB
{10:38:50.671} INFO: [Renderer]   > Picking adapter: NVIDIA GeForce RTX 2080 Ti
{10:38:50.671} INFO: [Renderer]   | Primary monitor: [0,0 - 2560,1440]
{10:38:50.671} INFO: [Renderer]   | Secondary monitor: [2560,0 - 6400,2160]
{10:38:51.566} INFO: [Renderer]   > Renderer started in DX11 mode.
{10:38:51.566} INFO: [Renderer]   > DX11 reported 11'049M free texture memory.
{10:38:51.567} INFO: [Renderer]   > [CheckSLI] Single GPU system
{10:38:51.623} INFO: [Renderer]   > [d3d12rt-checker] All tests were OK. Switch to D3D12Ultimate to enable raytracing
{10:38:51.639} INFO: [Renderer]   > Renderer: supported display modes:
{10:38:51.639} INFO: [Renderer]   |  monitor:0, 640x480, bpp:24, hz:75.00, fmt: A8R8G8B8
{10:38:51.639} INFO: [Renderer]   |  monitor:0, 640x480, bpp:24, hz:60.00, fmt: A8R8G8B8
{10:38:51.639} INFO: [Renderer]   |  monitor:0, 640x480, bpp:24, hz:59.94, fmt: A8R8G8B8
{10:38:51.639} INFO: [Renderer]   |  monitor:0, 720x480, bpp:24, hz:60.00, fmt: A8R8G8B8
{10:38:51.639} INFO: [Renderer]   |  monitor:0, 720x480, bpp:24, hz:59.94, fmt: A8R8G8B8
{10:38:51.639} INFO: [Renderer]   |  monitor:0, 720x576, bpp:24, hz:50.00, fmt: A8R8G8B8
{10:38:51.639} INFO: [Renderer]   |  monitor:0, 800x600, bpp:24, hz:75.00, fmt: A8R8G8B8
{10:38:51.639} INFO: [Renderer]   |  monitor:0, 800x600, bpp:24, hz:60.32, fmt: A8R8G8B8
{10:38:51.639} INFO: [Renderer]   |  monitor:0, 1024x768, bpp:24, hz:75.03, fmt: A8R8G8B8
{10:38:51.639} INFO: [Renderer]   |  monitor:0, 1024x768, bpp:24, hz:60.00, fmt: A8R8G8B8
{10:38:51.639} INFO: [Renderer]   |  monitor:0, 1152x864, bpp:24, hz:75.00, fmt: A8R8G8B8
{10:38:51.639} INFO: [Renderer]   |  monitor:0, 1176x664, bpp:24, hz:60.00, fmt: A8R8G8B8
{10:38:51.639} INFO: [Renderer]   |  monitor:0, 1176x664, bpp:24, hz:60.00, fmt: A8R8G8B8
{10:38:51.639} INFO: [Renderer]   |  monitor:0, 1176x664, bpp:24, hz:59.94, fmt: A8R8G8B8
{10:38:51.639} INFO: [Renderer]   |  monitor:0, 1176x664, bpp:24, hz:59.94, fmt: A8R8G8B8
{10:38:51.639} INFO: [Renderer]   |  monitor:0, 1176x664, bpp:24, hz:50.00, fmt: A8R8G8B8
{10:38:51.639} INFO: [Renderer]   |  monitor:0, 1176x664, bpp:24, hz:50.00, fmt: A8R8G8B8
{10:38:51.639} INFO: [Renderer]   |  monitor:0, 1280x720, bpp:24, hz:60.00, fmt: A8R8G8B8
{10:38:51.639} INFO: [Renderer]   |  monitor:0, 1280x720, bpp:24, hz:59.94, fmt: A8R8G8B8
{10:38:51.639} INFO: [Renderer]   |  monitor:0, 1280x720, bpp:24, hz:50.00, fmt: A8R8G8B8
{10:38:51.639} INFO: [Renderer]   |  monitor:0, 1280x768, bpp:24, hz:59.81, fmt: A8R8G8B8
{10:38:51.639} INFO: [Renderer]   |  monitor:0, 1280x768, bpp:24, hz:59.81, fmt: A8R8G8B8
{10:38:51.639} INFO: [Renderer]   |  monitor:0, 1280x800, bpp:24, hz:59.81, fmt: A8R8G8B8
{10:38:51.639} INFO: [Renderer]   |  monitor:0, 1280x960, bpp:24, hz:75.03, fmt: A8R8G8B8
{10:38:51.639} INFO: [Renderer]   |  monitor:0, 1280x960, bpp:24, hz:75.03, fmt: A8R8G8B8
{10:38:51.639} INFO: [Renderer]   |  monitor:0, 1280x960, bpp:24, hz:60.02, fmt: A8R8G8B8
{10:38:51.639} INFO: [Renderer]   |  monitor:0, 1280x960, bpp:24, hz:60.02, fmt: A8R8G8B8
{10:38:51.639} INFO: [Renderer]   |  monitor:0, 1280x1024, bpp:24, hz:75.03, fmt: A8R8G8B8
{10:38:51.639} INFO: [Renderer]   |  monitor:0, 1280x1024, bpp:24, hz:60.02, fmt: A8R8G8B8
{10:38:51.639} INFO: [Renderer]   |  monitor:0, 1360x768, bpp:24, hz:60.00, fmt: A8R8G8B8
{10:38:51.639} INFO: [Renderer]   |  monitor:0, 1360x768, bpp:24, hz:60.00, fmt: A8R8G8B8
{10:38:51.639} INFO: [Renderer]   |  monitor:0, 1360x768, bpp:24, hz:59.94, fmt: A8R8G8B8
{10:38:51.639} INFO: [Renderer]   |  monitor:0, 1360x768, bpp:24, hz:59.94, fmt: A8R8G8B8
{10:38:51.639} INFO: [Renderer]   |  monitor:0, 1360x768, bpp:24, hz:50.00, fmt: A8R8G8B8
{10:38:51.639} INFO: [Renderer]   |  monitor:0, 1360x768, bpp:24, hz:50.00, fmt: A8R8G8B8
{10:38:51.639} INFO: [Renderer]   |  monitor:0, 1366x768, bpp:24, hz:60.00, fmt: A8R8G8B8
{10:38:51.639} INFO: [Renderer]   |  monitor:0, 1366x768, bpp:24, hz:60.00, fmt: A8R8G8B8
{10:38:51.639} INFO: [Renderer]   |  monitor:0, 1366x768, bpp:24, hz:59.94, fmt: A8R8G8B8
{10:38:51.639} INFO: [Renderer]   |  monitor:0, 1366x768, bpp:24, hz:59.94, fmt: A8R8G8B8
{10:38:51.639} INFO: [Renderer]   |  monitor:0, 1366x768, bpp:24, hz:50.00, fmt: A8R8G8B8
{10:38:51.639} INFO: [Renderer]   |  monitor:0, 1366x768, bpp:24, hz:50.00, fmt: A8R8G8B8
{10:38:51.639} INFO: [Renderer]   |  monitor:0, 1440x900, bpp:24, hz:60.00, fmt: A8R8G8B8
{10:38:51.639} INFO: [Renderer]   |  monitor:0, 1440x900, bpp:24, hz:60.00, fmt: A8R8G8B8
{10:38:51.639} INFO: [Renderer]   |  monitor:0, 1440x900, bpp:24, hz:59.94, fmt: A8R8G8B8
{10:38:51.639} INFO: [Renderer]   |  monitor:0, 1440x900, bpp:24, hz:59.94, fmt: A8R8G8B8
{10:38:51.639} INFO: [Renderer]   |  monitor:0, 1440x900, bpp:24, hz:50.00, fmt: A8R8G8B8
{10:38:51.639} INFO: [Renderer]   |  monitor:0, 1440x900, bpp:24, hz:50.00, fmt: A8R8G8B8
{10:38:51.639} INFO: [Renderer]   |  monitor:0, 1600x900, bpp:24, hz:60.00, fmt: A8R8G8B8
{10:38:51.639} INFO: [Renderer]   |  monitor:0, 1600x900, bpp:24, hz:60.00, fmt: A8R8G8B8
{10:38:51.639} INFO: [Renderer]   |  monitor:0, 1600x900, bpp:24, hz:59.94, fmt: A8R8G8B8
{10:38:51.639} INFO: [Renderer]   |  monitor:0, 1600x900, bpp:24, hz:59.94, fmt: A8R8G8B8
{10:38:51.639} INFO: [Renderer]   |  monitor:0, 1600x900, bpp:24, hz:50.00, fmt: A8R8G8B8
{10:38:51.639} INFO: [Renderer]   |  monitor:0, 1600x900, bpp:24, hz:50.00, fmt: A8R8G8B8
{10:38:51.639} INFO: [Renderer]   |  monitor:0, 1600x1024, bpp:24, hz:60.00, fmt: A8R8G8B8
{10:38:51.639} INFO: [Renderer]   |  monitor:0, 1600x1024, bpp:24, hz:60.00, fmt: A8R8G8B8
{10:38:51.639} INFO: [Renderer]   |  monitor:0, 1600x1024, bpp:24, hz:59.94, fmt: A8R8G8B8
{10:38:51.639} INFO: [Renderer]   |  monitor:0, 1600x1024, bpp:24, hz:59.94, fmt: A8R8G8B8
{10:38:51.639} INFO: [Renderer]   |  monitor:0, 1600x1024, bpp:24, hz:50.00, fmt: A8R8G8B8
{10:38:51.639} INFO: [Renderer]   |  monitor:0, 1600x1024, bpp:24, hz:50.00, fmt: A8R8G8B8
{10:38:51.639} INFO: [Renderer]   |  monitor:0, 1600x1200, bpp:24, hz:60.00, fmt: A8R8G8B8
{10:38:51.639} INFO: [Renderer]   |  monitor:0, 1680x1050, bpp:24, hz:60.00, fmt: A8R8G8B8
{10:38:51.639} INFO: [Renderer]   |  monitor:0, 1680x1050, bpp:24, hz:60.00, fmt: A8R8G8B8
{10:38:51.639} INFO: [Renderer]   |  monitor:0, 1680x1050, bpp:24, hz:59.94, fmt: A8R8G8B8
{10:38:51.639} INFO: [Renderer]   |  monitor:0, 1680x1050, bpp:24, hz:59.94, fmt: A8R8G8B8
{10:38:51.639} INFO: [Renderer]   |  monitor:0, 1680x1050, bpp:24, hz:50.00, fmt: A8R8G8B8
{10:38:51.639} INFO: [Renderer]   |  monitor:0, 1680x1050, bpp:24, hz:50.00, fmt: A8R8G8B8
{10:38:51.639} INFO: [Renderer]   |  monitor:0, 1920x1080, bpp:24, hz:60.00, fmt: A8R8G8B8
{10:38:51.639} INFO: [Renderer]   |  monitor:0, 1920x1080, bpp:24, hz:59.94, fmt: A8R8G8B8
{10:38:51.639} INFO: [Renderer]   |  monitor:0, 1920x1080, bpp:24, hz:50.00, fmt: A8R8G8B8
{10:38:51.639} INFO: [Renderer]   |  monitor:0, 1920x1200, bpp:24, hz:59.92, fmt: A8R8G8B8
{10:38:51.639} INFO: [Renderer]   |  monitor:0, 1920x1200, bpp:24, hz:59.92, fmt: A8R8G8B8
{10:38:51.639} INFO: [Renderer]   |  monitor:0, 1920x1440, bpp:24, hz:59.95, fmt: A8R8G8B8
{10:38:51.639} INFO: [Renderer]   |  monitor:0, 1920x1440, bpp:24, hz:59.95, fmt: A8R8G8B8
{10:38:51.639} INFO: [Renderer]   |  monitor:0, 1920x2160, bpp:24, hz:59.99, fmt: A8R8G8B8
{10:38:51.639} INFO: [Renderer]   |  monitor:0, 2048x1280, bpp:24, hz:59.92, fmt: A8R8G8B8
{10:38:51.639} INFO: [Renderer]   |  monitor:0, 2048x1536, bpp:24, hz:60.00, fmt: A8R8G8B8
{10:38:51.639} INFO: [Renderer]   |  monitor:0, 2048x1536, bpp:24, hz:60.00, fmt: A8R8G8B8
{10:38:51.639} INFO: [Renderer]   |  monitor:0, 2048x1536, bpp:24, hz:29.98, fmt: A8R8G8B8
{10:38:51.639} INFO: [Renderer]   |  monitor:0, 2048x1536, bpp:24, hz:29.98, fmt: A8R8G8B8
{10:38:51.639} INFO: [Renderer]   |  monitor:0, 2560x1440, bpp:24, hz:59.95, fmt: A8R8G8B8
{10:38:51.639} INFO: [Renderer]   |  monitor:0, 2560x1600, bpp:24, hz:60.00, fmt: A8R8G8B8
{10:38:51.639} INFO: [Renderer]   |  monitor:0, 2560x1600, bpp:24, hz:60.00, fmt: A8R8G8B8
{10:38:51.639} INFO: [Renderer]   |  monitor:0, 2560x1600, bpp:24, hz:29.98, fmt: A8R8G8B8
{10:38:51.639} INFO: [Renderer]   |  monitor:0, 2560x1600, bpp:24, hz:29.98, fmt: A8R8G8B8
{10:38:51.639} INFO: [Renderer]   |  monitor:0, 3840x2160, bpp:24, hz:60.00, fmt: A8R8G8B8
{10:38:51.639} INFO: [Renderer]   |  monitor:0, 3840x2160, bpp:24, hz:29.98, fmt: A8R8G8B8
{10:38:51.639} INFO: [Renderer]   |  monitor:1, 640x480, bpp:24, hz:75.00, fmt: A8R8G8B8
{10:38:51.639} INFO: [Renderer]   |  monitor:1, 640x480, bpp:24, hz:72.00, fmt: A8R8G8B8
{10:38:51.639} INFO: [Renderer]   |  monitor:1, 640x480, bpp:24, hz:60.00, fmt: A8R8G8B8
{10:38:51.639} INFO: [Renderer]   |  monitor:1, 720x480, bpp:24, hz:75.00, fmt: A8R8G8B8
{10:38:51.639} INFO: [Renderer]   |  monitor:1, 720x480, bpp:24, hz:75.00, fmt: A8R8G8B8
{10:38:51.639} INFO: [Renderer]   |  monitor:1, 720x480, bpp:24, hz:72.19, fmt: A8R8G8B8
{10:38:51.639} INFO: [Renderer]   |  monitor:1, 720x480, bpp:24, hz:72.19, fmt: A8R8G8B8
{10:38:51.639} INFO: [Renderer]   |  monitor:1, 720x480, bpp:24, hz:60.32, fmt: A8R8G8B8
{10:38:51.639} INFO: [Renderer]   |  monitor:1, 720x480, bpp:24, hz:60.32, fmt: A8R8G8B8
{10:38:51.639} INFO: [Renderer]   |  monitor:1, 720x480, bpp:24, hz:56.25, fmt: A8R8G8B8
{10:38:51.639} INFO: [Renderer]   |  monitor:1, 720x480, bpp:24, hz:56.25, fmt: A8R8G8B8
{10:38:51.639} INFO: [Renderer]   |  monitor:1, 720x576, bpp:24, hz:75.00, fmt: A8R8G8B8
{10:38:51.639} INFO: [Renderer]   |  monitor:1, 720x576, bpp:24, hz:75.00, fmt: A8R8G8B8
{10:38:51.639} INFO: [Renderer]   |  monitor:1, 720x576, bpp:24, hz:72.19, fmt: A8R8G8B8
{10:38:51.639} INFO: [Renderer]   |  monitor:1, 720x576, bpp:24, hz:72.19, fmt: A8R8G8B8
{10:38:51.639} INFO: [Renderer]   |  monitor:1, 720x576, bpp:24, hz:60.32, fmt: A8R8G8B8
{10:38:51.639} INFO: [Renderer]   |  monitor:1, 720x576, bpp:24, hz:60.32, fmt: A8R8G8B8
{10:38:51.639} INFO: [Renderer]   |  monitor:1, 720x576, bpp:24, hz:56.25, fmt: A8R8G8B8
{10:38:51.639} INFO: [Renderer]   |  monitor:1, 720x576, bpp:24, hz:56.25, fmt: A8R8G8B8
{10:38:51.639} INFO: [Renderer]   |  monitor:1, 800x600, bpp:24, hz:75.00, fmt: A8R8G8B8
{10:38:51.639} INFO: [Renderer]   |  monitor:1, 800x600, bpp:24, hz:72.19, fmt: A8R8G8B8
{10:38:51.639} INFO: [Renderer]   |  monitor:1, 800x600, bpp:24, hz:60.32, fmt: A8R8G8B8
{10:38:51.639} INFO: [Renderer]   |  monitor:1, 800x600, bpp:24, hz:56.25, fmt: A8R8G8B8
{10:38:51.639} INFO: [Renderer]   |  monitor:1, 1024x768, bpp:24, hz:75.03, fmt: A8R8G8B8
{10:38:51.639} INFO: [Renderer]   |  monitor:1, 1024x768, bpp:24, hz:70.07, fmt: A8R8G8B8
{10:38:51.639} INFO: [Renderer]   |  monitor:1, 1024x768, bpp:24, hz:60.00, fmt: A8R8G8B8
{10:38:51.639} INFO: [Renderer]   |  monitor:1, 1152x864, bpp:24, hz:75.00, fmt: A8R8G8B8
{10:38:51.639} INFO: [Renderer]   |  monitor:1, 1176x664, bpp:24, hz:60.00, fmt: A8R8G8B8
{10:38:51.639} INFO: [Renderer]   |  monitor:1, 1176x664, bpp:24, hz:60.00, fmt: A8R8G8B8
{10:38:51.639} INFO: [Renderer]   |  monitor:1, 1280x720, bpp:24, hz:60.00, fmt: A8R8G8B8
{10:38:51.639} INFO: [Renderer]   |  monitor:1, 1280x768, bpp:24, hz:59.81, fmt: A8R8G8B8
{10:38:51.639} INFO: [Renderer]   |  monitor:1, 1280x768, bpp:24, hz:59.81, fmt: A8R8G8B8
{10:38:51.639} INFO: [Renderer]   |  monitor:1, 1280x800, bpp:24, hz:59.81, fmt: A8R8G8B8
{10:38:51.639} INFO: [Renderer]   |  monitor:1, 1280x960, bpp:24, hz:75.03, fmt: A8R8G8B8
{10:38:51.639} INFO: [Renderer]   |  monitor:1, 1280x960, bpp:24, hz:75.03, fmt: A8R8G8B8
{10:38:51.639} INFO: [Renderer]   |  monitor:1, 1280x960, bpp:24, hz:60.02, fmt: A8R8G8B8
{10:38:51.639} INFO: [Renderer]   |  monitor:1, 1280x960, bpp:24, hz:60.02, fmt: A8R8G8B8
{10:38:51.639} INFO: [Renderer]   |  monitor:1, 1280x1024, bpp:24, hz:75.03, fmt: A8R8G8B8
{10:38:51.640} INFO: [Renderer]   |  monitor:1, 1280x1024, bpp:24, hz:60.02, fmt: A8R8G8B8
{10:38:51.640} INFO: [Renderer]   |  monitor:1, 1360x768, bpp:24, hz:59.89, fmt: A8R8G8B8
{10:38:51.640} INFO: [Renderer]   |  monitor:1, 1360x768, bpp:24, hz:59.89, fmt: A8R8G8B8
{10:38:51.640} INFO: [Renderer]   |  monitor:1, 1366x768, bpp:24, hz:59.89, fmt: A8R8G8B8
{10:38:51.640} INFO: [Renderer]   |  monitor:1, 1366x768, bpp:24, hz:59.89, fmt: A8R8G8B8
{10:38:51.640} INFO: [Renderer]   |  monitor:1, 1440x900, bpp:24, hz:59.89, fmt: A8R8G8B8
{10:38:51.640} INFO: [Renderer]   |  monitor:1, 1600x900, bpp:24, hz:60.00, fmt: A8R8G8B8
{10:38:51.640} INFO: [Renderer]   |  monitor:1, 1600x1024, bpp:24, hz:59.95, fmt: A8R8G8B8
{10:38:51.640} INFO: [Renderer]   |  monitor:1, 1600x1024, bpp:24, hz:59.95, fmt: A8R8G8B8
{10:38:51.640} INFO: [Renderer]   |  monitor:1, 1600x1200, bpp:24, hz:59.95, fmt: A8R8G8B8
{10:38:51.640} INFO: [Renderer]   |  monitor:1, 1600x1200, bpp:24, hz:59.95, fmt: A8R8G8B8
{10:38:51.640} INFO: [Renderer]   |  monitor:1, 1680x1050, bpp:24, hz:59.95, fmt: A8R8G8B8
{10:38:51.640} INFO: [Renderer]   |  monitor:1, 1920x1080, bpp:24, hz:60.00, fmt: A8R8G8B8
{10:38:51.640} INFO: [Renderer]   |  monitor:1, 1920x1080, bpp:24, hz:59.94, fmt: A8R8G8B8
{10:38:51.640} INFO: [Renderer]   |  monitor:1, 1920x1200, bpp:24, hz:59.95, fmt: A8R8G8B8
{10:38:51.640} INFO: [Renderer]   |  monitor:1, 1920x1200, bpp:24, hz:59.95, fmt: A8R8G8B8
{10:38:51.640} INFO: [Renderer]   |  monitor:1, 1920x1440, bpp:24, hz:59.95, fmt: A8R8G8B8
{10:38:51.640} INFO: [Renderer]   |  monitor:1, 1920x1440, bpp:24, hz:59.95, fmt: A8R8G8B8
{10:38:51.640} INFO: [Renderer]   |  monitor:1, 1920x2160, bpp:24, hz:60.00, fmt: A8R8G8B8
{10:38:51.640} INFO: [Renderer]   |  monitor:1, 1920x2160, bpp:24, hz:60.00, fmt: A8R8G8B8
{10:38:51.640} INFO: [Renderer]   |  monitor:1, 2048x1280, bpp:24, hz:59.95, fmt: A8R8G8B8
{10:38:51.640} INFO: [Renderer]   |  monitor:1, 2048x1280, bpp:24, hz:59.95, fmt: A8R8G8B8
{10:38:51.640} INFO: [Renderer]   |  monitor:1, 2048x1536, bpp:24, hz:60.00, fmt: A8R8G8B8
{10:38:51.640} INFO: [Renderer]   |  monitor:1, 2048x1536, bpp:24, hz:60.00, fmt: A8R8G8B8
{10:38:51.640} INFO: [Renderer]   |  monitor:1, 2560x1440, bpp:24, hz:59.95, fmt: A8R8G8B8
{10:38:51.640} INFO: [Renderer]   |  monitor:1, 2560x1600, bpp:24, hz:60.00, fmt: A8R8G8B8
{10:38:51.640} INFO: [Renderer]   |  monitor:1, 2560x1600, bpp:24, hz:60.00, fmt: A8R8G8B8
{10:38:51.640} INFO: [Renderer]   |  monitor:1, 3840x2160, bpp:24, hz:60.00, fmt: A8R8G8B8
{10:38:51.641} INFO: [Renderer]   | Texture streaming mem 0 MB
{10:38:51.641} INFO: [INFO]       > Texture streaming buffer set to 0MB
{10:38:51.641} INFO: [INFO]       > Texture streaming lowest priority distance set to 100m
{10:38:52.002} DEBG: [DXGI]       > WM_SIZE 0, 2560x1440
{10:38:52.004} INFO: [INFO]       > CGame::AppWindowInit: window client area: 0x0, 2560x1440
{10:38:52.004} DEBG: [DXGI]       > [RChangeDeviceState] 2560x1440, 1.000000, borderless, 0/0 Hz
{10:38:52.004} DEBG: [DXGI]       >                  was 1920x1080, 1.000000, , 0/1 Hz
{10:38:52.008} DEBG: [DXGI]       > WM_SIZE 0, 0x0
{10:38:52.010} DEBG: [DXGI]       > WM_SIZE 0, 2560x1440
{10:38:52.727} INFO: [INFO]       > Texture streaming buffer set to 4000MB
{10:38:52.729} INFO: [Video]      > //Video settings:
{10:38:52.729} INFO: [Video]      > RendererMode("d3d11")
{10:38:52.729} INFO: [Video]      > AsyncCompute(0)
{10:38:52.729} INFO: [Video]      > WindowMode(1)
{10:38:52.729} INFO: [Video]      > Resolution(2560,1440)
{10:38:52.729} INFO: [Video]      > Scale3D(1.000000)
{10:38:52.729} INFO: [Video]      > FSR(0.450000)
{10:38:52.729} INFO: [Video]      > Upscaler(0)
{10:38:52.729} INFO: [Video]      > Upscaling(2)
{10:38:52.729} INFO: [Video]      > Monitor(0)
{10:38:52.729} INFO: [Video]      > DisableDWM(0)
{10:38:52.729} INFO: [Video]      > TextureQuality("High")
{10:38:52.729} INFO: [Video]      > ShadowMapSize(924)
{10:38:52.729} INFO: [Video]      > SpotShadowMapSize(4096)
{10:38:52.729} INFO: [Video]      > GammaFloat(1.00)
{10:38:52.729} INFO: [Video]      > GrassQuality(0)
{10:38:52.729} INFO: [Video]      > FrameRate(1)
{10:38:52.729} INFO: [Video]      > MotionBlur(1)
{10:38:52.729} INFO: [Video]      > MotionBlurQuality("High")
{10:38:52.729} INFO: [Video]      > FilmGrain(0)
{10:38:52.729} INFO: [Video]      > DistanceBlur(1)
{10:38:52.729} INFO: [Video]      > AntiAliasing(1)
{10:38:52.729} INFO: [Video]      > AntiAliasingQuality(1)
{10:38:52.729} INFO: [Video]      > FogQuality(2)
{10:38:52.729} INFO: [Video]      > ReflectionsQuality(2)
{10:38:52.729} INFO: [Video]      > ContactShadowsQuality(4)
{10:38:52.729} INFO: [Video]      > SpotShadowsQuality(2)
{10:38:52.729} INFO: [Video]      > AmbientOcclusion(1)
{10:38:52.729} INFO: [Video]      > AmbientOcclusionQuality(1)
{10:38:52.729} INFO: [Video]      > ColorBlindMode(0)
{10:38:52.729} INFO: [Video]      > GpuFxQuality(1)
{10:38:52.729} INFO: [Video]      > VoxelGiQuality(3)
{10:38:52.730} INFO: [ResPack]    > Free resource loading disabled
{10:38:52.825} INFO: [ResPack]    > Acquired prefab data: 147856, 161992
{10:38:52.826} INFO: [ResPack]    >  -> 0 prefabs, 32 presets available in engine_pc.rpack
{10:38:53.840} INFO: [ResPack]    > Acquired prefab data: 12557784, 10596232
{10:38:53.862} INFO: [ResPack]    >  -> 1081 prefabs, 184 presets available in common_prefabs_pc.rpack
{10:38:54.187} INFO: [INFO]       > [Input] Keyboard 0 enumerated: intance_name = Keyboard, product_name = Keyboard, GUID = {6f1d2b61-d5a0-11cf-bfc7-444553540000}
{10:38:54.241} INFO: [INFO]       > [CInput::SelectKeyboard] Keyboard 0 selected: Keyboard, Keyboard
{10:38:54.349} INFO: [INFO]       > Bink filename: IntroLogos_4k.bik
{10:38:56.072} INFO: [INFO]       > [gpufx] preloaded 1019 sequences. It took 1494.566040 ms
{10:38:56.072} RETL: [Game] > game version: '1.0.6', '1.0.202202141916'
{10:39:09.591} INFO: [INFO]       > Bink filename: GameIntro_4k.bik
{10:39:20.299} RETL: [Savegame] > ScanForSavegames: saves 2 (prev value -1)
{10:39:22.188} RETL: [Savegame] > Continue save update finished (SUCCEEDED): save 'save_main_0.sav' found, all_scanned_saves 2
{10:39:30.009} RETL: [Game]     > ===== CreateSession ===== 
{10:39:31.249} INFO: [ResPack]    > Acquired prefab data: 106165472, 42357864
{10:39:31.362} INFO: [ResPack]    >  -> 8689 prefabs, 568 presets available in city_persistent_pc.rpack
{10:39:31.401} INFO: [ResPack]    > Acquired prefab data: 2687000, 1309528
{10:39:31.406} INFO: [ResPack]    >  -> 181 prefabs, 43 presets available in prologue_persistent_pc.rpack
{10:39:31.430} RETL: [Savegame] > SessionContextState: 'OnCreate' [game_type 'Campaign', game_mode 'Coop', save_name 'save_main_0.sav' (slot 0), map 'city' (id:761188051), (first), difficulty [current: Normal, savegame: Normal, min_savegame: Normal, initial: Normal, lobby_settings: Normal], save_version 73, build: '1.0.202202141916 / 2', perforce_stream: '//tech/rel-ph-patch1-pc']
{10:39:35.330} INFO: [Video]      > //Video settings:
{10:39:35.330} INFO: [Video]      > RendererMode("d3d11")
{10:39:35.330} INFO: [Video]      > AsyncCompute(0)
{10:39:35.330} INFO: [Video]      > WindowMode(1)
{10:39:35.330} INFO: [Video]      > Resolution(2560,1440)
{10:39:35.330} INFO: [Video]      > Scale3D(1.000000)
{10:39:35.330} INFO: [Video]      > FSR(0.450000)
{10:39:35.330} INFO: [Video]      > Upscaler(0)
{10:39:35.330} INFO: [Video]      > Upscaling(2)
{10:39:35.330} INFO: [Video]      > Monitor(0)
{10:39:35.330} INFO: [Video]      > DisableDWM(0)
{10:39:35.330} INFO: [Video]      > TextureQuality("High")
{10:39:35.330} INFO: [Video]      > ShadowMapSize(924)
{10:39:35.330} INFO: [Video]      > SpotShadowMapSize(4096)
{10:39:35.330} INFO: [Video]      > GammaFloat(1.00)
{10:39:35.330} INFO: [Video]      > GrassQuality(0)
{10:39:35.330} INFO: [Video]      > FrameRate(1)
{10:39:35.330} INFO: [Video]      > MotionBlur(1)
{10:39:35.330} INFO: [Video]      > MotionBlurQuality("High")
{10:39:35.330} INFO: [Video]      > FilmGrain(0)
{10:39:35.330} INFO: [Video]      > DistanceBlur(1)
{10:39:35.330} INFO: [Video]      > AntiAliasing(1)
{10:39:35.330} INFO: [Video]      > AntiAliasingQuality(1)
{10:39:35.330} INFO: [Video]      > FogQuality(2)
{10:39:35.330} INFO: [Video]      > ReflectionsQuality(2)
{10:39:35.330} INFO: [Video]      > ContactShadowsQuality(4)
{10:39:35.330} INFO: [Video]      > SpotShadowsQuality(2)
{10:39:35.330} INFO: [Video]      > AmbientOcclusion(1)
{10:39:35.330} INFO: [Video]      > AmbientOcclusionQuality(1)
{10:39:35.330} INFO: [Video]      > ColorBlindMode(0)
{10:39:35.330} INFO: [Video]      > GpuFxQuality(1)
{10:39:35.330} INFO: [Video]      > VoxelGiQuality(3)
{10:39:38.309} RETL: [Game]     > >>>>> <1303295709> Changing level from <> to <city>
{10:39:41.653} RETL: [Savegame] > SessionContextState: 'OnUpdate after ChangeMap' [game_type 'Campaign', game_mode 'Coop', save_name 'save_main_0.sav' (slot 0), map 'city' (id:761188051), (first), difficulty [current: Normal, savegame: Normal, min_savegame: Normal, initial: Normal, lobby_settings: Normal], save_version 73, build: '1.0.202202141916 / 2', perforce_stream: '//tech/rel-ph-patch1-pc']
{10:39:41.758} RETL: [Game]     > >>>>> <1303295709> Performing load - mode <NormalFromMainMenu>
{10:39:41.758} RETL: [Savegame] > File name 'save_main_0.sav', memory_save->size = 0
{10:39:41.774} RETL: [Savegame] > Loading finished (ESgErr::Ok).
{10:39:41.774} RETL: [Savegame] > Applying loaded data: Original version: [save_version 72, build: '1.0.202202071214 / 2', perforce_stream: '//tech/rel-ph-patch1-pc'], Source version: [save_version 73, build: '1.0.202202141916 / 2', perforce_stream: '//tech/rel-ph-patch1-pc'], Current version: [save_version 73, build: '1.0.202202141916 / 2', perforce_stream: '//tech/rel-ph-patch1-pc']
{10:39:41.774} RETL: [Savegame] > Updated SessionContext [session_id 1293025094, time_played 102647825, campaign_finished false, finished_difficulty -1]
{10:39:42.444} RETL: [Savegame] > RestoreStoryState result: 'true'.
{10:39:42.444} RETL: [Savegame] > SpawnSpot: Spawnpoint, map: 'city', map_area: 'city/^Quest_Pumping_Station/Main_Hall/Logic/Sanctuary', spawn_point: city/^e3_2019_region_3_dummy_pumping_station/e3_proto_pumpingstation_logic/spawnpoint_arrival
{10:39:42.578} RETL: [Savegame] > Applying loaded data finished (result: true)
{10:39:44.852} INFO: [ResPack]    > Acquired prefab data: 4447136, 1737680
{10:39:44.859} INFO: [ResPack]    >  -> 1689 prefabs, 0 presets available in reg_03_b_pc.rpack
{10:39:44.878} INFO: [ResPack]    > Acquired prefab data: 1216672, 457288
{10:39:44.880} INFO: [ResPack]    >  -> 563 prefabs, 0 presets available in reg_buffer_02_03_pc.rpack
{10:39:44.914} INFO: [ResPack]    > Acquired prefab data: 2256760, 754928
{10:39:44.917} INFO: [ResPack]    >  -> 819 prefabs, 0 presets available in reg_buffer_02_04a_pc.rpack
{10:39:44.933} INFO: [ResPack]    > Acquired prefab data: 1724824, 722736
{10:39:44.937} INFO: [ResPack]    >  -> 764 prefabs, 0 presets available in reg_buffer_02_03b_pc.rpack
{10:45:19.646} INFO: [INFO]       > Bink filename: skill_after_boost.bik
{10:45:19.746} INFO: [INFO]       > Bink filename: skill_dash_advanced.bik
{10:45:19.930} INFO: [INFO]       > Bink filename: skill_dash.bik
{10:45:20.129} INFO: [INFO]       > Bink filename: skill_advanced_crouch.bik
{10:46:37.622} RETL: [Game]     > ===== DestroySession ===== (reason: 'OnQuitGame')

{10:46:41.991} INFO: [Video]      > //Video settings:
{10:46:41.991} INFO: [Video]      > RendererMode("d3d11")
{10:46:41.991} INFO: [Video]      > AsyncCompute(0)
{10:46:41.991} INFO: [Video]      > WindowMode(1)
{10:46:41.991} INFO: [Video]      > Resolution(2560,1440)
{10:46:41.991} INFO: [Video]      > Scale3D(1.000000)
{10:46:41.991} INFO: [Video]      > FSR(0.450000)
{10:46:41.991} INFO: [Video]      > Upscaler(0)
{10:46:41.991} INFO: [Video]      > Upscaling(2)
{10:46:41.991} INFO: [Video]      > Monitor(0)
{10:46:41.991} INFO: [Video]      > DisableDWM(0)
{10:46:41.991} INFO: [Video]      > TextureQuality("High")
{10:46:41.991} INFO: [Video]      > ShadowMapSize(924)
{10:46:41.991} INFO: [Video]      > SpotShadowMapSize(4096)
{10:46:41.991} INFO: [Video]      > GammaFloat(1.00)
{10:46:41.991} INFO: [Video]      > GrassQuality(0)
{10:46:41.991} INFO: [Video]      > FrameRate(1)
{10:46:41.991} INFO: [Video]      > MotionBlur(1)
{10:46:41.991} INFO: [Video]      > MotionBlurQuality("High")
{10:46:41.991} INFO: [Video]      > FilmGrain(0)
{10:46:41.991} INFO: [Video]      > DistanceBlur(1)
{10:46:41.991} INFO: [Video]      > AntiAliasing(1)
{10:46:41.991} INFO: [Video]      > AntiAliasingQuality(1)
{10:46:41.991} INFO: [Video]      > FogQuality(2)
{10:46:41.991} INFO: [Video]      > ReflectionsQuality(2)
{10:46:41.991} INFO: [Video]      > ContactShadowsQuality(4)
{10:46:41.991} INFO: [Video]      > SpotShadowsQuality(2)
{10:46:41.991} INFO: [Video]      > AmbientOcclusion(1)
{10:46:41.991} INFO: [Video]      > AmbientOcclusionQuality(1)
{10:46:41.991} INFO: [Video]      > ColorBlindMode(0)
{10:46:41.991} INFO: [Video]      > GpuFxQuality(1)
{10:46:41.991} INFO: [Video]      > VoxelGiQuality(3)
{10:46:43.933} RETL: [Savegame] > Continue save update finished (SUCCEEDED): save 'save_main_0.sav' found, all_scanned_saves 2
{10:46:53.332} INFO: [INFO]       > ---------------------------------------------------------
{10:46:53.332} INFO: [INFO]       > Time of playing game: 483.023834s
{10:46:53.332} INFO: [INFO]       > Updated frames: 27120 Rendered frames: 26801
{10:46:53.332} INFO: [INFO]       > Average FPS: 55.485878
{10:46:53.332} INFO: [INFO]       > ---------------------------------------------------------
{10:46:54.447} INFO: [Renderer]   > [r_Shutdown] Dll released
