{00:52:44.944} INFO: [FileSystem] > [CZip_dir::Initialize] 'c:/program files (x86)/steam/steamapps/common/dying light 2 / ph/source/data0.pak' took: 0.000000ms
{00:52:44.965} INFO: [FileSystem] > [CZip_dir::Initialize] 'c:/program files (x86)/steam/steamapps/common/dying light 2 / ph/source/data1.pak' took: 0.000000ms
{00:52:44.967} INFO: [FileSystem] > [CZip_dir::Initialize] 'c:/program files (x86)/steam/steamapps/common/dying light 2 / ph/source/databt.mpak' took: 0.000000ms
{00:52:46.811} RETL: [GAME] > arguments (2): 'C:\Program Files (x86)\Steam\steamapps\common\Dying Light 2\ph\work\bin\x64\DyingLightGame_x64_rwdi.exe', '/nolightfx'
{00:52:47.151} INFO: [FileSystem] > [CZip_dir::Initialize] 'c:/program files (x86)/steam/steamapps/common/dying light 2 / ph/source/data_lang/dataen.pak' took: 0.000000ms
{00:52:47.177} INFO: [Renderer]   > [CVideoSettings::LoadSettings] Loading video settings using 'out/Settings/Video.scr'
{00:52:47.187} INFO: [Renderer]   > [r_Initialize] Loaded from rd3d11_x64_rwdi.dll.
{00:52:47.188} INFO: [Renderer]   > MonitorIdx=0, SecondaryMonitorIdx=-1
{00:52:47.188} INFO: [Renderer]   > Enumerating D3D11 video adapters:
{00:52:47.193} INFO: [Renderer]   > Adapter 0: NVIDIA GeForce RTX 2080 Ti 11049MB/16346MB/0MB
{00:52:47.193} INFO: [Renderer]   |   Output 0: [0,0 - 2560,1440] \\.\DISPLAY1
{00:52:47.193} INFO: [Renderer]   |   Output 1: [2560,0 - 6400,2160] \\.\DISPLAY2
{00:52:47.193} INFO: [Renderer]   > Adapter 1: Microsoft Basic Render Driver 0MB/16346MB/0MB
{00:52:47.194} INFO: [Renderer]   > Sorted adapter 0: NVIDIA GeForce RTX 2080 Ti 11049MB/16346MB/0MB
{00:52:47.194} INFO: [Renderer]   > Sorted adapter 1: Microsoft Basic Render Driver 0MB/16346MB/0MB
{00:52:47.194} INFO: [Renderer]   > Picking adapter: NVIDIA GeForce RTX 2080 Ti
{00:52:47.194} INFO: [Renderer]   | Primary monitor: [0,0 - 2560,1440]
{00:52:47.194} INFO: [Renderer]   | Secondary monitor: [2560,0 - 6400,2160]
{00:52:48.101} INFO: [Renderer]   > Renderer started in DX11 mode.
{00:52:48.101} INFO: [Renderer]   > DX11 reported 11'049M free texture memory.
{00:52:48.103} INFO: [Renderer]   > [CheckSLI] Single GPU system
{00:52:48.161} INFO: [Renderer]   > [d3d12rt-checker] All tests were OK. Switch to D3D12Ultimate to enable raytracing
{00:52:48.180} INFO: [Renderer]   > Renderer: supported display modes:
{00:52:48.180} INFO: [Renderer]   |  monitor:0, 640x480, bpp:24, hz:75.00, fmt: A8R8G8B8
{00:52:48.180} INFO: [Renderer]   |  monitor:0, 640x480, bpp:24, hz:60.00, fmt: A8R8G8B8
{00:52:48.180} INFO: [Renderer]   |  monitor:0, 640x480, bpp:24, hz:59.94, fmt: A8R8G8B8
{00:52:48.180} INFO: [Renderer]   |  monitor:0, 720x480, bpp:24, hz:60.00, fmt: A8R8G8B8
{00:52:48.180} INFO: [Renderer]   |  monitor:0, 720x480, bpp:24, hz:59.94, fmt: A8R8G8B8
{00:52:48.180} INFO: [Renderer]   |  monitor:0, 720x576, bpp:24, hz:50.00, fmt: A8R8G8B8
{00:52:48.180} INFO: [Renderer]   |  monitor:0, 800x600, bpp:24, hz:75.00, fmt: A8R8G8B8
{00:52:48.180} INFO: [Renderer]   |  monitor:0, 800x600, bpp:24, hz:60.32, fmt: A8R8G8B8
{00:52:48.180} INFO: [Renderer]   |  monitor:0, 1024x768, bpp:24, hz:75.03, fmt: A8R8G8B8
{00:52:48.180} INFO: [Renderer]   |  monitor:0, 1024x768, bpp:24, hz:60.00, fmt: A8R8G8B8
{00:52:48.180} INFO: [Renderer]   |  monitor:0, 1152x864, bpp:24, hz:75.00, fmt: A8R8G8B8
{00:52:48.180} INFO: [Renderer]   |  monitor:0, 1176x664, bpp:24, hz:60.00, fmt: A8R8G8B8
{00:52:48.180} INFO: [Renderer]   |  monitor:0, 1176x664, bpp:24, hz:60.00, fmt: A8R8G8B8
{00:52:48.180} INFO: [Renderer]   |  monitor:0, 1176x664, bpp:24, hz:59.94, fmt: A8R8G8B8
{00:52:48.180} INFO: [Renderer]   |  monitor:0, 1176x664, bpp:24, hz:59.94, fmt: A8R8G8B8
{00:52:48.180} INFO: [Renderer]   |  monitor:0, 1176x664, bpp:24, hz:50.00, fmt: A8R8G8B8
{00:52:48.180} INFO: [Renderer]   |  monitor:0, 1176x664, bpp:24, hz:50.00, fmt: A8R8G8B8
{00:52:48.180} INFO: [Renderer]   |  monitor:0, 1280x720, bpp:24, hz:60.00, fmt: A8R8G8B8
{00:52:48.180} INFO: [Renderer]   |  monitor:0, 1280x720, bpp:24, hz:59.94, fmt: A8R8G8B8
{00:52:48.180} INFO: [Renderer]   |  monitor:0, 1280x720, bpp:24, hz:50.00, fmt: A8R8G8B8
{00:52:48.180} INFO: [Renderer]   |  monitor:0, 1280x768, bpp:24, hz:59.81, fmt: A8R8G8B8
{00:52:48.180} INFO: [Renderer]   |  monitor:0, 1280x768, bpp:24, hz:59.81, fmt: A8R8G8B8
{00:52:48.180} INFO: [Renderer]   |  monitor:0, 1280x800, bpp:24, hz:59.81, fmt: A8R8G8B8
{00:52:48.180} INFO: [Renderer]   |  monitor:0, 1280x960, bpp:24, hz:75.03, fmt: A8R8G8B8
{00:52:48.180} INFO: [Renderer]   |  monitor:0, 1280x960, bpp:24, hz:75.03, fmt: A8R8G8B8
{00:52:48.180} INFO: [Renderer]   |  monitor:0, 1280x960, bpp:24, hz:60.02, fmt: A8R8G8B8
{00:52:48.180} INFO: [Renderer]   |  monitor:0, 1280x960, bpp:24, hz:60.02, fmt: A8R8G8B8
{00:52:48.180} INFO: [Renderer]   |  monitor:0, 1280x1024, bpp:24, hz:75.03, fmt: A8R8G8B8
{00:52:48.180} INFO: [Renderer]   |  monitor:0, 1280x1024, bpp:24, hz:60.02, fmt: A8R8G8B8
{00:52:48.180} INFO: [Renderer]   |  monitor:0, 1360x768, bpp:24, hz:60.00, fmt: A8R8G8B8
{00:52:48.180} INFO: [Renderer]   |  monitor:0, 1360x768, bpp:24, hz:60.00, fmt: A8R8G8B8
{00:52:48.180} INFO: [Renderer]   |  monitor:0, 1360x768, bpp:24, hz:59.94, fmt: A8R8G8B8
{00:52:48.180} INFO: [Renderer]   |  monitor:0, 1360x768, bpp:24, hz:59.94, fmt: A8R8G8B8
{00:52:48.180} INFO: [Renderer]   |  monitor:0, 1360x768, bpp:24, hz:50.00, fmt: A8R8G8B8
{00:52:48.180} INFO: [Renderer]   |  monitor:0, 1360x768, bpp:24, hz:50.00, fmt: A8R8G8B8
{00:52:48.180} INFO: [Renderer]   |  monitor:0, 1366x768, bpp:24, hz:60.00, fmt: A8R8G8B8
{00:52:48.180} INFO: [Renderer]   |  monitor:0, 1366x768, bpp:24, hz:60.00, fmt: A8R8G8B8
{00:52:48.180} INFO: [Renderer]   |  monitor:0, 1366x768, bpp:24, hz:59.94, fmt: A8R8G8B8
{00:52:48.180} INFO: [Renderer]   |  monitor:0, 1366x768, bpp:24, hz:59.94, fmt: A8R8G8B8
{00:52:48.180} INFO: [Renderer]   |  monitor:0, 1366x768, bpp:24, hz:50.00, fmt: A8R8G8B8
{00:52:48.180} INFO: [Renderer]   |  monitor:0, 1366x768, bpp:24, hz:50.00, fmt: A8R8G8B8
{00:52:48.180} INFO: [Renderer]   |  monitor:0, 1440x900, bpp:24, hz:60.00, fmt: A8R8G8B8
{00:52:48.180} INFO: [Renderer]   |  monitor:0, 1440x900, bpp:24, hz:60.00, fmt: A8R8G8B8
{00:52:48.180} INFO: [Renderer]   |  monitor:0, 1440x900, bpp:24, hz:59.94, fmt: A8R8G8B8
{00:52:48.180} INFO: [Renderer]   |  monitor:0, 1440x900, bpp:24, hz:59.94, fmt: A8R8G8B8
{00:52:48.180} INFO: [Renderer]   |  monitor:0, 1440x900, bpp:24, hz:50.00, fmt: A8R8G8B8
{00:52:48.180} INFO: [Renderer]   |  monitor:0, 1440x900, bpp:24, hz:50.00, fmt: A8R8G8B8
{00:52:48.180} INFO: [Renderer]   |  monitor:0, 1600x900, bpp:24, hz:60.00, fmt: A8R8G8B8
{00:52:48.180} INFO: [Renderer]   |  monitor:0, 1600x900, bpp:24, hz:60.00, fmt: A8R8G8B8
{00:52:48.180} INFO: [Renderer]   |  monitor:0, 1600x900, bpp:24, hz:59.94, fmt: A8R8G8B8
{00:52:48.180} INFO: [Renderer]   |  monitor:0, 1600x900, bpp:24, hz:59.94, fmt: A8R8G8B8
{00:52:48.180} INFO: [Renderer]   |  monitor:0, 1600x900, bpp:24, hz:50.00, fmt: A8R8G8B8
{00:52:48.180} INFO: [Renderer]   |  monitor:0, 1600x900, bpp:24, hz:50.00, fmt: A8R8G8B8
{00:52:48.180} INFO: [Renderer]   |  monitor:0, 1600x1024, bpp:24, hz:60.00, fmt: A8R8G8B8
{00:52:48.180} INFO: [Renderer]   |  monitor:0, 1600x1024, bpp:24, hz:60.00, fmt: A8R8G8B8
{00:52:48.180} INFO: [Renderer]   |  monitor:0, 1600x1024, bpp:24, hz:59.94, fmt: A8R8G8B8
{00:52:48.180} INFO: [Renderer]   |  monitor:0, 1600x1024, bpp:24, hz:59.94, fmt: A8R8G8B8
{00:52:48.180} INFO: [Renderer]   |  monitor:0, 1600x1024, bpp:24, hz:50.00, fmt: A8R8G8B8
{00:52:48.180} INFO: [Renderer]   |  monitor:0, 1600x1024, bpp:24, hz:50.00, fmt: A8R8G8B8
{00:52:48.180} INFO: [Renderer]   |  monitor:0, 1600x1200, bpp:24, hz:60.00, fmt: A8R8G8B8
{00:52:48.180} INFO: [Renderer]   |  monitor:0, 1680x1050, bpp:24, hz:60.00, fmt: A8R8G8B8
{00:52:48.180} INFO: [Renderer]   |  monitor:0, 1680x1050, bpp:24, hz:60.00, fmt: A8R8G8B8
{00:52:48.180} INFO: [Renderer]   |  monitor:0, 1680x1050, bpp:24, hz:59.94, fmt: A8R8G8B8
{00:52:48.180} INFO: [Renderer]   |  monitor:0, 1680x1050, bpp:24, hz:59.94, fmt: A8R8G8B8
{00:52:48.180} INFO: [Renderer]   |  monitor:0, 1680x1050, bpp:24, hz:50.00, fmt: A8R8G8B8
{00:52:48.180} INFO: [Renderer]   |  monitor:0, 1680x1050, bpp:24, hz:50.00, fmt: A8R8G8B8
{00:52:48.180} INFO: [Renderer]   |  monitor:0, 1920x1080, bpp:24, hz:60.00, fmt: A8R8G8B8
{00:52:48.180} INFO: [Renderer]   |  monitor:0, 1920x1080, bpp:24, hz:59.94, fmt: A8R8G8B8
{00:52:48.180} INFO: [Renderer]   |  monitor:0, 1920x1080, bpp:24, hz:50.00, fmt: A8R8G8B8
{00:52:48.180} INFO: [Renderer]   |  monitor:0, 1920x1200, bpp:24, hz:59.92, fmt: A8R8G8B8
{00:52:48.180} INFO: [Renderer]   |  monitor:0, 1920x1200, bpp:24, hz:59.92, fmt: A8R8G8B8
{00:52:48.180} INFO: [Renderer]   |  monitor:0, 1920x1440, bpp:24, hz:59.95, fmt: A8R8G8B8
{00:52:48.180} INFO: [Renderer]   |  monitor:0, 1920x1440, bpp:24, hz:59.95, fmt: A8R8G8B8
{00:52:48.180} INFO: [Renderer]   |  monitor:0, 1920x2160, bpp:24, hz:59.99, fmt: A8R8G8B8
{00:52:48.180} INFO: [Renderer]   |  monitor:0, 2048x1280, bpp:24, hz:59.92, fmt: A8R8G8B8
{00:52:48.180} INFO: [Renderer]   |  monitor:0, 2048x1536, bpp:24, hz:60.00, fmt: A8R8G8B8
{00:52:48.180} INFO: [Renderer]   |  monitor:0, 2048x1536, bpp:24, hz:60.00, fmt: A8R8G8B8
{00:52:48.180} INFO: [Renderer]   |  monitor:0, 2048x1536, bpp:24, hz:29.98, fmt: A8R8G8B8
{00:52:48.180} INFO: [Renderer]   |  monitor:0, 2048x1536, bpp:24, hz:29.98, fmt: A8R8G8B8
{00:52:48.180} INFO: [Renderer]   |  monitor:0, 2560x1440, bpp:24, hz:59.95, fmt: A8R8G8B8
{00:52:48.180} INFO: [Renderer]   |  monitor:0, 2560x1600, bpp:24, hz:60.00, fmt: A8R8G8B8
{00:52:48.180} INFO: [Renderer]   |  monitor:0, 2560x1600, bpp:24, hz:60.00, fmt: A8R8G8B8
{00:52:48.180} INFO: [Renderer]   |  monitor:0, 2560x1600, bpp:24, hz:29.98, fmt: A8R8G8B8
{00:52:48.180} INFO: [Renderer]   |  monitor:0, 2560x1600, bpp:24, hz:29.98, fmt: A8R8G8B8
{00:52:48.180} INFO: [Renderer]   |  monitor:0, 3840x2160, bpp:24, hz:60.00, fmt: A8R8G8B8
{00:52:48.180} INFO: [Renderer]   |  monitor:0, 3840x2160, bpp:24, hz:29.98, fmt: A8R8G8B8
{00:52:48.180} INFO: [Renderer]   |  monitor:1, 640x480, bpp:24, hz:75.00, fmt: A8R8G8B8
{00:52:48.180} INFO: [Renderer]   |  monitor:1, 640x480, bpp:24, hz:72.00, fmt: A8R8G8B8
{00:52:48.180} INFO: [Renderer]   |  monitor:1, 640x480, bpp:24, hz:60.00, fmt: A8R8G8B8
{00:52:48.180} INFO: [Renderer]   |  monitor:1, 720x480, bpp:24, hz:75.00, fmt: A8R8G8B8
{00:52:48.180} INFO: [Renderer]   |  monitor:1, 720x480, bpp:24, hz:75.00, fmt: A8R8G8B8
{00:52:48.180} INFO: [Renderer]   |  monitor:1, 720x480, bpp:24, hz:72.19, fmt: A8R8G8B8
{00:52:48.180} INFO: [Renderer]   |  monitor:1, 720x480, bpp:24, hz:72.19, fmt: A8R8G8B8
{00:52:48.180} INFO: [Renderer]   |  monitor:1, 720x480, bpp:24, hz:60.32, fmt: A8R8G8B8
{00:52:48.180} INFO: [Renderer]   |  monitor:1, 720x480, bpp:24, hz:60.32, fmt: A8R8G8B8
{00:52:48.180} INFO: [Renderer]   |  monitor:1, 720x480, bpp:24, hz:56.25, fmt: A8R8G8B8
{00:52:48.180} INFO: [Renderer]   |  monitor:1, 720x480, bpp:24, hz:56.25, fmt: A8R8G8B8
{00:52:48.180} INFO: [Renderer]   |  monitor:1, 720x576, bpp:24, hz:75.00, fmt: A8R8G8B8
{00:52:48.180} INFO: [Renderer]   |  monitor:1, 720x576, bpp:24, hz:75.00, fmt: A8R8G8B8
{00:52:48.180} INFO: [Renderer]   |  monitor:1, 720x576, bpp:24, hz:72.19, fmt: A8R8G8B8
{00:52:48.180} INFO: [Renderer]   |  monitor:1, 720x576, bpp:24, hz:72.19, fmt: A8R8G8B8
{00:52:48.180} INFO: [Renderer]   |  monitor:1, 720x576, bpp:24, hz:60.32, fmt: A8R8G8B8
{00:52:48.180} INFO: [Renderer]   |  monitor:1, 720x576, bpp:24, hz:60.32, fmt: A8R8G8B8
{00:52:48.180} INFO: [Renderer]   |  monitor:1, 720x576, bpp:24, hz:56.25, fmt: A8R8G8B8
{00:52:48.180} INFO: [Renderer]   |  monitor:1, 720x576, bpp:24, hz:56.25, fmt: A8R8G8B8
{00:52:48.180} INFO: [Renderer]   |  monitor:1, 800x600, bpp:24, hz:75.00, fmt: A8R8G8B8
{00:52:48.180} INFO: [Renderer]   |  monitor:1, 800x600, bpp:24, hz:72.19, fmt: A8R8G8B8
{00:52:48.180} INFO: [Renderer]   |  monitor:1, 800x600, bpp:24, hz:60.32, fmt: A8R8G8B8
{00:52:48.180} INFO: [Renderer]   |  monitor:1, 800x600, bpp:24, hz:56.25, fmt: A8R8G8B8
{00:52:48.180} INFO: [Renderer]   |  monitor:1, 1024x768, bpp:24, hz:75.03, fmt: A8R8G8B8
{00:52:48.180} INFO: [Renderer]   |  monitor:1, 1024x768, bpp:24, hz:70.07, fmt: A8R8G8B8
{00:52:48.180} INFO: [Renderer]   |  monitor:1, 1024x768, bpp:24, hz:60.00, fmt: A8R8G8B8
{00:52:48.180} INFO: [Renderer]   |  monitor:1, 1152x864, bpp:24, hz:75.00, fmt: A8R8G8B8
{00:52:48.180} INFO: [Renderer]   |  monitor:1, 1176x664, bpp:24, hz:60.00, fmt: A8R8G8B8
{00:52:48.180} INFO: [Renderer]   |  monitor:1, 1176x664, bpp:24, hz:60.00, fmt: A8R8G8B8
{00:52:48.180} INFO: [Renderer]   |  monitor:1, 1280x720, bpp:24, hz:60.00, fmt: A8R8G8B8
{00:52:48.180} INFO: [Renderer]   |  monitor:1, 1280x768, bpp:24, hz:59.81, fmt: A8R8G8B8
{00:52:48.180} INFO: [Renderer]   |  monitor:1, 1280x768, bpp:24, hz:59.81, fmt: A8R8G8B8
{00:52:48.180} INFO: [Renderer]   |  monitor:1, 1280x800, bpp:24, hz:59.81, fmt: A8R8G8B8
{00:52:48.180} INFO: [Renderer]   |  monitor:1, 1280x960, bpp:24, hz:75.03, fmt: A8R8G8B8
{00:52:48.180} INFO: [Renderer]   |  monitor:1, 1280x960, bpp:24, hz:75.03, fmt: A8R8G8B8
{00:52:48.180} INFO: [Renderer]   |  monitor:1, 1280x960, bpp:24, hz:60.02, fmt: A8R8G8B8
{00:52:48.180} INFO: [Renderer]   |  monitor:1, 1280x960, bpp:24, hz:60.02, fmt: A8R8G8B8
{00:52:48.180} INFO: [Renderer]   |  monitor:1, 1280x1024, bpp:24, hz:75.03, fmt: A8R8G8B8
{00:52:48.180} INFO: [Renderer]   |  monitor:1, 1280x1024, bpp:24, hz:60.02, fmt: A8R8G8B8
{00:52:48.180} INFO: [Renderer]   |  monitor:1, 1360x768, bpp:24, hz:59.89, fmt: A8R8G8B8
{00:52:48.180} INFO: [Renderer]   |  monitor:1, 1360x768, bpp:24, hz:59.89, fmt: A8R8G8B8
{00:52:48.180} INFO: [Renderer]   |  monitor:1, 1366x768, bpp:24, hz:59.89, fmt: A8R8G8B8
{00:52:48.180} INFO: [Renderer]   |  monitor:1, 1366x768, bpp:24, hz:59.89, fmt: A8R8G8B8
{00:52:48.180} INFO: [Renderer]   |  monitor:1, 1440x900, bpp:24, hz:59.89, fmt: A8R8G8B8
{00:52:48.180} INFO: [Renderer]   |  monitor:1, 1600x900, bpp:24, hz:60.00, fmt: A8R8G8B8
{00:52:48.180} INFO: [Renderer]   |  monitor:1, 1600x1024, bpp:24, hz:59.95, fmt: A8R8G8B8
{00:52:48.180} INFO: [Renderer]   |  monitor:1, 1600x1024, bpp:24, hz:59.95, fmt: A8R8G8B8
{00:52:48.180} INFO: [Renderer]   |  monitor:1, 1600x1200, bpp:24, hz:59.95, fmt: A8R8G8B8
{00:52:48.180} INFO: [Renderer]   |  monitor:1, 1600x1200, bpp:24, hz:59.95, fmt: A8R8G8B8
{00:52:48.180} INFO: [Renderer]   |  monitor:1, 1680x1050, bpp:24, hz:59.95, fmt: A8R8G8B8
{00:52:48.180} INFO: [Renderer]   |  monitor:1, 1920x1080, bpp:24, hz:60.00, fmt: A8R8G8B8
{00:52:48.180} INFO: [Renderer]   |  monitor:1, 1920x1080, bpp:24, hz:59.94, fmt: A8R8G8B8
{00:52:48.180} INFO: [Renderer]   |  monitor:1, 1920x1200, bpp:24, hz:59.95, fmt: A8R8G8B8
{00:52:48.180} INFO: [Renderer]   |  monitor:1, 1920x1200, bpp:24, hz:59.95, fmt: A8R8G8B8
{00:52:48.180} INFO: [Renderer]   |  monitor:1, 1920x1440, bpp:24, hz:59.95, fmt: A8R8G8B8
{00:52:48.180} INFO: [Renderer]   |  monitor:1, 1920x1440, bpp:24, hz:59.95, fmt: A8R8G8B8
{00:52:48.180} INFO: [Renderer]   |  monitor:1, 1920x2160, bpp:24, hz:60.00, fmt: A8R8G8B8
{00:52:48.180} INFO: [Renderer]   |  monitor:1, 1920x2160, bpp:24, hz:60.00, fmt: A8R8G8B8
{00:52:48.180} INFO: [Renderer]   |  monitor:1, 2048x1280, bpp:24, hz:59.95, fmt: A8R8G8B8
{00:52:48.180} INFO: [Renderer]   |  monitor:1, 2048x1280, bpp:24, hz:59.95, fmt: A8R8G8B8
{00:52:48.180} INFO: [Renderer]   |  monitor:1, 2048x1536, bpp:24, hz:60.00, fmt: A8R8G8B8
{00:52:48.180} INFO: [Renderer]   |  monitor:1, 2048x1536, bpp:24, hz:60.00, fmt: A8R8G8B8
{00:52:48.180} INFO: [Renderer]   |  monitor:1, 2560x1440, bpp:24, hz:59.95, fmt: A8R8G8B8
{00:52:48.180} INFO: [Renderer]   |  monitor:1, 2560x1600, bpp:24, hz:60.00, fmt: A8R8G8B8
{00:52:48.180} INFO: [Renderer]   |  monitor:1, 2560x1600, bpp:24, hz:60.00, fmt: A8R8G8B8
{00:52:48.180} INFO: [Renderer]   |  monitor:1, 3840x2160, bpp:24, hz:60.00, fmt: A8R8G8B8
{00:52:48.181} INFO: [Renderer]   | Texture streaming mem 0 MB
{00:52:48.181} INFO: [INFO]       > Texture streaming buffer set to 0MB
{00:52:48.181} INFO: [INFO]       > Texture streaming lowest priority distance set to 100m
{00:52:48.569} DEBG: [DXGI]       > WM_SIZE 0, 2560x1440
{00:52:48.571} INFO: [INFO]       > CGame::AppWindowInit: window client area: 0x0, 2560x1440
{00:52:48.571} DEBG: [DXGI]       > [RChangeDeviceState] 2560x1440, 1.000000, borderless, 0/0 Hz
{00:52:48.571} DEBG: [DXGI]       >                  was 1920x1080, 1.000000, , 0/1 Hz
{00:52:48.575} DEBG: [DXGI]       > WM_SIZE 0, 0x0
{00:52:48.577} DEBG: [DXGI]       > WM_SIZE 0, 2560x1440
{00:52:49.311} INFO: [INFO]       > Texture streaming buffer set to 4000MB
{00:52:49.313} INFO: [Video]      > //Video settings:
{00:52:49.313} INFO: [Video]      > RendererMode("d3d11")
{00:52:49.313} INFO: [Video]      > AsyncCompute(0)
{00:52:49.313} INFO: [Video]      > WindowMode(1)
{00:52:49.313} INFO: [Video]      > Resolution(2560,1440)
{00:52:49.313} INFO: [Video]      > Scale3D(1.000000)
{00:52:49.313} INFO: [Video]      > FSR(0.450000)
{00:52:49.313} INFO: [Video]      > Upscaler(0)
{00:52:49.313} INFO: [Video]      > Upscaling(2)
{00:52:49.313} INFO: [Video]      > Monitor(0)
{00:52:49.313} INFO: [Video]      > DisableDWM(0)
{00:52:49.313} INFO: [Video]      > TextureQuality("High")
{00:52:49.313} INFO: [Video]      > ShadowMapSize(924)
{00:52:49.313} INFO: [Video]      > SpotShadowMapSize(4096)
{00:52:49.313} INFO: [Video]      > GammaFloat(1.00)
{00:52:49.313} INFO: [Video]      > GrassQuality(0)
{00:52:49.313} INFO: [Video]      > FrameRate(1)
{00:52:49.313} INFO: [Video]      > MotionBlur(1)
{00:52:49.313} INFO: [Video]      > MotionBlurQuality("High")
{00:52:49.313} INFO: [Video]      > FilmGrain(0)
{00:52:49.313} INFO: [Video]      > DistanceBlur(1)
{00:52:49.313} INFO: [Video]      > AntiAliasing(1)
{00:52:49.313} INFO: [Video]      > AntiAliasingQuality(1)
{00:52:49.313} INFO: [Video]      > FogQuality(2)
{00:52:49.313} INFO: [Video]      > ReflectionsQuality(2)
{00:52:49.313} INFO: [Video]      > ContactShadowsQuality(4)
{00:52:49.313} INFO: [Video]      > SpotShadowsQuality(2)
{00:52:49.313} INFO: [Video]      > AmbientOcclusion(1)
{00:52:49.313} INFO: [Video]      > AmbientOcclusionQuality(1)
{00:52:49.313} INFO: [Video]      > ColorBlindMode(0)
{00:52:49.313} INFO: [Video]      > GpuFxQuality(1)
{00:52:49.313} INFO: [Video]      > VoxelGiQuality(3)
{00:52:49.314} INFO: [ResPack]    > Free resource loading disabled
{00:52:49.406} INFO: [ResPack]    > Acquired prefab data: 147856, 161992
{00:52:49.407} INFO: [ResPack]    >  -> 0 prefabs, 32 presets available in engine_pc.rpack
{00:52:50.406} INFO: [ResPack]    > Acquired prefab data: 12557784, 10596232
{00:52:50.429} INFO: [ResPack]    >  -> 1081 prefabs, 184 presets available in common_prefabs_pc.rpack
{00:52:50.749} INFO: [INFO]       > [Input] Keyboard 0 enumerated: intance_name = Keyboard, product_name = Keyboard, GUID = {6f1d2b61-d5a0-11cf-bfc7-444553540000}
{00:52:50.808} INFO: [INFO]       > [CInput::SelectKeyboard] Keyboard 0 selected: Keyboard, Keyboard
{00:52:50.919} INFO: [INFO]       > Bink filename: IntroLogos_4k.bik
{00:52:52.680} INFO: [INFO]       > [gpufx] preloaded 1019 sequences. It took 1521.389038 ms
{00:52:52.680} RETL: [Game] > game version: '1.0.6', '1.0.202202141916'
{00:53:03.064} INFO: [INFO]       > Bink filename: GameIntro_4k.bik
{00:53:09.108} RETL: [Savegame] > ScanForSavegames: saves 2 (prev value -1)
{00:53:11.006} RETL: [Savegame] > Continue save update finished (SUCCEEDED): save 'save_main_0.sav' found, all_scanned_saves 2
{00:53:16.515} RETL: [Game]     > ===== CreateSession ===== 
{00:53:17.759} INFO: [ResPack]    > Acquired prefab data: 106165472, 42357864
{00:53:17.876} INFO: [ResPack]    >  -> 8689 prefabs, 568 presets available in city_persistent_pc.rpack
{00:53:17.915} INFO: [ResPack]    > Acquired prefab data: 2687000, 1309528
{00:53:17.920} INFO: [ResPack]    >  -> 181 prefabs, 43 presets available in prologue_persistent_pc.rpack
{00:53:17.944} RETL: [Savegame] > SessionContextState: 'OnCreate' [game_type 'Campaign', game_mode 'Coop', save_name 'save_main_0.sav' (slot 0), map 'city' (id:761188051), (first), difficulty [current: Normal, savegame: Normal, min_savegame: Normal, initial: Normal, lobby_settings: Normal], save_version 73, build: '1.0.202202141916 / 2', perforce_stream: '//tech/rel-ph-patch1-pc']
{00:53:21.820} INFO: [Video]      > //Video settings:
{00:53:21.820} INFO: [Video]      > RendererMode("d3d11")
{00:53:21.820} INFO: [Video]      > AsyncCompute(0)
{00:53:21.820} INFO: [Video]      > WindowMode(1)
{00:53:21.820} INFO: [Video]      > Resolution(2560,1440)
{00:53:21.820} INFO: [Video]      > Scale3D(1.000000)
{00:53:21.820} INFO: [Video]      > FSR(0.450000)
{00:53:21.820} INFO: [Video]      > Upscaler(0)
{00:53:21.820} INFO: [Video]      > Upscaling(2)
{00:53:21.820} INFO: [Video]      > Monitor(0)
{00:53:21.820} INFO: [Video]      > DisableDWM(0)
{00:53:21.820} INFO: [Video]      > TextureQuality("High")
{00:53:21.820} INFO: [Video]      > ShadowMapSize(924)
{00:53:21.820} INFO: [Video]      > SpotShadowMapSize(4096)
{00:53:21.820} INFO: [Video]      > GammaFloat(1.00)
{00:53:21.820} INFO: [Video]      > GrassQuality(0)
{00:53:21.820} INFO: [Video]      > FrameRate(1)
{00:53:21.820} INFO: [Video]      > MotionBlur(1)
{00:53:21.820} INFO: [Video]      > MotionBlurQuality("High")
{00:53:21.820} INFO: [Video]      > FilmGrain(0)
{00:53:21.820} INFO: [Video]      > DistanceBlur(1)
{00:53:21.820} INFO: [Video]      > AntiAliasing(1)
{00:53:21.820} INFO: [Video]      > AntiAliasingQuality(1)
{00:53:21.820} INFO: [Video]      > FogQuality(2)
{00:53:21.820} INFO: [Video]      > ReflectionsQuality(2)
{00:53:21.820} INFO: [Video]      > ContactShadowsQuality(4)
{00:53:21.820} INFO: [Video]      > SpotShadowsQuality(2)
{00:53:21.820} INFO: [Video]      > AmbientOcclusion(1)
{00:53:21.820} INFO: [Video]      > AmbientOcclusionQuality(1)
{00:53:21.820} INFO: [Video]      > ColorBlindMode(0)
{00:53:21.820} INFO: [Video]      > GpuFxQuality(1)
{00:53:21.820} INFO: [Video]      > VoxelGiQuality(3)
{00:53:24.799} RETL: [Game]     > >>>>> <1306400476> Changing level from <> to <city>
{00:53:28.146} RETL: [Savegame] > SessionContextState: 'OnUpdate after ChangeMap' [game_type 'Campaign', game_mode 'Coop', save_name 'save_main_0.sav' (slot 0), map 'city' (id:761188051), (first), difficulty [current: Normal, savegame: Normal, min_savegame: Normal, initial: Normal, lobby_settings: Normal], save_version 73, build: '1.0.202202141916 / 2', perforce_stream: '//tech/rel-ph-patch1-pc']
{00:53:28.251} RETL: [Game]     > >>>>> <1306400476> Performing load - mode <NormalFromMainMenu>
{00:53:28.251} RETL: [Savegame] > File name 'save_main_0.sav', memory_save->size = 0
{00:53:28.277} RETL: [Savegame] > Loading finished (ESgErr::Ok).
{00:53:28.278} RETL: [Savegame] > Applying loaded data: Original version: [save_version 72, build: '1.0.202202071214 / 2', perforce_stream: '//tech/rel-ph-patch1-pc'], Source version: [save_version 73, build: '1.0.202202141916 / 2', perforce_stream: '//tech/rel-ph-patch1-pc'], Current version: [save_version 73, build: '1.0.202202141916 / 2', perforce_stream: '//tech/rel-ph-patch1-pc']
{00:53:28.278} RETL: [Savegame] > Updated SessionContext [session_id 1293025094, time_played 110022070, campaign_finished true, finished_difficulty 2]
{00:53:29.110} RETL: [Savegame] > RestoreStoryState result: 'true'.
{00:53:29.110} RETL: [Savegame] > SpawnSpot: Spawnpoint, map: 'city', map_area: 'city/^hub_ship_exterior/Logic/Zones/Reg02/sanctuary_entrance', spawn_point: city/^loc_metro_spygame/logic/Player/respawn
{00:53:29.240} RETL: [Savegame] > Applying loaded data finished (result: true)
{00:53:31.498} INFO: [ResPack]    > Acquired prefab data: 552, 224
{00:53:31.498} INFO: [ResPack]    >  -> 1 prefabs, 0 presets available in reg_pin_ship_pc.rpack
{00:53:31.936} INFO: [ResPack]    > Acquired prefab data: 35373120, 15041136
{00:53:31.989} INFO: [ResPack]    >  -> 9251 prefabs, 0 presets available in reg_02_pc.rpack
{00:53:32.031} INFO: [ResPack]    > Acquired prefab data: 46056, 25728
{00:53:32.031} INFO: [ResPack]    >  -> 22 prefabs, 0 presets available in reg_buffer_02_05_a_pc.rpack
{00:53:32.035} INFO: [ResPack]    > Acquired prefab data: 368992, 141216
{00:53:32.036} INFO: [ResPack]    >  -> 183 prefabs, 0 presets available in reg_buffer_02_05_b_pc.rpack
{00:53:32.039} INFO: [ResPack]    > Acquired prefab data: 535832, 207488
{00:53:32.040} INFO: [ResPack]    >  -> 123 prefabs, 0 presets available in reg_buffer_01_05_pc.rpack
{00:53:32.043} INFO: [ResPack]    > Acquired prefab data: 131624, 64608
{00:53:32.043} INFO: [ResPack]    >  -> 59 prefabs, 0 presets available in reg_buffer_05_06_pc.rpack
{00:53:32.061} INFO: [ResPack]    > Acquired prefab data: 1800416, 752040
{00:53:32.063} INFO: [ResPack]    >  -> 692 prefabs, 0 presets available in reg_buffer_01_04_pc.rpack
{00:53:32.099} INFO: [ResPack]    > Acquired prefab data: 2256760, 754928
{00:53:32.102} INFO: [ResPack]    >  -> 819 prefabs, 0 presets available in reg_buffer_02_04a_pc.rpack
{00:53:32.117} INFO: [ResPack]    > Acquired prefab data: 875616, 330280
{00:53:32.118} INFO: [ResPack]    >  -> 437 prefabs, 0 presets available in reg_buffer_02_04b_pc.rpack
{00:53:32.132} INFO: [ResPack]    > Acquired prefab data: 1724824, 722736
{00:53:32.135} INFO: [ResPack]    >  -> 764 prefabs, 0 presets available in reg_buffer_02_03b_pc.rpack
{00:53:32.152} INFO: [ResPack]    > Acquired prefab data: 1216672, 457288
{00:53:32.154} INFO: [ResPack]    >  -> 563 prefabs, 0 presets available in reg_buffer_02_03_pc.rpack
{00:53:32.162} INFO: [ResPack]    > Acquired prefab data: 389832, 144960
{00:53:32.162} INFO: [ResPack]    >  -> 119 prefabs, 0 presets available in reg_buffer_04_a_b_pc.rpack
{00:57:06.839} INFO: [ResPack]    > Acquired prefab data: 552, 224
{00:57:06.839} INFO: [ResPack]    >  -> 1 prefabs, 0 presets available in reg_pin_ship_pc.rpack
{00:57:16.322} INFO: [ResPack]    > Acquired prefab data: 552, 224
{00:57:16.322} INFO: [ResPack]    >  -> 1 prefabs, 0 presets available in reg_pin_ship_pc.rpack
{00:57:42.776} INFO: [ResPack]    > Acquired prefab data: 552, 224
{00:57:42.776} INFO: [ResPack]    >  -> 1 prefabs, 0 presets available in reg_pin_ship_pc.rpack
{00:57:45.490} INFO: [ResPack]    > Acquired prefab data: 552, 224
{00:57:45.490} INFO: [ResPack]    >  -> 1 prefabs, 0 presets available in reg_pin_ship_pc.rpack
{00:58:46.577} INFO: [ResPack]    > Acquired prefab data: 552, 224
{00:58:46.577} INFO: [ResPack]    >  -> 1 prefabs, 0 presets available in reg_pin_canteen_pc.rpack
{01:00:21.815} INFO: [ResPack]    > Acquired prefab data: 552, 224
{01:00:21.815} INFO: [ResPack]    >  -> 1 prefabs, 0 presets available in reg_pin_canteen_pc.rpack
{01:18:44.997} INFO: [INFO]       > Bink filename: skill_vault_kick_ragdoll.bik
{01:18:45.374} INFO: [INFO]       > Bink filename: skill_stomp.bik
{01:29:19.220} INFO: [INFO]       > Bink filename: tool_uvflashlight.bik
{01:39:48.297} INFO: [INFO]       > Bink filename: skill_perfect_block.bik
{01:39:48.713} INFO: [INFO]       > Bink filename: skill_ranged_mastery.bik
{01:40:00.819} RETL: [Game]     > ===== DestroySession ===== (reason: 'OnQuitGame')
{01:40:06.201} INFO: [Video]      > //Video settings:
{01:40:06.201} INFO: [Video]      > RendererMode("d3d11")
{01:40:06.201} INFO: [Video]      > AsyncCompute(0)
{01:40:06.201} INFO: [Video]      > WindowMode(1)
{01:40:06.201} INFO: [Video]      > Resolution(2560,1440)
{01:40:06.201} INFO: [Video]      > Scale3D(1.000000)
{01:40:06.201} INFO: [Video]      > FSR(0.450000)
{01:40:06.201} INFO: [Video]      > Upscaler(0)
{01:40:06.201} INFO: [Video]      > Upscaling(2)
{01:40:06.201} INFO: [Video]      > Monitor(0)
{01:40:06.201} INFO: [Video]      > DisableDWM(0)
{01:40:06.201} INFO: [Video]      > TextureQuality("High")
{01:40:06.201} INFO: [Video]      > ShadowMapSize(924)
{01:40:06.201} INFO: [Video]      > SpotShadowMapSize(4096)
{01:40:06.201} INFO: [Video]      > GammaFloat(1.00)
{01:40:06.201} INFO: [Video]      > GrassQuality(0)
{01:40:06.201} INFO: [Video]      > FrameRate(1)
{01:40:06.201} INFO: [Video]      > MotionBlur(1)
{01:40:06.201} INFO: [Video]      > MotionBlurQuality("High")
{01:40:06.201} INFO: [Video]      > FilmGrain(0)
{01:40:06.201} INFO: [Video]      > DistanceBlur(1)
{01:40:06.201} INFO: [Video]      > AntiAliasing(1)
{01:40:06.201} INFO: [Video]      > AntiAliasingQuality(1)
{01:40:06.201} INFO: [Video]      > FogQuality(2)
{01:40:06.201} INFO: [Video]      > ReflectionsQuality(2)
{01:40:06.201} INFO: [Video]      > ContactShadowsQuality(4)
{01:40:06.201} INFO: [Video]      > SpotShadowsQuality(2)
{01:40:06.201} INFO: [Video]      > AmbientOcclusion(1)
{01:40:06.201} INFO: [Video]      > AmbientOcclusionQuality(1)
{01:40:06.201} INFO: [Video]      > ColorBlindMode(0)
{01:40:06.201} INFO: [Video]      > GpuFxQuality(1)
{01:40:06.201} INFO: [Video]      > VoxelGiQuality(3)
{01:40:08.467} RETL: [Savegame] > Continue save update finished (SUCCEEDED): save 'save_main_0.sav' found, all_scanned_saves 2
{01:40:15.674} INFO: [INFO]       > ---------------------------------------------------------
{01:40:15.674} INFO: [INFO]       > Time of playing game: 2848.871094s
{01:40:15.674} INFO: [INFO]       > Updated frames: 167231 Rendered frames: 166909
{01:40:15.674} INFO: [INFO]       > Average FPS: 58.587772
{01:40:15.674} INFO: [INFO]       > ---------------------------------------------------------
{01:40:17.532} INFO: [Renderer]   > [r_Shutdown] Dll released
