{21:26:35.474} INFO: [FileSystem] > [CZip_dir::Initialize] 'c:/program files (x86)/steam/steamapps/common/dying light 2 / ph/source/data0.pak' took: 0.000000ms
{21:26:35.498} INFO: [FileSystem] > [CZip_dir::Initialize] 'c:/program files (x86)/steam/steamapps/common/dying light 2 / ph/source/data1.pak' took: 0.000000ms
{21:26:35.502} INFO: [FileSystem] > [CZip_dir::Initialize] 'c:/program files (x86)/steam/steamapps/common/dying light 2 / ph/source/databt.mpak' took: 0.000000ms
{21:26:38.471} RETL: [GAME] > arguments (2): 'C:\Program Files (x86)\Steam\steamapps\common\Dying Light 2\ph\work\bin\x64\DyingLightGame_x64_rwdi.exe', '/nolightfx'
{21:26:38.797} INFO: [FileSystem] > [CZip_dir::Initialize] 'c:/program files (x86)/steam/steamapps/common/dying light 2 / ph/source/data_lang/dataen.pak' took: 0.000000ms
{21:26:38.817} INFO: [Renderer]   > [CVideoSettings::LoadSettings] Loading video settings using 'out/Settings/Video.scr'
{21:26:38.828} INFO: [Renderer]   > [r_Initialize] Loaded from rd3d11_x64_rwdi.dll.
{21:26:38.828} INFO: [Renderer]   > MonitorIdx=0, SecondaryMonitorIdx=-1
{21:26:38.828} INFO: [Renderer]   > Enumerating D3D11 video adapters:
{21:26:38.833} INFO: [Renderer]   > Adapter 0: NVIDIA GeForce RTX 2080 Ti 11049MB/16346MB/0MB
{21:26:38.833} INFO: [Renderer]   |   Output 0: [0,0 - 2560,1440] \\.\DISPLAY2
{21:26:38.833} INFO: [Renderer]   |   Output 1: [2560,0 - 6400,2160] \\.\DISPLAY3
{21:26:38.833} INFO: [Renderer]   > Adapter 1: Microsoft Basic Render Driver 0MB/16346MB/0MB
{21:26:38.835} INFO: [Renderer]   > Sorted adapter 0: NVIDIA GeForce RTX 2080 Ti 11049MB/16346MB/0MB
{21:26:38.835} INFO: [Renderer]   > Sorted adapter 1: Microsoft Basic Render Driver 0MB/16346MB/0MB
{21:26:38.835} INFO: [Renderer]   > Picking adapter: NVIDIA GeForce RTX 2080 Ti
{21:26:38.835} INFO: [Renderer]   | Primary monitor: [0,0 - 2560,1440]
{21:26:38.835} INFO: [Renderer]   | Secondary monitor: [2560,0 - 6400,2160]
{21:26:39.710} INFO: [Renderer]   > Renderer started in DX11 mode.
{21:26:39.710} INFO: [Renderer]   > DX11 reported 11'049M free texture memory.
{21:26:39.712} INFO: [Renderer]   > [CheckSLI] Single GPU system
{21:26:39.773} INFO: [Renderer]   > [d3d12rt-checker] All tests were OK. Switch to D3D12Ultimate to enable raytracing
{21:26:39.787} INFO: [Renderer]   > Renderer: supported display modes:
{21:26:39.787} INFO: [Renderer]   |  monitor:0, 640x480, bpp:24, hz:75.00, fmt: A8R8G8B8
{21:26:39.787} INFO: [Renderer]   |  monitor:0, 640x480, bpp:24, hz:60.00, fmt: A8R8G8B8
{21:26:39.787} INFO: [Renderer]   |  monitor:0, 640x480, bpp:24, hz:59.94, fmt: A8R8G8B8
{21:26:39.787} INFO: [Renderer]   |  monitor:0, 720x480, bpp:24, hz:60.00, fmt: A8R8G8B8
{21:26:39.787} INFO: [Renderer]   |  monitor:0, 720x480, bpp:24, hz:59.94, fmt: A8R8G8B8
{21:26:39.787} INFO: [Renderer]   |  monitor:0, 720x576, bpp:24, hz:50.00, fmt: A8R8G8B8
{21:26:39.787} INFO: [Renderer]   |  monitor:0, 800x600, bpp:24, hz:75.00, fmt: A8R8G8B8
{21:26:39.787} INFO: [Renderer]   |  monitor:0, 800x600, bpp:24, hz:60.32, fmt: A8R8G8B8
{21:26:39.787} INFO: [Renderer]   |  monitor:0, 1024x768, bpp:24, hz:75.03, fmt: A8R8G8B8
{21:26:39.787} INFO: [Renderer]   |  monitor:0, 1024x768, bpp:24, hz:60.00, fmt: A8R8G8B8
{21:26:39.787} INFO: [Renderer]   |  monitor:0, 1152x864, bpp:24, hz:75.00, fmt: A8R8G8B8
{21:26:39.787} INFO: [Renderer]   |  monitor:0, 1176x664, bpp:24, hz:60.00, fmt: A8R8G8B8
{21:26:39.787} INFO: [Renderer]   |  monitor:0, 1176x664, bpp:24, hz:60.00, fmt: A8R8G8B8
{21:26:39.787} INFO: [Renderer]   |  monitor:0, 1176x664, bpp:24, hz:59.94, fmt: A8R8G8B8
{21:26:39.787} INFO: [Renderer]   |  monitor:0, 1176x664, bpp:24, hz:59.94, fmt: A8R8G8B8
{21:26:39.787} INFO: [Renderer]   |  monitor:0, 1176x664, bpp:24, hz:50.00, fmt: A8R8G8B8
{21:26:39.787} INFO: [Renderer]   |  monitor:0, 1176x664, bpp:24, hz:50.00, fmt: A8R8G8B8
{21:26:39.787} INFO: [Renderer]   |  monitor:0, 1280x720, bpp:24, hz:60.00, fmt: A8R8G8B8
{21:26:39.787} INFO: [Renderer]   |  monitor:0, 1280x720, bpp:24, hz:59.94, fmt: A8R8G8B8
{21:26:39.787} INFO: [Renderer]   |  monitor:0, 1280x720, bpp:24, hz:50.00, fmt: A8R8G8B8
{21:26:39.787} INFO: [Renderer]   |  monitor:0, 1280x768, bpp:24, hz:59.81, fmt: A8R8G8B8
{21:26:39.787} INFO: [Renderer]   |  monitor:0, 1280x768, bpp:24, hz:59.81, fmt: A8R8G8B8
{21:26:39.787} INFO: [Renderer]   |  monitor:0, 1280x800, bpp:24, hz:59.81, fmt: A8R8G8B8
{21:26:39.787} INFO: [Renderer]   |  monitor:0, 1280x960, bpp:24, hz:75.03, fmt: A8R8G8B8
{21:26:39.787} INFO: [Renderer]   |  monitor:0, 1280x960, bpp:24, hz:75.03, fmt: A8R8G8B8
{21:26:39.787} INFO: [Renderer]   |  monitor:0, 1280x960, bpp:24, hz:60.02, fmt: A8R8G8B8
{21:26:39.787} INFO: [Renderer]   |  monitor:0, 1280x960, bpp:24, hz:60.02, fmt: A8R8G8B8
{21:26:39.787} INFO: [Renderer]   |  monitor:0, 1280x1024, bpp:24, hz:75.03, fmt: A8R8G8B8
{21:26:39.787} INFO: [Renderer]   |  monitor:0, 1280x1024, bpp:24, hz:60.02, fmt: A8R8G8B8
{21:26:39.787} INFO: [Renderer]   |  monitor:0, 1360x768, bpp:24, hz:60.00, fmt: A8R8G8B8
{21:26:39.787} INFO: [Renderer]   |  monitor:0, 1360x768, bpp:24, hz:60.00, fmt: A8R8G8B8
{21:26:39.787} INFO: [Renderer]   |  monitor:0, 1360x768, bpp:24, hz:59.94, fmt: A8R8G8B8
{21:26:39.787} INFO: [Renderer]   |  monitor:0, 1360x768, bpp:24, hz:59.94, fmt: A8R8G8B8
{21:26:39.787} INFO: [Renderer]   |  monitor:0, 1360x768, bpp:24, hz:50.00, fmt: A8R8G8B8
{21:26:39.787} INFO: [Renderer]   |  monitor:0, 1360x768, bpp:24, hz:50.00, fmt: A8R8G8B8
{21:26:39.787} INFO: [Renderer]   |  monitor:0, 1366x768, bpp:24, hz:60.00, fmt: A8R8G8B8
{21:26:39.787} INFO: [Renderer]   |  monitor:0, 1366x768, bpp:24, hz:60.00, fmt: A8R8G8B8
{21:26:39.787} INFO: [Renderer]   |  monitor:0, 1366x768, bpp:24, hz:59.94, fmt: A8R8G8B8
{21:26:39.787} INFO: [Renderer]   |  monitor:0, 1366x768, bpp:24, hz:59.94, fmt: A8R8G8B8
{21:26:39.787} INFO: [Renderer]   |  monitor:0, 1366x768, bpp:24, hz:50.00, fmt: A8R8G8B8
{21:26:39.787} INFO: [Renderer]   |  monitor:0, 1366x768, bpp:24, hz:50.00, fmt: A8R8G8B8
{21:26:39.787} INFO: [Renderer]   |  monitor:0, 1440x900, bpp:24, hz:60.00, fmt: A8R8G8B8
{21:26:39.787} INFO: [Renderer]   |  monitor:0, 1440x900, bpp:24, hz:60.00, fmt: A8R8G8B8
{21:26:39.787} INFO: [Renderer]   |  monitor:0, 1440x900, bpp:24, hz:59.94, fmt: A8R8G8B8
{21:26:39.787} INFO: [Renderer]   |  monitor:0, 1440x900, bpp:24, hz:59.94, fmt: A8R8G8B8
{21:26:39.787} INFO: [Renderer]   |  monitor:0, 1440x900, bpp:24, hz:50.00, fmt: A8R8G8B8
{21:26:39.787} INFO: [Renderer]   |  monitor:0, 1440x900, bpp:24, hz:50.00, fmt: A8R8G8B8
{21:26:39.787} INFO: [Renderer]   |  monitor:0, 1600x900, bpp:24, hz:60.00, fmt: A8R8G8B8
{21:26:39.787} INFO: [Renderer]   |  monitor:0, 1600x900, bpp:24, hz:60.00, fmt: A8R8G8B8
{21:26:39.787} INFO: [Renderer]   |  monitor:0, 1600x900, bpp:24, hz:59.94, fmt: A8R8G8B8
{21:26:39.788} INFO: [Renderer]   |  monitor:0, 1600x900, bpp:24, hz:59.94, fmt: A8R8G8B8
{21:26:39.788} INFO: [Renderer]   |  monitor:0, 1600x900, bpp:24, hz:50.00, fmt: A8R8G8B8
{21:26:39.788} INFO: [Renderer]   |  monitor:0, 1600x900, bpp:24, hz:50.00, fmt: A8R8G8B8
{21:26:39.788} INFO: [Renderer]   |  monitor:0, 1600x1024, bpp:24, hz:60.00, fmt: A8R8G8B8
{21:26:39.788} INFO: [Renderer]   |  monitor:0, 1600x1024, bpp:24, hz:60.00, fmt: A8R8G8B8
{21:26:39.788} INFO: [Renderer]   |  monitor:0, 1600x1024, bpp:24, hz:59.94, fmt: A8R8G8B8
{21:26:39.788} INFO: [Renderer]   |  monitor:0, 1600x1024, bpp:24, hz:59.94, fmt: A8R8G8B8
{21:26:39.788} INFO: [Renderer]   |  monitor:0, 1600x1024, bpp:24, hz:50.00, fmt: A8R8G8B8
{21:26:39.788} INFO: [Renderer]   |  monitor:0, 1600x1024, bpp:24, hz:50.00, fmt: A8R8G8B8
{21:26:39.788} INFO: [Renderer]   |  monitor:0, 1600x1200, bpp:24, hz:60.00, fmt: A8R8G8B8
{21:26:39.788} INFO: [Renderer]   |  monitor:0, 1680x1050, bpp:24, hz:60.00, fmt: A8R8G8B8
{21:26:39.788} INFO: [Renderer]   |  monitor:0, 1680x1050, bpp:24, hz:60.00, fmt: A8R8G8B8
{21:26:39.788} INFO: [Renderer]   |  monitor:0, 1680x1050, bpp:24, hz:59.94, fmt: A8R8G8B8
{21:26:39.788} INFO: [Renderer]   |  monitor:0, 1680x1050, bpp:24, hz:59.94, fmt: A8R8G8B8
{21:26:39.788} INFO: [Renderer]   |  monitor:0, 1680x1050, bpp:24, hz:50.00, fmt: A8R8G8B8
{21:26:39.788} INFO: [Renderer]   |  monitor:0, 1680x1050, bpp:24, hz:50.00, fmt: A8R8G8B8
{21:26:39.788} INFO: [Renderer]   |  monitor:0, 1920x1080, bpp:24, hz:60.00, fmt: A8R8G8B8
{21:26:39.788} INFO: [Renderer]   |  monitor:0, 1920x1080, bpp:24, hz:59.94, fmt: A8R8G8B8
{21:26:39.788} INFO: [Renderer]   |  monitor:0, 1920x1080, bpp:24, hz:50.00, fmt: A8R8G8B8
{21:26:39.788} INFO: [Renderer]   |  monitor:0, 1920x1200, bpp:24, hz:59.92, fmt: A8R8G8B8
{21:26:39.788} INFO: [Renderer]   |  monitor:0, 1920x1200, bpp:24, hz:59.92, fmt: A8R8G8B8
{21:26:39.788} INFO: [Renderer]   |  monitor:0, 1920x1440, bpp:24, hz:59.95, fmt: A8R8G8B8
{21:26:39.788} INFO: [Renderer]   |  monitor:0, 1920x1440, bpp:24, hz:59.95, fmt: A8R8G8B8
{21:26:39.788} INFO: [Renderer]   |  monitor:0, 1920x2160, bpp:24, hz:59.99, fmt: A8R8G8B8
{21:26:39.788} INFO: [Renderer]   |  monitor:0, 2048x1280, bpp:24, hz:59.92, fmt: A8R8G8B8
{21:26:39.788} INFO: [Renderer]   |  monitor:0, 2048x1536, bpp:24, hz:60.00, fmt: A8R8G8B8
{21:26:39.788} INFO: [Renderer]   |  monitor:0, 2048x1536, bpp:24, hz:60.00, fmt: A8R8G8B8
{21:26:39.788} INFO: [Renderer]   |  monitor:0, 2048x1536, bpp:24, hz:29.98, fmt: A8R8G8B8
{21:26:39.788} INFO: [Renderer]   |  monitor:0, 2048x1536, bpp:24, hz:29.98, fmt: A8R8G8B8
{21:26:39.788} INFO: [Renderer]   |  monitor:0, 2560x1440, bpp:24, hz:59.95, fmt: A8R8G8B8
{21:26:39.788} INFO: [Renderer]   |  monitor:0, 2560x1600, bpp:24, hz:60.00, fmt: A8R8G8B8
{21:26:39.788} INFO: [Renderer]   |  monitor:0, 2560x1600, bpp:24, hz:60.00, fmt: A8R8G8B8
{21:26:39.788} INFO: [Renderer]   |  monitor:0, 2560x1600, bpp:24, hz:29.98, fmt: A8R8G8B8
{21:26:39.788} INFO: [Renderer]   |  monitor:0, 2560x1600, bpp:24, hz:29.98, fmt: A8R8G8B8
{21:26:39.788} INFO: [Renderer]   |  monitor:0, 3840x2160, bpp:24, hz:60.00, fmt: A8R8G8B8
{21:26:39.788} INFO: [Renderer]   |  monitor:0, 3840x2160, bpp:24, hz:29.98, fmt: A8R8G8B8
{21:26:39.788} INFO: [Renderer]   |  monitor:1, 640x480, bpp:24, hz:75.00, fmt: A8R8G8B8
{21:26:39.788} INFO: [Renderer]   |  monitor:1, 640x480, bpp:24, hz:72.00, fmt: A8R8G8B8
{21:26:39.788} INFO: [Renderer]   |  monitor:1, 640x480, bpp:24, hz:60.00, fmt: A8R8G8B8
{21:26:39.788} INFO: [Renderer]   |  monitor:1, 720x480, bpp:24, hz:75.00, fmt: A8R8G8B8
{21:26:39.788} INFO: [Renderer]   |  monitor:1, 720x480, bpp:24, hz:75.00, fmt: A8R8G8B8
{21:26:39.788} INFO: [Renderer]   |  monitor:1, 720x480, bpp:24, hz:72.19, fmt: A8R8G8B8
{21:26:39.788} INFO: [Renderer]   |  monitor:1, 720x480, bpp:24, hz:72.19, fmt: A8R8G8B8
{21:26:39.788} INFO: [Renderer]   |  monitor:1, 720x480, bpp:24, hz:60.32, fmt: A8R8G8B8
{21:26:39.788} INFO: [Renderer]   |  monitor:1, 720x480, bpp:24, hz:60.32, fmt: A8R8G8B8
{21:26:39.788} INFO: [Renderer]   |  monitor:1, 720x480, bpp:24, hz:56.25, fmt: A8R8G8B8
{21:26:39.788} INFO: [Renderer]   |  monitor:1, 720x480, bpp:24, hz:56.25, fmt: A8R8G8B8
{21:26:39.788} INFO: [Renderer]   |  monitor:1, 720x576, bpp:24, hz:75.00, fmt: A8R8G8B8
{21:26:39.788} INFO: [Renderer]   |  monitor:1, 720x576, bpp:24, hz:75.00, fmt: A8R8G8B8
{21:26:39.788} INFO: [Renderer]   |  monitor:1, 720x576, bpp:24, hz:72.19, fmt: A8R8G8B8
{21:26:39.788} INFO: [Renderer]   |  monitor:1, 720x576, bpp:24, hz:72.19, fmt: A8R8G8B8
{21:26:39.788} INFO: [Renderer]   |  monitor:1, 720x576, bpp:24, hz:60.32, fmt: A8R8G8B8
{21:26:39.788} INFO: [Renderer]   |  monitor:1, 720x576, bpp:24, hz:60.32, fmt: A8R8G8B8
{21:26:39.788} INFO: [Renderer]   |  monitor:1, 720x576, bpp:24, hz:56.25, fmt: A8R8G8B8
{21:26:39.788} INFO: [Renderer]   |  monitor:1, 720x576, bpp:24, hz:56.25, fmt: A8R8G8B8
{21:26:39.788} INFO: [Renderer]   |  monitor:1, 800x600, bpp:24, hz:75.00, fmt: A8R8G8B8
{21:26:39.788} INFO: [Renderer]   |  monitor:1, 800x600, bpp:24, hz:72.19, fmt: A8R8G8B8
{21:26:39.788} INFO: [Renderer]   |  monitor:1, 800x600, bpp:24, hz:60.32, fmt: A8R8G8B8
{21:26:39.788} INFO: [Renderer]   |  monitor:1, 800x600, bpp:24, hz:56.25, fmt: A8R8G8B8
{21:26:39.788} INFO: [Renderer]   |  monitor:1, 1024x768, bpp:24, hz:75.03, fmt: A8R8G8B8
{21:26:39.788} INFO: [Renderer]   |  monitor:1, 1024x768, bpp:24, hz:70.07, fmt: A8R8G8B8
{21:26:39.788} INFO: [Renderer]   |  monitor:1, 1024x768, bpp:24, hz:60.00, fmt: A8R8G8B8
{21:26:39.788} INFO: [Renderer]   |  monitor:1, 1152x864, bpp:24, hz:75.00, fmt: A8R8G8B8
{21:26:39.788} INFO: [Renderer]   |  monitor:1, 1176x664, bpp:24, hz:60.00, fmt: A8R8G8B8
{21:26:39.788} INFO: [Renderer]   |  monitor:1, 1176x664, bpp:24, hz:60.00, fmt: A8R8G8B8
{21:26:39.788} INFO: [Renderer]   |  monitor:1, 1280x720, bpp:24, hz:60.00, fmt: A8R8G8B8
{21:26:39.788} INFO: [Renderer]   |  monitor:1, 1280x768, bpp:24, hz:59.81, fmt: A8R8G8B8
{21:26:39.788} INFO: [Renderer]   |  monitor:1, 1280x768, bpp:24, hz:59.81, fmt: A8R8G8B8
{21:26:39.788} INFO: [Renderer]   |  monitor:1, 1280x800, bpp:24, hz:59.81, fmt: A8R8G8B8
{21:26:39.788} INFO: [Renderer]   |  monitor:1, 1280x960, bpp:24, hz:75.03, fmt: A8R8G8B8
{21:26:39.788} INFO: [Renderer]   |  monitor:1, 1280x960, bpp:24, hz:75.03, fmt: A8R8G8B8
{21:26:39.788} INFO: [Renderer]   |  monitor:1, 1280x960, bpp:24, hz:60.02, fmt: A8R8G8B8
{21:26:39.788} INFO: [Renderer]   |  monitor:1, 1280x960, bpp:24, hz:60.02, fmt: A8R8G8B8
{21:26:39.788} INFO: [Renderer]   |  monitor:1, 1280x1024, bpp:24, hz:75.03, fmt: A8R8G8B8
{21:26:39.788} INFO: [Renderer]   |  monitor:1, 1280x1024, bpp:24, hz:60.02, fmt: A8R8G8B8
{21:26:39.788} INFO: [Renderer]   |  monitor:1, 1360x768, bpp:24, hz:59.89, fmt: A8R8G8B8
{21:26:39.788} INFO: [Renderer]   |  monitor:1, 1360x768, bpp:24, hz:59.89, fmt: A8R8G8B8
{21:26:39.788} INFO: [Renderer]   |  monitor:1, 1366x768, bpp:24, hz:59.89, fmt: A8R8G8B8
{21:26:39.788} INFO: [Renderer]   |  monitor:1, 1366x768, bpp:24, hz:59.89, fmt: A8R8G8B8
{21:26:39.788} INFO: [Renderer]   |  monitor:1, 1440x900, bpp:24, hz:59.89, fmt: A8R8G8B8
{21:26:39.788} INFO: [Renderer]   |  monitor:1, 1600x900, bpp:24, hz:60.00, fmt: A8R8G8B8
{21:26:39.788} INFO: [Renderer]   |  monitor:1, 1600x1024, bpp:24, hz:59.95, fmt: A8R8G8B8
{21:26:39.788} INFO: [Renderer]   |  monitor:1, 1600x1024, bpp:24, hz:59.95, fmt: A8R8G8B8
{21:26:39.788} INFO: [Renderer]   |  monitor:1, 1600x1200, bpp:24, hz:59.95, fmt: A8R8G8B8
{21:26:39.788} INFO: [Renderer]   |  monitor:1, 1600x1200, bpp:24, hz:59.95, fmt: A8R8G8B8
{21:26:39.788} INFO: [Renderer]   |  monitor:1, 1680x1050, bpp:24, hz:59.95, fmt: A8R8G8B8
{21:26:39.788} INFO: [Renderer]   |  monitor:1, 1920x1080, bpp:24, hz:60.00, fmt: A8R8G8B8
{21:26:39.788} INFO: [Renderer]   |  monitor:1, 1920x1080, bpp:24, hz:59.94, fmt: A8R8G8B8
{21:26:39.788} INFO: [Renderer]   |  monitor:1, 1920x1200, bpp:24, hz:59.95, fmt: A8R8G8B8
{21:26:39.788} INFO: [Renderer]   |  monitor:1, 1920x1200, bpp:24, hz:59.95, fmt: A8R8G8B8
{21:26:39.788} INFO: [Renderer]   |  monitor:1, 1920x1440, bpp:24, hz:59.95, fmt: A8R8G8B8
{21:26:39.788} INFO: [Renderer]   |  monitor:1, 1920x1440, bpp:24, hz:59.95, fmt: A8R8G8B8
{21:26:39.788} INFO: [Renderer]   |  monitor:1, 1920x2160, bpp:24, hz:60.00, fmt: A8R8G8B8
{21:26:39.788} INFO: [Renderer]   |  monitor:1, 1920x2160, bpp:24, hz:60.00, fmt: A8R8G8B8
{21:26:39.788} INFO: [Renderer]   |  monitor:1, 2048x1280, bpp:24, hz:59.95, fmt: A8R8G8B8
{21:26:39.788} INFO: [Renderer]   |  monitor:1, 2048x1280, bpp:24, hz:59.95, fmt: A8R8G8B8
{21:26:39.788} INFO: [Renderer]   |  monitor:1, 2048x1536, bpp:24, hz:60.00, fmt: A8R8G8B8
{21:26:39.788} INFO: [Renderer]   |  monitor:1, 2048x1536, bpp:24, hz:60.00, fmt: A8R8G8B8
{21:26:39.788} INFO: [Renderer]   |  monitor:1, 2560x1440, bpp:24, hz:59.95, fmt: A8R8G8B8
{21:26:39.788} INFO: [Renderer]   |  monitor:1, 2560x1600, bpp:24, hz:60.00, fmt: A8R8G8B8
{21:26:39.788} INFO: [Renderer]   |  monitor:1, 2560x1600, bpp:24, hz:60.00, fmt: A8R8G8B8
{21:26:39.788} INFO: [Renderer]   |  monitor:1, 3840x2160, bpp:24, hz:60.00, fmt: A8R8G8B8
{21:26:39.789} INFO: [Renderer]   | Texture streaming mem 0 MB
{21:26:39.789} INFO: [INFO]       > Texture streaming buffer set to 0MB
{21:26:39.789} INFO: [INFO]       > Texture streaming lowest priority distance set to 100m
{21:26:40.021} DEBG: [DXGI]       > WM_SIZE 0, 2560x1440
{21:26:40.022} INFO: [INFO]       > CGame::AppWindowInit: window client area: 0x0, 2560x1440
{21:26:40.022} DEBG: [DXGI]       > [RChangeDeviceState] 2560x1440, 1.000000, borderless, 0/0 Hz
{21:26:40.022} DEBG: [DXGI]       >                  was 1920x1080, 1.000000, , 0/1 Hz
{21:26:40.026} DEBG: [DXGI]       > WM_SIZE 0, 0x0
{21:26:40.027} DEBG: [DXGI]       > WM_SIZE 0, 2560x1440
{21:26:40.709} INFO: [INFO]       > Texture streaming buffer set to 4000MB
{21:26:40.711} INFO: [Video]      > //Video settings:
{21:26:40.711} INFO: [Video]      > RendererMode("d3d11")
{21:26:40.711} INFO: [Video]      > AsyncCompute(0)
{21:26:40.711} INFO: [Video]      > WindowMode(1)
{21:26:40.711} INFO: [Video]      > Resolution(2560,1440)
{21:26:40.711} INFO: [Video]      > Scale3D(1.000000)
{21:26:40.711} INFO: [Video]      > FSR(0.450000)
{21:26:40.711} INFO: [Video]      > Upscaler(0)
{21:26:40.711} INFO: [Video]      > Upscaling(2)
{21:26:40.711} INFO: [Video]      > Monitor(0)
{21:26:40.711} INFO: [Video]      > DisableDWM(0)
{21:26:40.711} INFO: [Video]      > TextureQuality("High")
{21:26:40.711} INFO: [Video]      > ShadowMapSize(924)
{21:26:40.711} INFO: [Video]      > SpotShadowMapSize(4096)
{21:26:40.711} INFO: [Video]      > GammaFloat(1.00)
{21:26:40.711} INFO: [Video]      > GrassQuality(0)
{21:26:40.711} INFO: [Video]      > FrameRate(1)
{21:26:40.711} INFO: [Video]      > MotionBlur(1)
{21:26:40.711} INFO: [Video]      > MotionBlurQuality("High")
{21:26:40.711} INFO: [Video]      > FilmGrain(0)
{21:26:40.711} INFO: [Video]      > DistanceBlur(1)
{21:26:40.711} INFO: [Video]      > AntiAliasing(1)
{21:26:40.711} INFO: [Video]      > AntiAliasingQuality(1)
{21:26:40.711} INFO: [Video]      > FogQuality(2)
{21:26:40.711} INFO: [Video]      > ReflectionsQuality(2)
{21:26:40.711} INFO: [Video]      > ContactShadowsQuality(4)
{21:26:40.711} INFO: [Video]      > SpotShadowsQuality(2)
{21:26:40.711} INFO: [Video]      > AmbientOcclusion(1)
{21:26:40.711} INFO: [Video]      > AmbientOcclusionQuality(1)
{21:26:40.711} INFO: [Video]      > ColorBlindMode(0)
{21:26:40.711} INFO: [Video]      > GpuFxQuality(1)
{21:26:40.711} INFO: [Video]      > VoxelGiQuality(3)
{21:26:40.712} INFO: [ResPack]    > Free resource loading disabled
{21:26:40.799} INFO: [ResPack]    > Acquired prefab data: 147856, 161992
{21:26:40.800} INFO: [ResPack]    >  -> 0 prefabs, 32 presets available in engine_pc.rpack
{21:26:41.838} INFO: [ResPack]    > Acquired prefab data: 12557784, 10596232
{21:26:41.862} INFO: [ResPack]    >  -> 1081 prefabs, 184 presets available in common_prefabs_pc.rpack
{21:26:42.122} INFO: [INFO]       > [Input] Keyboard 0 enumerated: intance_name = Keyboard, product_name = Keyboard, GUID = {6f1d2b61-d5a0-11cf-bfc7-444553540000}
{21:26:42.200} INFO: [INFO]       > [CInput::SelectKeyboard] Keyboard 0 selected: Keyboard, Keyboard
{21:26:42.306} INFO: [INFO]       > Bink filename: IntroLogos_4k.bik
{21:26:44.065} INFO: [INFO]       > [gpufx] preloaded 1019 sequences. It took 1529.357056 ms
{21:26:44.066} RETL: [Game] > game version: '1.0.5', '1.0.202202101153'
{21:26:57.525} INFO: [INFO]       > Bink filename: GameIntro_4k.bik
{21:28:00.431} RETL: [Savegame] > ScanForSavegames: saves 1 (prev value -1)
{21:28:02.251} RETL: [Savegame] > Continue save update finished (SUCCEEDED): save 'save_main_0.sav' found, all_scanned_saves 1
{21:28:11.564} RETL: [Game]     > ===== CreateSession ===== 
{21:28:12.805} INFO: [ResPack]    > Acquired prefab data: 106165472, 42357864
{21:28:12.918} INFO: [ResPack]    >  -> 8689 prefabs, 568 presets available in city_persistent_pc.rpack
{21:28:12.957} INFO: [ResPack]    > Acquired prefab data: 2687000, 1309528
{21:28:12.962} INFO: [ResPack]    >  -> 181 prefabs, 43 presets available in prologue_persistent_pc.rpack
{21:28:12.986} RETL: [Savegame] > SessionContextState: 'OnCreate' [game_type 'Campaign', game_mode 'Coop', save_name 'save_main_0.sav' (slot 0), map 'city' (id:761188051), (first), difficulty [current: Normal, savegame: Normal, min_savegame: Normal, initial: Normal, lobby_settings: Normal], save_version 72, build: '1.0.202202101153 / 2', perforce_stream: '//tech/rel-ph-patch1-pc']
{21:28:16.882} INFO: [Video]      > //Video settings:
{21:28:16.882} INFO: [Video]      > RendererMode("d3d11")
{21:28:16.882} INFO: [Video]      > AsyncCompute(0)
{21:28:16.882} INFO: [Video]      > WindowMode(1)
{21:28:16.882} INFO: [Video]      > Resolution(2560,1440)
{21:28:16.882} INFO: [Video]      > Scale3D(1.000000)
{21:28:16.882} INFO: [Video]      > FSR(0.450000)
{21:28:16.882} INFO: [Video]      > Upscaler(0)
{21:28:16.882} INFO: [Video]      > Upscaling(2)
{21:28:16.882} INFO: [Video]      > Monitor(0)
{21:28:16.882} INFO: [Video]      > DisableDWM(0)
{21:28:16.882} INFO: [Video]      > TextureQuality("High")
{21:28:16.882} INFO: [Video]      > ShadowMapSize(924)
{21:28:16.882} INFO: [Video]      > SpotShadowMapSize(4096)
{21:28:16.882} INFO: [Video]      > GammaFloat(1.00)
{21:28:16.882} INFO: [Video]      > GrassQuality(0)
{21:28:16.882} INFO: [Video]      > FrameRate(1)
{21:28:16.882} INFO: [Video]      > MotionBlur(1)
{21:28:16.882} INFO: [Video]      > MotionBlurQuality("High")
{21:28:16.882} INFO: [Video]      > FilmGrain(0)
{21:28:16.882} INFO: [Video]      > DistanceBlur(1)
{21:28:16.882} INFO: [Video]      > AntiAliasing(1)
{21:28:16.882} INFO: [Video]      > AntiAliasingQuality(1)
{21:28:16.882} INFO: [Video]      > FogQuality(2)
{21:28:16.882} INFO: [Video]      > ReflectionsQuality(2)
{21:28:16.882} INFO: [Video]      > ContactShadowsQuality(4)
{21:28:16.882} INFO: [Video]      > SpotShadowsQuality(2)
{21:28:16.882} INFO: [Video]      > AmbientOcclusion(1)
{21:28:16.882} INFO: [Video]      > AmbientOcclusionQuality(1)
{21:28:16.882} INFO: [Video]      > ColorBlindMode(0)
{21:28:16.882} INFO: [Video]      > GpuFxQuality(1)
{21:28:16.882} INFO: [Video]      > VoxelGiQuality(3)
{21:28:19.864} RETL: [Game]     > >>>>> <1299365476> Changing level from <> to <city>
{21:28:23.052} RETL: [Savegame] > SessionContextState: 'OnUpdate after ChangeMap' [game_type 'Campaign', game_mode 'Coop', save_name 'save_main_0.sav' (slot 0), map 'city' (id:761188051), (first), difficulty [current: Normal, savegame: Normal, min_savegame: Normal, initial: Normal, lobby_settings: Normal], save_version 72, build: '1.0.202202101153 / 2', perforce_stream: '//tech/rel-ph-patch1-pc']
{21:28:23.158} RETL: [Game]     > >>>>> <1299365476> Performing load - mode <NormalFromMainMenu>
{21:28:23.158} RETL: [Savegame] > File name 'save_main_0.sav', memory_save->size = 0
{21:28:23.174} RETL: [Savegame] > Loading finished (ESgErr::Ok).
{21:28:23.174} RETL: [Savegame] > Applying loaded data: Original version: [save_version 72, build: '1.0.202202071214 / 2', perforce_stream: '//tech/rel-ph-patch1-pc'], Source version: [save_version 72, build: '1.0.202202101153 / 2', perforce_stream: '//tech/rel-ph-patch1-pc'], Current version: [save_version 72, build: '1.0.202202101153 / 2', perforce_stream: '//tech/rel-ph-patch1-pc']
{21:28:23.174} RETL: [Savegame] > Updated SessionContext [session_id 1293025094, time_played 72491262, campaign_finished false, finished_difficulty -1]
{21:28:23.741} RETL: [Savegame] > RestoreStoryState result: 'true'.
{21:28:23.741} RETL: [Savegame] > SpawnSpot: Spawnpoint, map: 'city', map_area: 'city/^R2_6_Zone_10_Map_Zone', spawn_point: city/^loc_canteen_r02/logic/player/Respawn
{21:28:23.777} RETL: [Savegame] > Applying loaded data finished (result: true)
{21:28:26.179} INFO: [ResPack]    > Acquired prefab data: 552, 224
{21:28:26.179} INFO: [ResPack]    >  -> 1 prefabs, 0 presets available in reg_pin_canteen_pc.rpack
{21:28:26.628} INFO: [ResPack]    > Acquired prefab data: 35373120, 15041136
{21:28:26.678} INFO: [ResPack]    >  -> 9251 prefabs, 0 presets available in reg_02_pc.rpack
{21:28:26.722} INFO: [ResPack]    > Acquired prefab data: 46056, 25728
{21:28:26.722} INFO: [ResPack]    >  -> 22 prefabs, 0 presets available in reg_buffer_02_05_a_pc.rpack
{21:28:26.725} INFO: [ResPack]    > Acquired prefab data: 368992, 141216
{21:28:26.725} INFO: [ResPack]    >  -> 183 prefabs, 0 presets available in reg_buffer_02_05_b_pc.rpack
{21:28:26.729} INFO: [ResPack]    > Acquired prefab data: 535832, 207488
{21:28:26.730} INFO: [ResPack]    >  -> 123 prefabs, 0 presets available in reg_buffer_01_05_pc.rpack
{21:28:26.733} INFO: [ResPack]    > Acquired prefab data: 131624, 64608
{21:28:26.733} INFO: [ResPack]    >  -> 59 prefabs, 0 presets available in reg_buffer_05_06_pc.rpack
{21:28:26.750} INFO: [ResPack]    > Acquired prefab data: 1800416, 752040
{21:28:26.753} INFO: [ResPack]    >  -> 692 prefabs, 0 presets available in reg_buffer_01_04_pc.rpack
{21:28:26.787} INFO: [ResPack]    > Acquired prefab data: 2256760, 754928
{21:28:26.790} INFO: [ResPack]    >  -> 819 prefabs, 0 presets available in reg_buffer_02_04a_pc.rpack
{21:28:26.805} INFO: [ResPack]    > Acquired prefab data: 875616, 330280
{21:28:26.807} INFO: [ResPack]    >  -> 437 prefabs, 0 presets available in reg_buffer_02_04b_pc.rpack
{21:28:26.819} INFO: [ResPack]    > Acquired prefab data: 1724824, 722736
{21:28:26.824} INFO: [ResPack]    >  -> 764 prefabs, 0 presets available in reg_buffer_02_03b_pc.rpack
{21:28:26.840} INFO: [ResPack]    > Acquired prefab data: 1216672, 457288
{21:28:26.842} INFO: [ResPack]    >  -> 563 prefabs, 0 presets available in reg_buffer_02_03_pc.rpack
{21:28:26.849} INFO: [ResPack]    > Acquired prefab data: 389832, 144960
{21:28:26.850} INFO: [ResPack]    >  -> 119 prefabs, 0 presets available in reg_buffer_04_a_b_pc.rpack
{22:07:12.960} INFO: [ResPack]    > Acquired prefab data: 552, 224
{22:07:12.960} INFO: [ResPack]    >  -> 1 prefabs, 0 presets available in reg_pin_canteen_pc.rpack
{22:08:00.258} INFO: [INFO]       > Bink filename: skill_parkour_ranged.bik
{22:08:00.491} INFO: [INFO]       > Bink filename: skill_ranged_mastery.bik
{22:08:00.742} INFO: [INFO]       > Bink filename: skill_air_takedown.bik
{22:08:00.825} INFO: [INFO]       > Bink filename: skill_silent_takedown_throw.bik
{22:08:00.958} INFO: [INFO]       > Bink filename: skill_ledge_takedown.bik
{22:08:07.475} INFO: [INFO]       > Bink filename: skill_silent_takedown_throw.bik
{22:08:07.675} INFO: [INFO]       > Bink filename: skill_ranged_mastery.bik
{22:08:08.791} INFO: [INFO]       > Bink filename: skill_windmill.bik
{22:08:09.175} INFO: [INFO]       > Bink filename: skill_wrestle_kick.bik
{22:08:09.259} INFO: [INFO]       > Bink filename: skill_vault_kick_ragdoll.bik
{22:08:11.858} INFO: [INFO]       > Bink filename: skill_jump_attack.bik
{22:08:11.925} INFO: [INFO]       > Bink filename: skill_perfect_dodge.bik
{22:08:12.041} INFO: [INFO]       > Bink filename: skill_nagewaza.bik
{22:08:12.142} INFO: [INFO]       > Bink filename: skill_nagewaza_throw.bik
{22:08:12.608} INFO: [INFO]       > Bink filename: skill_nagewaza.bik
{22:08:18.425} INFO: [INFO]       > Bink filename: skill_nagewaza_throw.bik
{22:08:18.842} INFO: [INFO]       > Bink filename: skill_nagewaza.bik
{22:08:19.309} INFO: [INFO]       > Bink filename: skill_nagewaza_throw.bik
{22:08:22.409} INFO: [INFO]       > Bink filename: skill_nagewaza.bik
{22:08:23.110} INFO: [INFO]       > Bink filename: skill_block_projectiles.bik
{22:08:25.176} INFO: [INFO]       > Bink filename: skill_perfect_block.bik
{22:08:26.476} INFO: [INFO]       > Bink filename: skill_silent_takedown.bik
{22:08:26.659} INFO: [INFO]       > Bink filename: skill_air_takedown.bik
{22:08:27.093} INFO: [INFO]       > Bink filename: skill_ranged_mastery.bik
{22:08:29.343} INFO: [INFO]       > Bink filename: skill_power_shot.bik
{22:08:29.861} INFO: [INFO]       > Bink filename: skill_multiple_shots.bik
{22:08:32.909} INFO: [INFO]       > Bink filename: skill_power_shot.bik
{22:08:33.209} INFO: [INFO]       > Bink filename: skill_ranged_mastery.bik
{22:08:33.626} INFO: [INFO]       > Bink filename: skill_air_takedown.bik
{22:08:33.993} INFO: [INFO]       > Bink filename: skill_ledge_takedown.bik
{22:08:35.276} INFO: [INFO]       > Bink filename: skill_silent_takedown_throw.bik
{22:08:35.494} INFO: [INFO]       > Bink filename: skill_ledge_takedown.bik
{22:08:37.409} INFO: [INFO]       > Bink filename: skill_silent_takedown_throw.bik
{22:08:37.526} INFO: [INFO]       > Bink filename: skill_ranged_mastery.bik
{22:08:37.593} INFO: [INFO]       > Bink filename: skill_power_shot.bik
{22:08:37.643} INFO: [INFO]       > Bink filename: skill_multiple_shots.bik
{22:20:15.662} RETL: [Game]     > ===== DestroySession ===== (reason: 'OnQuitGame')
{22:20:21.705} INFO: [Video]      > //Video settings:
{22:20:21.705} INFO: [Video]      > RendererMode("d3d11")
{22:20:21.705} INFO: [Video]      > AsyncCompute(0)
{22:20:21.705} INFO: [Video]      > WindowMode(1)
{22:20:21.705} INFO: [Video]      > Resolution(2560,1440)
{22:20:21.705} INFO: [Video]      > Scale3D(1.000000)
{22:20:21.705} INFO: [Video]      > FSR(0.450000)
{22:20:21.705} INFO: [Video]      > Upscaler(0)
{22:20:21.705} INFO: [Video]      > Upscaling(2)
{22:20:21.705} INFO: [Video]      > Monitor(0)
{22:20:21.705} INFO: [Video]      > DisableDWM(0)
{22:20:21.705} INFO: [Video]      > TextureQuality("High")
{22:20:21.705} INFO: [Video]      > ShadowMapSize(924)
{22:20:21.705} INFO: [Video]      > SpotShadowMapSize(4096)
{22:20:21.705} INFO: [Video]      > GammaFloat(1.00)
{22:20:21.705} INFO: [Video]      > GrassQuality(0)
{22:20:21.705} INFO: [Video]      > FrameRate(1)
{22:20:21.705} INFO: [Video]      > MotionBlur(1)
{22:20:21.705} INFO: [Video]      > MotionBlurQuality("High")
{22:20:21.705} INFO: [Video]      > FilmGrain(0)
{22:20:21.705} INFO: [Video]      > DistanceBlur(1)
{22:20:21.705} INFO: [Video]      > AntiAliasing(1)
{22:20:21.705} INFO: [Video]      > AntiAliasingQuality(1)
{22:20:21.705} INFO: [Video]      > FogQuality(2)
{22:20:21.705} INFO: [Video]      > ReflectionsQuality(2)
{22:20:21.705} INFO: [Video]      > ContactShadowsQuality(4)
{22:20:21.705} INFO: [Video]      > SpotShadowsQuality(2)
{22:20:21.705} INFO: [Video]      > AmbientOcclusion(1)
{22:20:21.705} INFO: [Video]      > AmbientOcclusionQuality(1)
{22:20:21.705} INFO: [Video]      > ColorBlindMode(0)
{22:20:21.705} INFO: [Video]      > GpuFxQuality(1)
{22:20:21.705} INFO: [Video]      > VoxelGiQuality(3)
{22:20:24.138} RETL: [Savegame] > Continue save update finished (SUCCEEDED): save 'save_main_0.sav' found, all_scanned_saves 1
{22:20:31.215} INFO: [INFO]       > ---------------------------------------------------------
{22:20:31.215} INFO: [INFO]       > Time of playing game: 3232.748047s
{22:20:31.215} INFO: [INFO]       > Updated frames: 189116 Rendered frames: 188808
{22:20:31.216} INFO: [INFO]       > Average FPS: 58.404800
{22:20:31.216} INFO: [INFO]       > ---------------------------------------------------------
{22:20:33.871} INFO: [Renderer]   > [r_Shutdown] Dll released
