{06:51:42.612} INFO: [FileSystem] > [CZip_dir::Initialize] 'c:/program files (x86)/steam/steamapps/common/dying light 2 / ph/source/data0.pak' took: 0.000000ms
{06:51:42.635} INFO: [FileSystem] > [CZip_dir::Initialize] 'c:/program files (x86)/steam/steamapps/common/dying light 2 / ph/source/data1.pak' took: 0.000000ms
{06:51:42.637} INFO: [FileSystem] > [CZip_dir::Initialize] 'c:/program files (x86)/steam/steamapps/common/dying light 2 / ph/source/databt.mpak' took: 0.000000ms
{06:51:44.676} RETL: [GAME] > arguments (2): 'C:\Program Files (x86)\Steam\steamapps\common\Dying Light 2\ph\work\bin\x64\DyingLightGame_x64_rwdi.exe', '/nolightfx'
{06:51:45.006} INFO: [FileSystem] > [CZip_dir::Initialize] 'c:/program files (x86)/steam/steamapps/common/dying light 2 / ph/source/data_lang/dataen.pak' took: 0.000000ms
{06:51:45.029} INFO: [Renderer]   > [CVideoSettings::LoadSettings] Loading video settings using 'out/Settings/Video.scr'
{06:51:45.292} INFO: [Renderer]   > [r_Initialize] Loaded from rd3d11_x64_rwdi.dll.
{06:51:45.292} INFO: [Renderer]   > MonitorIdx=0, SecondaryMonitorIdx=-1
{06:51:45.293} INFO: [Renderer]   > Enumerating D3D11 video adapters:
{06:51:45.298} INFO: [Renderer]   > Adapter 0: NVIDIA GeForce RTX 2080 Ti 11049MB/16346MB/0MB
{06:51:45.298} INFO: [Renderer]   |   Output 0: [0,0 - 2560,1440] \\.\DISPLAY1
{06:51:45.298} INFO: [Renderer]   |   Output 1: [2560,0 - 6400,2160] \\.\DISPLAY2
{06:51:45.298} INFO: [Renderer]   > Adapter 1: Microsoft Basic Render Driver 0MB/16346MB/0MB
{06:51:45.300} INFO: [Renderer]   > Sorted adapter 0: NVIDIA GeForce RTX 2080 Ti 11049MB/16346MB/0MB
{06:51:45.300} INFO: [Renderer]   > Sorted adapter 1: Microsoft Basic Render Driver 0MB/16346MB/0MB
{06:51:45.300} INFO: [Renderer]   > Picking adapter: NVIDIA GeForce RTX 2080 Ti
{06:51:45.300} INFO: [Renderer]   | Primary monitor: [0,0 - 2560,1440]
{06:51:45.300} INFO: [Renderer]   | Secondary monitor: [2560,0 - 6400,2160]
{06:51:46.207} INFO: [Renderer]   > Renderer started in DX11 mode.
{06:51:46.207} INFO: [Renderer]   > DX11 reported 11'049M free texture memory.
{06:51:46.208} INFO: [Renderer]   > [CheckSLI] Single GPU system
{06:51:46.263} INFO: [Renderer]   > [d3d12rt-checker] All tests were OK. Switch to D3D12Ultimate to enable raytracing
{06:51:46.278} INFO: [Renderer]   > Renderer: supported display modes:
{06:51:46.278} INFO: [Renderer]   |  monitor:0, 640x480, bpp:24, hz:75.00, fmt: A8R8G8B8
{06:51:46.278} INFO: [Renderer]   |  monitor:0, 640x480, bpp:24, hz:60.00, fmt: A8R8G8B8
{06:51:46.278} INFO: [Renderer]   |  monitor:0, 640x480, bpp:24, hz:59.94, fmt: A8R8G8B8
{06:51:46.278} INFO: [Renderer]   |  monitor:0, 720x480, bpp:24, hz:60.00, fmt: A8R8G8B8
{06:51:46.278} INFO: [Renderer]   |  monitor:0, 720x480, bpp:24, hz:59.94, fmt: A8R8G8B8
{06:51:46.278} INFO: [Renderer]   |  monitor:0, 720x576, bpp:24, hz:50.00, fmt: A8R8G8B8
{06:51:46.278} INFO: [Renderer]   |  monitor:0, 800x600, bpp:24, hz:75.00, fmt: A8R8G8B8
{06:51:46.278} INFO: [Renderer]   |  monitor:0, 800x600, bpp:24, hz:60.32, fmt: A8R8G8B8
{06:51:46.278} INFO: [Renderer]   |  monitor:0, 1024x768, bpp:24, hz:75.03, fmt: A8R8G8B8
{06:51:46.278} INFO: [Renderer]   |  monitor:0, 1024x768, bpp:24, hz:60.00, fmt: A8R8G8B8
{06:51:46.278} INFO: [Renderer]   |  monitor:0, 1152x864, bpp:24, hz:75.00, fmt: A8R8G8B8
{06:51:46.278} INFO: [Renderer]   |  monitor:0, 1176x664, bpp:24, hz:60.00, fmt: A8R8G8B8
{06:51:46.278} INFO: [Renderer]   |  monitor:0, 1176x664, bpp:24, hz:60.00, fmt: A8R8G8B8
{06:51:46.278} INFO: [Renderer]   |  monitor:0, 1176x664, bpp:24, hz:59.94, fmt: A8R8G8B8
{06:51:46.278} INFO: [Renderer]   |  monitor:0, 1176x664, bpp:24, hz:59.94, fmt: A8R8G8B8
{06:51:46.278} INFO: [Renderer]   |  monitor:0, 1176x664, bpp:24, hz:50.00, fmt: A8R8G8B8
{06:51:46.278} INFO: [Renderer]   |  monitor:0, 1176x664, bpp:24, hz:50.00, fmt: A8R8G8B8
{06:51:46.278} INFO: [Renderer]   |  monitor:0, 1280x720, bpp:24, hz:60.00, fmt: A8R8G8B8
{06:51:46.278} INFO: [Renderer]   |  monitor:0, 1280x720, bpp:24, hz:59.94, fmt: A8R8G8B8
{06:51:46.278} INFO: [Renderer]   |  monitor:0, 1280x720, bpp:24, hz:50.00, fmt: A8R8G8B8
{06:51:46.278} INFO: [Renderer]   |  monitor:0, 1280x768, bpp:24, hz:59.81, fmt: A8R8G8B8
{06:51:46.278} INFO: [Renderer]   |  monitor:0, 1280x768, bpp:24, hz:59.81, fmt: A8R8G8B8
{06:51:46.278} INFO: [Renderer]   |  monitor:0, 1280x800, bpp:24, hz:59.81, fmt: A8R8G8B8
{06:51:46.278} INFO: [Renderer]   |  monitor:0, 1280x960, bpp:24, hz:75.03, fmt: A8R8G8B8
{06:51:46.278} INFO: [Renderer]   |  monitor:0, 1280x960, bpp:24, hz:75.03, fmt: A8R8G8B8
{06:51:46.278} INFO: [Renderer]   |  monitor:0, 1280x960, bpp:24, hz:60.02, fmt: A8R8G8B8
{06:51:46.278} INFO: [Renderer]   |  monitor:0, 1280x960, bpp:24, hz:60.02, fmt: A8R8G8B8
{06:51:46.278} INFO: [Renderer]   |  monitor:0, 1280x1024, bpp:24, hz:75.03, fmt: A8R8G8B8
{06:51:46.278} INFO: [Renderer]   |  monitor:0, 1280x1024, bpp:24, hz:60.02, fmt: A8R8G8B8
{06:51:46.278} INFO: [Renderer]   |  monitor:0, 1360x768, bpp:24, hz:60.00, fmt: A8R8G8B8
{06:51:46.278} INFO: [Renderer]   |  monitor:0, 1360x768, bpp:24, hz:60.00, fmt: A8R8G8B8
{06:51:46.278} INFO: [Renderer]   |  monitor:0, 1360x768, bpp:24, hz:59.94, fmt: A8R8G8B8
{06:51:46.278} INFO: [Renderer]   |  monitor:0, 1360x768, bpp:24, hz:59.94, fmt: A8R8G8B8
{06:51:46.278} INFO: [Renderer]   |  monitor:0, 1360x768, bpp:24, hz:50.00, fmt: A8R8G8B8
{06:51:46.278} INFO: [Renderer]   |  monitor:0, 1360x768, bpp:24, hz:50.00, fmt: A8R8G8B8
{06:51:46.278} INFO: [Renderer]   |  monitor:0, 1366x768, bpp:24, hz:60.00, fmt: A8R8G8B8
{06:51:46.278} INFO: [Renderer]   |  monitor:0, 1366x768, bpp:24, hz:60.00, fmt: A8R8G8B8
{06:51:46.278} INFO: [Renderer]   |  monitor:0, 1366x768, bpp:24, hz:59.94, fmt: A8R8G8B8
{06:51:46.278} INFO: [Renderer]   |  monitor:0, 1366x768, bpp:24, hz:59.94, fmt: A8R8G8B8
{06:51:46.278} INFO: [Renderer]   |  monitor:0, 1366x768, bpp:24, hz:50.00, fmt: A8R8G8B8
{06:51:46.278} INFO: [Renderer]   |  monitor:0, 1366x768, bpp:24, hz:50.00, fmt: A8R8G8B8
{06:51:46.278} INFO: [Renderer]   |  monitor:0, 1440x900, bpp:24, hz:60.00, fmt: A8R8G8B8
{06:51:46.278} INFO: [Renderer]   |  monitor:0, 1440x900, bpp:24, hz:60.00, fmt: A8R8G8B8
{06:51:46.278} INFO: [Renderer]   |  monitor:0, 1440x900, bpp:24, hz:59.94, fmt: A8R8G8B8
{06:51:46.278} INFO: [Renderer]   |  monitor:0, 1440x900, bpp:24, hz:59.94, fmt: A8R8G8B8
{06:51:46.278} INFO: [Renderer]   |  monitor:0, 1440x900, bpp:24, hz:50.00, fmt: A8R8G8B8
{06:51:46.278} INFO: [Renderer]   |  monitor:0, 1440x900, bpp:24, hz:50.00, fmt: A8R8G8B8
{06:51:46.278} INFO: [Renderer]   |  monitor:0, 1600x900, bpp:24, hz:60.00, fmt: A8R8G8B8
{06:51:46.278} INFO: [Renderer]   |  monitor:0, 1600x900, bpp:24, hz:60.00, fmt: A8R8G8B8
{06:51:46.278} INFO: [Renderer]   |  monitor:0, 1600x900, bpp:24, hz:59.94, fmt: A8R8G8B8
{06:51:46.278} INFO: [Renderer]   |  monitor:0, 1600x900, bpp:24, hz:59.94, fmt: A8R8G8B8
{06:51:46.278} INFO: [Renderer]   |  monitor:0, 1600x900, bpp:24, hz:50.00, fmt: A8R8G8B8
{06:51:46.278} INFO: [Renderer]   |  monitor:0, 1600x900, bpp:24, hz:50.00, fmt: A8R8G8B8
{06:51:46.278} INFO: [Renderer]   |  monitor:0, 1600x1024, bpp:24, hz:60.00, fmt: A8R8G8B8
{06:51:46.278} INFO: [Renderer]   |  monitor:0, 1600x1024, bpp:24, hz:60.00, fmt: A8R8G8B8
{06:51:46.278} INFO: [Renderer]   |  monitor:0, 1600x1024, bpp:24, hz:59.94, fmt: A8R8G8B8
{06:51:46.278} INFO: [Renderer]   |  monitor:0, 1600x1024, bpp:24, hz:59.94, fmt: A8R8G8B8
{06:51:46.278} INFO: [Renderer]   |  monitor:0, 1600x1024, bpp:24, hz:50.00, fmt: A8R8G8B8
{06:51:46.278} INFO: [Renderer]   |  monitor:0, 1600x1024, bpp:24, hz:50.00, fmt: A8R8G8B8
{06:51:46.278} INFO: [Renderer]   |  monitor:0, 1600x1200, bpp:24, hz:60.00, fmt: A8R8G8B8
{06:51:46.278} INFO: [Renderer]   |  monitor:0, 1680x1050, bpp:24, hz:60.00, fmt: A8R8G8B8
{06:51:46.278} INFO: [Renderer]   |  monitor:0, 1680x1050, bpp:24, hz:60.00, fmt: A8R8G8B8
{06:51:46.278} INFO: [Renderer]   |  monitor:0, 1680x1050, bpp:24, hz:59.94, fmt: A8R8G8B8
{06:51:46.278} INFO: [Renderer]   |  monitor:0, 1680x1050, bpp:24, hz:59.94, fmt: A8R8G8B8
{06:51:46.278} INFO: [Renderer]   |  monitor:0, 1680x1050, bpp:24, hz:50.00, fmt: A8R8G8B8
{06:51:46.278} INFO: [Renderer]   |  monitor:0, 1680x1050, bpp:24, hz:50.00, fmt: A8R8G8B8
{06:51:46.278} INFO: [Renderer]   |  monitor:0, 1920x1080, bpp:24, hz:60.00, fmt: A8R8G8B8
{06:51:46.278} INFO: [Renderer]   |  monitor:0, 1920x1080, bpp:24, hz:59.94, fmt: A8R8G8B8
{06:51:46.278} INFO: [Renderer]   |  monitor:0, 1920x1080, bpp:24, hz:50.00, fmt: A8R8G8B8
{06:51:46.278} INFO: [Renderer]   |  monitor:0, 1920x1200, bpp:24, hz:59.92, fmt: A8R8G8B8
{06:51:46.278} INFO: [Renderer]   |  monitor:0, 1920x1200, bpp:24, hz:59.92, fmt: A8R8G8B8
{06:51:46.278} INFO: [Renderer]   |  monitor:0, 1920x1440, bpp:24, hz:59.95, fmt: A8R8G8B8
{06:51:46.278} INFO: [Renderer]   |  monitor:0, 1920x1440, bpp:24, hz:59.95, fmt: A8R8G8B8
{06:51:46.278} INFO: [Renderer]   |  monitor:0, 1920x2160, bpp:24, hz:59.99, fmt: A8R8G8B8
{06:51:46.278} INFO: [Renderer]   |  monitor:0, 2048x1280, bpp:24, hz:59.92, fmt: A8R8G8B8
{06:51:46.278} INFO: [Renderer]   |  monitor:0, 2048x1536, bpp:24, hz:60.00, fmt: A8R8G8B8
{06:51:46.278} INFO: [Renderer]   |  monitor:0, 2048x1536, bpp:24, hz:60.00, fmt: A8R8G8B8
{06:51:46.278} INFO: [Renderer]   |  monitor:0, 2048x1536, bpp:24, hz:29.98, fmt: A8R8G8B8
{06:51:46.278} INFO: [Renderer]   |  monitor:0, 2048x1536, bpp:24, hz:29.98, fmt: A8R8G8B8
{06:51:46.278} INFO: [Renderer]   |  monitor:0, 2560x1440, bpp:24, hz:59.95, fmt: A8R8G8B8
{06:51:46.278} INFO: [Renderer]   |  monitor:0, 2560x1600, bpp:24, hz:60.00, fmt: A8R8G8B8
{06:51:46.278} INFO: [Renderer]   |  monitor:0, 2560x1600, bpp:24, hz:60.00, fmt: A8R8G8B8
{06:51:46.278} INFO: [Renderer]   |  monitor:0, 2560x1600, bpp:24, hz:29.98, fmt: A8R8G8B8
{06:51:46.278} INFO: [Renderer]   |  monitor:0, 2560x1600, bpp:24, hz:29.98, fmt: A8R8G8B8
{06:51:46.278} INFO: [Renderer]   |  monitor:0, 3840x2160, bpp:24, hz:60.00, fmt: A8R8G8B8
{06:51:46.278} INFO: [Renderer]   |  monitor:0, 3840x2160, bpp:24, hz:29.98, fmt: A8R8G8B8
{06:51:46.278} INFO: [Renderer]   |  monitor:1, 640x480, bpp:24, hz:75.00, fmt: A8R8G8B8
{06:51:46.278} INFO: [Renderer]   |  monitor:1, 640x480, bpp:24, hz:72.00, fmt: A8R8G8B8
{06:51:46.278} INFO: [Renderer]   |  monitor:1, 640x480, bpp:24, hz:60.00, fmt: A8R8G8B8
{06:51:46.278} INFO: [Renderer]   |  monitor:1, 720x480, bpp:24, hz:75.00, fmt: A8R8G8B8
{06:51:46.278} INFO: [Renderer]   |  monitor:1, 720x480, bpp:24, hz:75.00, fmt: A8R8G8B8
{06:51:46.278} INFO: [Renderer]   |  monitor:1, 720x480, bpp:24, hz:72.19, fmt: A8R8G8B8
{06:51:46.278} INFO: [Renderer]   |  monitor:1, 720x480, bpp:24, hz:72.19, fmt: A8R8G8B8
{06:51:46.278} INFO: [Renderer]   |  monitor:1, 720x480, bpp:24, hz:60.32, fmt: A8R8G8B8
{06:51:46.278} INFO: [Renderer]   |  monitor:1, 720x480, bpp:24, hz:60.32, fmt: A8R8G8B8
{06:51:46.278} INFO: [Renderer]   |  monitor:1, 720x480, bpp:24, hz:56.25, fmt: A8R8G8B8
{06:51:46.278} INFO: [Renderer]   |  monitor:1, 720x480, bpp:24, hz:56.25, fmt: A8R8G8B8
{06:51:46.278} INFO: [Renderer]   |  monitor:1, 720x576, bpp:24, hz:75.00, fmt: A8R8G8B8
{06:51:46.278} INFO: [Renderer]   |  monitor:1, 720x576, bpp:24, hz:75.00, fmt: A8R8G8B8
{06:51:46.278} INFO: [Renderer]   |  monitor:1, 720x576, bpp:24, hz:72.19, fmt: A8R8G8B8
{06:51:46.278} INFO: [Renderer]   |  monitor:1, 720x576, bpp:24, hz:72.19, fmt: A8R8G8B8
{06:51:46.278} INFO: [Renderer]   |  monitor:1, 720x576, bpp:24, hz:60.32, fmt: A8R8G8B8
{06:51:46.278} INFO: [Renderer]   |  monitor:1, 720x576, bpp:24, hz:60.32, fmt: A8R8G8B8
{06:51:46.278} INFO: [Renderer]   |  monitor:1, 720x576, bpp:24, hz:56.25, fmt: A8R8G8B8
{06:51:46.278} INFO: [Renderer]   |  monitor:1, 720x576, bpp:24, hz:56.25, fmt: A8R8G8B8
{06:51:46.278} INFO: [Renderer]   |  monitor:1, 800x600, bpp:24, hz:75.00, fmt: A8R8G8B8
{06:51:46.278} INFO: [Renderer]   |  monitor:1, 800x600, bpp:24, hz:72.19, fmt: A8R8G8B8
{06:51:46.278} INFO: [Renderer]   |  monitor:1, 800x600, bpp:24, hz:60.32, fmt: A8R8G8B8
{06:51:46.278} INFO: [Renderer]   |  monitor:1, 800x600, bpp:24, hz:56.25, fmt: A8R8G8B8
{06:51:46.278} INFO: [Renderer]   |  monitor:1, 1024x768, bpp:24, hz:75.03, fmt: A8R8G8B8
{06:51:46.278} INFO: [Renderer]   |  monitor:1, 1024x768, bpp:24, hz:70.07, fmt: A8R8G8B8
{06:51:46.278} INFO: [Renderer]   |  monitor:1, 1024x768, bpp:24, hz:60.00, fmt: A8R8G8B8
{06:51:46.278} INFO: [Renderer]   |  monitor:1, 1152x864, bpp:24, hz:75.00, fmt: A8R8G8B8
{06:51:46.278} INFO: [Renderer]   |  monitor:1, 1176x664, bpp:24, hz:60.00, fmt: A8R8G8B8
{06:51:46.278} INFO: [Renderer]   |  monitor:1, 1176x664, bpp:24, hz:60.00, fmt: A8R8G8B8
{06:51:46.278} INFO: [Renderer]   |  monitor:1, 1280x720, bpp:24, hz:60.00, fmt: A8R8G8B8
{06:51:46.278} INFO: [Renderer]   |  monitor:1, 1280x768, bpp:24, hz:59.81, fmt: A8R8G8B8
{06:51:46.278} INFO: [Renderer]   |  monitor:1, 1280x768, bpp:24, hz:59.81, fmt: A8R8G8B8
{06:51:46.278} INFO: [Renderer]   |  monitor:1, 1280x800, bpp:24, hz:59.81, fmt: A8R8G8B8
{06:51:46.278} INFO: [Renderer]   |  monitor:1, 1280x960, bpp:24, hz:75.03, fmt: A8R8G8B8
{06:51:46.278} INFO: [Renderer]   |  monitor:1, 1280x960, bpp:24, hz:75.03, fmt: A8R8G8B8
{06:51:46.278} INFO: [Renderer]   |  monitor:1, 1280x960, bpp:24, hz:60.02, fmt: A8R8G8B8
{06:51:46.278} INFO: [Renderer]   |  monitor:1, 1280x960, bpp:24, hz:60.02, fmt: A8R8G8B8
{06:51:46.278} INFO: [Renderer]   |  monitor:1, 1280x1024, bpp:24, hz:75.03, fmt: A8R8G8B8
{06:51:46.278} INFO: [Renderer]   |  monitor:1, 1280x1024, bpp:24, hz:60.02, fmt: A8R8G8B8
{06:51:46.278} INFO: [Renderer]   |  monitor:1, 1360x768, bpp:24, hz:59.89, fmt: A8R8G8B8
{06:51:46.278} INFO: [Renderer]   |  monitor:1, 1360x768, bpp:24, hz:59.89, fmt: A8R8G8B8
{06:51:46.278} INFO: [Renderer]   |  monitor:1, 1366x768, bpp:24, hz:59.89, fmt: A8R8G8B8
{06:51:46.278} INFO: [Renderer]   |  monitor:1, 1366x768, bpp:24, hz:59.89, fmt: A8R8G8B8
{06:51:46.278} INFO: [Renderer]   |  monitor:1, 1440x900, bpp:24, hz:59.89, fmt: A8R8G8B8
{06:51:46.278} INFO: [Renderer]   |  monitor:1, 1600x900, bpp:24, hz:60.00, fmt: A8R8G8B8
{06:51:46.278} INFO: [Renderer]   |  monitor:1, 1600x1024, bpp:24, hz:59.95, fmt: A8R8G8B8
{06:51:46.278} INFO: [Renderer]   |  monitor:1, 1600x1024, bpp:24, hz:59.95, fmt: A8R8G8B8
{06:51:46.279} INFO: [Renderer]   |  monitor:1, 1600x1200, bpp:24, hz:59.95, fmt: A8R8G8B8
{06:51:46.279} INFO: [Renderer]   |  monitor:1, 1600x1200, bpp:24, hz:59.95, fmt: A8R8G8B8
{06:51:46.279} INFO: [Renderer]   |  monitor:1, 1680x1050, bpp:24, hz:59.95, fmt: A8R8G8B8
{06:51:46.279} INFO: [Renderer]   |  monitor:1, 1920x1080, bpp:24, hz:60.00, fmt: A8R8G8B8
{06:51:46.279} INFO: [Renderer]   |  monitor:1, 1920x1080, bpp:24, hz:59.94, fmt: A8R8G8B8
{06:51:46.279} INFO: [Renderer]   |  monitor:1, 1920x1200, bpp:24, hz:59.95, fmt: A8R8G8B8
{06:51:46.279} INFO: [Renderer]   |  monitor:1, 1920x1200, bpp:24, hz:59.95, fmt: A8R8G8B8
{06:51:46.279} INFO: [Renderer]   |  monitor:1, 1920x1440, bpp:24, hz:59.95, fmt: A8R8G8B8
{06:51:46.279} INFO: [Renderer]   |  monitor:1, 1920x1440, bpp:24, hz:59.95, fmt: A8R8G8B8
{06:51:46.279} INFO: [Renderer]   |  monitor:1, 1920x2160, bpp:24, hz:60.00, fmt: A8R8G8B8
{06:51:46.279} INFO: [Renderer]   |  monitor:1, 1920x2160, bpp:24, hz:60.00, fmt: A8R8G8B8
{06:51:46.279} INFO: [Renderer]   |  monitor:1, 2048x1280, bpp:24, hz:59.95, fmt: A8R8G8B8
{06:51:46.279} INFO: [Renderer]   |  monitor:1, 2048x1280, bpp:24, hz:59.95, fmt: A8R8G8B8
{06:51:46.279} INFO: [Renderer]   |  monitor:1, 2048x1536, bpp:24, hz:60.00, fmt: A8R8G8B8
{06:51:46.279} INFO: [Renderer]   |  monitor:1, 2048x1536, bpp:24, hz:60.00, fmt: A8R8G8B8
{06:51:46.279} INFO: [Renderer]   |  monitor:1, 2560x1440, bpp:24, hz:59.95, fmt: A8R8G8B8
{06:51:46.279} INFO: [Renderer]   |  monitor:1, 2560x1600, bpp:24, hz:60.00, fmt: A8R8G8B8
{06:51:46.279} INFO: [Renderer]   |  monitor:1, 2560x1600, bpp:24, hz:60.00, fmt: A8R8G8B8
{06:51:46.279} INFO: [Renderer]   |  monitor:1, 3840x2160, bpp:24, hz:60.00, fmt: A8R8G8B8
{06:51:46.280} INFO: [Renderer]   | Texture streaming mem 0 MB
{06:51:46.280} INFO: [INFO]       > Texture streaming buffer set to 0MB
{06:51:46.280} INFO: [INFO]       > Texture streaming lowest priority distance set to 100m
{06:51:46.655} DEBG: [DXGI]       > WM_SIZE 0, 2560x1440
{06:51:46.657} INFO: [INFO]       > CGame::AppWindowInit: window client area: 0x0, 2560x1440
{06:51:46.657} DEBG: [DXGI]       > [RChangeDeviceState] 2560x1440, 1.000000, borderless, 0/0 Hz
{06:51:46.657} DEBG: [DXGI]       >                  was 1920x1080, 1.000000, , 0/1 Hz
{06:51:46.660} DEBG: [DXGI]       > WM_SIZE 0, 0x0
{06:51:46.660} DEBG: [DXGI]       > WM_SIZE 0, 2560x1440
{06:51:47.382} INFO: [INFO]       > Texture streaming buffer set to 4000MB
{06:51:47.384} INFO: [Video]      > //Video settings:
{06:51:47.384} INFO: [Video]      > RendererMode("d3d11")
{06:51:47.384} INFO: [Video]      > AsyncCompute(0)
{06:51:47.384} INFO: [Video]      > WindowMode(1)
{06:51:47.384} INFO: [Video]      > Resolution(2560,1440)
{06:51:47.384} INFO: [Video]      > Scale3D(1.000000)
{06:51:47.384} INFO: [Video]      > FSR(0.450000)
{06:51:47.384} INFO: [Video]      > Upscaler(0)
{06:51:47.384} INFO: [Video]      > Upscaling(2)
{06:51:47.384} INFO: [Video]      > Monitor(0)
{06:51:47.384} INFO: [Video]      > DisableDWM(0)
{06:51:47.384} INFO: [Video]      > TextureQuality("High")
{06:51:47.384} INFO: [Video]      > ShadowMapSize(924)
{06:51:47.384} INFO: [Video]      > SpotShadowMapSize(4096)
{06:51:47.384} INFO: [Video]      > GammaFloat(1.00)
{06:51:47.384} INFO: [Video]      > GrassQuality(0)
{06:51:47.384} INFO: [Video]      > FrameRate(1)
{06:51:47.384} INFO: [Video]      > MotionBlur(1)
{06:51:47.384} INFO: [Video]      > MotionBlurQuality("High")
{06:51:47.384} INFO: [Video]      > FilmGrain(0)
{06:51:47.384} INFO: [Video]      > DistanceBlur(1)
{06:51:47.384} INFO: [Video]      > AntiAliasing(1)
{06:51:47.384} INFO: [Video]      > AntiAliasingQuality(1)
{06:51:47.384} INFO: [Video]      > FogQuality(2)
{06:51:47.384} INFO: [Video]      > ReflectionsQuality(2)
{06:51:47.384} INFO: [Video]      > ContactShadowsQuality(4)
{06:51:47.384} INFO: [Video]      > SpotShadowsQuality(2)
{06:51:47.384} INFO: [Video]      > AmbientOcclusion(1)
{06:51:47.384} INFO: [Video]      > AmbientOcclusionQuality(1)
{06:51:47.384} INFO: [Video]      > ColorBlindMode(0)
{06:51:47.384} INFO: [Video]      > GpuFxQuality(1)
{06:51:47.384} INFO: [Video]      > VoxelGiQuality(3)
{06:51:47.385} INFO: [ResPack]    > Free resource loading disabled
{06:51:47.481} INFO: [ResPack]    > Acquired prefab data: 147856, 161992
{06:51:47.482} INFO: [ResPack]    >  -> 0 prefabs, 32 presets available in engine_pc.rpack
{06:51:48.667} INFO: [ResPack]    > Acquired prefab data: 12557784, 10596232
{06:51:48.695} INFO: [ResPack]    >  -> 1081 prefabs, 184 presets available in common_prefabs_pc.rpack
{06:51:49.057} INFO: [INFO]       > [Input] Keyboard 0 enumerated: intance_name = Keyboard, product_name = Keyboard, GUID = {6f1d2b61-d5a0-11cf-bfc7-444553540000}
{06:51:49.119} INFO: [INFO]       > [CInput::SelectKeyboard] Keyboard 0 selected: Keyboard, Keyboard
{06:51:49.415} INFO: [INFO]       > Bink filename: IntroLogos_4k.bik
{06:51:51.416} INFO: [INFO]       > [gpufx] preloaded 1019 sequences. It took 1647.899048 ms
{06:51:51.416} RETL: [Game] > game version: '1.0.6', '1.0.202202141916'
{06:52:04.568} INFO: [INFO]       > Bink filename: GameIntro_4k.bik
{06:52:30.704} RETL: [Savegame] > ScanForSavegames: saves 2 (prev value -1)
{06:52:32.588} RETL: [Savegame] > Continue save update finished (SUCCEEDED): save 'save_main_0.sav' found, all_scanned_saves 2
{06:52:39.370} RETL: [Game]     > ===== CreateSession ===== 
{06:52:40.598} INFO: [ResPack]    > Acquired prefab data: 106165472, 42357864
{06:52:40.711} INFO: [ResPack]    >  -> 8689 prefabs, 568 presets available in city_persistent_pc.rpack
{06:52:40.750} INFO: [ResPack]    > Acquired prefab data: 2687000, 1309528
{06:52:40.755} INFO: [ResPack]    >  -> 181 prefabs, 43 presets available in prologue_persistent_pc.rpack
{06:52:40.778} RETL: [Savegame] > SessionContextState: 'OnCreate' [game_type 'Campaign', game_mode 'Coop', save_name 'save_main_0.sav' (slot 0), map 'city' (id:761188051), (first), difficulty [current: Normal, savegame: Normal, min_savegame: Normal, initial: Normal, lobby_settings: Normal], save_version 73, build: '1.0.202202141916 / 2', perforce_stream: '//tech/rel-ph-patch1-pc']
{06:52:44.612} INFO: [Video]      > //Video settings:
{06:52:44.612} INFO: [Video]      > RendererMode("d3d11")
{06:52:44.612} INFO: [Video]      > AsyncCompute(0)
{06:52:44.612} INFO: [Video]      > WindowMode(1)
{06:52:44.612} INFO: [Video]      > Resolution(2560,1440)
{06:52:44.612} INFO: [Video]      > Scale3D(1.000000)
{06:52:44.612} INFO: [Video]      > FSR(0.450000)
{06:52:44.612} INFO: [Video]      > Upscaler(0)
{06:52:44.612} INFO: [Video]      > Upscaling(2)
{06:52:44.612} INFO: [Video]      > Monitor(0)
{06:52:44.612} INFO: [Video]      > DisableDWM(0)
{06:52:44.612} INFO: [Video]      > TextureQuality("High")
{06:52:44.612} INFO: [Video]      > ShadowMapSize(924)
{06:52:44.612} INFO: [Video]      > SpotShadowMapSize(4096)
{06:52:44.612} INFO: [Video]      > GammaFloat(1.00)
{06:52:44.612} INFO: [Video]      > GrassQuality(0)
{06:52:44.612} INFO: [Video]      > FrameRate(1)
{06:52:44.612} INFO: [Video]      > MotionBlur(1)
{06:52:44.612} INFO: [Video]      > MotionBlurQuality("High")
{06:52:44.612} INFO: [Video]      > FilmGrain(0)
{06:52:44.612} INFO: [Video]      > DistanceBlur(1)
{06:52:44.612} INFO: [Video]      > AntiAliasing(1)
{06:52:44.612} INFO: [Video]      > AntiAliasingQuality(1)
{06:52:44.612} INFO: [Video]      > FogQuality(2)
{06:52:44.612} INFO: [Video]      > ReflectionsQuality(2)
{06:52:44.612} INFO: [Video]      > ContactShadowsQuality(4)
{06:52:44.612} INFO: [Video]      > SpotShadowsQuality(2)
{06:52:44.612} INFO: [Video]      > AmbientOcclusion(1)
{06:52:44.612} INFO: [Video]      > AmbientOcclusionQuality(1)
{06:52:44.612} INFO: [Video]      > ColorBlindMode(0)
{06:52:44.612} INFO: [Video]      > GpuFxQuality(1)
{06:52:44.612} INFO: [Video]      > VoxelGiQuality(3)
{06:52:47.585} RETL: [Game]     > >>>>> <1305751960> Changing level from <> to <city>
{06:52:50.934} RETL: [Savegame] > SessionContextState: 'OnUpdate after ChangeMap' [game_type 'Campaign', game_mode 'Coop', save_name 'save_main_0.sav' (slot 0), map 'city' (id:761188051), (first), difficulty [current: Normal, savegame: Normal, min_savegame: Normal, initial: Normal, lobby_settings: Normal], save_version 73, build: '1.0.202202141916 / 2', perforce_stream: '//tech/rel-ph-patch1-pc']
{06:52:51.042} RETL: [Game]     > >>>>> <1305751960> Performing load - mode <NormalFromMainMenu>
{06:52:51.042} RETL: [Savegame] > File name 'save_main_0.sav', memory_save->size = 0
{06:52:51.059} RETL: [Savegame] > Loading finished (ESgErr::Ok).
{06:52:51.059} RETL: [Savegame] > Applying loaded data: Original version: [save_version 72, build: '1.0.202202071214 / 2', perforce_stream: '//tech/rel-ph-patch1-pc'], Source version: [save_version 73, build: '1.0.202202141916 / 2', perforce_stream: '//tech/rel-ph-patch1-pc'], Current version: [save_version 73, build: '1.0.202202141916 / 2', perforce_stream: '//tech/rel-ph-patch1-pc']
{06:52:51.059} RETL: [Savegame] > Updated SessionContext [session_id 1293025094, time_played 108296278, campaign_finished true, finished_difficulty 2]
{06:52:51.838} RETL: [Savegame] > RestoreStoryState result: 'true'.
{06:52:51.838} RETL: [Savegame] > SpawnSpot: Spawnpoint, map: 'city', spawn_point: city/^loc_minisafezone_r02_16/prototype_small_safezone_loc_bus_a/SP_RespawnPoint
{06:52:51.961} RETL: [Savegame] > Applying loaded data finished (result: true)
{06:52:54.637} INFO: [ResPack]    > Acquired prefab data: 35373120, 15041136
{06:52:54.688} INFO: [ResPack]    >  -> 9251 prefabs, 0 presets available in reg_02_pc.rpack
{06:52:54.731} INFO: [ResPack]    > Acquired prefab data: 46056, 25728
{06:52:54.731} INFO: [ResPack]    >  -> 22 prefabs, 0 presets available in reg_buffer_02_05_a_pc.rpack
{06:52:54.735} INFO: [ResPack]    > Acquired prefab data: 368992, 141216
{06:52:54.736} INFO: [ResPack]    >  -> 183 prefabs, 0 presets available in reg_buffer_02_05_b_pc.rpack
{06:52:54.740} INFO: [ResPack]    > Acquired prefab data: 535832, 207488
{06:52:54.741} INFO: [ResPack]    >  -> 123 prefabs, 0 presets available in reg_buffer_01_05_pc.rpack
{06:52:54.743} INFO: [ResPack]    > Acquired prefab data: 131624, 64608
{06:52:54.744} INFO: [ResPack]    >  -> 59 prefabs, 0 presets available in reg_buffer_05_06_pc.rpack
{06:52:54.761} INFO: [ResPack]    > Acquired prefab data: 1800416, 752040
{06:52:54.764} INFO: [ResPack]    >  -> 692 prefabs, 0 presets available in reg_buffer_01_04_pc.rpack
{06:52:54.798} INFO: [ResPack]    > Acquired prefab data: 2256760, 754928
{06:52:54.801} INFO: [ResPack]    >  -> 819 prefabs, 0 presets available in reg_buffer_02_04a_pc.rpack
{06:52:54.816} INFO: [ResPack]    > Acquired prefab data: 875616, 330280
{06:52:54.818} INFO: [ResPack]    >  -> 437 prefabs, 0 presets available in reg_buffer_02_04b_pc.rpack
{06:52:54.831} INFO: [ResPack]    > Acquired prefab data: 1724824, 722736
{06:52:54.834} INFO: [ResPack]    >  -> 764 prefabs, 0 presets available in reg_buffer_02_03b_pc.rpack
{06:52:54.852} INFO: [ResPack]    > Acquired prefab data: 1216672, 457288
{06:52:54.854} INFO: [ResPack]    >  -> 563 prefabs, 0 presets available in reg_buffer_02_03_pc.rpack
{06:52:54.861} INFO: [ResPack]    > Acquired prefab data: 389832, 144960
{06:52:54.862} INFO: [ResPack]    >  -> 119 prefabs, 0 presets available in reg_buffer_04_a_b_pc.rpack
{06:55:20.838} INFO: [ResPack]    > Acquired prefab data: 552, 224
{06:55:20.838} INFO: [ResPack]    >  -> 1 prefabs, 0 presets available in reg_pin_uv_pc.rpack
{06:56:21.291} INFO: [ResPack]    > Acquired prefab data: 552, 224
{06:56:21.291} INFO: [ResPack]    >  -> 1 prefabs, 0 presets available in reg_pin_uv_pc.rpack
{06:58:04.579} INFO: [ResPack]    > Acquired prefab data: 552, 224
{06:58:04.579} INFO: [ResPack]    >  -> 1 prefabs, 0 presets available in reg_pin_uv_pc.rpack
{07:00:21.146} INFO: [INFO]       > Bink filename: skill_parkour_ranged.bik
{07:00:21.812} INFO: [INFO]       > Bink filename: skill_ranged_mastery.bik
{07:00:21.913} INFO: [INFO]       > Bink filename: skill_silent_takedown.bik
{07:00:22.062} INFO: [INFO]       > Bink filename: skill_charge_grab.bik
{07:00:22.113} INFO: [INFO]       > Bink filename: skill_block_projectiles.bik
{07:00:22.630} INFO: [INFO]       > Bink filename: skill_perfect_block.bik
{07:00:22.696} INFO: [INFO]       > Bink filename: skill_ground_pound.bik
{07:00:22.813} INFO: [INFO]       > Bink filename: skill_multiple_shots.bik
{07:00:22.996} INFO: [INFO]       > Bink filename: skill_multiple_shots.bik
{07:00:24.263} INFO: [INFO]       > Bink filename: skill_parkour_ranged.bik
{07:00:25.796} INFO: [INFO]       > Bink filename: skill_multiple_shots.bik

{07:05:29.545} INFO: [INFO]       > Bink filename: tool_binoculars.bik
{07:05:29.879} INFO: [INFO]       > Bink filename: tool_binoculars.bik
{07:10:37.902} INFO: [ResPack]    > Acquired prefab data: 4447136, 1737680
{07:10:37.910} INFO: [ResPack]    >  -> 1689 prefabs, 0 presets available in reg_03_b_pc.rpack
{07:12:28.872} INFO: [ResPack]    > Acquired prefab data: 552, 224
{07:12:28.872} INFO: [ResPack]    >  -> 1 prefabs, 0 presets available in reg_pin_canteen_pc.rpack
{07:12:29.287} INFO: [ResPack]    > Acquired prefab data: 35373120, 15041136
{07:12:29.331} INFO: [ResPack]    >  -> 9251 prefabs, 0 presets available in reg_02_pc.rpack
{07:12:29.377} INFO: [ResPack]    > Acquired prefab data: 46056, 25728
{07:12:29.377} INFO: [ResPack]    >  -> 22 prefabs, 0 presets available in reg_buffer_02_05_a_pc.rpack
{07:12:29.379} INFO: [ResPack]    > Acquired prefab data: 368992, 141216
{07:12:29.380} INFO: [ResPack]    >  -> 183 prefabs, 0 presets available in reg_buffer_02_05_b_pc.rpack
{07:12:29.383} INFO: [ResPack]    > Acquired prefab data: 535832, 207488
{07:12:29.384} INFO: [ResPack]    >  -> 123 prefabs, 0 presets available in reg_buffer_01_05_pc.rpack
{07:12:29.385} INFO: [ResPack]    > Acquired prefab data: 131624, 64608
{07:12:29.385} INFO: [ResPack]    >  -> 59 prefabs, 0 presets available in reg_buffer_05_06_pc.rpack
{07:12:29.402} INFO: [ResPack]    > Acquired prefab data: 1800416, 752040
{07:12:29.405} INFO: [ResPack]    >  -> 692 prefabs, 0 presets available in reg_buffer_01_04_pc.rpack
{07:12:29.418} INFO: [ResPack]    > Acquired prefab data: 875616, 330280
{07:12:29.420} INFO: [ResPack]    >  -> 437 prefabs, 0 presets available in reg_buffer_02_04b_pc.rpack
{07:12:29.425} INFO: [ResPack]    > Acquired prefab data: 389832, 144960
{07:12:29.426} INFO: [ResPack]    >  -> 119 prefabs, 0 presets available in reg_buffer_04_a_b_pc.rpack
{07:12:44.378} INFO: [ResPack]    > Acquired prefab data: 552, 224
{07:12:44.378} INFO: [ResPack]    >  -> 1 prefabs, 0 presets available in reg_pin_ship_pc.rpack
{07:21:50.977} RETL: [Game]     > ===== DestroySession ===== (reason: 'OnQuitGame')
{07:21:56.118} INFO: [Video]      > //Video settings:
{07:21:56.118} INFO: [Video]      > RendererMode("d3d11")
{07:21:56.118} INFO: [Video]      > AsyncCompute(0)
{07:21:56.118} INFO: [Video]      > WindowMode(1)
{07:21:56.118} INFO: [Video]      > Resolution(2560,1440)
{07:21:56.118} INFO: [Video]      > Scale3D(1.000000)
{07:21:56.118} INFO: [Video]      > FSR(0.450000)
{07:21:56.118} INFO: [Video]      > Upscaler(0)
{07:21:56.118} INFO: [Video]      > Upscaling(2)
{07:21:56.118} INFO: [Video]      > Monitor(0)
{07:21:56.118} INFO: [Video]      > DisableDWM(0)
{07:21:56.118} INFO: [Video]      > TextureQuality("High")
{07:21:56.118} INFO: [Video]      > ShadowMapSize(924)
{07:21:56.118} INFO: [Video]      > SpotShadowMapSize(4096)
{07:21:56.118} INFO: [Video]      > GammaFloat(1.00)
{07:21:56.118} INFO: [Video]      > GrassQuality(0)
{07:21:56.118} INFO: [Video]      > FrameRate(1)
{07:21:56.118} INFO: [Video]      > MotionBlur(1)
{07:21:56.118} INFO: [Video]      > MotionBlurQuality("High")
{07:21:56.118} INFO: [Video]      > FilmGrain(0)
{07:21:56.118} INFO: [Video]      > DistanceBlur(1)
{07:21:56.118} INFO: [Video]      > AntiAliasing(1)
{07:21:56.118} INFO: [Video]      > AntiAliasingQuality(1)
{07:21:56.118} INFO: [Video]      > FogQuality(2)
{07:21:56.118} INFO: [Video]      > ReflectionsQuality(2)
{07:21:56.118} INFO: [Video]      > ContactShadowsQuality(4)
{07:21:56.118} INFO: [Video]      > SpotShadowsQuality(2)
{07:21:56.118} INFO: [Video]      > AmbientOcclusion(1)
{07:21:56.118} INFO: [Video]      > AmbientOcclusionQuality(1)
{07:21:56.118} INFO: [Video]      > ColorBlindMode(0)
{07:21:56.118} INFO: [Video]      > GpuFxQuality(1)
{07:21:56.118} INFO: [Video]      > VoxelGiQuality(3)
{07:21:58.163} RETL: [Savegame] > Continue save update finished (SUCCEEDED): save 'save_main_0.sav' found, all_scanned_saves 2
{07:22:05.727} INFO: [INFO]       > ---------------------------------------------------------
{07:22:05.727} INFO: [INFO]       > Time of playing game: 1821.055298s
{07:22:05.727} INFO: [INFO]       > Updated frames: 106530 Rendered frames: 106226
{07:22:05.727} INFO: [INFO]       > Average FPS: 58.332111
{07:22:05.727} INFO: [INFO]       > ---------------------------------------------------------
{07:22:07.372} INFO: [Renderer]   > [r_Shutdown] Dll released
