{05:41:17.121} INFO: [FileSystem] > [CZip_dir::Initialize] 'c:/program files (x86)/steam/steamapps/common/dying light 2 / ph/source/data0.pak' took: 0.000000ms
{05:41:17.142} INFO: [FileSystem] > [CZip_dir::Initialize] 'c:/program files (x86)/steam/steamapps/common/dying light 2 / ph/source/data1.pak' took: 0.000000ms
{05:41:17.144} INFO: [FileSystem] > [CZip_dir::Initialize] 'c:/program files (x86)/steam/steamapps/common/dying light 2 / ph/source/databt.mpak' took: 0.000000ms
{05:41:19.136} RETL: [GAME] > arguments (2): 'C:\Program Files (x86)\Steam\steamapps\common\Dying Light 2\ph\work\bin\x64\DyingLightGame_x64_rwdi.exe', '/nolightfx'
{05:41:19.447} INFO: [FileSystem] > [CZip_dir::Initialize] 'c:/program files (x86)/steam/steamapps/common/dying light 2 / ph/source/data_lang/dataen.pak' took: 0.000000ms
{05:41:19.464} INFO: [Renderer]   > [CVideoSettings::LoadSettings] Loading video settings using 'out/Settings/Video.scr'
{05:41:19.471} INFO: [Renderer]   > [r_Initialize] Loaded from rd3d11_x64_rwdi.dll.
{05:41:19.471} INFO: [Renderer]   > MonitorIdx=0, SecondaryMonitorIdx=-1
{05:41:19.471} INFO: [Renderer]   > Enumerating D3D11 video adapters:
{05:41:19.476} INFO: [Renderer]   > Adapter 0: NVIDIA GeForce RTX 2080 Ti 11049MB/16346MB/0MB
{05:41:19.476} INFO: [Renderer]   |   Output 0: [0,0 - 2560,1440] \\.\DISPLAY1
{05:41:19.476} INFO: [Renderer]   |   Output 1: [2560,0 - 6400,2160] \\.\DISPLAY2
{05:41:19.476} INFO: [Renderer]   > Adapter 1: Microsoft Basic Render Driver 0MB/16346MB/0MB
{05:41:19.477} INFO: [Renderer]   > Sorted adapter 0: NVIDIA GeForce RTX 2080 Ti 11049MB/16346MB/0MB
{05:41:19.477} INFO: [Renderer]   > Sorted adapter 1: Microsoft Basic Render Driver 0MB/16346MB/0MB
{05:41:19.477} INFO: [Renderer]   > Picking adapter: NVIDIA GeForce RTX 2080 Ti
{05:41:19.477} INFO: [Renderer]   | Primary monitor: [0,0 - 2560,1440]
{05:41:19.477} INFO: [Renderer]   | Secondary monitor: [2560,0 - 6400,2160]
{05:41:20.463} INFO: [Renderer]   > Renderer started in DX11 mode.
{05:41:20.463} INFO: [Renderer]   > DX11 reported 11'049M free texture memory.
{05:41:20.465} INFO: [Renderer]   > [CheckSLI] Single GPU system
{05:41:20.549} INFO: [Renderer]   > [d3d12rt-checker] All tests were OK. Switch to D3D12Ultimate to enable raytracing
{05:41:20.566} INFO: [Renderer]   > Renderer: supported display modes:
{05:41:20.566} INFO: [Renderer]   |  monitor:0, 640x480, bpp:24, hz:75.00, fmt: A8R8G8B8
{05:41:20.566} INFO: [Renderer]   |  monitor:0, 640x480, bpp:24, hz:60.00, fmt: A8R8G8B8
{05:41:20.566} INFO: [Renderer]   |  monitor:0, 640x480, bpp:24, hz:59.94, fmt: A8R8G8B8
{05:41:20.566} INFO: [Renderer]   |  monitor:0, 720x480, bpp:24, hz:60.00, fmt: A8R8G8B8
{05:41:20.566} INFO: [Renderer]   |  monitor:0, 720x480, bpp:24, hz:59.94, fmt: A8R8G8B8
{05:41:20.566} INFO: [Renderer]   |  monitor:0, 720x576, bpp:24, hz:50.00, fmt: A8R8G8B8
{05:41:20.566} INFO: [Renderer]   |  monitor:0, 800x600, bpp:24, hz:75.00, fmt: A8R8G8B8
{05:41:20.566} INFO: [Renderer]   |  monitor:0, 800x600, bpp:24, hz:60.32, fmt: A8R8G8B8
{05:41:20.566} INFO: [Renderer]   |  monitor:0, 1024x768, bpp:24, hz:75.03, fmt: A8R8G8B8
{05:41:20.566} INFO: [Renderer]   |  monitor:0, 1024x768, bpp:24, hz:60.00, fmt: A8R8G8B8
{05:41:20.566} INFO: [Renderer]   |  monitor:0, 1152x864, bpp:24, hz:75.00, fmt: A8R8G8B8
{05:41:20.566} INFO: [Renderer]   |  monitor:0, 1176x664, bpp:24, hz:60.00, fmt: A8R8G8B8
{05:41:20.566} INFO: [Renderer]   |  monitor:0, 1176x664, bpp:24, hz:60.00, fmt: A8R8G8B8
{05:41:20.566} INFO: [Renderer]   |  monitor:0, 1176x664, bpp:24, hz:59.94, fmt: A8R8G8B8
{05:41:20.566} INFO: [Renderer]   |  monitor:0, 1176x664, bpp:24, hz:59.94, fmt: A8R8G8B8
{05:41:20.566} INFO: [Renderer]   |  monitor:0, 1176x664, bpp:24, hz:50.00, fmt: A8R8G8B8
{05:41:20.566} INFO: [Renderer]   |  monitor:0, 1176x664, bpp:24, hz:50.00, fmt: A8R8G8B8
{05:41:20.566} INFO: [Renderer]   |  monitor:0, 1280x720, bpp:24, hz:60.00, fmt: A8R8G8B8
{05:41:20.566} INFO: [Renderer]   |  monitor:0, 1280x720, bpp:24, hz:59.94, fmt: A8R8G8B8
{05:41:20.566} INFO: [Renderer]   |  monitor:0, 1280x720, bpp:24, hz:50.00, fmt: A8R8G8B8
{05:41:20.566} INFO: [Renderer]   |  monitor:0, 1280x768, bpp:24, hz:59.81, fmt: A8R8G8B8
{05:41:20.566} INFO: [Renderer]   |  monitor:0, 1280x768, bpp:24, hz:59.81, fmt: A8R8G8B8
{05:41:20.566} INFO: [Renderer]   |  monitor:0, 1280x800, bpp:24, hz:59.81, fmt: A8R8G8B8
{05:41:20.566} INFO: [Renderer]   |  monitor:0, 1280x960, bpp:24, hz:75.03, fmt: A8R8G8B8
{05:41:20.566} INFO: [Renderer]   |  monitor:0, 1280x960, bpp:24, hz:75.03, fmt: A8R8G8B8
{05:41:20.566} INFO: [Renderer]   |  monitor:0, 1280x960, bpp:24, hz:60.02, fmt: A8R8G8B8
{05:41:20.566} INFO: [Renderer]   |  monitor:0, 1280x960, bpp:24, hz:60.02, fmt: A8R8G8B8
{05:41:20.566} INFO: [Renderer]   |  monitor:0, 1280x1024, bpp:24, hz:75.03, fmt: A8R8G8B8
{05:41:20.566} INFO: [Renderer]   |  monitor:0, 1280x1024, bpp:24, hz:60.02, fmt: A8R8G8B8
{05:41:20.567} INFO: [Renderer]   |  monitor:0, 1360x768, bpp:24, hz:60.00, fmt: A8R8G8B8
{05:41:20.567} INFO: [Renderer]   |  monitor:0, 1360x768, bpp:24, hz:60.00, fmt: A8R8G8B8
{05:41:20.567} INFO: [Renderer]   |  monitor:0, 1360x768, bpp:24, hz:59.94, fmt: A8R8G8B8
{05:41:20.567} INFO: [Renderer]   |  monitor:0, 1360x768, bpp:24, hz:59.94, fmt: A8R8G8B8
{05:41:20.567} INFO: [Renderer]   |  monitor:0, 1360x768, bpp:24, hz:50.00, fmt: A8R8G8B8
{05:41:20.567} INFO: [Renderer]   |  monitor:0, 1360x768, bpp:24, hz:50.00, fmt: A8R8G8B8
{05:41:20.567} INFO: [Renderer]   |  monitor:0, 1366x768, bpp:24, hz:60.00, fmt: A8R8G8B8
{05:41:20.567} INFO: [Renderer]   |  monitor:0, 1366x768, bpp:24, hz:60.00, fmt: A8R8G8B8
{05:41:20.567} INFO: [Renderer]   |  monitor:0, 1366x768, bpp:24, hz:59.94, fmt: A8R8G8B8
{05:41:20.567} INFO: [Renderer]   |  monitor:0, 1366x768, bpp:24, hz:59.94, fmt: A8R8G8B8
{05:41:20.567} INFO: [Renderer]   |  monitor:0, 1366x768, bpp:24, hz:50.00, fmt: A8R8G8B8
{05:41:20.567} INFO: [Renderer]   |  monitor:0, 1366x768, bpp:24, hz:50.00, fmt: A8R8G8B8
{05:41:20.567} INFO: [Renderer]   |  monitor:0, 1440x900, bpp:24, hz:60.00, fmt: A8R8G8B8
{05:41:20.567} INFO: [Renderer]   |  monitor:0, 1440x900, bpp:24, hz:60.00, fmt: A8R8G8B8
{05:41:20.567} INFO: [Renderer]   |  monitor:0, 1440x900, bpp:24, hz:59.94, fmt: A8R8G8B8
{05:41:20.567} INFO: [Renderer]   |  monitor:0, 1440x900, bpp:24, hz:59.94, fmt: A8R8G8B8
{05:41:20.567} INFO: [Renderer]   |  monitor:0, 1440x900, bpp:24, hz:50.00, fmt: A8R8G8B8
{05:41:20.567} INFO: [Renderer]   |  monitor:0, 1440x900, bpp:24, hz:50.00, fmt: A8R8G8B8
{05:41:20.567} INFO: [Renderer]   |  monitor:0, 1600x900, bpp:24, hz:60.00, fmt: A8R8G8B8
{05:41:20.567} INFO: [Renderer]   |  monitor:0, 1600x900, bpp:24, hz:60.00, fmt: A8R8G8B8
{05:41:20.567} INFO: [Renderer]   |  monitor:0, 1600x900, bpp:24, hz:59.94, fmt: A8R8G8B8
{05:41:20.567} INFO: [Renderer]   |  monitor:0, 1600x900, bpp:24, hz:59.94, fmt: A8R8G8B8
{05:41:20.567} INFO: [Renderer]   |  monitor:0, 1600x900, bpp:24, hz:50.00, fmt: A8R8G8B8
{05:41:20.567} INFO: [Renderer]   |  monitor:0, 1600x900, bpp:24, hz:50.00, fmt: A8R8G8B8
{05:41:20.567} INFO: [Renderer]   |  monitor:0, 1600x1024, bpp:24, hz:60.00, fmt: A8R8G8B8
{05:41:20.567} INFO: [Renderer]   |  monitor:0, 1600x1024, bpp:24, hz:60.00, fmt: A8R8G8B8
{05:41:20.567} INFO: [Renderer]   |  monitor:0, 1600x1024, bpp:24, hz:59.94, fmt: A8R8G8B8
{05:41:20.567} INFO: [Renderer]   |  monitor:0, 1600x1024, bpp:24, hz:59.94, fmt: A8R8G8B8
{05:41:20.567} INFO: [Renderer]   |  monitor:0, 1600x1024, bpp:24, hz:50.00, fmt: A8R8G8B8
{05:41:20.567} INFO: [Renderer]   |  monitor:0, 1600x1024, bpp:24, hz:50.00, fmt: A8R8G8B8
{05:41:20.567} INFO: [Renderer]   |  monitor:0, 1600x1200, bpp:24, hz:60.00, fmt: A8R8G8B8
{05:41:20.567} INFO: [Renderer]   |  monitor:0, 1680x1050, bpp:24, hz:60.00, fmt: A8R8G8B8
{05:41:20.567} INFO: [Renderer]   |  monitor:0, 1680x1050, bpp:24, hz:60.00, fmt: A8R8G8B8
{05:41:20.567} INFO: [Renderer]   |  monitor:0, 1680x1050, bpp:24, hz:59.94, fmt: A8R8G8B8
{05:41:20.567} INFO: [Renderer]   |  monitor:0, 1680x1050, bpp:24, hz:59.94, fmt: A8R8G8B8
{05:41:20.567} INFO: [Renderer]   |  monitor:0, 1680x1050, bpp:24, hz:50.00, fmt: A8R8G8B8
{05:41:20.567} INFO: [Renderer]   |  monitor:0, 1680x1050, bpp:24, hz:50.00, fmt: A8R8G8B8
{05:41:20.567} INFO: [Renderer]   |  monitor:0, 1920x1080, bpp:24, hz:60.00, fmt: A8R8G8B8
{05:41:20.567} INFO: [Renderer]   |  monitor:0, 1920x1080, bpp:24, hz:59.94, fmt: A8R8G8B8
{05:41:20.567} INFO: [Renderer]   |  monitor:0, 1920x1080, bpp:24, hz:50.00, fmt: A8R8G8B8
{05:41:20.567} INFO: [Renderer]   |  monitor:0, 1920x1200, bpp:24, hz:59.92, fmt: A8R8G8B8
{05:41:20.567} INFO: [Renderer]   |  monitor:0, 1920x1200, bpp:24, hz:59.92, fmt: A8R8G8B8
{05:41:20.567} INFO: [Renderer]   |  monitor:0, 1920x1440, bpp:24, hz:59.95, fmt: A8R8G8B8
{05:41:20.567} INFO: [Renderer]   |  monitor:0, 1920x1440, bpp:24, hz:59.95, fmt: A8R8G8B8
{05:41:20.567} INFO: [Renderer]   |  monitor:0, 1920x2160, bpp:24, hz:59.99, fmt: A8R8G8B8
{05:41:20.567} INFO: [Renderer]   |  monitor:0, 2048x1280, bpp:24, hz:59.92, fmt: A8R8G8B8
{05:41:20.567} INFO: [Renderer]   |  monitor:0, 2048x1536, bpp:24, hz:60.00, fmt: A8R8G8B8
{05:41:20.567} INFO: [Renderer]   |  monitor:0, 2048x1536, bpp:24, hz:60.00, fmt: A8R8G8B8
{05:41:20.567} INFO: [Renderer]   |  monitor:0, 2048x1536, bpp:24, hz:29.98, fmt: A8R8G8B8
{05:41:20.567} INFO: [Renderer]   |  monitor:0, 2048x1536, bpp:24, hz:29.98, fmt: A8R8G8B8
{05:41:20.567} INFO: [Renderer]   |  monitor:0, 2560x1440, bpp:24, hz:59.95, fmt: A8R8G8B8
{05:41:20.567} INFO: [Renderer]   |  monitor:0, 2560x1600, bpp:24, hz:60.00, fmt: A8R8G8B8
{05:41:20.567} INFO: [Renderer]   |  monitor:0, 2560x1600, bpp:24, hz:60.00, fmt: A8R8G8B8
{05:41:20.567} INFO: [Renderer]   |  monitor:0, 2560x1600, bpp:24, hz:29.98, fmt: A8R8G8B8
{05:41:20.567} INFO: [Renderer]   |  monitor:0, 2560x1600, bpp:24, hz:29.98, fmt: A8R8G8B8
{05:41:20.567} INFO: [Renderer]   |  monitor:0, 3840x2160, bpp:24, hz:60.00, fmt: A8R8G8B8
{05:41:20.567} INFO: [Renderer]   |  monitor:0, 3840x2160, bpp:24, hz:29.98, fmt: A8R8G8B8
{05:41:20.567} INFO: [Renderer]   |  monitor:1, 640x480, bpp:24, hz:75.00, fmt: A8R8G8B8
{05:41:20.567} INFO: [Renderer]   |  monitor:1, 640x480, bpp:24, hz:72.00, fmt: A8R8G8B8
{05:41:20.567} INFO: [Renderer]   |  monitor:1, 640x480, bpp:24, hz:60.00, fmt: A8R8G8B8
{05:41:20.567} INFO: [Renderer]   |  monitor:1, 720x480, bpp:24, hz:75.00, fmt: A8R8G8B8
{05:41:20.567} INFO: [Renderer]   |  monitor:1, 720x480, bpp:24, hz:75.00, fmt: A8R8G8B8
{05:41:20.567} INFO: [Renderer]   |  monitor:1, 720x480, bpp:24, hz:72.19, fmt: A8R8G8B8
{05:41:20.567} INFO: [Renderer]   |  monitor:1, 720x480, bpp:24, hz:72.19, fmt: A8R8G8B8
{05:41:20.567} INFO: [Renderer]   |  monitor:1, 720x480, bpp:24, hz:60.32, fmt: A8R8G8B8
{05:41:20.567} INFO: [Renderer]   |  monitor:1, 720x480, bpp:24, hz:60.32, fmt: A8R8G8B8
{05:41:20.567} INFO: [Renderer]   |  monitor:1, 720x480, bpp:24, hz:56.25, fmt: A8R8G8B8
{05:41:20.567} INFO: [Renderer]   |  monitor:1, 720x480, bpp:24, hz:56.25, fmt: A8R8G8B8
{05:41:20.567} INFO: [Renderer]   |  monitor:1, 720x576, bpp:24, hz:75.00, fmt: A8R8G8B8
{05:41:20.567} INFO: [Renderer]   |  monitor:1, 720x576, bpp:24, hz:75.00, fmt: A8R8G8B8
{05:41:20.567} INFO: [Renderer]   |  monitor:1, 720x576, bpp:24, hz:72.19, fmt: A8R8G8B8
{05:41:20.567} INFO: [Renderer]   |  monitor:1, 720x576, bpp:24, hz:72.19, fmt: A8R8G8B8
{05:41:20.567} INFO: [Renderer]   |  monitor:1, 720x576, bpp:24, hz:60.32, fmt: A8R8G8B8
{05:41:20.567} INFO: [Renderer]   |  monitor:1, 720x576, bpp:24, hz:60.32, fmt: A8R8G8B8
{05:41:20.567} INFO: [Renderer]   |  monitor:1, 720x576, bpp:24, hz:56.25, fmt: A8R8G8B8
{05:41:20.567} INFO: [Renderer]   |  monitor:1, 720x576, bpp:24, hz:56.25, fmt: A8R8G8B8
{05:41:20.567} INFO: [Renderer]   |  monitor:1, 800x600, bpp:24, hz:75.00, fmt: A8R8G8B8
{05:41:20.567} INFO: [Renderer]   |  monitor:1, 800x600, bpp:24, hz:72.19, fmt: A8R8G8B8
{05:41:20.567} INFO: [Renderer]   |  monitor:1, 800x600, bpp:24, hz:60.32, fmt: A8R8G8B8
{05:41:20.567} INFO: [Renderer]   |  monitor:1, 800x600, bpp:24, hz:56.25, fmt: A8R8G8B8
{05:41:20.567} INFO: [Renderer]   |  monitor:1, 1024x768, bpp:24, hz:75.03, fmt: A8R8G8B8
{05:41:20.567} INFO: [Renderer]   |  monitor:1, 1024x768, bpp:24, hz:70.07, fmt: A8R8G8B8
{05:41:20.567} INFO: [Renderer]   |  monitor:1, 1024x768, bpp:24, hz:60.00, fmt: A8R8G8B8
{05:41:20.567} INFO: [Renderer]   |  monitor:1, 1152x864, bpp:24, hz:75.00, fmt: A8R8G8B8
{05:41:20.567} INFO: [Renderer]   |  monitor:1, 1176x664, bpp:24, hz:60.00, fmt: A8R8G8B8
{05:41:20.567} INFO: [Renderer]   |  monitor:1, 1176x664, bpp:24, hz:60.00, fmt: A8R8G8B8
{05:41:20.567} INFO: [Renderer]   |  monitor:1, 1280x720, bpp:24, hz:60.00, fmt: A8R8G8B8
{05:41:20.567} INFO: [Renderer]   |  monitor:1, 1280x768, bpp:24, hz:59.81, fmt: A8R8G8B8
{05:41:20.567} INFO: [Renderer]   |  monitor:1, 1280x768, bpp:24, hz:59.81, fmt: A8R8G8B8
{05:41:20.567} INFO: [Renderer]   |  monitor:1, 1280x800, bpp:24, hz:59.81, fmt: A8R8G8B8
{05:41:20.567} INFO: [Renderer]   |  monitor:1, 1280x960, bpp:24, hz:75.03, fmt: A8R8G8B8
{05:41:20.567} INFO: [Renderer]   |  monitor:1, 1280x960, bpp:24, hz:75.03, fmt: A8R8G8B8
{05:41:20.567} INFO: [Renderer]   |  monitor:1, 1280x960, bpp:24, hz:60.02, fmt: A8R8G8B8
{05:41:20.567} INFO: [Renderer]   |  monitor:1, 1280x960, bpp:24, hz:60.02, fmt: A8R8G8B8
{05:41:20.567} INFO: [Renderer]   |  monitor:1, 1280x1024, bpp:24, hz:75.03, fmt: A8R8G8B8
{05:41:20.567} INFO: [Renderer]   |  monitor:1, 1280x1024, bpp:24, hz:60.02, fmt: A8R8G8B8
{05:41:20.567} INFO: [Renderer]   |  monitor:1, 1360x768, bpp:24, hz:59.89, fmt: A8R8G8B8
{05:41:20.567} INFO: [Renderer]   |  monitor:1, 1360x768, bpp:24, hz:59.89, fmt: A8R8G8B8
{05:41:20.567} INFO: [Renderer]   |  monitor:1, 1366x768, bpp:24, hz:59.89, fmt: A8R8G8B8
{05:41:20.567} INFO: [Renderer]   |  monitor:1, 1366x768, bpp:24, hz:59.89, fmt: A8R8G8B8
{05:41:20.567} INFO: [Renderer]   |  monitor:1, 1440x900, bpp:24, hz:59.89, fmt: A8R8G8B8
{05:41:20.567} INFO: [Renderer]   |  monitor:1, 1600x900, bpp:24, hz:60.00, fmt: A8R8G8B8
{05:41:20.567} INFO: [Renderer]   |  monitor:1, 1600x1024, bpp:24, hz:59.95, fmt: A8R8G8B8
{05:41:20.567} INFO: [Renderer]   |  monitor:1, 1600x1024, bpp:24, hz:59.95, fmt: A8R8G8B8
{05:41:20.567} INFO: [Renderer]   |  monitor:1, 1600x1200, bpp:24, hz:59.95, fmt: A8R8G8B8
{05:41:20.567} INFO: [Renderer]   |  monitor:1, 1600x1200, bpp:24, hz:59.95, fmt: A8R8G8B8
{05:41:20.567} INFO: [Renderer]   |  monitor:1, 1680x1050, bpp:24, hz:59.95, fmt: A8R8G8B8
{05:41:20.567} INFO: [Renderer]   |  monitor:1, 1920x1080, bpp:24, hz:60.00, fmt: A8R8G8B8
{05:41:20.567} INFO: [Renderer]   |  monitor:1, 1920x1080, bpp:24, hz:59.94, fmt: A8R8G8B8
{05:41:20.567} INFO: [Renderer]   |  monitor:1, 1920x1200, bpp:24, hz:59.95, fmt: A8R8G8B8
{05:41:20.567} INFO: [Renderer]   |  monitor:1, 1920x1200, bpp:24, hz:59.95, fmt: A8R8G8B8
{05:41:20.567} INFO: [Renderer]   |  monitor:1, 1920x1440, bpp:24, hz:59.95, fmt: A8R8G8B8
{05:41:20.567} INFO: [Renderer]   |  monitor:1, 1920x1440, bpp:24, hz:59.95, fmt: A8R8G8B8
{05:41:20.567} INFO: [Renderer]   |  monitor:1, 1920x2160, bpp:24, hz:60.00, fmt: A8R8G8B8
{05:41:20.567} INFO: [Renderer]   |  monitor:1, 1920x2160, bpp:24, hz:60.00, fmt: A8R8G8B8
{05:41:20.567} INFO: [Renderer]   |  monitor:1, 2048x1280, bpp:24, hz:59.95, fmt: A8R8G8B8
{05:41:20.567} INFO: [Renderer]   |  monitor:1, 2048x1280, bpp:24, hz:59.95, fmt: A8R8G8B8
{05:41:20.567} INFO: [Renderer]   |  monitor:1, 2048x1536, bpp:24, hz:60.00, fmt: A8R8G8B8
{05:41:20.567} INFO: [Renderer]   |  monitor:1, 2048x1536, bpp:24, hz:60.00, fmt: A8R8G8B8
{05:41:20.567} INFO: [Renderer]   |  monitor:1, 2560x1440, bpp:24, hz:59.95, fmt: A8R8G8B8
{05:41:20.567} INFO: [Renderer]   |  monitor:1, 2560x1600, bpp:24, hz:60.00, fmt: A8R8G8B8
{05:41:20.567} INFO: [Renderer]   |  monitor:1, 2560x1600, bpp:24, hz:60.00, fmt: A8R8G8B8
{05:41:20.567} INFO: [Renderer]   |  monitor:1, 3840x2160, bpp:24, hz:60.00, fmt: A8R8G8B8
{05:41:20.568} INFO: [Renderer]   | Texture streaming mem 0 MB
{05:41:20.568} INFO: [INFO]       > Texture streaming buffer set to 0MB
{05:41:20.568} INFO: [INFO]       > Texture streaming lowest priority distance set to 100m
{05:41:20.940} DEBG: [DXGI]       > WM_SIZE 0, 2560x1440
{05:41:20.943} INFO: [INFO]       > CGame::AppWindowInit: window client area: 0x0, 2560x1440
{05:41:20.943} DEBG: [DXGI]       > [RChangeDeviceState] 2560x1440, 1.000000, borderless, 0/0 Hz
{05:41:20.943} DEBG: [DXGI]       >                  was 1920x1080, 1.000000, , 0/1 Hz
{05:41:20.948} DEBG: [DXGI]       > WM_SIZE 0, 0x0
{05:41:20.950} DEBG: [DXGI]       > WM_SIZE 0, 2560x1440
{05:41:21.712} INFO: [INFO]       > Texture streaming buffer set to 4000MB
{05:41:21.714} INFO: [Video]      > //Video settings:
{05:41:21.714} INFO: [Video]      > RendererMode("d3d11")
{05:41:21.714} INFO: [Video]      > AsyncCompute(0)
{05:41:21.714} INFO: [Video]      > WindowMode(1)
{05:41:21.714} INFO: [Video]      > Resolution(2560,1440)
{05:41:21.714} INFO: [Video]      > Scale3D(1.000000)
{05:41:21.714} INFO: [Video]      > FSR(0.450000)
{05:41:21.714} INFO: [Video]      > Upscaler(0)
{05:41:21.714} INFO: [Video]      > Upscaling(2)
{05:41:21.714} INFO: [Video]      > Monitor(0)
{05:41:21.714} INFO: [Video]      > DisableDWM(0)
{05:41:21.714} INFO: [Video]      > TextureQuality("High")
{05:41:21.714} INFO: [Video]      > ShadowMapSize(924)
{05:41:21.714} INFO: [Video]      > SpotShadowMapSize(4096)
{05:41:21.714} INFO: [Video]      > GammaFloat(1.00)
{05:41:21.714} INFO: [Video]      > GrassQuality(0)
{05:41:21.714} INFO: [Video]      > FrameRate(1)
{05:41:21.714} INFO: [Video]      > MotionBlur(1)
{05:41:21.714} INFO: [Video]      > MotionBlurQuality("High")
{05:41:21.714} INFO: [Video]      > FilmGrain(0)
{05:41:21.714} INFO: [Video]      > DistanceBlur(1)
{05:41:21.714} INFO: [Video]      > AntiAliasing(1)
{05:41:21.714} INFO: [Video]      > AntiAliasingQuality(1)
{05:41:21.714} INFO: [Video]      > FogQuality(2)
{05:41:21.714} INFO: [Video]      > ReflectionsQuality(2)
{05:41:21.714} INFO: [Video]      > ContactShadowsQuality(4)
{05:41:21.714} INFO: [Video]      > SpotShadowsQuality(2)
{05:41:21.714} INFO: [Video]      > AmbientOcclusion(1)
{05:41:21.714} INFO: [Video]      > AmbientOcclusionQuality(1)
{05:41:21.714} INFO: [Video]      > ColorBlindMode(0)
{05:41:21.714} INFO: [Video]      > GpuFxQuality(1)
{05:41:21.714} INFO: [Video]      > VoxelGiQuality(3)
{05:41:21.715} INFO: [ResPack]    > Free resource loading disabled
{05:41:21.802} INFO: [ResPack]    > Acquired prefab data: 147856, 161992
{05:41:21.803} INFO: [ResPack]    >  -> 0 prefabs, 32 presets available in engine_pc.rpack
{05:41:22.767} INFO: [ResPack]    > Acquired prefab data: 12557784, 10596232
{05:41:22.796} INFO: [ResPack]    >  -> 1081 prefabs, 184 presets available in common_prefabs_pc.rpack
{05:41:23.084} INFO: [INFO]       > [Input] Keyboard 0 enumerated: intance_name = Keyboard, product_name = Keyboard, GUID = {6f1d2b61-d5a0-11cf-bfc7-444553540000}
{05:41:23.137} INFO: [INFO]       > [CInput::SelectKeyboard] Keyboard 0 selected: Keyboard, Keyboard
{05:41:23.239} INFO: [INFO]       > Bink filename: IntroLogos_4k.bik
{05:41:25.040} INFO: [INFO]       > [gpufx] preloaded 1019 sequences. It took 1569.533081 ms
{05:41:25.040} RETL: [Game] > game version: '1.0.6', '1.0.202202141916'
{05:41:38.466} INFO: [INFO]       > Bink filename: GameIntro_4k.bik
{05:41:53.156} RETL: [Savegame] > ScanForSavegames: saves 1 (prev value -1)
{05:41:55.007} RETL: [Savegame] > Continue save update finished (SUCCEEDED): save 'save_main_0.sav' found, all_scanned_saves 1
{05:42:14.403} RETL: [Game]     > ===== CreateSession ===== 
{05:42:15.634} INFO: [ResPack]    > Acquired prefab data: 106165472, 42357864
{05:42:15.742} INFO: [ResPack]    >  -> 8689 prefabs, 568 presets available in city_persistent_pc.rpack
{05:42:15.780} INFO: [ResPack]    > Acquired prefab data: 2687000, 1309528
{05:42:15.785} INFO: [ResPack]    >  -> 181 prefabs, 43 presets available in prologue_persistent_pc.rpack
{05:42:15.810} RETL: [Savegame] > SessionContextState: 'OnCreate' [game_type 'Campaign', game_mode 'Coop', save_name 'save_main_0.sav' (slot 0), map 'city' (id:761188051), (first), difficulty [current: Normal, savegame: Normal, min_savegame: Normal, initial: Normal, lobby_settings: Normal], save_version 73, build: '1.0.202202141916 / 2', perforce_stream: '//tech/rel-ph-patch1-pc']
{05:42:19.553} INFO: [Video]      > //Video settings:
{05:42:19.553} INFO: [Video]      > RendererMode("d3d11")
{05:42:19.553} INFO: [Video]      > AsyncCompute(0)
{05:42:19.553} INFO: [Video]      > WindowMode(1)
{05:42:19.553} INFO: [Video]      > Resolution(2560,1440)
{05:42:19.553} INFO: [Video]      > Scale3D(1.000000)
{05:42:19.553} INFO: [Video]      > FSR(0.450000)
{05:42:19.553} INFO: [Video]      > Upscaler(0)
{05:42:19.553} INFO: [Video]      > Upscaling(2)
{05:42:19.553} INFO: [Video]      > Monitor(0)
{05:42:19.553} INFO: [Video]      > DisableDWM(0)
{05:42:19.553} INFO: [Video]      > TextureQuality("High")
{05:42:19.553} INFO: [Video]      > ShadowMapSize(924)
{05:42:19.553} INFO: [Video]      > SpotShadowMapSize(4096)
{05:42:19.553} INFO: [Video]      > GammaFloat(1.00)
{05:42:19.553} INFO: [Video]      > GrassQuality(0)
{05:42:19.553} INFO: [Video]      > FrameRate(1)
{05:42:19.553} INFO: [Video]      > MotionBlur(1)
{05:42:19.553} INFO: [Video]      > MotionBlurQuality("High")
{05:42:19.553} INFO: [Video]      > FilmGrain(0)
{05:42:19.553} INFO: [Video]      > DistanceBlur(1)
{05:42:19.553} INFO: [Video]      > AntiAliasing(1)
{05:42:19.553} INFO: [Video]      > AntiAliasingQuality(1)
{05:42:19.553} INFO: [Video]      > FogQuality(2)
{05:42:19.553} INFO: [Video]      > ReflectionsQuality(2)
{05:42:19.553} INFO: [Video]      > ContactShadowsQuality(4)
{05:42:19.553} INFO: [Video]      > SpotShadowsQuality(2)
{05:42:19.553} INFO: [Video]      > AmbientOcclusion(1)
{05:42:19.553} INFO: [Video]      > AmbientOcclusionQuality(1)
{05:42:19.553} INFO: [Video]      > ColorBlindMode(0)
{05:42:19.553} INFO: [Video]      > GpuFxQuality(1)
{05:42:19.553} INFO: [Video]      > VoxelGiQuality(3)
{05:42:22.536} RETL: [Game]     > >>>>> <1300525744> Changing level from <> to <city>
{05:42:25.779} RETL: [Savegame] > SessionContextState: 'OnUpdate after ChangeMap' [game_type 'Campaign', game_mode 'Coop', save_name 'save_main_0.sav' (slot 0), map 'city' (id:761188051), (first), difficulty [current: Normal, savegame: Normal, min_savegame: Normal, initial: Normal, lobby_settings: Normal], save_version 73, build: '1.0.202202141916 / 2', perforce_stream: '//tech/rel-ph-patch1-pc']
{05:42:25.882} RETL: [Game]     > >>>>> <1300525744> Performing load - mode <NormalFromMainMenu>
{05:42:25.882} RETL: [Savegame] > File name 'save_main_0.sav', memory_save->size = 0
{05:42:25.909} RETL: [Savegame] > Loading finished (ESgErr::Ok).
{05:42:25.909} RETL: [Savegame] > Applying loaded data: Original version: [save_version 72, build: '1.0.202202071214 / 2', perforce_stream: '//tech/rel-ph-patch1-pc'], Source version: [save_version 72, build: '1.0.202202101153 / 2', perforce_stream: '//tech/rel-ph-patch1-pc'], Current version: [save_version 73, build: '1.0.202202141916 / 2', perforce_stream: '//tech/rel-ph-patch1-pc']
{05:42:25.909} RETL: [Savegame] > Updated SessionContext [session_id 1293025094, time_played 89056210, campaign_finished false, finished_difficulty -1]
{05:42:26.867} RETL: [Savegame] > RestoreStoryState result: 'true'.
{05:42:26.867} RETL: [Savegame] > SpawnSpot: Spawnpoint, map: 'city', map_area: 'city/^R2_6_Zone_10_Map_Zone', spawn_point: city/^loc_canteen_r02/logic/player/Respawn
{05:42:26.990} RETL: [Savegame] > Applying loaded data finished (result: true)
{05:42:29.363} INFO: [ResPack]    > Acquired prefab data: 552, 224
{05:42:29.363} INFO: [ResPack]    >  -> 1 prefabs, 0 presets available in reg_pin_canteen_pc.rpack
{05:42:29.778} INFO: [ResPack]    > Acquired prefab data: 35373120, 15041136
{05:42:29.826} INFO: [ResPack]    >  -> 9251 prefabs, 0 presets available in reg_02_pc.rpack
{05:42:29.869} INFO: [ResPack]    > Acquired prefab data: 46056, 25728
{05:42:29.869} INFO: [ResPack]    >  -> 22 prefabs, 0 presets available in reg_buffer_02_05_a_pc.rpack
{05:42:29.872} INFO: [ResPack]    > Acquired prefab data: 368992, 141216
{05:42:29.873} INFO: [ResPack]    >  -> 183 prefabs, 0 presets available in reg_buffer_02_05_b_pc.rpack
{05:42:29.876} INFO: [ResPack]    > Acquired prefab data: 535832, 207488
{05:42:29.877} INFO: [ResPack]    >  -> 123 prefabs, 0 presets available in reg_buffer_01_05_pc.rpack
{05:42:29.880} INFO: [ResPack]    > Acquired prefab data: 131624, 64608
{05:42:29.880} INFO: [ResPack]    >  -> 59 prefabs, 0 presets available in reg_buffer_05_06_pc.rpack
{05:42:29.897} INFO: [ResPack]    > Acquired prefab data: 1800416, 752040
{05:42:29.900} INFO: [ResPack]    >  -> 692 prefabs, 0 presets available in reg_buffer_01_04_pc.rpack
{05:42:29.934} INFO: [ResPack]    > Acquired prefab data: 2256760, 754928
{05:42:29.937} INFO: [ResPack]    >  -> 819 prefabs, 0 presets available in reg_buffer_02_04a_pc.rpack
{05:42:29.951} INFO: [ResPack]    > Acquired prefab data: 875616, 330280
{05:42:29.953} INFO: [ResPack]    >  -> 437 prefabs, 0 presets available in reg_buffer_02_04b_pc.rpack
{05:42:29.965} INFO: [ResPack]    > Acquired prefab data: 1724824, 722736
{05:42:29.968} INFO: [ResPack]    >  -> 764 prefabs, 0 presets available in reg_buffer_02_03b_pc.rpack
{05:42:29.985} INFO: [ResPack]    > Acquired prefab data: 1216672, 457288
{05:42:29.986} INFO: [ResPack]    >  -> 563 prefabs, 0 presets available in reg_buffer_02_03_pc.rpack
{05:42:29.993} INFO: [ResPack]    > Acquired prefab data: 389832, 144960
{05:42:29.994} INFO: [ResPack]    >  -> 119 prefabs, 0 presets available in reg_buffer_04_a_b_pc.rpack
{05:43:06.896} INFO: [ResPack]    > Acquired prefab data: 32967768, 13857440
{05:43:06.939} INFO: [ResPack]    >  -> 6313 prefabs, 0 presets available in reg_01_pc.rpack
{05:43:06.969} INFO: [ResPack]    > Acquired prefab data: 283312, 106608
{05:43:06.969} INFO: [ResPack]    >  -> 140 prefabs, 0 presets available in reg_buffer_01_02_pc.rpack
{05:43:23.621} INFO: [ResPack]    > Acquired prefab data: 552, 224
{05:43:23.621} INFO: [ResPack]    >  -> 1 prefabs, 0 presets available in reg_pin_bazaar_pc.rpack
{05:45:52.893} INFO: [ResPack]    > Acquired prefab data: 552, 224
{05:45:52.894} INFO: [ResPack]    >  -> 1 prefabs, 0 presets available in reg_pin_markers_pc.rpack
{05:51:42.803} INFO: [ResPack]    > Acquired prefab data: 552, 224
{05:51:42.803} INFO: [ResPack]    >  -> 1 prefabs, 0 presets available in reg_pin_canteen_pc.rpack
{05:51:43.157} INFO: [ResPack]    > Acquired prefab data: 35373120, 15041136
{05:51:43.200} INFO: [ResPack]    >  -> 9251 prefabs, 0 presets available in reg_02_pc.rpack
{05:51:43.242} INFO: [ResPack]    > Acquired prefab data: 46056, 25728
{05:51:43.242} INFO: [ResPack]    >  -> 22 prefabs, 0 presets available in reg_buffer_02_05_a_pc.rpack
{05:51:43.244} INFO: [ResPack]    > Acquired prefab data: 368992, 141216
{05:51:43.245} INFO: [ResPack]    >  -> 183 prefabs, 0 presets available in reg_buffer_02_05_b_pc.rpack
{05:51:43.246} INFO: [ResPack]    > Acquired prefab data: 131624, 64608
{05:51:43.246} INFO: [ResPack]    >  -> 59 prefabs, 0 presets available in reg_buffer_05_06_pc.rpack
{05:51:43.272} INFO: [ResPack]    > Acquired prefab data: 2256760, 754928
{05:51:43.275} INFO: [ResPack]    >  -> 819 prefabs, 0 presets available in reg_buffer_02_04a_pc.rpack
{05:51:43.287} INFO: [ResPack]    > Acquired prefab data: 875616, 330280
{05:51:43.288} INFO: [ResPack]    >  -> 437 prefabs, 0 presets available in reg_buffer_02_04b_pc.rpack
{05:51:43.300} INFO: [ResPack]    > Acquired prefab data: 1724824, 722736
{05:51:43.302} INFO: [ResPack]    >  -> 764 prefabs, 0 presets available in reg_buffer_02_03b_pc.rpack
{05:51:43.317} INFO: [ResPack]    > Acquired prefab data: 1216672, 457288
{05:51:43.319} INFO: [ResPack]    >  -> 563 prefabs, 0 presets available in reg_buffer_02_03_pc.rpack
{05:51:43.325} INFO: [ResPack]    > Acquired prefab data: 389832, 144960
{05:51:43.325} INFO: [ResPack]    >  -> 119 prefabs, 0 presets available in reg_buffer_04_a_b_pc.rpack
{05:53:37.555} INFO: [INFO]       > Bink filename: skill_ledge_master.bik
{05:53:37.622} INFO: [INFO]       > Bink filename: skill_slide_advanced.bik
{05:53:37.689} INFO: [INFO]       > Bink filename: skill_sleek_runner.bik
{05:53:38.222} INFO: [INFO]       > Bink filename: skill_active_land.bik
{05:53:38.472} INFO: [INFO]       > Bink filename: skill_double_jump.bik

{05:55:47.255} INFO: [ResPack]    > Acquired prefab data: 552, 224
{05:55:47.255} INFO: [ResPack]    >  -> 1 prefabs, 0 presets available in reg_pin_uv_pc.rpack
{06:06:42.973} INFO: [INFO]       > Bink filename: skill_ranged_mastery.bik
{06:20:26.345} RETL: [Game]     > ===== DestroySession ===== (reason: 'OnQuitGame')
{06:20:31.736} INFO: [Video]      > //Video settings:
{06:20:31.736} INFO: [Video]      > RendererMode("d3d11")
{06:20:31.736} INFO: [Video]      > AsyncCompute(0)
{06:20:31.736} INFO: [Video]      > WindowMode(1)
{06:20:31.736} INFO: [Video]      > Resolution(2560,1440)
{06:20:31.736} INFO: [Video]      > Scale3D(1.000000)
{06:20:31.736} INFO: [Video]      > FSR(0.450000)
{06:20:31.736} INFO: [Video]      > Upscaler(0)
{06:20:31.736} INFO: [Video]      > Upscaling(2)
{06:20:31.736} INFO: [Video]      > Monitor(0)
{06:20:31.736} INFO: [Video]      > DisableDWM(0)
{06:20:31.736} INFO: [Video]      > TextureQuality("High")
{06:20:31.736} INFO: [Video]      > ShadowMapSize(924)
{06:20:31.736} INFO: [Video]      > SpotShadowMapSize(4096)
{06:20:31.736} INFO: [Video]      > GammaFloat(1.00)
{06:20:31.736} INFO: [Video]      > GrassQuality(0)
{06:20:31.736} INFO: [Video]      > FrameRate(1)
{06:20:31.736} INFO: [Video]      > MotionBlur(1)
{06:20:31.736} INFO: [Video]      > MotionBlurQuality("High")
{06:20:31.736} INFO: [Video]      > FilmGrain(0)
{06:20:31.736} INFO: [Video]      > DistanceBlur(1)
{06:20:31.736} INFO: [Video]      > AntiAliasing(1)
{06:20:31.736} INFO: [Video]      > AntiAliasingQuality(1)
{06:20:31.736} INFO: [Video]      > FogQuality(2)
{06:20:31.736} INFO: [Video]      > ReflectionsQuality(2)
{06:20:31.736} INFO: [Video]      > ContactShadowsQuality(4)
{06:20:31.736} INFO: [Video]      > SpotShadowsQuality(2)
{06:20:31.736} INFO: [Video]      > AmbientOcclusion(1)
{06:20:31.736} INFO: [Video]      > AmbientOcclusionQuality(1)
{06:20:31.736} INFO: [Video]      > ColorBlindMode(0)
{06:20:31.736} INFO: [Video]      > GpuFxQuality(1)
{06:20:31.736} INFO: [Video]      > VoxelGiQuality(3)
{06:20:33.870} RETL: [Savegame] > Continue save update finished (SUCCEEDED): save 'save_main_0.sav' found, all_scanned_saves 1
{06:20:40.085} INFO: [INFO]       > ---------------------------------------------------------
{06:20:40.085} INFO: [INFO]       > Time of playing game: 2360.956055s
{06:20:40.085} INFO: [INFO]       > Updated frames: 138771 Rendered frames: 138454
{06:20:40.085} INFO: [INFO]       > Average FPS: 58.643192
{06:20:40.085} INFO: [INFO]       > ---------------------------------------------------------
{06:20:42.080} INFO: [Renderer]   > [r_Shutdown] Dll released
